desc: --massif-out-file=outputfiles/massif_im3.out
cmd: ./blur 15 data/im3.ppm outputfiles/im3.ppm
time_unit: i
#-----------
snapshot=0
#-----------
time=0
mem_heap_B=0
mem_heap_extra_B=0
mem_stacks_B=0
heap_tree=empty
#-----------
snapshot=1
#-----------
time=2434196
mem_heap_B=72704
mem_heap_extra_B=8
mem_stacks_B=0
heap_tree=empty
#-----------
snapshot=2
#-----------
time=2708356
mem_heap_B=474586
mem_heap_extra_B=78
mem_stacks_B=0
heap_tree=empty
#-----------
snapshot=3
#-----------
time=2855526
mem_heap_B=867802
mem_heap_extra_B=78
mem_stacks_B=0
heap_tree=empty
#-----------
snapshot=4
#-----------
time=3149416
mem_heap_B=1654234
mem_heap_extra_B=78
mem_stacks_B=0
heap_tree=empty
#-----------
snapshot=5
#-----------
time=3673935
mem_heap_B=1654234
mem_heap_extra_B=78
mem_stacks_B=0
heap_tree=detailed
n3: 1654234 (heap allocation functions) malloc/new/new[], --alloc-fns, etc.
 n1: 1572866 0x49A5724: std::__cxx11::basic_string<char, std::char_traits<char>, std::allocator<char> >::reserve(unsigned long) (in /usr/lib/x86_64-linux-gnu/libstdc++.so.6.0.30)
  n1: 1572866 0x499B952: std::__cxx11::basic_stringbuf<char, std::char_traits<char>, std::allocator<char> >::overflow(int) (in /usr/lib/x86_64-linux-gnu/libstdc++.so.6.0.30)
   n1: 1572866 0x49A388A: std::basic_streambuf<char, std::char_traits<char> >::xsputn(char const*, long) (in /usr/lib/x86_64-linux-gnu/libstdc++.so.6.0.30)
    n1: 1572866 0x4921CC3: long std::__copy_streambufs_eof<char, std::char_traits<char> >(std::basic_streambuf<char, std::char_traits<char> >*, std::basic_streambuf<char, std::char_traits<char> >*, bool&) (in /usr/lib/x86_64-linux-gnu/libstdc++.so.6.0.30)
     n1: 1572866 0x11320B: __gnu_cxx::__enable_if<std::__is_char<char>::__value, std::ostreambuf_iterator<char, std::char_traits<char> > >::__type std::copy<char>(std::istreambuf_iterator<char, std::char_traits<char> >, std::istreambuf_iterator<char, std::char_traits<char> >, std::ostreambuf_iterator<char, std::char_traits<char> >) (streambuf_iterator.h:332)
      n1: 1572866 0x1104CB: PPM::Reader::fill(std::__cxx11::basic_string<char, std::char_traits<char>, std::allocator<char> >) (ppm.cpp:24)
       n1: 1572866 0x110C29: PPM::Reader::operator()(std::__cxx11::basic_string<char, std::char_traits<char>, std::allocator<char> >) (ppm.cpp:105)
        n0: 1572866 0x10F30B: main (blur.cpp:21)
 n1: 72704 0x4903939: ??? (in /usr/lib/x86_64-linux-gnu/libstdc++.so.6.0.30)
  n1: 72704 0x400647D: call_init.part.0 (dl-init.c:70)
   n1: 72704 0x4006567: call_init (dl-init.c:33)
    n1: 72704 0x4006567: _dl_init (dl-init.c:117)
     n1: 72704 0x40202C9: ??? (in /usr/lib/x86_64-linux-gnu/ld-linux-x86-64.so.2)
      n1: 72704 0x3: ???
       n1: 72704 0x1FFF00005A: ???
        n1: 72704 0x1FFF000061: ???
         n1: 72704 0x1FFF000064: ???
          n0: 72704 0x1FFF000071: ???
 n0: 8664 in 2 places, all below massif's threshold (1.00%)
#-----------
snapshot=6
#-----------
time=3977997
mem_heap_B=6372826
mem_heap_extra_B=4094
mem_stacks_B=0
heap_tree=empty
#-----------
snapshot=7
#-----------
time=4209123
mem_heap_B=4275673
mem_heap_extra_B=4071
mem_stacks_B=0
heap_tree=empty
#-----------
snapshot=8
#-----------
time=4459509
mem_heap_B=12664282
mem_heap_extra_B=8110
mem_stacks_B=0
heap_tree=empty
#-----------
snapshot=9
#-----------
time=4921291
mem_heap_B=12664282
mem_heap_extra_B=8110
mem_stacks_B=0
heap_tree=detailed
n2: 12664282 (heap allocation functions) malloc/new/new[], --alloc-fns, etc.
 n1: 12582914 0x49A5724: std::__cxx11::basic_string<char, std::char_traits<char>, std::allocator<char> >::reserve(unsigned long) (in /usr/lib/x86_64-linux-gnu/libstdc++.so.6.0.30)
  n1: 12582914 0x499B952: std::__cxx11::basic_stringbuf<char, std::char_traits<char>, std::allocator<char> >::overflow(int) (in /usr/lib/x86_64-linux-gnu/libstdc++.so.6.0.30)
   n1: 12582914 0x49A388A: std::basic_streambuf<char, std::char_traits<char> >::xsputn(char const*, long) (in /usr/lib/x86_64-linux-gnu/libstdc++.so.6.0.30)
    n1: 12582914 0x4921CC3: long std::__copy_streambufs_eof<char, std::char_traits<char> >(std::basic_streambuf<char, std::char_traits<char> >*, std::basic_streambuf<char, std::char_traits<char> >*, bool&) (in /usr/lib/x86_64-linux-gnu/libstdc++.so.6.0.30)
     n1: 12582914 0x11320B: __gnu_cxx::__enable_if<std::__is_char<char>::__value, std::ostreambuf_iterator<char, std::char_traits<char> > >::__type std::copy<char>(std::istreambuf_iterator<char, std::char_traits<char> >, std::istreambuf_iterator<char, std::char_traits<char> >, std::ostreambuf_iterator<char, std::char_traits<char> >) (streambuf_iterator.h:332)
      n1: 12582914 0x1104CB: PPM::Reader::fill(std::__cxx11::basic_string<char, std::char_traits<char>, std::allocator<char> >) (ppm.cpp:24)
       n1: 12582914 0x110C29: PPM::Reader::operator()(std::__cxx11::basic_string<char, std::char_traits<char>, std::allocator<char> >) (ppm.cpp:105)
        n0: 12582914 0x10F30B: main (blur.cpp:21)
 n0: 81368 in 3 places, all below massif's threshold (1.00%)
#-----------
snapshot=10
#-----------
time=5112128
mem_heap_B=8461785
mem_heap_extra_B=4063
mem_stacks_B=0
heap_tree=empty
#-----------
snapshot=11
#-----------
time=5318766
mem_heap_B=8462196
mem_heap_extra_B=4148
mem_stacks_B=0
heap_tree=empty
#-----------
snapshot=12
#-----------
time=5581858
mem_heap_B=8462193
mem_heap_extra_B=4103
mem_stacks_B=0
heap_tree=empty
#-----------
snapshot=13
#-----------
time=5912208
mem_heap_B=8462193
mem_heap_extra_B=4103
mem_stacks_B=0
heap_tree=empty
#-----------
snapshot=14
#-----------
time=6077383
mem_heap_B=8462193
mem_heap_extra_B=4103
mem_stacks_B=0
heap_tree=empty
#-----------
snapshot=15
#-----------
time=6242558
mem_heap_B=8462193
mem_heap_extra_B=4103
mem_stacks_B=0
heap_tree=empty
#-----------
snapshot=16
#-----------
time=6407733
mem_heap_B=8462193
mem_heap_extra_B=4103
mem_stacks_B=0
heap_tree=empty
#-----------
snapshot=17
#-----------
time=6572908
mem_heap_B=8462193
mem_heap_extra_B=4103
mem_stacks_B=0
heap_tree=empty
#-----------
snapshot=18
#-----------
time=6738083
mem_heap_B=8462193
mem_heap_extra_B=4103
mem_stacks_B=0
heap_tree=empty
#-----------
snapshot=19
#-----------
time=6951216
mem_heap_B=8462922
mem_heap_extra_B=4142
mem_stacks_B=0
heap_tree=empty
#-----------
snapshot=20
#-----------
time=7218088
mem_heap_B=8462922
mem_heap_extra_B=4142
mem_stacks_B=0
heap_tree=empty
#-----------
snapshot=21
#-----------
time=7383263
mem_heap_B=8462922
mem_heap_extra_B=4142
mem_stacks_B=0
heap_tree=empty
#-----------
snapshot=22
#-----------
time=7548438
mem_heap_B=8462922
mem_heap_extra_B=4142
mem_stacks_B=0
heap_tree=empty
#-----------
snapshot=23
#-----------
time=7713613
mem_heap_B=8462922
mem_heap_extra_B=4142
mem_stacks_B=0
heap_tree=empty
#-----------
snapshot=24
#-----------
time=7878788
mem_heap_B=8462922
mem_heap_extra_B=4142
mem_stacks_B=0
heap_tree=empty
#-----------
snapshot=25
#-----------
time=8043963
mem_heap_B=8462922
mem_heap_extra_B=4142
mem_stacks_B=0
heap_tree=empty
#-----------
snapshot=26
#-----------
time=8209138
mem_heap_B=8462922
mem_heap_extra_B=4142
mem_stacks_B=0
heap_tree=empty
#-----------
snapshot=27
#-----------
time=8511281
mem_heap_B=8463073
mem_heap_extra_B=4135
mem_stacks_B=0
heap_tree=empty
#-----------
snapshot=28
#-----------
time=8734313
mem_heap_B=8462193
mem_heap_extra_B=4103
mem_stacks_B=0
heap_tree=empty
#-----------
snapshot=29
#-----------
time=8899588
mem_heap_B=8462193
mem_heap_extra_B=4103
mem_stacks_B=0
heap_tree=empty
#-----------
snapshot=30
#-----------
time=9082823
mem_heap_B=8462193
mem_heap_extra_B=4103
mem_stacks_B=0
heap_tree=empty
#-----------
snapshot=31
#-----------
time=9248098
mem_heap_B=8462193
mem_heap_extra_B=4103
mem_stacks_B=0
heap_tree=empty
#-----------
snapshot=32
#-----------
time=9413373
mem_heap_B=8462193
mem_heap_extra_B=4103
mem_stacks_B=0
heap_tree=empty
#-----------
snapshot=33
#-----------
time=9578648
mem_heap_B=8462193
mem_heap_extra_B=4103
mem_stacks_B=0
heap_tree=empty
#-----------
snapshot=34
#-----------
time=9743923
mem_heap_B=8462193
mem_heap_extra_B=4103
mem_stacks_B=0
heap_tree=empty
#-----------
snapshot=35
#-----------
time=9909198
mem_heap_B=8462193
mem_heap_extra_B=4103
mem_stacks_B=0
heap_tree=empty
#-----------
snapshot=36
#-----------
time=10074473
mem_heap_B=8462193
mem_heap_extra_B=4103
mem_stacks_B=0
heap_tree=empty
#-----------
snapshot=37
#-----------
time=10239748
mem_heap_B=8462193
mem_heap_extra_B=4103
mem_stacks_B=0
heap_tree=empty
#-----------
snapshot=38
#-----------
time=10408386
mem_heap_B=14221313
mem_heap_extra_B=4071
mem_stacks_B=0
heap_tree=empty
#-----------
snapshot=39
#-----------
time=830250551
mem_heap_B=16141313
mem_heap_extra_B=4079
mem_stacks_B=0
heap_tree=empty
#-----------
snapshot=40
#-----------
time=830250639
mem_heap_B=19981313
mem_heap_extra_B=4095
mem_stacks_B=0
heap_tree=empty
#-----------
snapshot=41
#-----------
time=1408191597
mem_heap_B=28981313
mem_heap_extra_B=7047
mem_stacks_B=0
heap_tree=empty
#-----------
snapshot=42
#-----------
time=1408191861
mem_heap_B=52741313
mem_heap_extra_B=12975
mem_stacks_B=0
heap_tree=empty
#-----------
snapshot=43
#-----------
time=1986137082
mem_heap_B=52741601
mem_heap_extra_B=12983
mem_stacks_B=0
heap_tree=empty
#-----------
snapshot=44
#-----------
time=9246166864
mem_heap_B=52741601
mem_heap_extra_B=12983
mem_stacks_B=0
heap_tree=peak
n11: 52741601 (heap allocation functions) malloc/new/new[], --alloc-fns, etc.
 n1: 9000000 0x10FCA0: Matrix::Matrix(unsigned int) (matrix.cpp:33)
  n1: 9000000 0x142DA9: Filter::blur(Matrix, int, int) (filters.cpp:179)
   n0: 9000000 0x10F3D8: main (blur.cpp:24)
 n1: 9000000 0x10FCBA: Matrix::Matrix(unsigned int) (matrix.cpp:34)
  n1: 9000000 0x142DA9: Filter::blur(Matrix, int, int) (filters.cpp:179)
   n0: 9000000 0x10F3D8: main (blur.cpp:24)
 n1: 9000000 0x10FCD5: Matrix::Matrix(unsigned int) (matrix.cpp:35)
  n1: 9000000 0x142DA9: Filter::blur(Matrix, int, int) (filters.cpp:179)
   n0: 9000000 0x10F3D8: main (blur.cpp:24)
 n1: 8388609 0x49A5724: std::__cxx11::basic_string<char, std::char_traits<char>, std::allocator<char> >::reserve(unsigned long) (in /usr/lib/x86_64-linux-gnu/libstdc++.so.6.0.30)
  n1: 8388609 0x499B952: std::__cxx11::basic_stringbuf<char, std::char_traits<char>, std::allocator<char> >::overflow(int) (in /usr/lib/x86_64-linux-gnu/libstdc++.so.6.0.30)
   n1: 8388609 0x49A388A: std::basic_streambuf<char, std::char_traits<char> >::xsputn(char const*, long) (in /usr/lib/x86_64-linux-gnu/libstdc++.so.6.0.30)
    n1: 8388609 0x4921CC3: long std::__copy_streambufs_eof<char, std::char_traits<char> >(std::basic_streambuf<char, std::char_traits<char> >*, std::basic_streambuf<char, std::char_traits<char> >*, bool&) (in /usr/lib/x86_64-linux-gnu/libstdc++.so.6.0.30)
     n1: 8388609 0x11320B: __gnu_cxx::__enable_if<std::__is_char<char>::__value, std::ostreambuf_iterator<char, std::char_traits<char> > >::__type std::copy<char>(std::istreambuf_iterator<char, std::char_traits<char> >, std::istreambuf_iterator<char, std::char_traits<char> >, std::ostreambuf_iterator<char, std::char_traits<char> >) (streambuf_iterator.h:332)
      n1: 8388609 0x1104CB: PPM::Reader::fill(std::__cxx11::basic_string<char, std::char_traits<char>, std::allocator<char> >) (ppm.cpp:24)
       n1: 8388609 0x110C29: PPM::Reader::operator()(std::__cxx11::basic_string<char, std::char_traits<char>, std::allocator<char> >) (ppm.cpp:105)
        n0: 8388609 0x10F30B: main (blur.cpp:21)
 n2: 3840000 0x10FD38: Matrix::Matrix(Matrix&) (matrix.cpp:43)
  n0: 1920000 0x10F3BB: main (blur.cpp:24)
  n1: 1920000 0x142DC2: Filter::blur(Matrix, int, int) (filters.cpp:180)
   n0: 1920000 0x10F3D8: main (blur.cpp:24)
 n2: 3840000 0x10FD5D: Matrix::Matrix(Matrix&) (matrix.cpp:44)
  n0: 1920000 0x10F3BB: main (blur.cpp:24)
  n1: 1920000 0x142DC2: Filter::blur(Matrix, int, int) (filters.cpp:180)
   n0: 1920000 0x10F3D8: main (blur.cpp:24)
 n2: 3840000 0x10FD83: Matrix::Matrix(Matrix&) (matrix.cpp:45)
  n0: 1920000 0x10F3BB: main (blur.cpp:24)
  n1: 1920000 0x142DC2: Filter::blur(Matrix, int, int) (filters.cpp:180)
   n0: 1920000 0x10F3D8: main (blur.cpp:24)
 n1: 1920000 0x110A13: PPM::Reader::get_data(unsigned int, unsigned int) (ppm.cpp:81)
  n1: 1920000 0x110F01: PPM::Reader::operator()(std::__cxx11::basic_string<char, std::char_traits<char>, std::allocator<char> >) (ppm.cpp:135)
   n0: 1920000 0x10F30B: main (blur.cpp:21)
 n1: 1920000 0x110A22: PPM::Reader::get_data(unsigned int, unsigned int) (ppm.cpp:81)
  n1: 1920000 0x110F01: PPM::Reader::operator()(std::__cxx11::basic_string<char, std::char_traits<char>, std::allocator<char> >) (ppm.cpp:135)
   n0: 1920000 0x10F30B: main (blur.cpp:21)
 n1: 1920000 0x110A31: PPM::Reader::get_data(unsigned int, unsigned int) (ppm.cpp:81)
  n1: 1920000 0x110F01: PPM::Reader::operator()(std::__cxx11::basic_string<char, std::char_traits<char>, std::allocator<char> >) (ppm.cpp:135)
   n0: 1920000 0x10F30B: main (blur.cpp:21)
 n0: 72992 in 14 places, all below massif's threshold (1.00%)
#-----------
snapshot=45
#-----------
time=9246167610
mem_heap_B=25741621
mem_heap_extra_B=4147
mem_stacks_B=0
heap_tree=detailed
n8: 25741621 (heap allocation functions) malloc/new/new[], --alloc-fns, etc.
 n1: 8388609 0x49A5724: std::__cxx11::basic_string<char, std::char_traits<char>, std::allocator<char> >::reserve(unsigned long) (in /usr/lib/x86_64-linux-gnu/libstdc++.so.6.0.30)
  n1: 8388609 0x499B952: std::__cxx11::basic_stringbuf<char, std::char_traits<char>, std::allocator<char> >::overflow(int) (in /usr/lib/x86_64-linux-gnu/libstdc++.so.6.0.30)
   n1: 8388609 0x49A388A: std::basic_streambuf<char, std::char_traits<char> >::xsputn(char const*, long) (in /usr/lib/x86_64-linux-gnu/libstdc++.so.6.0.30)
    n1: 8388609 0x4921CC3: long std::__copy_streambufs_eof<char, std::char_traits<char> >(std::basic_streambuf<char, std::char_traits<char> >*, std::basic_streambuf<char, std::char_traits<char> >*, bool&) (in /usr/lib/x86_64-linux-gnu/libstdc++.so.6.0.30)
     n1: 8388609 0x11320B: __gnu_cxx::__enable_if<std::__is_char<char>::__value, std::ostreambuf_iterator<char, std::char_traits<char> > >::__type std::copy<char>(std::istreambuf_iterator<char, std::char_traits<char> >, std::istreambuf_iterator<char, std::char_traits<char> >, std::ostreambuf_iterator<char, std::char_traits<char> >) (streambuf_iterator.h:332)
      n1: 8388609 0x1104CB: PPM::Reader::fill(std::__cxx11::basic_string<char, std::char_traits<char>, std::allocator<char> >) (ppm.cpp:24)
       n1: 8388609 0x110C29: PPM::Reader::operator()(std::__cxx11::basic_string<char, std::char_traits<char>, std::allocator<char> >) (ppm.cpp:105)
        n0: 8388609 0x10F30B: main (blur.cpp:21)
 n3: 3840000 0x10FD38: Matrix::Matrix(Matrix&) (matrix.cpp:43)
  n0: 1920000 0x10F436: main (blur.cpp:25)
  n1: 1920000 0x142DC2: Filter::blur(Matrix, int, int) (filters.cpp:180)
   n0: 1920000 0x10F3D8: main (blur.cpp:24)
  n0: 0 in 1 place, below massif's threshold (1.00%)
 n3: 3840000 0x10FD5D: Matrix::Matrix(Matrix&) (matrix.cpp:44)
  n0: 1920000 0x10F436: main (blur.cpp:25)
  n1: 1920000 0x142DC2: Filter::blur(Matrix, int, int) (filters.cpp:180)
   n0: 1920000 0x10F3D8: main (blur.cpp:24)
  n0: 0 in 1 place, below massif's threshold (1.00%)
 n3: 3840000 0x10FD83: Matrix::Matrix(Matrix&) (matrix.cpp:45)
  n0: 1920000 0x10F436: main (blur.cpp:25)
  n1: 1920000 0x142DC2: Filter::blur(Matrix, int, int) (filters.cpp:180)
   n0: 1920000 0x10F3D8: main (blur.cpp:24)
  n0: 0 in 1 place, below massif's threshold (1.00%)
 n1: 1920000 0x110A13: PPM::Reader::get_data(unsigned int, unsigned int) (ppm.cpp:81)
  n1: 1920000 0x110F01: PPM::Reader::operator()(std::__cxx11::basic_string<char, std::char_traits<char>, std::allocator<char> >) (ppm.cpp:135)
   n0: 1920000 0x10F30B: main (blur.cpp:21)
 n1: 1920000 0x110A22: PPM::Reader::get_data(unsigned int, unsigned int) (ppm.cpp:81)
  n1: 1920000 0x110F01: PPM::Reader::operator()(std::__cxx11::basic_string<char, std::char_traits<char>, std::allocator<char> >) (ppm.cpp:135)
   n0: 1920000 0x10F30B: main (blur.cpp:21)
 n1: 1920000 0x110A31: PPM::Reader::get_data(unsigned int, unsigned int) (ppm.cpp:81)
  n1: 1920000 0x110F01: PPM::Reader::operator()(std::__cxx11::basic_string<char, std::char_traits<char>, std::allocator<char> >) (ppm.cpp:135)
   n0: 1920000 0x10F30B: main (blur.cpp:21)
 n0: 73012 in 18 places, all below massif's threshold (1.00%)
#-----------
snapshot=46
#-----------
time=9824109657
mem_heap_B=25742093
mem_heap_extra_B=4163
mem_stacks_B=0
heap_tree=empty
#-----------
snapshot=47
#-----------
time=9824110159
mem_heap_B=25750285
mem_heap_extra_B=4171
mem_stacks_B=0
heap_tree=empty
#-----------
snapshot=48
#-----------
time=10423294193
mem_heap_B=25742093
mem_heap_extra_B=4163
mem_stacks_B=0
heap_tree=empty
#-----------
snapshot=49
#-----------
time=10423295400
mem_heap_B=72992
mem_heap_extra_B=16
mem_stacks_B=0
heap_tree=empty
#-----------
snapshot=50
#-----------
time=10423307091
mem_heap_B=288
mem_heap_extra_B=8
mem_stacks_B=0
heap_tree=empty
#-----------
snapshot=51
#-----------
time=10423310804
mem_heap_B=0
mem_heap_extra_B=0
mem_stacks_B=0
heap_tree=empty
