desc: --massif-out-file=outputfiles/massif_im2.out
cmd: ./blur 15 data/im2.ppm outputfiles/im2.ppm
time_unit: i
#-----------
snapshot=0
#-----------
time=0
mem_heap_B=0
mem_heap_extra_B=0
mem_stacks_B=0
heap_tree=empty
#-----------
snapshot=1
#-----------
time=2434196
mem_heap_B=72704
mem_heap_extra_B=8
mem_stacks_B=0
heap_tree=empty
#-----------
snapshot=2
#-----------
time=2557252
mem_heap_B=73176
mem_heap_extra_B=24
mem_stacks_B=0
heap_tree=empty
#-----------
snapshot=3
#-----------
time=2708356
mem_heap_B=474586
mem_heap_extra_B=78
mem_stacks_B=0
heap_tree=empty
#-----------
snapshot=4
#-----------
time=2855526
mem_heap_B=867802
mem_heap_extra_B=78
mem_stacks_B=0
heap_tree=empty
#-----------
snapshot=5
#-----------
time=3117917
mem_heap_B=867802
mem_heap_extra_B=78
mem_stacks_B=0
heap_tree=detailed
n3: 867802 (heap allocation functions) malloc/new/new[], --alloc-fns, etc.
 n1: 786434 0x49A5724: std::__cxx11::basic_string<char, std::char_traits<char>, std::allocator<char> >::reserve(unsigned long) (in /usr/lib/x86_64-linux-gnu/libstdc++.so.6.0.30)
  n1: 786434 0x499B952: std::__cxx11::basic_stringbuf<char, std::char_traits<char>, std::allocator<char> >::overflow(int) (in /usr/lib/x86_64-linux-gnu/libstdc++.so.6.0.30)
   n1: 786434 0x49A388A: std::basic_streambuf<char, std::char_traits<char> >::xsputn(char const*, long) (in /usr/lib/x86_64-linux-gnu/libstdc++.so.6.0.30)
    n1: 786434 0x4921CC3: long std::__copy_streambufs_eof<char, std::char_traits<char> >(std::basic_streambuf<char, std::char_traits<char> >*, std::basic_streambuf<char, std::char_traits<char> >*, bool&) (in /usr/lib/x86_64-linux-gnu/libstdc++.so.6.0.30)
     n1: 786434 0x11320B: __gnu_cxx::__enable_if<std::__is_char<char>::__value, std::ostreambuf_iterator<char, std::char_traits<char> > >::__type std::copy<char>(std::istreambuf_iterator<char, std::char_traits<char> >, std::istreambuf_iterator<char, std::char_traits<char> >, std::ostreambuf_iterator<char, std::char_traits<char> >) (streambuf_iterator.h:332)
      n1: 786434 0x1104CB: PPM::Reader::fill(std::__cxx11::basic_string<char, std::char_traits<char>, std::allocator<char> >) (ppm.cpp:24)
       n1: 786434 0x110C29: PPM::Reader::operator()(std::__cxx11::basic_string<char, std::char_traits<char>, std::allocator<char> >) (ppm.cpp:105)
        n0: 786434 0x10F30B: main (blur.cpp:21)
 n1: 72704 0x4903939: ??? (in /usr/lib/x86_64-linux-gnu/libstdc++.so.6.0.30)
  n1: 72704 0x400647D: call_init.part.0 (dl-init.c:70)
   n1: 72704 0x4006567: call_init (dl-init.c:33)
    n1: 72704 0x4006567: _dl_init (dl-init.c:117)
     n1: 72704 0x40202C9: ??? (in /usr/lib/x86_64-linux-gnu/ld-linux-x86-64.so.2)
      n1: 72704 0x3: ???
       n1: 72704 0x1FFF00005A: ???
        n1: 72704 0x1FFF000061: ???
         n1: 72704 0x1FFF000064: ???
          n0: 72704 0x1FFF000071: ???
 n0: 8664 in 2 places, all below massif's threshold (1.00%)
#-----------
snapshot=6
#-----------
time=3149416
mem_heap_B=1654234
mem_heap_extra_B=78
mem_stacks_B=0
heap_tree=empty
#-----------
snapshot=7
#-----------
time=3673935
mem_heap_B=1654234
mem_heap_extra_B=78
mem_stacks_B=0
heap_tree=detailed
n3: 1654234 (heap allocation functions) malloc/new/new[], --alloc-fns, etc.
 n1: 1572866 0x49A5724: std::__cxx11::basic_string<char, std::char_traits<char>, std::allocator<char> >::reserve(unsigned long) (in /usr/lib/x86_64-linux-gnu/libstdc++.so.6.0.30)
  n1: 1572866 0x499B952: std::__cxx11::basic_stringbuf<char, std::char_traits<char>, std::allocator<char> >::overflow(int) (in /usr/lib/x86_64-linux-gnu/libstdc++.so.6.0.30)
   n1: 1572866 0x49A388A: std::basic_streambuf<char, std::char_traits<char> >::xsputn(char const*, long) (in /usr/lib/x86_64-linux-gnu/libstdc++.so.6.0.30)
    n1: 1572866 0x4921CC3: long std::__copy_streambufs_eof<char, std::char_traits<char> >(std::basic_streambuf<char, std::char_traits<char> >*, std::basic_streambuf<char, std::char_traits<char> >*, bool&) (in /usr/lib/x86_64-linux-gnu/libstdc++.so.6.0.30)
     n1: 1572866 0x11320B: __gnu_cxx::__enable_if<std::__is_char<char>::__value, std::ostreambuf_iterator<char, std::char_traits<char> > >::__type std::copy<char>(std::istreambuf_iterator<char, std::char_traits<char> >, std::istreambuf_iterator<char, std::char_traits<char> >, std::ostreambuf_iterator<char, std::char_traits<char> >) (streambuf_iterator.h:332)
      n1: 1572866 0x1104CB: PPM::Reader::fill(std::__cxx11::basic_string<char, std::char_traits<char>, std::allocator<char> >) (ppm.cpp:24)
       n1: 1572866 0x110C29: PPM::Reader::operator()(std::__cxx11::basic_string<char, std::char_traits<char>, std::allocator<char> >) (ppm.cpp:105)
        n0: 1572866 0x10F30B: main (blur.cpp:21)
 n1: 72704 0x4903939: ??? (in /usr/lib/x86_64-linux-gnu/libstdc++.so.6.0.30)
  n1: 72704 0x400647D: call_init.part.0 (dl-init.c:70)
   n1: 72704 0x4006567: call_init (dl-init.c:33)
    n1: 72704 0x4006567: _dl_init (dl-init.c:117)
     n1: 72704 0x40202C9: ??? (in /usr/lib/x86_64-linux-gnu/ld-linux-x86-64.so.2)
      n1: 72704 0x3: ???
       n1: 72704 0x1FFF00005A: ???
        n1: 72704 0x1FFF000061: ???
         n1: 72704 0x1FFF000064: ???
          n0: 72704 0x1FFF000071: ???
 n0: 8664 in 2 places, all below massif's threshold (1.00%)
#-----------
snapshot=8
#-----------
time=3736772
mem_heap_B=3227098
mem_heap_extra_B=78
mem_stacks_B=0
heap_tree=empty
#-----------
snapshot=9
#-----------
time=3852570
mem_heap_B=2178521
mem_heap_extra_B=55
mem_stacks_B=0
heap_tree=empty
#-----------
snapshot=10
#-----------
time=3977997
mem_heap_B=6372826
mem_heap_extra_B=4094
mem_stacks_B=0
heap_tree=empty
#-----------
snapshot=11
#-----------
time=4209123
mem_heap_B=6372826
mem_heap_extra_B=4094
mem_stacks_B=0
heap_tree=detailed
n3: 6372826 (heap allocation functions) malloc/new/new[], --alloc-fns, etc.
 n1: 6291458 0x49A5724: std::__cxx11::basic_string<char, std::char_traits<char>, std::allocator<char> >::reserve(unsigned long) (in /usr/lib/x86_64-linux-gnu/libstdc++.so.6.0.30)
  n1: 6291458 0x499B952: std::__cxx11::basic_stringbuf<char, std::char_traits<char>, std::allocator<char> >::overflow(int) (in /usr/lib/x86_64-linux-gnu/libstdc++.so.6.0.30)
   n1: 6291458 0x49A388A: std::basic_streambuf<char, std::char_traits<char> >::xsputn(char const*, long) (in /usr/lib/x86_64-linux-gnu/libstdc++.so.6.0.30)
    n1: 6291458 0x4921CC3: long std::__copy_streambufs_eof<char, std::char_traits<char> >(std::basic_streambuf<char, std::char_traits<char> >*, std::basic_streambuf<char, std::char_traits<char> >*, bool&) (in /usr/lib/x86_64-linux-gnu/libstdc++.so.6.0.30)
     n1: 6291458 0x11320B: __gnu_cxx::__enable_if<std::__is_char<char>::__value, std::ostreambuf_iterator<char, std::char_traits<char> > >::__type std::copy<char>(std::istreambuf_iterator<char, std::char_traits<char> >, std::istreambuf_iterator<char, std::char_traits<char> >, std::ostreambuf_iterator<char, std::char_traits<char> >) (streambuf_iterator.h:332)
      n1: 6291458 0x1104CB: PPM::Reader::fill(std::__cxx11::basic_string<char, std::char_traits<char>, std::allocator<char> >) (ppm.cpp:24)
       n1: 6291458 0x110C29: PPM::Reader::operator()(std::__cxx11::basic_string<char, std::char_traits<char>, std::allocator<char> >) (ppm.cpp:105)
        n0: 6291458 0x10F30B: main (blur.cpp:21)
 n1: 72704 0x4903939: ??? (in /usr/lib/x86_64-linux-gnu/libstdc++.so.6.0.30)
  n1: 72704 0x400647D: call_init.part.0 (dl-init.c:70)
   n1: 72704 0x4006567: call_init (dl-init.c:33)
    n1: 72704 0x4006567: _dl_init (dl-init.c:117)
     n1: 72704 0x40202C9: ??? (in /usr/lib/x86_64-linux-gnu/ld-linux-x86-64.so.2)
      n1: 72704 0x3: ???
       n1: 72704 0x1FFF00005A: ???
        n1: 72704 0x1FFF000061: ???
         n1: 72704 0x1FFF000064: ???
          n0: 72704 0x1FFF000071: ???
 n0: 8664 in 2 places, all below massif's threshold (1.00%)
#-----------
snapshot=12
#-----------
time=4337929
mem_heap_B=4267481
mem_heap_extra_B=4063
mem_stacks_B=0
heap_tree=empty
#-----------
snapshot=13
#-----------
time=4469959
mem_heap_B=4267890
mem_heap_extra_B=4126
mem_stacks_B=0
heap_tree=empty
#-----------
snapshot=14
#-----------
time=4575671
mem_heap_B=4267890
mem_heap_extra_B=4126
mem_stacks_B=0
heap_tree=empty
#-----------
snapshot=15
#-----------
time=4681383
mem_heap_B=4267890
mem_heap_extra_B=4126
mem_stacks_B=0
heap_tree=empty
#-----------
snapshot=16
#-----------
time=4813816
mem_heap_B=4267890
mem_heap_extra_B=4126
mem_stacks_B=0
heap_tree=empty
#-----------
snapshot=17
#-----------
time=4897553
mem_heap_B=4267890
mem_heap_extra_B=4126
mem_stacks_B=0
heap_tree=empty
#-----------
snapshot=18
#-----------
time=5029693
mem_heap_B=4267890
mem_heap_extra_B=4126
mem_stacks_B=0
heap_tree=empty
#-----------
snapshot=19
#-----------
time=5194868
mem_heap_B=4267890
mem_heap_extra_B=4126
mem_stacks_B=0
heap_tree=empty
#-----------
snapshot=20
#-----------
time=5280759
mem_heap_B=4267890
mem_heap_extra_B=4126
mem_stacks_B=0
heap_tree=empty
#-----------
snapshot=21
#-----------
time=5360043
mem_heap_B=4267890
mem_heap_extra_B=4126
mem_stacks_B=0
heap_tree=empty
#-----------
snapshot=22
#-----------
time=5445934
mem_heap_B=4267890
mem_heap_extra_B=4126
mem_stacks_B=0
heap_tree=empty
#-----------
snapshot=23
#-----------
time=5525218
mem_heap_B=4267890
mem_heap_extra_B=4126
mem_stacks_B=0
heap_tree=empty
#-----------
snapshot=24
#-----------
time=5611109
mem_heap_B=4267890
mem_heap_extra_B=4126
mem_stacks_B=0
heap_tree=empty
#-----------
snapshot=25
#-----------
time=5690393
mem_heap_B=4267890
mem_heap_extra_B=4126
mem_stacks_B=0
heap_tree=empty
#-----------
snapshot=26
#-----------
time=5776284
mem_heap_B=4267890
mem_heap_extra_B=4126
mem_stacks_B=0
heap_tree=empty
#-----------
snapshot=27
#-----------
time=5855568
mem_heap_B=4267890
mem_heap_extra_B=4126
mem_stacks_B=0
heap_tree=empty
#-----------
snapshot=28
#-----------
time=5941459
mem_heap_B=4267890
mem_heap_extra_B=4126
mem_stacks_B=0
heap_tree=empty
#-----------
snapshot=29
#-----------
time=6098183
mem_heap_B=4268617
mem_heap_extra_B=4119
mem_stacks_B=0
heap_tree=empty
#-----------
snapshot=30
#-----------
time=6183401
mem_heap_B=4268620
mem_heap_extra_B=4164
mem_stacks_B=0
heap_tree=empty
#-----------
snapshot=31
#-----------
time=6263358
mem_heap_B=4268617
mem_heap_extra_B=4119
mem_stacks_B=0
heap_tree=empty
#-----------
snapshot=32
#-----------
time=6348576
mem_heap_B=4268620
mem_heap_extra_B=4164
mem_stacks_B=0
heap_tree=empty
#-----------
snapshot=33
#-----------
time=6446493
mem_heap_B=4268617
mem_heap_extra_B=4119
mem_stacks_B=0
heap_tree=empty
#-----------
snapshot=34
#-----------
time=6531711
mem_heap_B=4268620
mem_heap_extra_B=4164
mem_stacks_B=0
heap_tree=empty
#-----------
snapshot=35
#-----------
time=6611668
mem_heap_B=4268617
mem_heap_extra_B=4119
mem_stacks_B=0
heap_tree=empty
#-----------
snapshot=36
#-----------
time=6696886
mem_heap_B=4268620
mem_heap_extra_B=4164
mem_stacks_B=0
heap_tree=empty
#-----------
snapshot=37
#-----------
time=6776843
mem_heap_B=4268617
mem_heap_extra_B=4119
mem_stacks_B=0
heap_tree=empty
#-----------
snapshot=38
#-----------
time=6862061
mem_heap_B=4268620
mem_heap_extra_B=4164
mem_stacks_B=0
heap_tree=empty
#-----------
snapshot=39
#-----------
time=6942018
mem_heap_B=4268617
mem_heap_extra_B=4119
mem_stacks_B=0
heap_tree=empty
#-----------
snapshot=40
#-----------
time=7027236
mem_heap_B=4268620
mem_heap_extra_B=4164
mem_stacks_B=0
heap_tree=empty
#-----------
snapshot=41
#-----------
time=7107193
mem_heap_B=4268617
mem_heap_extra_B=4119
mem_stacks_B=0
heap_tree=empty
#-----------
snapshot=42
#-----------
time=7192411
mem_heap_B=4268620
mem_heap_extra_B=4164
mem_stacks_B=0
heap_tree=empty
#-----------
snapshot=43
#-----------
time=7349048
mem_heap_B=4268618
mem_heap_extra_B=4142
mem_stacks_B=0
heap_tree=empty
#-----------
snapshot=44
#-----------
time=7507616
mem_heap_B=4268618
mem_heap_extra_B=4142
mem_stacks_B=0
heap_tree=empty
#-----------
snapshot=45
#-----------
time=7666184
mem_heap_B=4268618
mem_heap_extra_B=4142
mem_stacks_B=0
heap_tree=empty
#-----------
snapshot=46
#-----------
time=7775536
mem_heap_B=4270305
mem_heap_extra_B=4143
mem_stacks_B=0
heap_tree=empty
#-----------
snapshot=47
#-----------
time=7931062
mem_heap_B=4267890
mem_heap_extra_B=4126
mem_stacks_B=0
heap_tree=empty
#-----------
snapshot=48
#-----------
time=8089726
mem_heap_B=4267890
mem_heap_extra_B=4126
mem_stacks_B=0
heap_tree=detailed
n3: 4267890 (heap allocation functions) malloc/new/new[], --alloc-fns, etc.
 n1: 4194305 0x49A5724: std::__cxx11::basic_string<char, std::char_traits<char>, std::allocator<char> >::reserve(unsigned long) (in /usr/lib/x86_64-linux-gnu/libstdc++.so.6.0.30)
  n1: 4194305 0x499B952: std::__cxx11::basic_stringbuf<char, std::char_traits<char>, std::allocator<char> >::overflow(int) (in /usr/lib/x86_64-linux-gnu/libstdc++.so.6.0.30)
   n1: 4194305 0x49A388A: std::basic_streambuf<char, std::char_traits<char> >::xsputn(char const*, long) (in /usr/lib/x86_64-linux-gnu/libstdc++.so.6.0.30)
    n1: 4194305 0x4921CC3: long std::__copy_streambufs_eof<char, std::char_traits<char> >(std::basic_streambuf<char, std::char_traits<char> >*, std::basic_streambuf<char, std::char_traits<char> >*, bool&) (in /usr/lib/x86_64-linux-gnu/libstdc++.so.6.0.30)
     n1: 4194305 0x11320B: __gnu_cxx::__enable_if<std::__is_char<char>::__value, std::ostreambuf_iterator<char, std::char_traits<char> > >::__type std::copy<char>(std::istreambuf_iterator<char, std::char_traits<char> >, std::istreambuf_iterator<char, std::char_traits<char> >, std::ostreambuf_iterator<char, std::char_traits<char> >) (streambuf_iterator.h:332)
      n1: 4194305 0x1104CB: PPM::Reader::fill(std::__cxx11::basic_string<char, std::char_traits<char>, std::allocator<char> >) (ppm.cpp:24)
       n1: 4194305 0x110C29: PPM::Reader::operator()(std::__cxx11::basic_string<char, std::char_traits<char>, std::allocator<char> >) (ppm.cpp:105)
        n0: 4194305 0x10F30B: main (blur.cpp:21)
 n1: 72704 0x4903939: ??? (in /usr/lib/x86_64-linux-gnu/libstdc++.so.6.0.30)
  n1: 72704 0x400647D: call_init.part.0 (dl-init.c:70)
   n1: 72704 0x4006567: call_init (dl-init.c:33)
    n1: 72704 0x4006567: _dl_init (dl-init.c:117)
     n1: 72704 0x40202C9: ??? (in /usr/lib/x86_64-linux-gnu/ld-linux-x86-64.so.2)
      n1: 72704 0x3: ???
       n1: 72704 0x1FFF00005A: ???
        n1: 72704 0x1FFF000061: ???
         n1: 72704 0x1FFF000064: ???
          n0: 72704 0x1FFF000071: ???
 n0: 881 in 12 places, all below massif's threshold (1.00%)
#-----------
snapshot=49
#-----------
time=8233295
mem_heap_B=4267890
mem_heap_extra_B=4126
mem_stacks_B=0
heap_tree=empty
#-----------
snapshot=50
#-----------
time=8266350
mem_heap_B=4267890
mem_heap_extra_B=4126
mem_stacks_B=0
heap_tree=empty
#-----------
snapshot=51
#-----------
time=8299405
mem_heap_B=4267890
mem_heap_extra_B=4126
mem_stacks_B=0
heap_tree=empty
#-----------
snapshot=52
#-----------
time=8332460
mem_heap_B=4267890
mem_heap_extra_B=4126
mem_stacks_B=0
heap_tree=detailed
n3: 4267890 (heap allocation functions) malloc/new/new[], --alloc-fns, etc.
 n1: 4194305 0x49A5724: std::__cxx11::basic_string<char, std::char_traits<char>, std::allocator<char> >::reserve(unsigned long) (in /usr/lib/x86_64-linux-gnu/libstdc++.so.6.0.30)
  n1: 4194305 0x499B952: std::__cxx11::basic_stringbuf<char, std::char_traits<char>, std::allocator<char> >::overflow(int) (in /usr/lib/x86_64-linux-gnu/libstdc++.so.6.0.30)
   n1: 4194305 0x49A388A: std::basic_streambuf<char, std::char_traits<char> >::xsputn(char const*, long) (in /usr/lib/x86_64-linux-gnu/libstdc++.so.6.0.30)
    n1: 4194305 0x4921CC3: long std::__copy_streambufs_eof<char, std::char_traits<char> >(std::basic_streambuf<char, std::char_traits<char> >*, std::basic_streambuf<char, std::char_traits<char> >*, bool&) (in /usr/lib/x86_64-linux-gnu/libstdc++.so.6.0.30)
     n1: 4194305 0x11320B: __gnu_cxx::__enable_if<std::__is_char<char>::__value, std::ostreambuf_iterator<char, std::char_traits<char> > >::__type std::copy<char>(std::istreambuf_iterator<char, std::char_traits<char> >, std::istreambuf_iterator<char, std::char_traits<char> >, std::ostreambuf_iterator<char, std::char_traits<char> >) (streambuf_iterator.h:332)
      n1: 4194305 0x1104CB: PPM::Reader::fill(std::__cxx11::basic_string<char, std::char_traits<char>, std::allocator<char> >) (ppm.cpp:24)
       n1: 4194305 0x110C29: PPM::Reader::operator()(std::__cxx11::basic_string<char, std::char_traits<char>, std::allocator<char> >) (ppm.cpp:105)
        n0: 4194305 0x10F30B: main (blur.cpp:21)
 n1: 72704 0x4903939: ??? (in /usr/lib/x86_64-linux-gnu/libstdc++.so.6.0.30)
  n1: 72704 0x400647D: call_init.part.0 (dl-init.c:70)
   n1: 72704 0x4006567: call_init (dl-init.c:33)
    n1: 72704 0x4006567: _dl_init (dl-init.c:117)
     n1: 72704 0x40202C9: ??? (in /usr/lib/x86_64-linux-gnu/ld-linux-x86-64.so.2)
      n1: 72704 0x3: ???
       n1: 72704 0x1FFF00005A: ???
        n1: 72704 0x1FFF000061: ???
         n1: 72704 0x1FFF000064: ???
          n0: 72704 0x1FFF000071: ???
 n0: 881 in 12 places, all below massif's threshold (1.00%)
#-----------
snapshot=53
#-----------
time=8365515
mem_heap_B=4267890
mem_heap_extra_B=4126
mem_stacks_B=0
heap_tree=empty
#-----------
snapshot=54
#-----------
time=8398570
mem_heap_B=4267890
mem_heap_extra_B=4126
mem_stacks_B=0
heap_tree=empty
#-----------
snapshot=55
#-----------
time=8431625
mem_heap_B=4267890
mem_heap_extra_B=4126
mem_stacks_B=0
heap_tree=empty
#-----------
snapshot=56
#-----------
time=8464680
mem_heap_B=4267890
mem_heap_extra_B=4126
mem_stacks_B=0
heap_tree=empty
#-----------
snapshot=57
#-----------
time=8497735
mem_heap_B=4267890
mem_heap_extra_B=4126
mem_stacks_B=0
heap_tree=empty
#-----------
snapshot=58
#-----------
time=8530790
mem_heap_B=4267890
mem_heap_extra_B=4126
mem_stacks_B=0
heap_tree=empty
#-----------
snapshot=59
#-----------
time=8563845
mem_heap_B=4267890
mem_heap_extra_B=4126
mem_stacks_B=0
heap_tree=empty
#-----------
snapshot=60
#-----------
time=8596900
mem_heap_B=4267890
mem_heap_extra_B=4126
mem_stacks_B=0
heap_tree=empty
#-----------
snapshot=61
#-----------
time=8629955
mem_heap_B=4267890
mem_heap_extra_B=4126
mem_stacks_B=0
heap_tree=empty
#-----------
snapshot=62
#-----------
time=8663010
mem_heap_B=4267890
mem_heap_extra_B=4126
mem_stacks_B=0
heap_tree=detailed
n3: 4267890 (heap allocation functions) malloc/new/new[], --alloc-fns, etc.
 n1: 4194305 0x49A5724: std::__cxx11::basic_string<char, std::char_traits<char>, std::allocator<char> >::reserve(unsigned long) (in /usr/lib/x86_64-linux-gnu/libstdc++.so.6.0.30)
  n1: 4194305 0x499B952: std::__cxx11::basic_stringbuf<char, std::char_traits<char>, std::allocator<char> >::overflow(int) (in /usr/lib/x86_64-linux-gnu/libstdc++.so.6.0.30)
   n1: 4194305 0x49A388A: std::basic_streambuf<char, std::char_traits<char> >::xsputn(char const*, long) (in /usr/lib/x86_64-linux-gnu/libstdc++.so.6.0.30)
    n1: 4194305 0x4921CC3: long std::__copy_streambufs_eof<char, std::char_traits<char> >(std::basic_streambuf<char, std::char_traits<char> >*, std::basic_streambuf<char, std::char_traits<char> >*, bool&) (in /usr/lib/x86_64-linux-gnu/libstdc++.so.6.0.30)
     n1: 4194305 0x11320B: __gnu_cxx::__enable_if<std::__is_char<char>::__value, std::ostreambuf_iterator<char, std::char_traits<char> > >::__type std::copy<char>(std::istreambuf_iterator<char, std::char_traits<char> >, std::istreambuf_iterator<char, std::char_traits<char> >, std::ostreambuf_iterator<char, std::char_traits<char> >) (streambuf_iterator.h:332)
      n1: 4194305 0x1104CB: PPM::Reader::fill(std::__cxx11::basic_string<char, std::char_traits<char>, std::allocator<char> >) (ppm.cpp:24)
       n1: 4194305 0x110C29: PPM::Reader::operator()(std::__cxx11::basic_string<char, std::char_traits<char>, std::allocator<char> >) (ppm.cpp:105)
        n0: 4194305 0x10F30B: main (blur.cpp:21)
 n1: 72704 0x4903939: ??? (in /usr/lib/x86_64-linux-gnu/libstdc++.so.6.0.30)
  n1: 72704 0x400647D: call_init.part.0 (dl-init.c:70)
   n1: 72704 0x4006567: call_init (dl-init.c:33)
    n1: 72704 0x4006567: _dl_init (dl-init.c:117)
     n1: 72704 0x40202C9: ??? (in /usr/lib/x86_64-linux-gnu/ld-linux-x86-64.so.2)
      n1: 72704 0x3: ???
       n1: 72704 0x1FFF00005A: ???
        n1: 72704 0x1FFF000061: ???
         n1: 72704 0x1FFF000064: ???
          n0: 72704 0x1FFF000071: ???
 n0: 881 in 12 places, all below massif's threshold (1.00%)
#-----------
snapshot=63
#-----------
time=8696065
mem_heap_B=4267890
mem_heap_extra_B=4126
mem_stacks_B=0
heap_tree=empty
#-----------
snapshot=64
#-----------
time=8729120
mem_heap_B=4267890
mem_heap_extra_B=4126
mem_stacks_B=0
heap_tree=empty
#-----------
snapshot=65
#-----------
time=8762175
mem_heap_B=4267890
mem_heap_extra_B=4126
mem_stacks_B=0
heap_tree=empty
#-----------
snapshot=66
#-----------
time=8795230
mem_heap_B=4267890
mem_heap_extra_B=4126
mem_stacks_B=0
heap_tree=empty
#-----------
snapshot=67
#-----------
time=8828285
mem_heap_B=4267890
mem_heap_extra_B=4126
mem_stacks_B=0
heap_tree=empty
#-----------
snapshot=68
#-----------
time=8861340
mem_heap_B=4267890
mem_heap_extra_B=4126
mem_stacks_B=0
heap_tree=empty
#-----------
snapshot=69
#-----------
time=8894395
mem_heap_B=4267890
mem_heap_extra_B=4126
mem_stacks_B=0
heap_tree=empty
#-----------
snapshot=70
#-----------
time=8927450
mem_heap_B=4267890
mem_heap_extra_B=4126
mem_stacks_B=0
heap_tree=empty
#-----------
snapshot=71
#-----------
time=8960505
mem_heap_B=4267890
mem_heap_extra_B=4126
mem_stacks_B=0
heap_tree=empty
#-----------
snapshot=72
#-----------
time=8993560
mem_heap_B=4267890
mem_heap_extra_B=4126
mem_stacks_B=0
heap_tree=detailed
n3: 4267890 (heap allocation functions) malloc/new/new[], --alloc-fns, etc.
 n1: 4194305 0x49A5724: std::__cxx11::basic_string<char, std::char_traits<char>, std::allocator<char> >::reserve(unsigned long) (in /usr/lib/x86_64-linux-gnu/libstdc++.so.6.0.30)
  n1: 4194305 0x499B952: std::__cxx11::basic_stringbuf<char, std::char_traits<char>, std::allocator<char> >::overflow(int) (in /usr/lib/x86_64-linux-gnu/libstdc++.so.6.0.30)
   n1: 4194305 0x49A388A: std::basic_streambuf<char, std::char_traits<char> >::xsputn(char const*, long) (in /usr/lib/x86_64-linux-gnu/libstdc++.so.6.0.30)
    n1: 4194305 0x4921CC3: long std::__copy_streambufs_eof<char, std::char_traits<char> >(std::basic_streambuf<char, std::char_traits<char> >*, std::basic_streambuf<char, std::char_traits<char> >*, bool&) (in /usr/lib/x86_64-linux-gnu/libstdc++.so.6.0.30)
     n1: 4194305 0x11320B: __gnu_cxx::__enable_if<std::__is_char<char>::__value, std::ostreambuf_iterator<char, std::char_traits<char> > >::__type std::copy<char>(std::istreambuf_iterator<char, std::char_traits<char> >, std::istreambuf_iterator<char, std::char_traits<char> >, std::ostreambuf_iterator<char, std::char_traits<char> >) (streambuf_iterator.h:332)
      n1: 4194305 0x1104CB: PPM::Reader::fill(std::__cxx11::basic_string<char, std::char_traits<char>, std::allocator<char> >) (ppm.cpp:24)
       n1: 4194305 0x110C29: PPM::Reader::operator()(std::__cxx11::basic_string<char, std::char_traits<char>, std::allocator<char> >) (ppm.cpp:105)
        n0: 4194305 0x10F30B: main (blur.cpp:21)
 n1: 72704 0x4903939: ??? (in /usr/lib/x86_64-linux-gnu/libstdc++.so.6.0.30)
  n1: 72704 0x400647D: call_init.part.0 (dl-init.c:70)
   n1: 72704 0x4006567: call_init (dl-init.c:33)
    n1: 72704 0x4006567: _dl_init (dl-init.c:117)
     n1: 72704 0x40202C9: ??? (in /usr/lib/x86_64-linux-gnu/ld-linux-x86-64.so.2)
      n1: 72704 0x3: ???
       n1: 72704 0x1FFF00005A: ???
        n1: 72704 0x1FFF000061: ???
         n1: 72704 0x1FFF000064: ???
          n0: 72704 0x1FFF000071: ???
 n0: 881 in 12 places, all below massif's threshold (1.00%)
#-----------
snapshot=73
#-----------
time=9026615
mem_heap_B=4267890
mem_heap_extra_B=4126
mem_stacks_B=0
heap_tree=empty
#-----------
snapshot=74
#-----------
time=9059670
mem_heap_B=4267890
mem_heap_extra_B=4126
mem_stacks_B=0
heap_tree=empty
#-----------
snapshot=75
#-----------
time=9092725
mem_heap_B=4267890
mem_heap_extra_B=4126
mem_stacks_B=0
heap_tree=empty
#-----------
snapshot=76
#-----------
time=9125780
mem_heap_B=4267890
mem_heap_extra_B=4126
mem_stacks_B=0
heap_tree=empty
#-----------
snapshot=77
#-----------
time=9158835
mem_heap_B=4267890
mem_heap_extra_B=4126
mem_stacks_B=0
heap_tree=empty
#-----------
snapshot=78
#-----------
time=9191890
mem_heap_B=4267890
mem_heap_extra_B=4126
mem_stacks_B=0
heap_tree=empty
#-----------
snapshot=79
#-----------
time=9224945
mem_heap_B=4267890
mem_heap_extra_B=4126
mem_stacks_B=0
heap_tree=empty
#-----------
snapshot=80
#-----------
time=9258000
mem_heap_B=4267890
mem_heap_extra_B=4126
mem_stacks_B=0
heap_tree=empty
#-----------
snapshot=81
#-----------
time=9291055
mem_heap_B=4267890
mem_heap_extra_B=4126
mem_stacks_B=0
heap_tree=empty
#-----------
snapshot=82
#-----------
time=9324110
mem_heap_B=4267890
mem_heap_extra_B=4126
mem_stacks_B=0
heap_tree=detailed
n3: 4267890 (heap allocation functions) malloc/new/new[], --alloc-fns, etc.
 n1: 4194305 0x49A5724: std::__cxx11::basic_string<char, std::char_traits<char>, std::allocator<char> >::reserve(unsigned long) (in /usr/lib/x86_64-linux-gnu/libstdc++.so.6.0.30)
  n1: 4194305 0x499B952: std::__cxx11::basic_stringbuf<char, std::char_traits<char>, std::allocator<char> >::overflow(int) (in /usr/lib/x86_64-linux-gnu/libstdc++.so.6.0.30)
   n1: 4194305 0x49A388A: std::basic_streambuf<char, std::char_traits<char> >::xsputn(char const*, long) (in /usr/lib/x86_64-linux-gnu/libstdc++.so.6.0.30)
    n1: 4194305 0x4921CC3: long std::__copy_streambufs_eof<char, std::char_traits<char> >(std::basic_streambuf<char, std::char_traits<char> >*, std::basic_streambuf<char, std::char_traits<char> >*, bool&) (in /usr/lib/x86_64-linux-gnu/libstdc++.so.6.0.30)
     n1: 4194305 0x11320B: __gnu_cxx::__enable_if<std::__is_char<char>::__value, std::ostreambuf_iterator<char, std::char_traits<char> > >::__type std::copy<char>(std::istreambuf_iterator<char, std::char_traits<char> >, std::istreambuf_iterator<char, std::char_traits<char> >, std::ostreambuf_iterator<char, std::char_traits<char> >) (streambuf_iterator.h:332)
      n1: 4194305 0x1104CB: PPM::Reader::fill(std::__cxx11::basic_string<char, std::char_traits<char>, std::allocator<char> >) (ppm.cpp:24)
       n1: 4194305 0x110C29: PPM::Reader::operator()(std::__cxx11::basic_string<char, std::char_traits<char>, std::allocator<char> >) (ppm.cpp:105)
        n0: 4194305 0x10F30B: main (blur.cpp:21)
 n1: 72704 0x4903939: ??? (in /usr/lib/x86_64-linux-gnu/libstdc++.so.6.0.30)
  n1: 72704 0x400647D: call_init.part.0 (dl-init.c:70)
   n1: 72704 0x4006567: call_init (dl-init.c:33)
    n1: 72704 0x4006567: _dl_init (dl-init.c:117)
     n1: 72704 0x40202C9: ??? (in /usr/lib/x86_64-linux-gnu/ld-linux-x86-64.so.2)
      n1: 72704 0x3: ???
       n1: 72704 0x1FFF00005A: ???
        n1: 72704 0x1FFF000061: ???
         n1: 72704 0x1FFF000064: ???
          n0: 72704 0x1FFF000071: ???
 n0: 881 in 12 places, all below massif's threshold (1.00%)
#-----------
snapshot=83
#-----------
time=9357165
mem_heap_B=4267890
mem_heap_extra_B=4126
mem_stacks_B=0
heap_tree=empty
#-----------
snapshot=84
#-----------
time=9390220
mem_heap_B=4267890
mem_heap_extra_B=4126
mem_stacks_B=0
heap_tree=empty
#-----------
snapshot=85
#-----------
time=9423275
mem_heap_B=4267890
mem_heap_extra_B=4126
mem_stacks_B=0
heap_tree=empty
#-----------
snapshot=86
#-----------
time=9456330
mem_heap_B=4267890
mem_heap_extra_B=4126
mem_stacks_B=0
heap_tree=empty
#-----------
snapshot=87
#-----------
time=9489385
mem_heap_B=4267890
mem_heap_extra_B=4126
mem_stacks_B=0
heap_tree=empty
#-----------
snapshot=88
#-----------
time=9522440
mem_heap_B=4267890
mem_heap_extra_B=4126
mem_stacks_B=0
heap_tree=empty
#-----------
snapshot=89
#-----------
time=9556492
mem_heap_B=4268233
mem_heap_extra_B=4119
mem_stacks_B=0
heap_tree=empty
#-----------
snapshot=90
#-----------
time=9597312
mem_heap_B=4268113
mem_heap_extra_B=4103
mem_stacks_B=0
heap_tree=empty
#-----------
snapshot=91
#-----------
time=9631049
mem_heap_B=4267897
mem_heap_extra_B=4079
mem_stacks_B=0
heap_tree=empty
#-----------
snapshot=92
#-----------
time=457378304
mem_heap_B=8461313
mem_heap_extra_B=4079
mem_stacks_B=0
heap_tree=detailed
n6: 8461313 (heap allocation functions) malloc/new/new[], --alloc-fns, etc.
 n1: 4194305 0x49A5724: std::__cxx11::basic_string<char, std::char_traits<char>, std::allocator<char> >::reserve(unsigned long) (in /usr/lib/x86_64-linux-gnu/libstdc++.so.6.0.30)
  n1: 4194305 0x499B952: std::__cxx11::basic_stringbuf<char, std::char_traits<char>, std::allocator<char> >::overflow(int) (in /usr/lib/x86_64-linux-gnu/libstdc++.so.6.0.30)
   n1: 4194305 0x49A388A: std::basic_streambuf<char, std::char_traits<char> >::xsputn(char const*, long) (in /usr/lib/x86_64-linux-gnu/libstdc++.so.6.0.30)
    n1: 4194305 0x4921CC3: long std::__copy_streambufs_eof<char, std::char_traits<char> >(std::basic_streambuf<char, std::char_traits<char> >*, std::basic_streambuf<char, std::char_traits<char> >*, bool&) (in /usr/lib/x86_64-linux-gnu/libstdc++.so.6.0.30)
     n1: 4194305 0x11320B: __gnu_cxx::__enable_if<std::__is_char<char>::__value, std::ostreambuf_iterator<char, std::char_traits<char> > >::__type std::copy<char>(std::istreambuf_iterator<char, std::char_traits<char> >, std::istreambuf_iterator<char, std::char_traits<char> >, std::ostreambuf_iterator<char, std::char_traits<char> >) (streambuf_iterator.h:332)
      n1: 4194305 0x1104CB: PPM::Reader::fill(std::__cxx11::basic_string<char, std::char_traits<char>, std::allocator<char> >) (ppm.cpp:24)
       n1: 4194305 0x110C29: PPM::Reader::operator()(std::__cxx11::basic_string<char, std::char_traits<char>, std::allocator<char> >) (ppm.cpp:105)
        n0: 4194305 0x10F30B: main (blur.cpp:21)
 n1: 1048576 0x10FD38: Matrix::Matrix(Matrix&) (matrix.cpp:43)
  n0: 1048576 0x10F3BB: main (blur.cpp:24)
 n1: 1048576 0x110A13: PPM::Reader::get_data(unsigned int, unsigned int) (ppm.cpp:81)
  n1: 1048576 0x110F01: PPM::Reader::operator()(std::__cxx11::basic_string<char, std::char_traits<char>, std::allocator<char> >) (ppm.cpp:135)
   n0: 1048576 0x10F30B: main (blur.cpp:21)
 n1: 1048576 0x110A22: PPM::Reader::get_data(unsigned int, unsigned int) (ppm.cpp:81)
  n1: 1048576 0x110F01: PPM::Reader::operator()(std::__cxx11::basic_string<char, std::char_traits<char>, std::allocator<char> >) (ppm.cpp:135)
   n0: 1048576 0x10F30B: main (blur.cpp:21)
 n1: 1048576 0x110A31: PPM::Reader::get_data(unsigned int, unsigned int) (ppm.cpp:81)
  n1: 1048576 0x110F01: PPM::Reader::operator()(std::__cxx11::basic_string<char, std::char_traits<char>, std::allocator<char> >) (ppm.cpp:135)
   n0: 1048576 0x10F30B: main (blur.cpp:21)
 n0: 72704 in 13 places, all below massif's threshold (1.00%)
#-----------
snapshot=93
#-----------
time=773013238
mem_heap_B=19558465
mem_heap_extra_B=7047
mem_stacks_B=0
heap_tree=empty
#-----------
snapshot=94
#-----------
time=1088652611
mem_heap_B=40704481
mem_heap_extra_B=12983
mem_stacks_B=0
heap_tree=empty
#-----------
snapshot=95
#-----------
time=5048000297
mem_heap_B=40704481
mem_heap_extra_B=12983
mem_stacks_B=0
heap_tree=peak
n11: 40704481 (heap allocation functions) malloc/new/new[], --alloc-fns, etc.
 n1: 9000000 0x10FCA0: Matrix::Matrix(unsigned int) (matrix.cpp:33)
  n1: 9000000 0x142DA9: Filter::blur(Matrix, int, int) (filters.cpp:179)
   n0: 9000000 0x10F3D8: main (blur.cpp:24)
 n1: 9000000 0x10FCBA: Matrix::Matrix(unsigned int) (matrix.cpp:34)
  n1: 9000000 0x142DA9: Filter::blur(Matrix, int, int) (filters.cpp:179)
   n0: 9000000 0x10F3D8: main (blur.cpp:24)
 n1: 9000000 0x10FCD5: Matrix::Matrix(unsigned int) (matrix.cpp:35)
  n1: 9000000 0x142DA9: Filter::blur(Matrix, int, int) (filters.cpp:179)
   n0: 9000000 0x10F3D8: main (blur.cpp:24)
 n1: 4194305 0x49A5724: std::__cxx11::basic_string<char, std::char_traits<char>, std::allocator<char> >::reserve(unsigned long) (in /usr/lib/x86_64-linux-gnu/libstdc++.so.6.0.30)
  n1: 4194305 0x499B952: std::__cxx11::basic_stringbuf<char, std::char_traits<char>, std::allocator<char> >::overflow(int) (in /usr/lib/x86_64-linux-gnu/libstdc++.so.6.0.30)
   n1: 4194305 0x49A388A: std::basic_streambuf<char, std::char_traits<char> >::xsputn(char const*, long) (in /usr/lib/x86_64-linux-gnu/libstdc++.so.6.0.30)
    n1: 4194305 0x4921CC3: long std::__copy_streambufs_eof<char, std::char_traits<char> >(std::basic_streambuf<char, std::char_traits<char> >*, std::basic_streambuf<char, std::char_traits<char> >*, bool&) (in /usr/lib/x86_64-linux-gnu/libstdc++.so.6.0.30)
     n1: 4194305 0x11320B: __gnu_cxx::__enable_if<std::__is_char<char>::__value, std::ostreambuf_iterator<char, std::char_traits<char> > >::__type std::copy<char>(std::istreambuf_iterator<char, std::char_traits<char> >, std::istreambuf_iterator<char, std::char_traits<char> >, std::ostreambuf_iterator<char, std::char_traits<char> >) (streambuf_iterator.h:332)
      n1: 4194305 0x1104CB: PPM::Reader::fill(std::__cxx11::basic_string<char, std::char_traits<char>, std::allocator<char> >) (ppm.cpp:24)
       n1: 4194305 0x110C29: PPM::Reader::operator()(std::__cxx11::basic_string<char, std::char_traits<char>, std::allocator<char> >) (ppm.cpp:105)
        n0: 4194305 0x10F30B: main (blur.cpp:21)
 n2: 2097152 0x10FD38: Matrix::Matrix(Matrix&) (matrix.cpp:43)
  n0: 1048576 0x10F3BB: main (blur.cpp:24)
  n1: 1048576 0x142DC2: Filter::blur(Matrix, int, int) (filters.cpp:180)
   n0: 1048576 0x10F3D8: main (blur.cpp:24)
 n2: 2097152 0x10FD5D: Matrix::Matrix(Matrix&) (matrix.cpp:44)
  n0: 1048576 0x10F3BB: main (blur.cpp:24)
  n1: 1048576 0x142DC2: Filter::blur(Matrix, int, int) (filters.cpp:180)
   n0: 1048576 0x10F3D8: main (blur.cpp:24)
 n2: 2097152 0x10FD83: Matrix::Matrix(Matrix&) (matrix.cpp:45)
  n0: 1048576 0x10F3BB: main (blur.cpp:24)
  n1: 1048576 0x142DC2: Filter::blur(Matrix, int, int) (filters.cpp:180)
   n0: 1048576 0x10F3D8: main (blur.cpp:24)
 n1: 1048576 0x110A13: PPM::Reader::get_data(unsigned int, unsigned int) (ppm.cpp:81)
  n1: 1048576 0x110F01: PPM::Reader::operator()(std::__cxx11::basic_string<char, std::char_traits<char>, std::allocator<char> >) (ppm.cpp:135)
   n0: 1048576 0x10F30B: main (blur.cpp:21)
 n1: 1048576 0x110A22: PPM::Reader::get_data(unsigned int, unsigned int) (ppm.cpp:81)
  n1: 1048576 0x110F01: PPM::Reader::operator()(std::__cxx11::basic_string<char, std::char_traits<char>, std::allocator<char> >) (ppm.cpp:135)
   n0: 1048576 0x10F30B: main (blur.cpp:21)
 n1: 1048576 0x110A31: PPM::Reader::get_data(unsigned int, unsigned int) (ppm.cpp:81)
  n1: 1048576 0x110F01: PPM::Reader::operator()(std::__cxx11::basic_string<char, std::char_traits<char>, std::allocator<char> >) (ppm.cpp:135)
   n0: 1048576 0x10F30B: main (blur.cpp:21)
 n0: 72992 in 14 places, all below massif's threshold (1.00%)
#-----------
snapshot=96
#-----------
time=5363636978
mem_heap_B=13704973
mem_heap_extra_B=4163
mem_stacks_B=0
heap_tree=empty
#-----------
snapshot=97
#-----------
time=5690877708
mem_heap_B=13704973
mem_heap_extra_B=4163
mem_stacks_B=0
heap_tree=empty
