desc: --massif-out-file=outputfiles/massif_im1.out
cmd: ./blur 15 data/im1.ppm outputfiles/im1.ppm
time_unit: i
#-----------
snapshot=0
#-----------
time=0
mem_heap_B=0
mem_heap_extra_B=0
mem_stacks_B=0
heap_tree=empty
#-----------
snapshot=1
#-----------
time=2434196
mem_heap_B=72704
mem_heap_extra_B=8
mem_stacks_B=0
heap_tree=empty
#-----------
snapshot=2
#-----------
time=2557252
mem_heap_B=73176
mem_heap_extra_B=24
mem_stacks_B=0
heap_tree=empty
#-----------
snapshot=3
#-----------
time=2708356
mem_heap_B=474586
mem_heap_extra_B=78
mem_stacks_B=0
heap_tree=empty
#-----------
snapshot=4
#-----------
time=2855526
mem_heap_B=867802
mem_heap_extra_B=78
mem_stacks_B=0
heap_tree=empty
#-----------
snapshot=5
#-----------
time=3117917
mem_heap_B=867802
mem_heap_extra_B=78
mem_stacks_B=0
heap_tree=detailed
n3: 867802 (heap allocation functions) malloc/new/new[], --alloc-fns, etc.
 n1: 786434 0x49A5724: std::__cxx11::basic_string<char, std::char_traits<char>, std::allocator<char> >::reserve(unsigned long) (in /usr/lib/x86_64-linux-gnu/libstdc++.so.6.0.30)
  n1: 786434 0x499B952: std::__cxx11::basic_stringbuf<char, std::char_traits<char>, std::allocator<char> >::overflow(int) (in /usr/lib/x86_64-linux-gnu/libstdc++.so.6.0.30)
   n1: 786434 0x49A388A: std::basic_streambuf<char, std::char_traits<char> >::xsputn(char const*, long) (in /usr/lib/x86_64-linux-gnu/libstdc++.so.6.0.30)
    n1: 786434 0x4921CC3: long std::__copy_streambufs_eof<char, std::char_traits<char> >(std::basic_streambuf<char, std::char_traits<char> >*, std::basic_streambuf<char, std::char_traits<char> >*, bool&) (in /usr/lib/x86_64-linux-gnu/libstdc++.so.6.0.30)
     n1: 786434 0x11320B: __gnu_cxx::__enable_if<std::__is_char<char>::__value, std::ostreambuf_iterator<char, std::char_traits<char> > >::__type std::copy<char>(std::istreambuf_iterator<char, std::char_traits<char> >, std::istreambuf_iterator<char, std::char_traits<char> >, std::ostreambuf_iterator<char, std::char_traits<char> >) (streambuf_iterator.h:332)
      n1: 786434 0x1104CB: PPM::Reader::fill(std::__cxx11::basic_string<char, std::char_traits<char>, std::allocator<char> >) (ppm.cpp:24)
       n1: 786434 0x110C29: PPM::Reader::operator()(std::__cxx11::basic_string<char, std::char_traits<char>, std::allocator<char> >) (ppm.cpp:105)
        n0: 786434 0x10F30B: main (blur.cpp:21)
 n1: 72704 0x4903939: ??? (in /usr/lib/x86_64-linux-gnu/libstdc++.so.6.0.30)
  n1: 72704 0x400647D: call_init.part.0 (dl-init.c:70)
   n1: 72704 0x4006567: call_init (dl-init.c:33)
    n1: 72704 0x4006567: _dl_init (dl-init.c:117)
     n1: 72704 0x40202C9: ??? (in /usr/lib/x86_64-linux-gnu/ld-linux-x86-64.so.2)
      n1: 72704 0x3: ???
       n1: 72704 0x1FFF00005A: ???
        n1: 72704 0x1FFF000061: ???
         n1: 72704 0x1FFF000064: ???
          n0: 72704 0x1FFF000071: ???
 n0: 8664 in 2 places, all below massif's threshold (1.00%)
#-----------
snapshot=6
#-----------
time=3149416
mem_heap_B=1654234
mem_heap_extra_B=78
mem_stacks_B=0
heap_tree=empty
#-----------
snapshot=7
#-----------
time=3673935
mem_heap_B=1654234
mem_heap_extra_B=78
mem_stacks_B=0
heap_tree=detailed
n3: 1654234 (heap allocation functions) malloc/new/new[], --alloc-fns, etc.
 n1: 1572866 0x49A5724: std::__cxx11::basic_string<char, std::char_traits<char>, std::allocator<char> >::reserve(unsigned long) (in /usr/lib/x86_64-linux-gnu/libstdc++.so.6.0.30)
  n1: 1572866 0x499B952: std::__cxx11::basic_stringbuf<char, std::char_traits<char>, std::allocator<char> >::overflow(int) (in /usr/lib/x86_64-linux-gnu/libstdc++.so.6.0.30)
   n1: 1572866 0x49A388A: std::basic_streambuf<char, std::char_traits<char> >::xsputn(char const*, long) (in /usr/lib/x86_64-linux-gnu/libstdc++.so.6.0.30)
    n1: 1572866 0x4921CC3: long std::__copy_streambufs_eof<char, std::char_traits<char> >(std::basic_streambuf<char, std::char_traits<char> >*, std::basic_streambuf<char, std::char_traits<char> >*, bool&) (in /usr/lib/x86_64-linux-gnu/libstdc++.so.6.0.30)
     n1: 1572866 0x11320B: __gnu_cxx::__enable_if<std::__is_char<char>::__value, std::ostreambuf_iterator<char, std::char_traits<char> > >::__type std::copy<char>(std::istreambuf_iterator<char, std::char_traits<char> >, std::istreambuf_iterator<char, std::char_traits<char> >, std::ostreambuf_iterator<char, std::char_traits<char> >) (streambuf_iterator.h:332)
      n1: 1572866 0x1104CB: PPM::Reader::fill(std::__cxx11::basic_string<char, std::char_traits<char>, std::allocator<char> >) (ppm.cpp:24)
       n1: 1572866 0x110C29: PPM::Reader::operator()(std::__cxx11::basic_string<char, std::char_traits<char>, std::allocator<char> >) (ppm.cpp:105)
        n0: 1572866 0x10F30B: main (blur.cpp:21)
 n1: 72704 0x4903939: ??? (in /usr/lib/x86_64-linux-gnu/libstdc++.so.6.0.30)
  n1: 72704 0x400647D: call_init.part.0 (dl-init.c:70)
   n1: 72704 0x4006567: call_init (dl-init.c:33)
    n1: 72704 0x4006567: _dl_init (dl-init.c:117)
     n1: 72704 0x40202C9: ??? (in /usr/lib/x86_64-linux-gnu/ld-linux-x86-64.so.2)
      n1: 72704 0x3: ???
       n1: 72704 0x1FFF00005A: ???
        n1: 72704 0x1FFF000061: ???
         n1: 72704 0x1FFF000064: ???
          n0: 72704 0x1FFF000071: ???
 n0: 8664 in 2 places, all below massif's threshold (1.00%)
#-----------
snapshot=8
#-----------
time=3736772
mem_heap_B=3227098
mem_heap_extra_B=78
mem_stacks_B=0
heap_tree=empty
#-----------
snapshot=9
#-----------
time=3852570
mem_heap_B=3227098
mem_heap_extra_B=78
mem_stacks_B=0
heap_tree=detailed
n3: 3227098 (heap allocation functions) malloc/new/new[], --alloc-fns, etc.
 n1: 3145730 0x49A5724: std::__cxx11::basic_string<char, std::char_traits<char>, std::allocator<char> >::reserve(unsigned long) (in /usr/lib/x86_64-linux-gnu/libstdc++.so.6.0.30)
  n1: 3145730 0x499B952: std::__cxx11::basic_stringbuf<char, std::char_traits<char>, std::allocator<char> >::overflow(int) (in /usr/lib/x86_64-linux-gnu/libstdc++.so.6.0.30)
   n1: 3145730 0x49A388A: std::basic_streambuf<char, std::char_traits<char> >::xsputn(char const*, long) (in /usr/lib/x86_64-linux-gnu/libstdc++.so.6.0.30)
    n1: 3145730 0x4921CC3: long std::__copy_streambufs_eof<char, std::char_traits<char> >(std::basic_streambuf<char, std::char_traits<char> >*, std::basic_streambuf<char, std::char_traits<char> >*, bool&) (in /usr/lib/x86_64-linux-gnu/libstdc++.so.6.0.30)
     n1: 3145730 0x11320B: __gnu_cxx::__enable_if<std::__is_char<char>::__value, std::ostreambuf_iterator<char, std::char_traits<char> > >::__type std::copy<char>(std::istreambuf_iterator<char, std::char_traits<char> >, std::istreambuf_iterator<char, std::char_traits<char> >, std::ostreambuf_iterator<char, std::char_traits<char> >) (streambuf_iterator.h:332)
      n1: 3145730 0x1104CB: PPM::Reader::fill(std::__cxx11::basic_string<char, std::char_traits<char>, std::allocator<char> >) (ppm.cpp:24)
       n1: 3145730 0x110C29: PPM::Reader::operator()(std::__cxx11::basic_string<char, std::char_traits<char>, std::allocator<char> >) (ppm.cpp:105)
        n0: 3145730 0x10F30B: main (blur.cpp:21)
 n1: 72704 0x4903939: ??? (in /usr/lib/x86_64-linux-gnu/libstdc++.so.6.0.30)
  n1: 72704 0x400647D: call_init.part.0 (dl-init.c:70)
   n1: 72704 0x4006567: call_init (dl-init.c:33)
    n1: 72704 0x4006567: _dl_init (dl-init.c:117)
     n1: 72704 0x40202C9: ??? (in /usr/lib/x86_64-linux-gnu/ld-linux-x86-64.so.2)
      n1: 72704 0x3: ???
       n1: 72704 0x1FFF00005A: ???
        n1: 72704 0x1FFF000061: ???
         n1: 72704 0x1FFF000064: ???
          n0: 72704 0x1FFF000071: ???
 n0: 8664 in 2 places, all below massif's threshold (1.00%)
#-----------
snapshot=10
#-----------
time=3915734
mem_heap_B=2170329
mem_heap_extra_B=47
mem_stacks_B=0
heap_tree=empty
#-----------
snapshot=11
#-----------
time=4038740
mem_heap_B=2170780
mem_heap_extra_B=100
mem_stacks_B=0
heap_tree=empty
#-----------
snapshot=12
#-----------
time=4141848
mem_heap_B=2170781
mem_heap_extra_B=123
mem_stacks_B=0
heap_tree=empty
#-----------
snapshot=13
#-----------
time=4247560
mem_heap_B=2170781
mem_heap_extra_B=123
mem_stacks_B=0
heap_tree=detailed
n3: 2170781 (heap allocation functions) malloc/new/new[], --alloc-fns, etc.
 n1: 2097153 0x49A5724: std::__cxx11::basic_string<char, std::char_traits<char>, std::allocator<char> >::reserve(unsigned long) (in /usr/lib/x86_64-linux-gnu/libstdc++.so.6.0.30)
  n1: 2097153 0x499B952: std::__cxx11::basic_stringbuf<char, std::char_traits<char>, std::allocator<char> >::overflow(int) (in /usr/lib/x86_64-linux-gnu/libstdc++.so.6.0.30)
   n1: 2097153 0x49A388A: std::basic_streambuf<char, std::char_traits<char> >::xsputn(char const*, long) (in /usr/lib/x86_64-linux-gnu/libstdc++.so.6.0.30)
    n1: 2097153 0x4921CC3: long std::__copy_streambufs_eof<char, std::char_traits<char> >(std::basic_streambuf<char, std::char_traits<char> >*, std::basic_streambuf<char, std::char_traits<char> >*, bool&) (in /usr/lib/x86_64-linux-gnu/libstdc++.so.6.0.30)
     n1: 2097153 0x11320B: __gnu_cxx::__enable_if<std::__is_char<char>::__value, std::ostreambuf_iterator<char, std::char_traits<char> > >::__type std::copy<char>(std::istreambuf_iterator<char, std::char_traits<char> >, std::istreambuf_iterator<char, std::char_traits<char> >, std::ostreambuf_iterator<char, std::char_traits<char> >) (streambuf_iterator.h:332)
      n1: 2097153 0x1104CB: PPM::Reader::fill(std::__cxx11::basic_string<char, std::char_traits<char>, std::allocator<char> >) (ppm.cpp:24)
       n1: 2097153 0x110C29: PPM::Reader::operator()(std::__cxx11::basic_string<char, std::char_traits<char>, std::allocator<char> >) (ppm.cpp:105)
        n0: 2097153 0x10F30B: main (blur.cpp:21)
 n1: 72704 0x4903939: ??? (in /usr/lib/x86_64-linux-gnu/libstdc++.so.6.0.30)
  n1: 72704 0x400647D: call_init.part.0 (dl-init.c:70)
   n1: 72704 0x4006567: call_init (dl-init.c:33)
    n1: 72704 0x4006567: _dl_init (dl-init.c:117)
     n1: 72704 0x40202C9: ??? (in /usr/lib/x86_64-linux-gnu/ld-linux-x86-64.so.2)
      n1: 72704 0x3: ???
       n1: 72704 0x1FFF00005A: ???
        n1: 72704 0x1FFF000061: ???
         n1: 72704 0x1FFF000064: ???
          n0: 72704 0x1FFF000071: ???
 n0: 924 in 10 places, all below massif's threshold (1.00%)
#-----------
snapshot=14
#-----------
time=4397660
mem_heap_B=2170781
mem_heap_extra_B=123
mem_stacks_B=0
heap_tree=detailed
n3: 2170781 (heap allocation functions) malloc/new/new[], --alloc-fns, etc.
 n1: 2097153 0x49A5724: std::__cxx11::basic_string<char, std::char_traits<char>, std::allocator<char> >::reserve(unsigned long) (in /usr/lib/x86_64-linux-gnu/libstdc++.so.6.0.30)
  n1: 2097153 0x499B952: std::__cxx11::basic_stringbuf<char, std::char_traits<char>, std::allocator<char> >::overflow(int) (in /usr/lib/x86_64-linux-gnu/libstdc++.so.6.0.30)
   n1: 2097153 0x49A388A: std::basic_streambuf<char, std::char_traits<char> >::xsputn(char const*, long) (in /usr/lib/x86_64-linux-gnu/libstdc++.so.6.0.30)
    n1: 2097153 0x4921CC3: long std::__copy_streambufs_eof<char, std::char_traits<char> >(std::basic_streambuf<char, std::char_traits<char> >*, std::basic_streambuf<char, std::char_traits<char> >*, bool&) (in /usr/lib/x86_64-linux-gnu/libstdc++.so.6.0.30)
     n1: 2097153 0x11320B: __gnu_cxx::__enable_if<std::__is_char<char>::__value, std::ostreambuf_iterator<char, std::char_traits<char> > >::__type std::copy<char>(std::istreambuf_iterator<char, std::char_traits<char> >, std::istreambuf_iterator<char, std::char_traits<char> >, std::ostreambuf_iterator<char, std::char_traits<char> >) (streambuf_iterator.h:332)
      n1: 2097153 0x1104CB: PPM::Reader::fill(std::__cxx11::basic_string<char, std::char_traits<char>, std::allocator<char> >) (ppm.cpp:24)
       n1: 2097153 0x110C29: PPM::Reader::operator()(std::__cxx11::basic_string<char, std::char_traits<char>, std::allocator<char> >) (ppm.cpp:105)
        n0: 2097153 0x10F30B: main (blur.cpp:21)
 n1: 72704 0x4903939: ??? (in /usr/lib/x86_64-linux-gnu/libstdc++.so.6.0.30)
  n1: 72704 0x400647D: call_init.part.0 (dl-init.c:70)
   n1: 72704 0x4006567: call_init (dl-init.c:33)
    n1: 72704 0x4006567: _dl_init (dl-init.c:117)
     n1: 72704 0x40202C9: ??? (in /usr/lib/x86_64-linux-gnu/ld-linux-x86-64.so.2)
      n1: 72704 0x3: ???
       n1: 72704 0x1FFF00005A: ???
        n1: 72704 0x1FFF000061: ???
         n1: 72704 0x1FFF000064: ???
          n0: 72704 0x1FFF000071: ???
 n0: 924 in 10 places, all below massif's threshold (1.00%)
#-----------
snapshot=15
#-----------
time=4529800
mem_heap_B=2170781
mem_heap_extra_B=123
mem_stacks_B=0
heap_tree=detailed
n3: 2170781 (heap allocation functions) malloc/new/new[], --alloc-fns, etc.
 n1: 2097153 0x49A5724: std::__cxx11::basic_string<char, std::char_traits<char>, std::allocator<char> >::reserve(unsigned long) (in /usr/lib/x86_64-linux-gnu/libstdc++.so.6.0.30)
  n1: 2097153 0x499B952: std::__cxx11::basic_stringbuf<char, std::char_traits<char>, std::allocator<char> >::overflow(int) (in /usr/lib/x86_64-linux-gnu/libstdc++.so.6.0.30)
   n1: 2097153 0x49A388A: std::basic_streambuf<char, std::char_traits<char> >::xsputn(char const*, long) (in /usr/lib/x86_64-linux-gnu/libstdc++.so.6.0.30)
    n1: 2097153 0x4921CC3: long std::__copy_streambufs_eof<char, std::char_traits<char> >(std::basic_streambuf<char, std::char_traits<char> >*, std::basic_streambuf<char, std::char_traits<char> >*, bool&) (in /usr/lib/x86_64-linux-gnu/libstdc++.so.6.0.30)
     n1: 2097153 0x11320B: __gnu_cxx::__enable_if<std::__is_char<char>::__value, std::ostreambuf_iterator<char, std::char_traits<char> > >::__type std::copy<char>(std::istreambuf_iterator<char, std::char_traits<char> >, std::istreambuf_iterator<char, std::char_traits<char> >, std::ostreambuf_iterator<char, std::char_traits<char> >) (streambuf_iterator.h:332)
      n1: 2097153 0x1104CB: PPM::Reader::fill(std::__cxx11::basic_string<char, std::char_traits<char>, std::allocator<char> >) (ppm.cpp:24)
       n1: 2097153 0x110C29: PPM::Reader::operator()(std::__cxx11::basic_string<char, std::char_traits<char>, std::allocator<char> >) (ppm.cpp:105)
        n0: 2097153 0x10F30B: main (blur.cpp:21)
 n1: 72704 0x4903939: ??? (in /usr/lib/x86_64-linux-gnu/libstdc++.so.6.0.30)
  n1: 72704 0x400647D: call_init.part.0 (dl-init.c:70)
   n1: 72704 0x4006567: call_init (dl-init.c:33)
    n1: 72704 0x4006567: _dl_init (dl-init.c:117)
     n1: 72704 0x40202C9: ??? (in /usr/lib/x86_64-linux-gnu/ld-linux-x86-64.so.2)
      n1: 72704 0x3: ???
       n1: 72704 0x1FFF00005A: ???
        n1: 72704 0x1FFF000061: ???
         n1: 72704 0x1FFF000064: ???
          n0: 72704 0x1FFF000071: ???
 n0: 924 in 10 places, all below massif's threshold (1.00%)
#-----------
snapshot=16
#-----------
time=4615691
mem_heap_B=2170781
mem_heap_extra_B=123
mem_stacks_B=0
heap_tree=empty
#-----------
snapshot=17
#-----------
time=4694975
mem_heap_B=2170781
mem_heap_extra_B=123
mem_stacks_B=0
heap_tree=detailed
n3: 2170781 (heap allocation functions) malloc/new/new[], --alloc-fns, etc.
 n1: 2097153 0x49A5724: std::__cxx11::basic_string<char, std::char_traits<char>, std::allocator<char> >::reserve(unsigned long) (in /usr/lib/x86_64-linux-gnu/libstdc++.so.6.0.30)
  n1: 2097153 0x499B952: std::__cxx11::basic_stringbuf<char, std::char_traits<char>, std::allocator<char> >::overflow(int) (in /usr/lib/x86_64-linux-gnu/libstdc++.so.6.0.30)
   n1: 2097153 0x49A388A: std::basic_streambuf<char, std::char_traits<char> >::xsputn(char const*, long) (in /usr/lib/x86_64-linux-gnu/libstdc++.so.6.0.30)
    n1: 2097153 0x4921CC3: long std::__copy_streambufs_eof<char, std::char_traits<char> >(std::basic_streambuf<char, std::char_traits<char> >*, std::basic_streambuf<char, std::char_traits<char> >*, bool&) (in /usr/lib/x86_64-linux-gnu/libstdc++.so.6.0.30)
     n1: 2097153 0x11320B: __gnu_cxx::__enable_if<std::__is_char<char>::__value, std::ostreambuf_iterator<char, std::char_traits<char> > >::__type std::copy<char>(std::istreambuf_iterator<char, std::char_traits<char> >, std::istreambuf_iterator<char, std::char_traits<char> >, std::ostreambuf_iterator<char, std::char_traits<char> >) (streambuf_iterator.h:332)
      n1: 2097153 0x1104CB: PPM::Reader::fill(std::__cxx11::basic_string<char, std::char_traits<char>, std::allocator<char> >) (ppm.cpp:24)
       n1: 2097153 0x110C29: PPM::Reader::operator()(std::__cxx11::basic_string<char, std::char_traits<char>, std::allocator<char> >) (ppm.cpp:105)
        n0: 2097153 0x10F30B: main (blur.cpp:21)
 n1: 72704 0x4903939: ??? (in /usr/lib/x86_64-linux-gnu/libstdc++.so.6.0.30)
  n1: 72704 0x400647D: call_init.part.0 (dl-init.c:70)
   n1: 72704 0x4006567: call_init (dl-init.c:33)
    n1: 72704 0x4006567: _dl_init (dl-init.c:117)
     n1: 72704 0x40202C9: ??? (in /usr/lib/x86_64-linux-gnu/ld-linux-x86-64.so.2)
      n1: 72704 0x3: ???
       n1: 72704 0x1FFF00005A: ???
        n1: 72704 0x1FFF000061: ???
         n1: 72704 0x1FFF000064: ???
          n0: 72704 0x1FFF000071: ???
 n0: 924 in 10 places, all below massif's threshold (1.00%)
#-----------
snapshot=18
#-----------
time=4780866
mem_heap_B=2170781
mem_heap_extra_B=123
mem_stacks_B=0
heap_tree=empty
#-----------
snapshot=19
#-----------
time=4860150
mem_heap_B=2170781
mem_heap_extra_B=123
mem_stacks_B=0
heap_tree=detailed
n3: 2170781 (heap allocation functions) malloc/new/new[], --alloc-fns, etc.
 n1: 2097153 0x49A5724: std::__cxx11::basic_string<char, std::char_traits<char>, std::allocator<char> >::reserve(unsigned long) (in /usr/lib/x86_64-linux-gnu/libstdc++.so.6.0.30)
  n1: 2097153 0x499B952: std::__cxx11::basic_stringbuf<char, std::char_traits<char>, std::allocator<char> >::overflow(int) (in /usr/lib/x86_64-linux-gnu/libstdc++.so.6.0.30)
   n1: 2097153 0x49A388A: std::basic_streambuf<char, std::char_traits<char> >::xsputn(char const*, long) (in /usr/lib/x86_64-linux-gnu/libstdc++.so.6.0.30)
    n1: 2097153 0x4921CC3: long std::__copy_streambufs_eof<char, std::char_traits<char> >(std::basic_streambuf<char, std::char_traits<char> >*, std::basic_streambuf<char, std::char_traits<char> >*, bool&) (in /usr/lib/x86_64-linux-gnu/libstdc++.so.6.0.30)
     n1: 2097153 0x11320B: __gnu_cxx::__enable_if<std::__is_char<char>::__value, std::ostreambuf_iterator<char, std::char_traits<char> > >::__type std::copy<char>(std::istreambuf_iterator<char, std::char_traits<char> >, std::istreambuf_iterator<char, std::char_traits<char> >, std::ostreambuf_iterator<char, std::char_traits<char> >) (streambuf_iterator.h:332)
      n1: 2097153 0x1104CB: PPM::Reader::fill(std::__cxx11::basic_string<char, std::char_traits<char>, std::allocator<char> >) (ppm.cpp:24)
       n1: 2097153 0x110C29: PPM::Reader::operator()(std::__cxx11::basic_string<char, std::char_traits<char>, std::allocator<char> >) (ppm.cpp:105)
        n0: 2097153 0x10F30B: main (blur.cpp:21)
 n1: 72704 0x4903939: ??? (in /usr/lib/x86_64-linux-gnu/libstdc++.so.6.0.30)
  n1: 72704 0x400647D: call_init.part.0 (dl-init.c:70)
   n1: 72704 0x4006567: call_init (dl-init.c:33)
    n1: 72704 0x4006567: _dl_init (dl-init.c:117)
     n1: 72704 0x40202C9: ??? (in /usr/lib/x86_64-linux-gnu/ld-linux-x86-64.so.2)
      n1: 72704 0x3: ???
       n1: 72704 0x1FFF00005A: ???
        n1: 72704 0x1FFF000061: ???
         n1: 72704 0x1FFF000064: ???
          n0: 72704 0x1FFF000071: ???
 n0: 924 in 10 places, all below massif's threshold (1.00%)
#-----------
snapshot=20
#-----------
time=4946041
mem_heap_B=2170781
mem_heap_extra_B=123
mem_stacks_B=0
heap_tree=empty
#-----------
snapshot=21
#-----------
time=5025325
mem_heap_B=2170781
mem_heap_extra_B=123
mem_stacks_B=0
heap_tree=detailed
n3: 2170781 (heap allocation functions) malloc/new/new[], --alloc-fns, etc.
 n1: 2097153 0x49A5724: std::__cxx11::basic_string<char, std::char_traits<char>, std::allocator<char> >::reserve(unsigned long) (in /usr/lib/x86_64-linux-gnu/libstdc++.so.6.0.30)
  n1: 2097153 0x499B952: std::__cxx11::basic_stringbuf<char, std::char_traits<char>, std::allocator<char> >::overflow(int) (in /usr/lib/x86_64-linux-gnu/libstdc++.so.6.0.30)
   n1: 2097153 0x49A388A: std::basic_streambuf<char, std::char_traits<char> >::xsputn(char const*, long) (in /usr/lib/x86_64-linux-gnu/libstdc++.so.6.0.30)
    n1: 2097153 0x4921CC3: long std::__copy_streambufs_eof<char, std::char_traits<char> >(std::basic_streambuf<char, std::char_traits<char> >*, std::basic_streambuf<char, std::char_traits<char> >*, bool&) (in /usr/lib/x86_64-linux-gnu/libstdc++.so.6.0.30)
     n1: 2097153 0x11320B: __gnu_cxx::__enable_if<std::__is_char<char>::__value, std::ostreambuf_iterator<char, std::char_traits<char> > >::__type std::copy<char>(std::istreambuf_iterator<char, std::char_traits<char> >, std::istreambuf_iterator<char, std::char_traits<char> >, std::ostreambuf_iterator<char, std::char_traits<char> >) (streambuf_iterator.h:332)
      n1: 2097153 0x1104CB: PPM::Reader::fill(std::__cxx11::basic_string<char, std::char_traits<char>, std::allocator<char> >) (ppm.cpp:24)
       n1: 2097153 0x110C29: PPM::Reader::operator()(std::__cxx11::basic_string<char, std::char_traits<char>, std::allocator<char> >) (ppm.cpp:105)
        n0: 2097153 0x10F30B: main (blur.cpp:21)
 n1: 72704 0x4903939: ??? (in /usr/lib/x86_64-linux-gnu/libstdc++.so.6.0.30)
  n1: 72704 0x400647D: call_init.part.0 (dl-init.c:70)
   n1: 72704 0x4006567: call_init (dl-init.c:33)
    n1: 72704 0x4006567: _dl_init (dl-init.c:117)
     n1: 72704 0x40202C9: ??? (in /usr/lib/x86_64-linux-gnu/ld-linux-x86-64.so.2)
      n1: 72704 0x3: ???
       n1: 72704 0x1FFF00005A: ???
        n1: 72704 0x1FFF000061: ???
         n1: 72704 0x1FFF000064: ???
          n0: 72704 0x1FFF000071: ???
 n0: 924 in 10 places, all below massif's threshold (1.00%)
#-----------
snapshot=22
#-----------
time=5111216
mem_heap_B=2170781
mem_heap_extra_B=123
mem_stacks_B=0
heap_tree=empty
#-----------
snapshot=23
#-----------
time=5190500
mem_heap_B=2170781
mem_heap_extra_B=123
mem_stacks_B=0
heap_tree=detailed
n3: 2170781 (heap allocation functions) malloc/new/new[], --alloc-fns, etc.
 n1: 2097153 0x49A5724: std::__cxx11::basic_string<char, std::char_traits<char>, std::allocator<char> >::reserve(unsigned long) (in /usr/lib/x86_64-linux-gnu/libstdc++.so.6.0.30)
  n1: 2097153 0x499B952: std::__cxx11::basic_stringbuf<char, std::char_traits<char>, std::allocator<char> >::overflow(int) (in /usr/lib/x86_64-linux-gnu/libstdc++.so.6.0.30)
   n1: 2097153 0x49A388A: std::basic_streambuf<char, std::char_traits<char> >::xsputn(char const*, long) (in /usr/lib/x86_64-linux-gnu/libstdc++.so.6.0.30)
    n1: 2097153 0x4921CC3: long std::__copy_streambufs_eof<char, std::char_traits<char> >(std::basic_streambuf<char, std::char_traits<char> >*, std::basic_streambuf<char, std::char_traits<char> >*, bool&) (in /usr/lib/x86_64-linux-gnu/libstdc++.so.6.0.30)
     n1: 2097153 0x11320B: __gnu_cxx::__enable_if<std::__is_char<char>::__value, std::ostreambuf_iterator<char, std::char_traits<char> > >::__type std::copy<char>(std::istreambuf_iterator<char, std::char_traits<char> >, std::istreambuf_iterator<char, std::char_traits<char> >, std::ostreambuf_iterator<char, std::char_traits<char> >) (streambuf_iterator.h:332)
      n1: 2097153 0x1104CB: PPM::Reader::fill(std::__cxx11::basic_string<char, std::char_traits<char>, std::allocator<char> >) (ppm.cpp:24)
       n1: 2097153 0x110C29: PPM::Reader::operator()(std::__cxx11::basic_string<char, std::char_traits<char>, std::allocator<char> >) (ppm.cpp:105)
        n0: 2097153 0x10F30B: main (blur.cpp:21)
 n1: 72704 0x4903939: ??? (in /usr/lib/x86_64-linux-gnu/libstdc++.so.6.0.30)
  n1: 72704 0x400647D: call_init.part.0 (dl-init.c:70)
   n1: 72704 0x4006567: call_init (dl-init.c:33)
    n1: 72704 0x4006567: _dl_init (dl-init.c:117)
     n1: 72704 0x40202C9: ??? (in /usr/lib/x86_64-linux-gnu/ld-linux-x86-64.so.2)
      n1: 72704 0x3: ???
       n1: 72704 0x1FFF00005A: ???
        n1: 72704 0x1FFF000061: ???
         n1: 72704 0x1FFF000064: ???
          n0: 72704 0x1FFF000071: ???
 n0: 924 in 10 places, all below massif's threshold (1.00%)
#-----------
snapshot=24
#-----------
time=5276391
mem_heap_B=2170781
mem_heap_extra_B=123
mem_stacks_B=0
heap_tree=empty
#-----------
snapshot=25
#-----------
time=5428352
mem_heap_B=2170781
mem_heap_extra_B=123
mem_stacks_B=0
heap_tree=empty
#-----------
snapshot=26
#-----------
time=5586920
mem_heap_B=2170781
mem_heap_extra_B=123
mem_stacks_B=0
heap_tree=detailed
n3: 2170781 (heap allocation functions) malloc/new/new[], --alloc-fns, etc.
 n1: 2097153 0x49A5724: std::__cxx11::basic_string<char, std::char_traits<char>, std::allocator<char> >::reserve(unsigned long) (in /usr/lib/x86_64-linux-gnu/libstdc++.so.6.0.30)
  n1: 2097153 0x499B952: std::__cxx11::basic_stringbuf<char, std::char_traits<char>, std::allocator<char> >::overflow(int) (in /usr/lib/x86_64-linux-gnu/libstdc++.so.6.0.30)
   n1: 2097153 0x49A388A: std::basic_streambuf<char, std::char_traits<char> >::xsputn(char const*, long) (in /usr/lib/x86_64-linux-gnu/libstdc++.so.6.0.30)
    n1: 2097153 0x4921CC3: long std::__copy_streambufs_eof<char, std::char_traits<char> >(std::basic_streambuf<char, std::char_traits<char> >*, std::basic_streambuf<char, std::char_traits<char> >*, bool&) (in /usr/lib/x86_64-linux-gnu/libstdc++.so.6.0.30)
     n1: 2097153 0x11320B: __gnu_cxx::__enable_if<std::__is_char<char>::__value, std::ostreambuf_iterator<char, std::char_traits<char> > >::__type std::copy<char>(std::istreambuf_iterator<char, std::char_traits<char> >, std::istreambuf_iterator<char, std::char_traits<char> >, std::ostreambuf_iterator<char, std::char_traits<char> >) (streambuf_iterator.h:332)
      n1: 2097153 0x1104CB: PPM::Reader::fill(std::__cxx11::basic_string<char, std::char_traits<char>, std::allocator<char> >) (ppm.cpp:24)
       n1: 2097153 0x110C29: PPM::Reader::operator()(std::__cxx11::basic_string<char, std::char_traits<char>, std::allocator<char> >) (ppm.cpp:105)
        n0: 2097153 0x10F30B: main (blur.cpp:21)
 n1: 72704 0x4903939: ??? (in /usr/lib/x86_64-linux-gnu/libstdc++.so.6.0.30)
  n1: 72704 0x400647D: call_init.part.0 (dl-init.c:70)
   n1: 72704 0x4006567: call_init (dl-init.c:33)
    n1: 72704 0x4006567: _dl_init (dl-init.c:117)
     n1: 72704 0x40202C9: ??? (in /usr/lib/x86_64-linux-gnu/ld-linux-x86-64.so.2)
      n1: 72704 0x3: ???
       n1: 72704 0x1FFF00005A: ???
        n1: 72704 0x1FFF000061: ???
         n1: 72704 0x1FFF000064: ???
          n0: 72704 0x1FFF000071: ???
 n0: 924 in 10 places, all below massif's threshold (1.00%)
#-----------
snapshot=27
#-----------
time=5683508
mem_heap_B=2171511
mem_heap_extra_B=161
mem_stacks_B=0
heap_tree=empty
#-----------
snapshot=28
#-----------
time=5762792
mem_heap_B=2171511
mem_heap_extra_B=161
mem_stacks_B=0
heap_tree=empty
#-----------
snapshot=29
#-----------
time=5912822
mem_heap_B=2171509
mem_heap_extra_B=139
mem_stacks_B=0
heap_tree=detailed
n3: 2171509 (heap allocation functions) malloc/new/new[], --alloc-fns, etc.
 n1: 2097153 0x49A5724: std::__cxx11::basic_string<char, std::char_traits<char>, std::allocator<char> >::reserve(unsigned long) (in /usr/lib/x86_64-linux-gnu/libstdc++.so.6.0.30)
  n1: 2097153 0x499B952: std::__cxx11::basic_stringbuf<char, std::char_traits<char>, std::allocator<char> >::overflow(int) (in /usr/lib/x86_64-linux-gnu/libstdc++.so.6.0.30)
   n1: 2097153 0x49A388A: std::basic_streambuf<char, std::char_traits<char> >::xsputn(char const*, long) (in /usr/lib/x86_64-linux-gnu/libstdc++.so.6.0.30)
    n1: 2097153 0x4921CC3: long std::__copy_streambufs_eof<char, std::char_traits<char> >(std::basic_streambuf<char, std::char_traits<char> >*, std::basic_streambuf<char, std::char_traits<char> >*, bool&) (in /usr/lib/x86_64-linux-gnu/libstdc++.so.6.0.30)
     n1: 2097153 0x11320B: __gnu_cxx::__enable_if<std::__is_char<char>::__value, std::ostreambuf_iterator<char, std::char_traits<char> > >::__type std::copy<char>(std::istreambuf_iterator<char, std::char_traits<char> >, std::istreambuf_iterator<char, std::char_traits<char> >, std::ostreambuf_iterator<char, std::char_traits<char> >) (streambuf_iterator.h:332)
      n1: 2097153 0x1104CB: PPM::Reader::fill(std::__cxx11::basic_string<char, std::char_traits<char>, std::allocator<char> >) (ppm.cpp:24)
       n1: 2097153 0x110C29: PPM::Reader::operator()(std::__cxx11::basic_string<char, std::char_traits<char>, std::allocator<char> >) (ppm.cpp:105)
        n0: 2097153 0x10F30B: main (blur.cpp:21)
 n1: 72704 0x4903939: ??? (in /usr/lib/x86_64-linux-gnu/libstdc++.so.6.0.30)
  n1: 72704 0x400647D: call_init.part.0 (dl-init.c:70)
   n1: 72704 0x4006567: call_init (dl-init.c:33)
    n1: 72704 0x4006567: _dl_init (dl-init.c:117)
     n1: 72704 0x40202C9: ??? (in /usr/lib/x86_64-linux-gnu/ld-linux-x86-64.so.2)
      n1: 72704 0x3: ???
       n1: 72704 0x1FFF00005A: ???
        n1: 72704 0x1FFF000061: ???
         n1: 72704 0x1FFF000064: ???
          n0: 72704 0x1FFF000071: ???
 n0: 1652 in 11 places, all below massif's threshold (1.00%)
#-----------
snapshot=30
#-----------
time=6010066
mem_heap_B=2171509
mem_heap_extra_B=139
mem_stacks_B=0
heap_tree=empty
#-----------
snapshot=31
#-----------
time=6168634
mem_heap_B=2171509
mem_heap_extra_B=139
mem_stacks_B=0
heap_tree=empty
#-----------
snapshot=32
#-----------
time=6327202
mem_heap_B=2171509
mem_heap_extra_B=139
mem_stacks_B=0
heap_tree=detailed
n3: 2171509 (heap allocation functions) malloc/new/new[], --alloc-fns, etc.
 n1: 2097153 0x49A5724: std::__cxx11::basic_string<char, std::char_traits<char>, std::allocator<char> >::reserve(unsigned long) (in /usr/lib/x86_64-linux-gnu/libstdc++.so.6.0.30)
  n1: 2097153 0x499B952: std::__cxx11::basic_stringbuf<char, std::char_traits<char>, std::allocator<char> >::overflow(int) (in /usr/lib/x86_64-linux-gnu/libstdc++.so.6.0.30)
   n1: 2097153 0x49A388A: std::basic_streambuf<char, std::char_traits<char> >::xsputn(char const*, long) (in /usr/lib/x86_64-linux-gnu/libstdc++.so.6.0.30)
    n1: 2097153 0x4921CC3: long std::__copy_streambufs_eof<char, std::char_traits<char> >(std::basic_streambuf<char, std::char_traits<char> >*, std::basic_streambuf<char, std::char_traits<char> >*, bool&) (in /usr/lib/x86_64-linux-gnu/libstdc++.so.6.0.30)
     n1: 2097153 0x11320B: __gnu_cxx::__enable_if<std::__is_char<char>::__value, std::ostreambuf_iterator<char, std::char_traits<char> > >::__type std::copy<char>(std::istreambuf_iterator<char, std::char_traits<char> >, std::istreambuf_iterator<char, std::char_traits<char> >, std::ostreambuf_iterator<char, std::char_traits<char> >) (streambuf_iterator.h:332)
      n1: 2097153 0x1104CB: PPM::Reader::fill(std::__cxx11::basic_string<char, std::char_traits<char>, std::allocator<char> >) (ppm.cpp:24)
       n1: 2097153 0x110C29: PPM::Reader::operator()(std::__cxx11::basic_string<char, std::char_traits<char>, std::allocator<char> >) (ppm.cpp:105)
        n0: 2097153 0x10F30B: main (blur.cpp:21)
 n1: 72704 0x4903939: ??? (in /usr/lib/x86_64-linux-gnu/libstdc++.so.6.0.30)
  n1: 72704 0x400647D: call_init.part.0 (dl-init.c:70)
   n1: 72704 0x4006567: call_init (dl-init.c:33)
    n1: 72704 0x4006567: _dl_init (dl-init.c:117)
     n1: 72704 0x40202C9: ??? (in /usr/lib/x86_64-linux-gnu/ld-linux-x86-64.so.2)
      n1: 72704 0x3: ???
       n1: 72704 0x1FFF00005A: ???
        n1: 72704 0x1FFF000061: ???
         n1: 72704 0x1FFF000064: ???
          n0: 72704 0x1FFF000071: ???
 n0: 1652 in 11 places, all below massif's threshold (1.00%)
#-----------
snapshot=33
#-----------
time=6406486
mem_heap_B=2171509
mem_heap_extra_B=139
mem_stacks_B=0
heap_tree=empty
#-----------
snapshot=34
#-----------
time=6485770
mem_heap_B=2171509
mem_heap_extra_B=139
mem_stacks_B=0
heap_tree=empty
#-----------
snapshot=35
#-----------
time=6565054
mem_heap_B=2171509
mem_heap_extra_B=139
mem_stacks_B=0
heap_tree=empty
#-----------
snapshot=36
#-----------
time=6644338
mem_heap_B=2171509
mem_heap_extra_B=139
mem_stacks_B=0
heap_tree=empty
#-----------
snapshot=37
#-----------
time=6723622
mem_heap_B=2171509
mem_heap_extra_B=139
mem_stacks_B=0
heap_tree=detailed
n3: 2171509 (heap allocation functions) malloc/new/new[], --alloc-fns, etc.
 n1: 2097153 0x49A5724: std::__cxx11::basic_string<char, std::char_traits<char>, std::allocator<char> >::reserve(unsigned long) (in /usr/lib/x86_64-linux-gnu/libstdc++.so.6.0.30)
  n1: 2097153 0x499B952: std::__cxx11::basic_stringbuf<char, std::char_traits<char>, std::allocator<char> >::overflow(int) (in /usr/lib/x86_64-linux-gnu/libstdc++.so.6.0.30)
   n1: 2097153 0x49A388A: std::basic_streambuf<char, std::char_traits<char> >::xsputn(char const*, long) (in /usr/lib/x86_64-linux-gnu/libstdc++.so.6.0.30)
    n1: 2097153 0x4921CC3: long std::__copy_streambufs_eof<char, std::char_traits<char> >(std::basic_streambuf<char, std::char_traits<char> >*, std::basic_streambuf<char, std::char_traits<char> >*, bool&) (in /usr/lib/x86_64-linux-gnu/libstdc++.so.6.0.30)
     n1: 2097153 0x11320B: __gnu_cxx::__enable_if<std::__is_char<char>::__value, std::ostreambuf_iterator<char, std::char_traits<char> > >::__type std::copy<char>(std::istreambuf_iterator<char, std::char_traits<char> >, std::istreambuf_iterator<char, std::char_traits<char> >, std::ostreambuf_iterator<char, std::char_traits<char> >) (streambuf_iterator.h:332)
      n1: 2097153 0x1104CB: PPM::Reader::fill(std::__cxx11::basic_string<char, std::char_traits<char>, std::allocator<char> >) (ppm.cpp:24)
       n1: 2097153 0x110C29: PPM::Reader::operator()(std::__cxx11::basic_string<char, std::char_traits<char>, std::allocator<char> >) (ppm.cpp:105)
        n0: 2097153 0x10F30B: main (blur.cpp:21)
 n1: 72704 0x4903939: ??? (in /usr/lib/x86_64-linux-gnu/libstdc++.so.6.0.30)
  n1: 72704 0x400647D: call_init.part.0 (dl-init.c:70)
   n1: 72704 0x4006567: call_init (dl-init.c:33)
    n1: 72704 0x4006567: _dl_init (dl-init.c:117)
     n1: 72704 0x40202C9: ??? (in /usr/lib/x86_64-linux-gnu/ld-linux-x86-64.so.2)
      n1: 72704 0x3: ???
       n1: 72704 0x1FFF00005A: ???
        n1: 72704 0x1FFF000061: ???
         n1: 72704 0x1FFF000064: ???
          n0: 72704 0x1FFF000071: ???
 n0: 1652 in 11 places, all below massif's threshold (1.00%)
#-----------
snapshot=38
#-----------
time=6802906
mem_heap_B=2171509
mem_heap_extra_B=139
mem_stacks_B=0
heap_tree=empty
#-----------
snapshot=39
#-----------
time=6921832
mem_heap_B=2171509
mem_heap_extra_B=139
mem_stacks_B=0
heap_tree=detailed
n3: 2171509 (heap allocation functions) malloc/new/new[], --alloc-fns, etc.
 n1: 2097153 0x49A5724: std::__cxx11::basic_string<char, std::char_traits<char>, std::allocator<char> >::reserve(unsigned long) (in /usr/lib/x86_64-linux-gnu/libstdc++.so.6.0.30)
  n1: 2097153 0x499B952: std::__cxx11::basic_stringbuf<char, std::char_traits<char>, std::allocator<char> >::overflow(int) (in /usr/lib/x86_64-linux-gnu/libstdc++.so.6.0.30)
   n1: 2097153 0x49A388A: std::basic_streambuf<char, std::char_traits<char> >::xsputn(char const*, long) (in /usr/lib/x86_64-linux-gnu/libstdc++.so.6.0.30)
    n1: 2097153 0x4921CC3: long std::__copy_streambufs_eof<char, std::char_traits<char> >(std::basic_streambuf<char, std::char_traits<char> >*, std::basic_streambuf<char, std::char_traits<char> >*, bool&) (in /usr/lib/x86_64-linux-gnu/libstdc++.so.6.0.30)
     n1: 2097153 0x11320B: __gnu_cxx::__enable_if<std::__is_char<char>::__value, std::ostreambuf_iterator<char, std::char_traits<char> > >::__type std::copy<char>(std::istreambuf_iterator<char, std::char_traits<char> >, std::istreambuf_iterator<char, std::char_traits<char> >, std::ostreambuf_iterator<char, std::char_traits<char> >) (streambuf_iterator.h:332)
      n1: 2097153 0x1104CB: PPM::Reader::fill(std::__cxx11::basic_string<char, std::char_traits<char>, std::allocator<char> >) (ppm.cpp:24)
       n1: 2097153 0x110C29: PPM::Reader::operator()(std::__cxx11::basic_string<char, std::char_traits<char>, std::allocator<char> >) (ppm.cpp:105)
        n0: 2097153 0x10F30B: main (blur.cpp:21)
 n1: 72704 0x4903939: ??? (in /usr/lib/x86_64-linux-gnu/libstdc++.so.6.0.30)
  n1: 72704 0x400647D: call_init.part.0 (dl-init.c:70)
   n1: 72704 0x4006567: call_init (dl-init.c:33)
    n1: 72704 0x4006567: _dl_init (dl-init.c:117)
     n1: 72704 0x40202C9: ??? (in /usr/lib/x86_64-linux-gnu/ld-linux-x86-64.so.2)
      n1: 72704 0x3: ???
       n1: 72704 0x1FFF00005A: ???
        n1: 72704 0x1FFF000061: ???
         n1: 72704 0x1FFF000064: ???
          n0: 72704 0x1FFF000071: ???
 n0: 1652 in 11 places, all below massif's threshold (1.00%)
#-----------
snapshot=40
#-----------
time=7001116
mem_heap_B=2171509
mem_heap_extra_B=139
mem_stacks_B=0
heap_tree=empty
#-----------
snapshot=41
#-----------
time=7080400
mem_heap_B=2171509
mem_heap_extra_B=139
mem_stacks_B=0
heap_tree=empty
#-----------
snapshot=42
#-----------
time=7159684
mem_heap_B=2171509
mem_heap_extra_B=139
mem_stacks_B=0
heap_tree=empty
#-----------
snapshot=43
#-----------
time=7238968
mem_heap_B=2171509
mem_heap_extra_B=139
mem_stacks_B=0
heap_tree=empty
#-----------
snapshot=44
#-----------
time=7354927
mem_heap_B=2173196
mem_heap_extra_B=140
mem_stacks_B=0
heap_tree=empty
#-----------
snapshot=45
#-----------
time=7506000
mem_heap_B=2170738
mem_heap_extra_B=110
mem_stacks_B=0
heap_tree=empty
#-----------
snapshot=46
#-----------
time=7585332
mem_heap_B=2170738
mem_heap_extra_B=110
mem_stacks_B=0
heap_tree=empty
#-----------
snapshot=47
#-----------
time=7664664
mem_heap_B=2170738
mem_heap_extra_B=110
mem_stacks_B=0
heap_tree=empty
#-----------
snapshot=48
#-----------
time=7808233
mem_heap_B=2170738
mem_heap_extra_B=110
mem_stacks_B=0
heap_tree=empty
#-----------
snapshot=49
#-----------
time=7947064
mem_heap_B=2170738
mem_heap_extra_B=110
mem_stacks_B=0
heap_tree=detailed
n3: 2170738 (heap allocation functions) malloc/new/new[], --alloc-fns, etc.
 n1: 2097153 0x49A5724: std::__cxx11::basic_string<char, std::char_traits<char>, std::allocator<char> >::reserve(unsigned long) (in /usr/lib/x86_64-linux-gnu/libstdc++.so.6.0.30)
  n1: 2097153 0x499B952: std::__cxx11::basic_stringbuf<char, std::char_traits<char>, std::allocator<char> >::overflow(int) (in /usr/lib/x86_64-linux-gnu/libstdc++.so.6.0.30)
   n1: 2097153 0x49A388A: std::basic_streambuf<char, std::char_traits<char> >::xsputn(char const*, long) (in /usr/lib/x86_64-linux-gnu/libstdc++.so.6.0.30)
    n1: 2097153 0x4921CC3: long std::__copy_streambufs_eof<char, std::char_traits<char> >(std::basic_streambuf<char, std::char_traits<char> >*, std::basic_streambuf<char, std::char_traits<char> >*, bool&) (in /usr/lib/x86_64-linux-gnu/libstdc++.so.6.0.30)
     n1: 2097153 0x11320B: __gnu_cxx::__enable_if<std::__is_char<char>::__value, std::ostreambuf_iterator<char, std::char_traits<char> > >::__type std::copy<char>(std::istreambuf_iterator<char, std::char_traits<char> >, std::istreambuf_iterator<char, std::char_traits<char> >, std::ostreambuf_iterator<char, std::char_traits<char> >) (streambuf_iterator.h:332)
      n1: 2097153 0x1104CB: PPM::Reader::fill(std::__cxx11::basic_string<char, std::char_traits<char>, std::allocator<char> >) (ppm.cpp:24)
       n1: 2097153 0x110C29: PPM::Reader::operator()(std::__cxx11::basic_string<char, std::char_traits<char>, std::allocator<char> >) (ppm.cpp:105)
        n0: 2097153 0x10F30B: main (blur.cpp:21)
 n1: 72704 0x4903939: ??? (in /usr/lib/x86_64-linux-gnu/libstdc++.so.6.0.30)
  n1: 72704 0x400647D: call_init.part.0 (dl-init.c:70)
   n1: 72704 0x4006567: call_init (dl-init.c:33)
    n1: 72704 0x4006567: _dl_init (dl-init.c:117)
     n1: 72704 0x40202C9: ??? (in /usr/lib/x86_64-linux-gnu/ld-linux-x86-64.so.2)
      n1: 72704 0x3: ???
       n1: 72704 0x1FFF00005A: ???
        n1: 72704 0x1FFF000061: ???
         n1: 72704 0x1FFF000064: ???
          n0: 72704 0x1FFF000071: ???
 n0: 881 in 13 places, all below massif's threshold (1.00%)
#-----------
snapshot=50
#-----------
time=7980119
mem_heap_B=2170738
mem_heap_extra_B=110
mem_stacks_B=0
heap_tree=empty
#-----------
snapshot=51
#-----------
time=8013174
mem_heap_B=2170738
mem_heap_extra_B=110
mem_stacks_B=0
heap_tree=empty
#-----------
snapshot=52
#-----------
time=8046229
mem_heap_B=2170738
mem_heap_extra_B=110
mem_stacks_B=0
heap_tree=empty
#-----------
snapshot=53
#-----------
time=8079284
mem_heap_B=2170738
mem_heap_extra_B=110
mem_stacks_B=0
heap_tree=empty
#-----------
snapshot=54
#-----------
time=8112339
mem_heap_B=2170738
mem_heap_extra_B=110
mem_stacks_B=0
heap_tree=empty
#-----------
snapshot=55
#-----------
time=8145394
mem_heap_B=2170738
mem_heap_extra_B=110
mem_stacks_B=0
heap_tree=empty
#-----------
snapshot=56
#-----------
time=8178449
mem_heap_B=2170738
mem_heap_extra_B=110
mem_stacks_B=0
heap_tree=empty
#-----------
snapshot=57
#-----------
time=8211504
mem_heap_B=2170738
mem_heap_extra_B=110
mem_stacks_B=0
heap_tree=empty
#-----------
snapshot=58
#-----------
time=8244559
mem_heap_B=2170738
mem_heap_extra_B=110
mem_stacks_B=0
heap_tree=empty
#-----------
snapshot=59
#-----------
time=8277614
mem_heap_B=2170738
mem_heap_extra_B=110
mem_stacks_B=0
heap_tree=detailed
n3: 2170738 (heap allocation functions) malloc/new/new[], --alloc-fns, etc.
 n1: 2097153 0x49A5724: std::__cxx11::basic_string<char, std::char_traits<char>, std::allocator<char> >::reserve(unsigned long) (in /usr/lib/x86_64-linux-gnu/libstdc++.so.6.0.30)
  n1: 2097153 0x499B952: std::__cxx11::basic_stringbuf<char, std::char_traits<char>, std::allocator<char> >::overflow(int) (in /usr/lib/x86_64-linux-gnu/libstdc++.so.6.0.30)
   n1: 2097153 0x49A388A: std::basic_streambuf<char, std::char_traits<char> >::xsputn(char const*, long) (in /usr/lib/x86_64-linux-gnu/libstdc++.so.6.0.30)
    n1: 2097153 0x4921CC3: long std::__copy_streambufs_eof<char, std::char_traits<char> >(std::basic_streambuf<char, std::char_traits<char> >*, std::basic_streambuf<char, std::char_traits<char> >*, bool&) (in /usr/lib/x86_64-linux-gnu/libstdc++.so.6.0.30)
     n1: 2097153 0x11320B: __gnu_cxx::__enable_if<std::__is_char<char>::__value, std::ostreambuf_iterator<char, std::char_traits<char> > >::__type std::copy<char>(std::istreambuf_iterator<char, std::char_traits<char> >, std::istreambuf_iterator<char, std::char_traits<char> >, std::ostreambuf_iterator<char, std::char_traits<char> >) (streambuf_iterator.h:332)
      n1: 2097153 0x1104CB: PPM::Reader::fill(std::__cxx11::basic_string<char, std::char_traits<char>, std::allocator<char> >) (ppm.cpp:24)
       n1: 2097153 0x110C29: PPM::Reader::operator()(std::__cxx11::basic_string<char, std::char_traits<char>, std::allocator<char> >) (ppm.cpp:105)
        n0: 2097153 0x10F30B: main (blur.cpp:21)
 n1: 72704 0x4903939: ??? (in /usr/lib/x86_64-linux-gnu/libstdc++.so.6.0.30)
  n1: 72704 0x400647D: call_init.part.0 (dl-init.c:70)
   n1: 72704 0x4006567: call_init (dl-init.c:33)
    n1: 72704 0x4006567: _dl_init (dl-init.c:117)
     n1: 72704 0x40202C9: ??? (in /usr/lib/x86_64-linux-gnu/ld-linux-x86-64.so.2)
      n1: 72704 0x3: ???
       n1: 72704 0x1FFF00005A: ???
        n1: 72704 0x1FFF000061: ???
         n1: 72704 0x1FFF000064: ???
          n0: 72704 0x1FFF000071: ???
 n0: 881 in 13 places, all below massif's threshold (1.00%)
#-----------
snapshot=60
#-----------
time=8310669
mem_heap_B=2170738
mem_heap_extra_B=110
mem_stacks_B=0
heap_tree=empty
#-----------
snapshot=61
#-----------
time=8343724
mem_heap_B=2170738
mem_heap_extra_B=110
mem_stacks_B=0
heap_tree=empty
#-----------
snapshot=62
#-----------
time=8376779
mem_heap_B=2170738
mem_heap_extra_B=110
mem_stacks_B=0
heap_tree=empty
#-----------
snapshot=63
#-----------
time=8409834
mem_heap_B=2170738
mem_heap_extra_B=110
mem_stacks_B=0
heap_tree=empty
#-----------
snapshot=64
#-----------
time=8442889
mem_heap_B=2170738
mem_heap_extra_B=110
mem_stacks_B=0
heap_tree=empty
#-----------
snapshot=65
#-----------
time=8475944
mem_heap_B=2170738
mem_heap_extra_B=110
mem_stacks_B=0
heap_tree=empty
#-----------
snapshot=66
#-----------
time=8508999
mem_heap_B=2170738
mem_heap_extra_B=110
mem_stacks_B=0
heap_tree=empty
#-----------
snapshot=67
#-----------
time=8542054
mem_heap_B=2170738
mem_heap_extra_B=110
mem_stacks_B=0
heap_tree=empty
#-----------
snapshot=68
#-----------
time=8575109
mem_heap_B=2170738
mem_heap_extra_B=110
mem_stacks_B=0
heap_tree=empty
#-----------
snapshot=69
#-----------
time=8608164
mem_heap_B=2170738
mem_heap_extra_B=110
mem_stacks_B=0
heap_tree=detailed
n3: 2170738 (heap allocation functions) malloc/new/new[], --alloc-fns, etc.
 n1: 2097153 0x49A5724: std::__cxx11::basic_string<char, std::char_traits<char>, std::allocator<char> >::reserve(unsigned long) (in /usr/lib/x86_64-linux-gnu/libstdc++.so.6.0.30)
  n1: 2097153 0x499B952: std::__cxx11::basic_stringbuf<char, std::char_traits<char>, std::allocator<char> >::overflow(int) (in /usr/lib/x86_64-linux-gnu/libstdc++.so.6.0.30)
   n1: 2097153 0x49A388A: std::basic_streambuf<char, std::char_traits<char> >::xsputn(char const*, long) (in /usr/lib/x86_64-linux-gnu/libstdc++.so.6.0.30)
    n1: 2097153 0x4921CC3: long std::__copy_streambufs_eof<char, std::char_traits<char> >(std::basic_streambuf<char, std::char_traits<char> >*, std::basic_streambuf<char, std::char_traits<char> >*, bool&) (in /usr/lib/x86_64-linux-gnu/libstdc++.so.6.0.30)
     n1: 2097153 0x11320B: __gnu_cxx::__enable_if<std::__is_char<char>::__value, std::ostreambuf_iterator<char, std::char_traits<char> > >::__type std::copy<char>(std::istreambuf_iterator<char, std::char_traits<char> >, std::istreambuf_iterator<char, std::char_traits<char> >, std::ostreambuf_iterator<char, std::char_traits<char> >) (streambuf_iterator.h:332)
      n1: 2097153 0x1104CB: PPM::Reader::fill(std::__cxx11::basic_string<char, std::char_traits<char>, std::allocator<char> >) (ppm.cpp:24)
       n1: 2097153 0x110C29: PPM::Reader::operator()(std::__cxx11::basic_string<char, std::char_traits<char>, std::allocator<char> >) (ppm.cpp:105)
        n0: 2097153 0x10F30B: main (blur.cpp:21)
 n1: 72704 0x4903939: ??? (in /usr/lib/x86_64-linux-gnu/libstdc++.so.6.0.30)
  n1: 72704 0x400647D: call_init.part.0 (dl-init.c:70)
   n1: 72704 0x4006567: call_init (dl-init.c:33)
    n1: 72704 0x4006567: _dl_init (dl-init.c:117)
     n1: 72704 0x40202C9: ??? (in /usr/lib/x86_64-linux-gnu/ld-linux-x86-64.so.2)
      n1: 72704 0x3: ???
       n1: 72704 0x1FFF00005A: ???
        n1: 72704 0x1FFF000061: ???
         n1: 72704 0x1FFF000064: ???
          n0: 72704 0x1FFF000071: ???
 n0: 881 in 13 places, all below massif's threshold (1.00%)
#-----------
snapshot=70
#-----------
time=8641219
mem_heap_B=2170738
mem_heap_extra_B=110
mem_stacks_B=0
heap_tree=empty
#-----------
snapshot=71
#-----------
time=8674274
mem_heap_B=2170738
mem_heap_extra_B=110
mem_stacks_B=0
heap_tree=empty
#-----------
snapshot=72
#-----------
time=8707329
mem_heap_B=2170738
mem_heap_extra_B=110
mem_stacks_B=0
heap_tree=empty
#-----------
snapshot=73
#-----------
time=8740384
mem_heap_B=2170738
mem_heap_extra_B=110
mem_stacks_B=0
heap_tree=empty
#-----------
snapshot=74
#-----------
time=8773439
mem_heap_B=2170738
mem_heap_extra_B=110
mem_stacks_B=0
heap_tree=empty
#-----------
snapshot=75
#-----------
time=8806494
mem_heap_B=2170738
mem_heap_extra_B=110
mem_stacks_B=0
heap_tree=empty
#-----------
snapshot=76
#-----------
time=8839549
mem_heap_B=2170738
mem_heap_extra_B=110
mem_stacks_B=0
heap_tree=empty
#-----------
snapshot=77
#-----------
time=8872604
mem_heap_B=2170738
mem_heap_extra_B=110
mem_stacks_B=0
heap_tree=empty
#-----------
snapshot=78
#-----------
time=8905659
mem_heap_B=2170738
mem_heap_extra_B=110
mem_stacks_B=0
heap_tree=empty
#-----------
snapshot=79
#-----------
time=8938714
mem_heap_B=2170738
mem_heap_extra_B=110
mem_stacks_B=0
heap_tree=detailed
n3: 2170738 (heap allocation functions) malloc/new/new[], --alloc-fns, etc.
 n1: 2097153 0x49A5724: std::__cxx11::basic_string<char, std::char_traits<char>, std::allocator<char> >::reserve(unsigned long) (in /usr/lib/x86_64-linux-gnu/libstdc++.so.6.0.30)
  n1: 2097153 0x499B952: std::__cxx11::basic_stringbuf<char, std::char_traits<char>, std::allocator<char> >::overflow(int) (in /usr/lib/x86_64-linux-gnu/libstdc++.so.6.0.30)
   n1: 2097153 0x49A388A: std::basic_streambuf<char, std::char_traits<char> >::xsputn(char const*, long) (in /usr/lib/x86_64-linux-gnu/libstdc++.so.6.0.30)
    n1: 2097153 0x4921CC3: long std::__copy_streambufs_eof<char, std::char_traits<char> >(std::basic_streambuf<char, std::char_traits<char> >*, std::basic_streambuf<char, std::char_traits<char> >*, bool&) (in /usr/lib/x86_64-linux-gnu/libstdc++.so.6.0.30)
     n1: 2097153 0x11320B: __gnu_cxx::__enable_if<std::__is_char<char>::__value, std::ostreambuf_iterator<char, std::char_traits<char> > >::__type std::copy<char>(std::istreambuf_iterator<char, std::char_traits<char> >, std::istreambuf_iterator<char, std::char_traits<char> >, std::ostreambuf_iterator<char, std::char_traits<char> >) (streambuf_iterator.h:332)
      n1: 2097153 0x1104CB: PPM::Reader::fill(std::__cxx11::basic_string<char, std::char_traits<char>, std::allocator<char> >) (ppm.cpp:24)
       n1: 2097153 0x110C29: PPM::Reader::operator()(std::__cxx11::basic_string<char, std::char_traits<char>, std::allocator<char> >) (ppm.cpp:105)
        n0: 2097153 0x10F30B: main (blur.cpp:21)
 n1: 72704 0x4903939: ??? (in /usr/lib/x86_64-linux-gnu/libstdc++.so.6.0.30)
  n1: 72704 0x400647D: call_init.part.0 (dl-init.c:70)
   n1: 72704 0x4006567: call_init (dl-init.c:33)
    n1: 72704 0x4006567: _dl_init (dl-init.c:117)
     n1: 72704 0x40202C9: ??? (in /usr/lib/x86_64-linux-gnu/ld-linux-x86-64.so.2)
      n1: 72704 0x3: ???
       n1: 72704 0x1FFF00005A: ???
        n1: 72704 0x1FFF000061: ???
         n1: 72704 0x1FFF000064: ???
          n0: 72704 0x1FFF000071: ???
 n0: 881 in 13 places, all below massif's threshold (1.00%)
#-----------
snapshot=80
#-----------
time=8971769
mem_heap_B=2170738
mem_heap_extra_B=110
mem_stacks_B=0
heap_tree=empty
#-----------
snapshot=81
#-----------
time=9004824
mem_heap_B=2170738
mem_heap_extra_B=110
mem_stacks_B=0
heap_tree=empty
#-----------
snapshot=82
#-----------
time=9037879
mem_heap_B=2170738
mem_heap_extra_B=110
mem_stacks_B=0
heap_tree=empty
#-----------
snapshot=83
#-----------
time=9070934
mem_heap_B=2170738
mem_heap_extra_B=110
mem_stacks_B=0
heap_tree=empty
#-----------
snapshot=84
#-----------
time=9103989
mem_heap_B=2170738
mem_heap_extra_B=110
mem_stacks_B=0
heap_tree=empty
#-----------
snapshot=85
#-----------
time=9149510
mem_heap_B=2171849
mem_heap_extra_B=111
mem_stacks_B=0
heap_tree=empty
#-----------
snapshot=86
#-----------
time=9182327
mem_heap_B=2171313
mem_heap_extra_B=119
mem_stacks_B=0
heap_tree=empty
#-----------
snapshot=87
#-----------
time=229452766
mem_heap_B=4233009
mem_heap_extra_B=79
mem_stacks_B=0
heap_tree=empty
#-----------
snapshot=88
#-----------
time=384713988
mem_heap_B=14264585
mem_heap_extra_B=3055
mem_stacks_B=0
heap_tree=empty
#-----------
snapshot=89
#-----------
time=539979649
mem_heap_B=33812237
mem_heap_extra_B=9003
mem_stacks_B=0
heap_tree=detailed
n11: 33812237 (heap allocation functions) malloc/new/new[], --alloc-fns, etc.
 n1: 9000000 0x10FCA0: Matrix::Matrix(unsigned int) (matrix.cpp:33)
  n1: 9000000 0x142DA9: Filter::blur(Matrix, int, int) (filters.cpp:179)
   n0: 9000000 0x10F3D8: main (blur.cpp:24)
 n1: 9000000 0x10FCBA: Matrix::Matrix(unsigned int) (matrix.cpp:34)
  n1: 9000000 0x142DA9: Filter::blur(Matrix, int, int) (filters.cpp:179)
   n0: 9000000 0x10F3D8: main (blur.cpp:24)
 n1: 9000000 0x10FCD5: Matrix::Matrix(unsigned int) (matrix.cpp:35)
  n1: 9000000 0x142DA9: Filter::blur(Matrix, int, int) (filters.cpp:179)
   n0: 9000000 0x10F3D8: main (blur.cpp:24)
 n1: 2097153 0x49A5724: std::__cxx11::basic_string<char, std::char_traits<char>, std::allocator<char> >::reserve(unsigned long) (in /usr/lib/x86_64-linux-gnu/libstdc++.so.6.0.30)
  n1: 2097153 0x499B952: std::__cxx11::basic_stringbuf<char, std::char_traits<char>, std::allocator<char> >::overflow(int) (in /usr/lib/x86_64-linux-gnu/libstdc++.so.6.0.30)
   n1: 2097153 0x49A388A: std::basic_streambuf<char, std::char_traits<char> >::xsputn(char const*, long) (in /usr/lib/x86_64-linux-gnu/libstdc++.so.6.0.30)
    n1: 2097153 0x4921CC3: long std::__copy_streambufs_eof<char, std::char_traits<char> >(std::basic_streambuf<char, std::char_traits<char> >*, std::basic_streambuf<char, std::char_traits<char> >*, bool&) (in /usr/lib/x86_64-linux-gnu/libstdc++.so.6.0.30)
     n1: 2097153 0x11320B: __gnu_cxx::__enable_if<std::__is_char<char>::__value, std::ostreambuf_iterator<char, std::char_traits<char> > >::__type std::copy<char>(std::istreambuf_iterator<char, std::char_traits<char> >, std::istreambuf_iterator<char, std::char_traits<char> >, std::ostreambuf_iterator<char, std::char_traits<char> >) (streambuf_iterator.h:332)
      n1: 2097153 0x1104CB: PPM::Reader::fill(std::__cxx11::basic_string<char, std::char_traits<char>, std::allocator<char> >) (ppm.cpp:24)
       n1: 2097153 0x110C29: PPM::Reader::operator()(std::__cxx11::basic_string<char, std::char_traits<char>, std::allocator<char> >) (ppm.cpp:105)
        n0: 2097153 0x10F30B: main (blur.cpp:21)
 n2: 1031576 0x10FD38: Matrix::Matrix(Matrix&) (matrix.cpp:43)
  n0: 515788 0x10F3BB: main (blur.cpp:24)
  n1: 515788 0x142DC2: Filter::blur(Matrix, int, int) (filters.cpp:180)
   n0: 515788 0x10F3D8: main (blur.cpp:24)
 n2: 1031576 0x10FD5D: Matrix::Matrix(Matrix&) (matrix.cpp:44)
  n0: 515788 0x10F3BB: main (blur.cpp:24)
  n1: 515788 0x142DC2: Filter::blur(Matrix, int, int) (filters.cpp:180)
   n0: 515788 0x10F3D8: main (blur.cpp:24)
 n2: 1031576 0x10FD83: Matrix::Matrix(Matrix&) (matrix.cpp:45)
  n0: 515788 0x10F3BB: main (blur.cpp:24)
  n1: 515788 0x142DC2: Filter::blur(Matrix, int, int) (filters.cpp:180)
   n0: 515788 0x10F3D8: main (blur.cpp:24)
 n1: 515788 0x110A13: PPM::Reader::get_data(unsigned int, unsigned int) (ppm.cpp:81)
  n1: 515788 0x110F01: PPM::Reader::operator()(std::__cxx11::basic_string<char, std::char_traits<char>, std::allocator<char> >) (ppm.cpp:135)
   n0: 515788 0x10F30B: main (blur.cpp:21)
 n1: 515788 0x110A22: PPM::Reader::get_data(unsigned int, unsigned int) (ppm.cpp:81)
  n1: 515788 0x110F01: PPM::Reader::operator()(std::__cxx11::basic_string<char, std::char_traits<char>, std::allocator<char> >) (ppm.cpp:135)
   n0: 515788 0x10F30B: main (blur.cpp:21)
 n1: 515788 0x110A31: PPM::Reader::get_data(unsigned int, unsigned int) (ppm.cpp:81)
  n1: 515788 0x110F01: PPM::Reader::operator()(std::__cxx11::basic_string<char, std::char_traits<char>, std::allocator<char> >) (ppm.cpp:135)
   n0: 515788 0x10F30B: main (blur.cpp:21)
 n0: 72992 in 15 places, all below massif's threshold (1.00%)
#-----------
snapshot=90
#-----------
time=2482903018
mem_heap_B=33812237
mem_heap_extra_B=9003
mem_stacks_B=0
heap_tree=peak
n11: 33812237 (heap allocation functions) malloc/new/new[], --alloc-fns, etc.
 n1: 9000000 0x10FCA0: Matrix::Matrix(unsigned int) (matrix.cpp:33)
  n1: 9000000 0x142DA9: Filter::blur(Matrix, int, int) (filters.cpp:179)
   n0: 9000000 0x10F3D8: main (blur.cpp:24)
 n1: 9000000 0x10FCBA: Matrix::Matrix(unsigned int) (matrix.cpp:34)
  n1: 9000000 0x142DA9: Filter::blur(Matrix, int, int) (filters.cpp:179)
   n0: 9000000 0x10F3D8: main (blur.cpp:24)
 n1: 9000000 0x10FCD5: Matrix::Matrix(unsigned int) (matrix.cpp:35)
  n1: 9000000 0x142DA9: Filter::blur(Matrix, int, int) (filters.cpp:179)
   n0: 9000000 0x10F3D8: main (blur.cpp:24)
 n1: 2097153 0x49A5724: std::__cxx11::basic_string<char, std::char_traits<char>, std::allocator<char> >::reserve(unsigned long) (in /usr/lib/x86_64-linux-gnu/libstdc++.so.6.0.30)
  n1: 2097153 0x499B952: std::__cxx11::basic_stringbuf<char, std::char_traits<char>, std::allocator<char> >::overflow(int) (in /usr/lib/x86_64-linux-gnu/libstdc++.so.6.0.30)
   n1: 2097153 0x49A388A: std::basic_streambuf<char, std::char_traits<char> >::xsputn(char const*, long) (in /usr/lib/x86_64-linux-gnu/libstdc++.so.6.0.30)
    n1: 2097153 0x4921CC3: long std::__copy_streambufs_eof<char, std::char_traits<char> >(std::basic_streambuf<char, std::char_traits<char> >*, std::basic_streambuf<char, std::char_traits<char> >*, bool&) (in /usr/lib/x86_64-linux-gnu/libstdc++.so.6.0.30)
     n1: 2097153 0x11320B: __gnu_cxx::__enable_if<std::__is_char<char>::__value, std::ostreambuf_iterator<char, std::char_traits<char> > >::__type std::copy<char>(std::istreambuf_iterator<char, std::char_traits<char> >, std::istreambuf_iterator<char, std::char_traits<char> >, std::ostreambuf_iterator<char, std::char_traits<char> >) (streambuf_iterator.h:332)
      n1: 2097153 0x1104CB: PPM::Reader::fill(std::__cxx11::basic_string<char, std::char_traits<char>, std::allocator<char> >) (ppm.cpp:24)
       n1: 2097153 0x110C29: PPM::Reader::operator()(std::__cxx11::basic_string<char, std::char_traits<char>, std::allocator<char> >) (ppm.cpp:105)
        n0: 2097153 0x10F30B: main (blur.cpp:21)
 n2: 1031576 0x10FD38: Matrix::Matrix(Matrix&) (matrix.cpp:43)
  n0: 515788 0x10F3BB: main (blur.cpp:24)
  n1: 515788 0x142DC2: Filter::blur(Matrix, int, int) (filters.cpp:180)
   n0: 515788 0x10F3D8: main (blur.cpp:24)
 n2: 1031576 0x10FD5D: Matrix::Matrix(Matrix&) (matrix.cpp:44)
  n0: 515788 0x10F3BB: main (blur.cpp:24)
  n1: 515788 0x142DC2: Filter::blur(Matrix, int, int) (filters.cpp:180)
   n0: 515788 0x10F3D8: main (blur.cpp:24)
 n2: 1031576 0x10FD83: Matrix::Matrix(Matrix&) (matrix.cpp:45)
  n0: 515788 0x10F3BB: main (blur.cpp:24)
  n1: 515788 0x142DC2: Filter::blur(Matrix, int, int) (filters.cpp:180)
   n0: 515788 0x10F3D8: main (blur.cpp:24)
 n1: 515788 0x110A13: PPM::Reader::get_data(unsigned int, unsigned int) (ppm.cpp:81)
  n1: 515788 0x110F01: PPM::Reader::operator()(std::__cxx11::basic_string<char, std::char_traits<char>, std::allocator<char> >) (ppm.cpp:135)
   n0: 515788 0x10F30B: main (blur.cpp:21)
 n1: 515788 0x110A22: PPM::Reader::get_data(unsigned int, unsigned int) (ppm.cpp:81)
  n1: 515788 0x110F01: PPM::Reader::operator()(std::__cxx11::basic_string<char, std::char_traits<char>, std::allocator<char> >) (ppm.cpp:135)
   n0: 515788 0x10F30B: main (blur.cpp:21)
 n1: 515788 0x110A31: PPM::Reader::get_data(unsigned int, unsigned int) (ppm.cpp:81)
  n1: 515788 0x110F01: PPM::Reader::operator()(std::__cxx11::basic_string<char, std::char_traits<char>, std::allocator<char> >) (ppm.cpp:135)
   n0: 515788 0x10F30B: main (blur.cpp:21)
 n0: 72992 in 15 places, all below massif's threshold (1.00%)
#-----------
snapshot=91
#-----------
time=2638165987
mem_heap_B=6812729
mem_heap_extra_B=183
mem_stacks_B=0
heap_tree=empty
#-----------
snapshot=92
#-----------
time=2799140567
mem_heap_B=6812729
mem_heap_extra_B=183
mem_stacks_B=0
heap_tree=empty
