desc: --massif-out-file=outputfiles/massif_im4.out
cmd: ./blur 15 data/im4.ppm outputfiles/im4.ppm
time_unit: i
#-----------
snapshot=0
#-----------
time=0
mem_heap_B=0
mem_heap_extra_B=0
mem_stacks_B=0
heap_tree=empty
#-----------
snapshot=1
#-----------
time=2434196
mem_heap_B=72704
mem_heap_extra_B=8
mem_stacks_B=0
heap_tree=empty
#-----------
snapshot=2
#-----------
time=2708356
mem_heap_B=474586
mem_heap_extra_B=78
mem_stacks_B=0
heap_tree=empty
#-----------
snapshot=3
#-----------
time=2855526
mem_heap_B=867802
mem_heap_extra_B=78
mem_stacks_B=0
heap_tree=empty
#-----------
snapshot=4
#-----------
time=3149416
mem_heap_B=1654234
mem_heap_extra_B=78
mem_stacks_B=0
heap_tree=empty
#-----------
snapshot=5
#-----------
time=3673935
mem_heap_B=1654234
mem_heap_extra_B=78
mem_stacks_B=0
heap_tree=detailed
n3: 1654234 (heap allocation functions) malloc/new/new[], --alloc-fns, etc.
 n1: 1572866 0x49A5724: std::__cxx11::basic_string<char, std::char_traits<char>, std::allocator<char> >::reserve(unsigned long) (in /usr/lib/x86_64-linux-gnu/libstdc++.so.6.0.30)
  n1: 1572866 0x499B952: std::__cxx11::basic_stringbuf<char, std::char_traits<char>, std::allocator<char> >::overflow(int) (in /usr/lib/x86_64-linux-gnu/libstdc++.so.6.0.30)
   n1: 1572866 0x49A388A: std::basic_streambuf<char, std::char_traits<char> >::xsputn(char const*, long) (in /usr/lib/x86_64-linux-gnu/libstdc++.so.6.0.30)
    n1: 1572866 0x4921CC3: long std::__copy_streambufs_eof<char, std::char_traits<char> >(std::basic_streambuf<char, std::char_traits<char> >*, std::basic_streambuf<char, std::char_traits<char> >*, bool&) (in /usr/lib/x86_64-linux-gnu/libstdc++.so.6.0.30)
     n1: 1572866 0x11320B: __gnu_cxx::__enable_if<std::__is_char<char>::__value, std::ostreambuf_iterator<char, std::char_traits<char> > >::__type std::copy<char>(std::istreambuf_iterator<char, std::char_traits<char> >, std::istreambuf_iterator<char, std::char_traits<char> >, std::ostreambuf_iterator<char, std::char_traits<char> >) (streambuf_iterator.h:332)
      n1: 1572866 0x1104CB: PPM::Reader::fill(std::__cxx11::basic_string<char, std::char_traits<char>, std::allocator<char> >) (ppm.cpp:24)
       n1: 1572866 0x110C29: PPM::Reader::operator()(std::__cxx11::basic_string<char, std::char_traits<char>, std::allocator<char> >) (ppm.cpp:105)
        n0: 1572866 0x10F30B: main (blur.cpp:21)
 n1: 72704 0x4903939: ??? (in /usr/lib/x86_64-linux-gnu/libstdc++.so.6.0.30)
  n1: 72704 0x400647D: call_init.part.0 (dl-init.c:70)
   n1: 72704 0x4006567: call_init (dl-init.c:33)
    n1: 72704 0x4006567: _dl_init (dl-init.c:117)
     n1: 72704 0x40202C9: ??? (in /usr/lib/x86_64-linux-gnu/ld-linux-x86-64.so.2)
      n1: 72704 0x3: ???
       n1: 72704 0x1FFF00005A: ???
        n1: 72704 0x1FFF000061: ???
         n1: 72704 0x1FFF000064: ???
          n0: 72704 0x1FFF000071: ???
 n0: 8664 in 2 places, all below massif's threshold (1.00%)
#-----------
snapshot=6
#-----------
time=3977997
mem_heap_B=6372826
mem_heap_extra_B=4094
mem_stacks_B=0
heap_tree=empty
#-----------
snapshot=7
#-----------
time=4209123
mem_heap_B=4275673
mem_heap_extra_B=4071
mem_stacks_B=0
heap_tree=empty
#-----------
snapshot=8
#-----------
time=4459509
mem_heap_B=12664282
mem_heap_extra_B=8110
mem_stacks_B=0
heap_tree=empty
#-----------
snapshot=9
#-----------
time=4921291
mem_heap_B=12664282
mem_heap_extra_B=8110
mem_stacks_B=0
heap_tree=detailed
n2: 12664282 (heap allocation functions) malloc/new/new[], --alloc-fns, etc.
 n1: 12582914 0x49A5724: std::__cxx11::basic_string<char, std::char_traits<char>, std::allocator<char> >::reserve(unsigned long) (in /usr/lib/x86_64-linux-gnu/libstdc++.so.6.0.30)
  n1: 12582914 0x499B952: std::__cxx11::basic_stringbuf<char, std::char_traits<char>, std::allocator<char> >::overflow(int) (in /usr/lib/x86_64-linux-gnu/libstdc++.so.6.0.30)
   n1: 12582914 0x49A388A: std::basic_streambuf<char, std::char_traits<char> >::xsputn(char const*, long) (in /usr/lib/x86_64-linux-gnu/libstdc++.so.6.0.30)
    n1: 12582914 0x4921CC3: long std::__copy_streambufs_eof<char, std::char_traits<char> >(std::basic_streambuf<char, std::char_traits<char> >*, std::basic_streambuf<char, std::char_traits<char> >*, bool&) (in /usr/lib/x86_64-linux-gnu/libstdc++.so.6.0.30)
     n1: 12582914 0x11320B: __gnu_cxx::__enable_if<std::__is_char<char>::__value, std::ostreambuf_iterator<char, std::char_traits<char> > >::__type std::copy<char>(std::istreambuf_iterator<char, std::char_traits<char> >, std::istreambuf_iterator<char, std::char_traits<char> >, std::ostreambuf_iterator<char, std::char_traits<char> >) (streambuf_iterator.h:332)
      n1: 12582914 0x1104CB: PPM::Reader::fill(std::__cxx11::basic_string<char, std::char_traits<char>, std::allocator<char> >) (ppm.cpp:24)
       n1: 12582914 0x110C29: PPM::Reader::operator()(std::__cxx11::basic_string<char, std::char_traits<char>, std::allocator<char> >) (ppm.cpp:105)
        n0: 12582914 0x10F30B: main (blur.cpp:21)
 n0: 81368 in 3 places, all below massif's threshold (1.00%)
#-----------
snapshot=10
#-----------
time=4921291
mem_heap_B=8469977
mem_heap_extra_B=4071
mem_stacks_B=0
heap_tree=empty
#-----------
snapshot=11
#-----------
time=5422775
mem_heap_B=25247194
mem_heap_extra_B=8110
mem_stacks_B=0
heap_tree=empty
#-----------
snapshot=12
#-----------
time=6345869
mem_heap_B=25247194
mem_heap_extra_B=8110
mem_stacks_B=0
heap_tree=detailed
n2: 25247194 (heap allocation functions) malloc/new/new[], --alloc-fns, etc.
 n1: 25165826 0x49A5724: std::__cxx11::basic_string<char, std::char_traits<char>, std::allocator<char> >::reserve(unsigned long) (in /usr/lib/x86_64-linux-gnu/libstdc++.so.6.0.30)
  n1: 25165826 0x499B952: std::__cxx11::basic_stringbuf<char, std::char_traits<char>, std::allocator<char> >::overflow(int) (in /usr/lib/x86_64-linux-gnu/libstdc++.so.6.0.30)
   n1: 25165826 0x49A388A: std::basic_streambuf<char, std::char_traits<char> >::xsputn(char const*, long) (in /usr/lib/x86_64-linux-gnu/libstdc++.so.6.0.30)
    n1: 25165826 0x4921CC3: long std::__copy_streambufs_eof<char, std::char_traits<char> >(std::basic_streambuf<char, std::char_traits<char> >*, std::basic_streambuf<char, std::char_traits<char> >*, bool&) (in /usr/lib/x86_64-linux-gnu/libstdc++.so.6.0.30)
     n1: 25165826 0x11320B: __gnu_cxx::__enable_if<std::__is_char<char>::__value, std::ostreambuf_iterator<char, std::char_traits<char> > >::__type std::copy<char>(std::istreambuf_iterator<char, std::char_traits<char> >, std::istreambuf_iterator<char, std::char_traits<char> >, std::ostreambuf_iterator<char, std::char_traits<char> >) (streambuf_iterator.h:332)
      n1: 25165826 0x1104CB: PPM::Reader::fill(std::__cxx11::basic_string<char, std::char_traits<char>, std::allocator<char> >) (ppm.cpp:24)
       n1: 25165826 0x110C29: PPM::Reader::operator()(std::__cxx11::basic_string<char, std::char_traits<char>, std::allocator<char> >) (ppm.cpp:105)
        n0: 25165826 0x10F30B: main (blur.cpp:21)
 n0: 81368 in 3 places, all below massif's threshold (1.00%)
#-----------
snapshot=13
#-----------
time=6345869
mem_heap_B=16858585
mem_heap_extra_B=4071
mem_stacks_B=0
heap_tree=empty
#-----------
snapshot=14
#-----------
time=7348649
mem_heap_B=50413018
mem_heap_extra_B=8110
mem_stacks_B=0
heap_tree=empty
#-----------
snapshot=15
#-----------
time=8796608
mem_heap_B=50413018
mem_heap_extra_B=8110
mem_stacks_B=0
heap_tree=detailed
n2: 50413018 (heap allocation functions) malloc/new/new[], --alloc-fns, etc.
 n1: 50331650 0x49A5724: std::__cxx11::basic_string<char, std::char_traits<char>, std::allocator<char> >::reserve(unsigned long) (in /usr/lib/x86_64-linux-gnu/libstdc++.so.6.0.30)
  n1: 50331650 0x499B952: std::__cxx11::basic_stringbuf<char, std::char_traits<char>, std::allocator<char> >::overflow(int) (in /usr/lib/x86_64-linux-gnu/libstdc++.so.6.0.30)
   n1: 50331650 0x49A388A: std::basic_streambuf<char, std::char_traits<char> >::xsputn(char const*, long) (in /usr/lib/x86_64-linux-gnu/libstdc++.so.6.0.30)
    n1: 50331650 0x4921CC3: long std::__copy_streambufs_eof<char, std::char_traits<char> >(std::basic_streambuf<char, std::char_traits<char> >*, std::basic_streambuf<char, std::char_traits<char> >*, bool&) (in /usr/lib/x86_64-linux-gnu/libstdc++.so.6.0.30)
     n1: 50331650 0x11320B: __gnu_cxx::__enable_if<std::__is_char<char>::__value, std::ostreambuf_iterator<char, std::char_traits<char> > >::__type std::copy<char>(std::istreambuf_iterator<char, std::char_traits<char> >, std::istreambuf_iterator<char, std::char_traits<char> >, std::ostreambuf_iterator<char, std::char_traits<char> >) (streambuf_iterator.h:332)
      n1: 50331650 0x1104CB: PPM::Reader::fill(std::__cxx11::basic_string<char, std::char_traits<char>, std::allocator<char> >) (ppm.cpp:24)
       n1: 50331650 0x110C29: PPM::Reader::operator()(std::__cxx11::basic_string<char, std::char_traits<char>, std::allocator<char> >) (ppm.cpp:105)
        n0: 50331650 0x10F30B: main (blur.cpp:21)
 n0: 81368 in 3 places, all below massif's threshold (1.00%)
#-----------
snapshot=16
#-----------
time=8796608
mem_heap_B=33635801
mem_heap_extra_B=4071
mem_stacks_B=0
heap_tree=empty
#-----------
snapshot=17
#-----------
time=10022176
mem_heap_B=33627609
mem_heap_extra_B=4063
mem_stacks_B=0
heap_tree=empty
#-----------
snapshot=18
#-----------
time=10216273
mem_heap_B=33628017
mem_heap_extra_B=4103
mem_stacks_B=0
heap_tree=empty
#-----------
snapshot=19
#-----------
time=10509123
mem_heap_B=33628018
mem_heap_extra_B=4126
mem_stacks_B=0
heap_tree=empty
#-----------
snapshot=20
#-----------
time=10814976
mem_heap_B=33628020
mem_heap_extra_B=4148
mem_stacks_B=0
heap_tree=empty
#-----------
snapshot=21
#-----------
time=11145326
mem_heap_B=33628020
mem_heap_extra_B=4148
mem_stacks_B=0
heap_tree=empty
#-----------
snapshot=22
#-----------
time=11475676
mem_heap_B=33628020
mem_heap_extra_B=4148
mem_stacks_B=0
heap_tree=empty
#-----------
snapshot=23
#-----------
time=11640851
mem_heap_B=33628020
mem_heap_extra_B=4148
mem_stacks_B=0
heap_tree=empty
#-----------
snapshot=24
#-----------
time=11933941
mem_heap_B=33628746
mem_heap_extra_B=4142
mem_stacks_B=0
heap_tree=empty
#-----------
snapshot=25
#-----------
time=12117076
mem_heap_B=33628746
mem_heap_extra_B=4142
mem_stacks_B=0
heap_tree=empty
#-----------
snapshot=26
#-----------
time=12447426
mem_heap_B=33628746
mem_heap_extra_B=4142
mem_stacks_B=0
heap_tree=empty
#-----------
snapshot=27
#-----------
time=12777776
mem_heap_B=33628746
mem_heap_extra_B=4142
mem_stacks_B=0
heap_tree=empty
#-----------
snapshot=28
#-----------
time=13108126
mem_heap_B=33628746
mem_heap_extra_B=4142
mem_stacks_B=0
heap_tree=empty
#-----------
snapshot=29
#-----------
time=13357038
mem_heap_B=33628746
mem_heap_extra_B=4142
mem_stacks_B=0
heap_tree=empty
#-----------
snapshot=30
#-----------
time=13531892
mem_heap_B=33629097
mem_heap_extra_B=4111
mem_stacks_B=0
heap_tree=empty
#-----------
snapshot=31
#-----------
time=13802348
mem_heap_B=33628020
mem_heap_extra_B=4148
mem_stacks_B=0
heap_tree=empty
#-----------
snapshot=32
#-----------
time=13985583
mem_heap_B=33628020
mem_heap_extra_B=4148
mem_stacks_B=0
heap_tree=empty
#-----------
snapshot=33
#-----------
time=14316133
mem_heap_B=33628020
mem_heap_extra_B=4148
mem_stacks_B=0
heap_tree=empty
#-----------
snapshot=34
#-----------
time=14481408
mem_heap_B=33628020
mem_heap_extra_B=4148
mem_stacks_B=0
heap_tree=empty
#-----------
snapshot=35
#-----------
time=14726692
mem_heap_B=33628017
mem_heap_extra_B=4103
mem_stacks_B=0
heap_tree=empty
#-----------
snapshot=36
#-----------
time=14977233
mem_heap_B=33628020
mem_heap_extra_B=4148
mem_stacks_B=0
heap_tree=empty
#-----------
snapshot=37
#-----------
time=15222517
mem_heap_B=33628017
mem_heap_extra_B=4103
mem_stacks_B=0
heap_tree=empty
#-----------
snapshot=38
#-----------
time=15318434
mem_heap_B=60627137
mem_heap_extra_B=12903
mem_stacks_B=0
heap_tree=empty
#-----------
snapshot=39
#-----------
time=3858320599
mem_heap_B=69627137
mem_heap_extra_B=15855
mem_stacks_B=0
heap_tree=empty
#-----------
snapshot=40
#-----------
time=3858320687
mem_heap_B=87627137
mem_heap_extra_B=21759
mem_stacks_B=0
heap_tree=empty
#-----------
snapshot=41
#-----------
time=6567359845
mem_heap_B=96627137
mem_heap_extra_B=24711
mem_stacks_B=0
heap_tree=empty
#-----------
snapshot=42
#-----------
time=6567360109
mem_heap_B=141627137
mem_heap_extra_B=39471
mem_stacks_B=0
heap_tree=empty
#-----------
snapshot=43
#-----------
time=9276403530
mem_heap_B=141627425
mem_heap_extra_B=39479
mem_stacks_B=0
heap_tree=empty
#-----------
snapshot=44
#-----------
time=43384662112
mem_heap_B=141627425
mem_heap_extra_B=39479
mem_stacks_B=0
heap_tree=peak
n11: 141627425 (heap allocation functions) malloc/new/new[], --alloc-fns, etc.
 n1: 33554433 0x49A5724: std::__cxx11::basic_string<char, std::char_traits<char>, std::allocator<char> >::reserve(unsigned long) (in /usr/lib/x86_64-linux-gnu/libstdc++.so.6.0.30)
  n1: 33554433 0x499B952: std::__cxx11::basic_stringbuf<char, std::char_traits<char>, std::allocator<char> >::overflow(int) (in /usr/lib/x86_64-linux-gnu/libstdc++.so.6.0.30)
   n1: 33554433 0x49A388A: std::basic_streambuf<char, std::char_traits<char> >::xsputn(char const*, long) (in /usr/lib/x86_64-linux-gnu/libstdc++.so.6.0.30)
    n1: 33554433 0x4921CC3: long std::__copy_streambufs_eof<char, std::char_traits<char> >(std::basic_streambuf<char, std::char_traits<char> >*, std::basic_streambuf<char, std::char_traits<char> >*, bool&) (in /usr/lib/x86_64-linux-gnu/libstdc++.so.6.0.30)
     n1: 33554433 0x11320B: __gnu_cxx::__enable_if<std::__is_char<char>::__value, std::ostreambuf_iterator<char, std::char_traits<char> > >::__type std::copy<char>(std::istreambuf_iterator<char, std::char_traits<char> >, std::istreambuf_iterator<char, std::char_traits<char> >, std::ostreambuf_iterator<char, std::char_traits<char> >) (streambuf_iterator.h:332)
      n1: 33554433 0x1104CB: PPM::Reader::fill(std::__cxx11::basic_string<char, std::char_traits<char>, std::allocator<char> >) (ppm.cpp:24)
       n1: 33554433 0x110C29: PPM::Reader::operator()(std::__cxx11::basic_string<char, std::char_traits<char>, std::allocator<char> >) (ppm.cpp:105)
        n0: 33554433 0x10F30B: main (blur.cpp:21)
 n2: 18000000 0x10FD38: Matrix::Matrix(Matrix&) (matrix.cpp:43)
  n0: 9000000 0x10F3BB: main (blur.cpp:24)
  n1: 9000000 0x142DC2: Filter::blur(Matrix, int, int) (filters.cpp:180)
   n0: 9000000 0x10F3D8: main (blur.cpp:24)
 n2: 18000000 0x10FD5D: Matrix::Matrix(Matrix&) (matrix.cpp:44)
  n0: 9000000 0x10F3BB: main (blur.cpp:24)
  n1: 9000000 0x142DC2: Filter::blur(Matrix, int, int) (filters.cpp:180)
   n0: 9000000 0x10F3D8: main (blur.cpp:24)
 n2: 18000000 0x10FD83: Matrix::Matrix(Matrix&) (matrix.cpp:45)
  n0: 9000000 0x10F3BB: main (blur.cpp:24)
  n1: 9000000 0x142DC2: Filter::blur(Matrix, int, int) (filters.cpp:180)
   n0: 9000000 0x10F3D8: main (blur.cpp:24)
 n1: 9000000 0x10FCA0: Matrix::Matrix(unsigned int) (matrix.cpp:33)
  n1: 9000000 0x142DA9: Filter::blur(Matrix, int, int) (filters.cpp:179)
   n0: 9000000 0x10F3D8: main (blur.cpp:24)
 n1: 9000000 0x10FCBA: Matrix::Matrix(unsigned int) (matrix.cpp:34)
  n1: 9000000 0x142DA9: Filter::blur(Matrix, int, int) (filters.cpp:179)
   n0: 9000000 0x10F3D8: main (blur.cpp:24)
 n1: 9000000 0x10FCD5: Matrix::Matrix(unsigned int) (matrix.cpp:35)
  n1: 9000000 0x142DA9: Filter::blur(Matrix, int, int) (filters.cpp:179)
   n0: 9000000 0x10F3D8: main (blur.cpp:24)
 n1: 9000000 0x110A13: PPM::Reader::get_data(unsigned int, unsigned int) (ppm.cpp:81)
  n1: 9000000 0x110F01: PPM::Reader::operator()(std::__cxx11::basic_string<char, std::char_traits<char>, std::allocator<char> >) (ppm.cpp:135)
   n0: 9000000 0x10F30B: main (blur.cpp:21)
 n1: 9000000 0x110A22: PPM::Reader::get_data(unsigned int, unsigned int) (ppm.cpp:81)
  n1: 9000000 0x110F01: PPM::Reader::operator()(std::__cxx11::basic_string<char, std::char_traits<char>, std::allocator<char> >) (ppm.cpp:135)
   n0: 9000000 0x10F30B: main (blur.cpp:21)
 n1: 9000000 0x110A31: PPM::Reader::get_data(unsigned int, unsigned int) (ppm.cpp:81)
  n1: 9000000 0x110F01: PPM::Reader::operator()(std::__cxx11::basic_string<char, std::char_traits<char>, std::allocator<char> >) (ppm.cpp:135)
   n0: 9000000 0x10F30B: main (blur.cpp:21)
 n0: 72992 in 14 places, all below massif's threshold (1.00%)
#-----------
snapshot=45
#-----------
time=43384662858
mem_heap_B=114627445
mem_heap_extra_B=30643
mem_stacks_B=0
heap_tree=detailed
n8: 114627445 (heap allocation functions) malloc/new/new[], --alloc-fns, etc.
 n1: 33554433 0x49A5724: std::__cxx11::basic_string<char, std::char_traits<char>, std::allocator<char> >::reserve(unsigned long) (in /usr/lib/x86_64-linux-gnu/libstdc++.so.6.0.30)
  n1: 33554433 0x499B952: std::__cxx11::basic_stringbuf<char, std::char_traits<char>, std::allocator<char> >::overflow(int) (in /usr/lib/x86_64-linux-gnu/libstdc++.so.6.0.30)
   n1: 33554433 0x49A388A: std::basic_streambuf<char, std::char_traits<char> >::xsputn(char const*, long) (in /usr/lib/x86_64-linux-gnu/libstdc++.so.6.0.30)
    n1: 33554433 0x4921CC3: long std::__copy_streambufs_eof<char, std::char_traits<char> >(std::basic_streambuf<char, std::char_traits<char> >*, std::basic_streambuf<char, std::char_traits<char> >*, bool&) (in /usr/lib/x86_64-linux-gnu/libstdc++.so.6.0.30)
     n1: 33554433 0x11320B: __gnu_cxx::__enable_if<std::__is_char<char>::__value, std::ostreambuf_iterator<char, std::char_traits<char> > >::__type std::copy<char>(std::istreambuf_iterator<char, std::char_traits<char> >, std::istreambuf_iterator<char, std::char_traits<char> >, std::ostreambuf_iterator<char, std::char_traits<char> >) (streambuf_iterator.h:332)
      n1: 33554433 0x1104CB: PPM::Reader::fill(std::__cxx11::basic_string<char, std::char_traits<char>, std::allocator<char> >) (ppm.cpp:24)
       n1: 33554433 0x110C29: PPM::Reader::operator()(std::__cxx11::basic_string<char, std::char_traits<char>, std::allocator<char> >) (ppm.cpp:105)
        n0: 33554433 0x10F30B: main (blur.cpp:21)
 n3: 18000000 0x10FD38: Matrix::Matrix(Matrix&) (matrix.cpp:43)
  n0: 9000000 0x10F436: main (blur.cpp:25)
  n1: 9000000 0x142DC2: Filter::blur(Matrix, int, int) (filters.cpp:180)
   n0: 9000000 0x10F3D8: main (blur.cpp:24)
  n0: 0 in 1 place, below massif's threshold (1.00%)
 n3: 18000000 0x10FD5D: Matrix::Matrix(Matrix&) (matrix.cpp:44)
  n0: 9000000 0x10F436: main (blur.cpp:25)
  n1: 9000000 0x142DC2: Filter::blur(Matrix, int, int) (filters.cpp:180)
   n0: 9000000 0x10F3D8: main (blur.cpp:24)
  n0: 0 in 1 place, below massif's threshold (1.00%)
 n3: 18000000 0x10FD83: Matrix::Matrix(Matrix&) (matrix.cpp:45)
  n0: 9000000 0x10F436: main (blur.cpp:25)
  n1: 9000000 0x142DC2: Filter::blur(Matrix, int, int) (filters.cpp:180)
   n0: 9000000 0x10F3D8: main (blur.cpp:24)
  n0: 0 in 1 place, below massif's threshold (1.00%)
 n1: 9000000 0x110A13: PPM::Reader::get_data(unsigned int, unsigned int) (ppm.cpp:81)
  n1: 9000000 0x110F01: PPM::Reader::operator()(std::__cxx11::basic_string<char, std::char_traits<char>, std::allocator<char> >) (ppm.cpp:135)
   n0: 9000000 0x10F30B: main (blur.cpp:21)
 n1: 9000000 0x110A22: PPM::Reader::get_data(unsigned int, unsigned int) (ppm.cpp:81)
  n1: 9000000 0x110F01: PPM::Reader::operator()(std::__cxx11::basic_string<char, std::char_traits<char>, std::allocator<char> >) (ppm.cpp:135)
   n0: 9000000 0x10F30B: main (blur.cpp:21)
 n1: 9000000 0x110A31: PPM::Reader::get_data(unsigned int, unsigned int) (ppm.cpp:81)
  n1: 9000000 0x110F01: PPM::Reader::operator()(std::__cxx11::basic_string<char, std::char_traits<char>, std::allocator<char> >) (ppm.cpp:135)
   n0: 9000000 0x10F30B: main (blur.cpp:21)
 n0: 73012 in 18 places, all below massif's threshold (1.00%)
#-----------
snapshot=46
#-----------
time=46093703105
mem_heap_B=114627917
mem_heap_extra_B=30659
mem_stacks_B=0
heap_tree=empty
#-----------
snapshot=47
#-----------
time=46093703607
mem_heap_B=114636109
mem_heap_extra_B=30667
mem_stacks_B=0
heap_tree=empty
#-----------
snapshot=48
#-----------
time=48902329753
mem_heap_B=114627917
mem_heap_extra_B=30659
mem_stacks_B=0
heap_tree=empty
#-----------
snapshot=49
#-----------
time=48902330625
mem_heap_B=78627425
mem_heap_extra_B=18815
mem_stacks_B=0
heap_tree=empty
#-----------
snapshot=50
#-----------
time=48902330667
mem_heap_B=69627425
mem_heap_extra_B=15863
mem_stacks_B=0
heap_tree=detailed
n6: 69627425 (heap allocation functions) malloc/new/new[], --alloc-fns, etc.
 n1: 33554433 0x49A5724: std::__cxx11::basic_string<char, std::char_traits<char>, std::allocator<char> >::reserve(unsigned long) (in /usr/lib/x86_64-linux-gnu/libstdc++.so.6.0.30)
  n1: 33554433 0x499B952: std::__cxx11::basic_stringbuf<char, std::char_traits<char>, std::allocator<char> >::overflow(int) (in /usr/lib/x86_64-linux-gnu/libstdc++.so.6.0.30)
   n1: 33554433 0x49A388A: std::basic_streambuf<char, std::char_traits<char> >::xsputn(char const*, long) (in /usr/lib/x86_64-linux-gnu/libstdc++.so.6.0.30)
    n1: 33554433 0x4921CC3: long std::__copy_streambufs_eof<char, std::char_traits<char> >(std::basic_streambuf<char, std::char_traits<char> >*, std::basic_streambuf<char, std::char_traits<char> >*, bool&) (in /usr/lib/x86_64-linux-gnu/libstdc++.so.6.0.30)
     n1: 33554433 0x11320B: __gnu_cxx::__enable_if<std::__is_char<char>::__value, std::ostreambuf_iterator<char, std::char_traits<char> > >::__type std::copy<char>(std::istreambuf_iterator<char, std::char_traits<char> >, std::istreambuf_iterator<char, std::char_traits<char> >, std::ostreambuf_iterator<char, std::char_traits<char> >) (streambuf_iterator.h:332)
      n1: 33554433 0x1104CB: PPM::Reader::fill(std::__cxx11::basic_string<char, std::char_traits<char>, std::allocator<char> >) (ppm.cpp:24)
       n1: 33554433 0x110C29: PPM::Reader::operator()(std::__cxx11::basic_string<char, std::char_traits<char>, std::allocator<char> >) (ppm.cpp:105)
        n0: 33554433 0x10F30B: main (blur.cpp:21)
 n2: 9000000 0x10FD83: Matrix::Matrix(Matrix&) (matrix.cpp:45)
  n1: 9000000 0x142DC2: Filter::blur(Matrix, int, int) (filters.cpp:180)
   n0: 9000000 0x10F3D8: main (blur.cpp:24)
  n0: 0 in 2 places, all below massif's threshold (1.00%)
 n1: 9000000 0x110A13: PPM::Reader::get_data(unsigned int, unsigned int) (ppm.cpp:81)
  n1: 9000000 0x110F01: PPM::Reader::operator()(std::__cxx11::basic_string<char, std::char_traits<char>, std::allocator<char> >) (ppm.cpp:135)
   n0: 9000000 0x10F30B: main (blur.cpp:21)
 n1: 9000000 0x110A22: PPM::Reader::get_data(unsigned int, unsigned int) (ppm.cpp:81)
  n1: 9000000 0x110F01: PPM::Reader::operator()(std::__cxx11::basic_string<char, std::char_traits<char>, std::allocator<char> >) (ppm.cpp:135)
   n0: 9000000 0x10F30B: main (blur.cpp:21)
 n1: 9000000 0x110A31: PPM::Reader::get_data(unsigned int, unsigned int) (ppm.cpp:81)
  n1: 9000000 0x110F01: PPM::Reader::operator()(std::__cxx11::basic_string<char, std::char_traits<char>, std::allocator<char> >) (ppm.cpp:135)
   n0: 9000000 0x10F30B: main (blur.cpp:21)
 n0: 72992 in 20 places, all below massif's threshold (1.00%)
#-----------
snapshot=51
#-----------
time=48902330709
mem_heap_B=60627425
mem_heap_extra_B=12911
mem_stacks_B=0
heap_tree=empty
#-----------
snapshot=52
#-----------
time=48902330800
mem_heap_B=51627425
mem_heap_extra_B=9959
mem_stacks_B=0
heap_tree=empty
#-----------
snapshot=53
#-----------
time=48902330842
mem_heap_B=42627425
mem_heap_extra_B=7007
mem_stacks_B=0
heap_tree=empty
#-----------
snapshot=54
#-----------
time=48902330884
mem_heap_B=33627425
mem_heap_extra_B=4055
mem_stacks_B=0
heap_tree=empty
#-----------
snapshot=55
#-----------
time=48902330960
mem_heap_B=72992
mem_heap_extra_B=16
mem_stacks_B=0
heap_tree=empty
#-----------
snapshot=56
#-----------
time=48902342651
mem_heap_B=288
mem_heap_extra_B=8
mem_stacks_B=0
heap_tree=empty
#-----------
snapshot=57
#-----------
time=48902346364
mem_heap_B=0
mem_heap_extra_B=0
mem_stacks_B=0
heap_tree=empty
