desc: --massif-out-file=outputfiles_par/massif_im4_8.out
cmd: ./blur_par 15 data/im4.ppm outputfiles_par/im4_8.ppm 8
time_unit: i
#-----------
snapshot=0
#-----------
time=0
mem_heap_B=0
mem_heap_extra_B=0
mem_stacks_B=0
heap_tree=empty
#-----------
snapshot=1
#-----------
time=2437024
mem_heap_B=72704
mem_heap_extra_B=8
mem_stacks_B=0
heap_tree=empty
#-----------
snapshot=2
#-----------
time=2858349
mem_heap_B=867802
mem_heap_extra_B=78
mem_stacks_B=0
heap_tree=empty
#-----------
snapshot=3
#-----------
time=3152239
mem_heap_B=1654234
mem_heap_extra_B=78
mem_stacks_B=0
heap_tree=empty
#-----------
snapshot=4
#-----------
time=3676758
mem_heap_B=1654234
mem_heap_extra_B=78
mem_stacks_B=0
heap_tree=detailed
n3: 1654234 (heap allocation functions) malloc/new/new[], --alloc-fns, etc.
 n1: 1572866 0x49A5724: std::__cxx11::basic_string<char, std::char_traits<char>, std::allocator<char> >::reserve(unsigned long) (in /usr/lib/x86_64-linux-gnu/libstdc++.so.6.0.30)
  n1: 1572866 0x499B952: std::__cxx11::basic_stringbuf<char, std::char_traits<char>, std::allocator<char> >::overflow(int) (in /usr/lib/x86_64-linux-gnu/libstdc++.so.6.0.30)
   n1: 1572866 0x49A388A: std::basic_streambuf<char, std::char_traits<char> >::xsputn(char const*, long) (in /usr/lib/x86_64-linux-gnu/libstdc++.so.6.0.30)
    n1: 1572866 0x4921CC3: long std::__copy_streambufs_eof<char, std::char_traits<char> >(std::basic_streambuf<char, std::char_traits<char> >*, std::basic_streambuf<char, std::char_traits<char> >*, bool&) (in /usr/lib/x86_64-linux-gnu/libstdc++.so.6.0.30)
     n1: 1572866 0x1134A1: __gnu_cxx::__enable_if<std::__is_char<char>::__value, std::ostreambuf_iterator<char, std::char_traits<char> > >::__type std::copy<char>(std::istreambuf_iterator<char, std::char_traits<char> >, std::istreambuf_iterator<char, std::char_traits<char> >, std::ostreambuf_iterator<char, std::char_traits<char> >) (streambuf_iterator.h:332)
      n1: 1572866 0x110761: PPM::Reader::fill(std::__cxx11::basic_string<char, std::char_traits<char>, std::allocator<char> >) (ppm.cpp:24)
       n1: 1572866 0x110EBF: PPM::Reader::operator()(std::__cxx11::basic_string<char, std::char_traits<char>, std::allocator<char> >) (ppm.cpp:105)
        n0: 1572866 0x10F30B: main (blur_par.cpp:21)
 n1: 72704 0x4903939: ??? (in /usr/lib/x86_64-linux-gnu/libstdc++.so.6.0.30)
  n1: 72704 0x400647D: call_init.part.0 (dl-init.c:70)
   n1: 72704 0x4006567: call_init (dl-init.c:33)
    n1: 72704 0x4006567: _dl_init (dl-init.c:117)
     n1: 72704 0x40202C9: ??? (in /usr/lib/x86_64-linux-gnu/ld-linux-x86-64.so.2)
      n1: 72704 0x4: ???
       n1: 72704 0x1FFF00004A: ???
        n1: 72704 0x1FFF000055: ???
         n1: 72704 0x1FFF000058: ???
          n1: 72704 0x1FFF000065: ???
           n0: 72704 0x1FFF00007F: ???
 n0: 8664 in 2 places, all below massif's threshold (1.00%)
#-----------
snapshot=5
#-----------
time=3980820
mem_heap_B=6372826
mem_heap_extra_B=4094
mem_stacks_B=0
heap_tree=empty
#-----------
snapshot=6
#-----------
time=4211946
mem_heap_B=4275673
mem_heap_extra_B=4071
mem_stacks_B=0
heap_tree=empty
#-----------
snapshot=7
#-----------
time=4462332
mem_heap_B=12664282
mem_heap_extra_B=8110
mem_stacks_B=0
heap_tree=empty
#-----------
snapshot=8
#-----------
time=4924114
mem_heap_B=12664282
mem_heap_extra_B=8110
mem_stacks_B=0
heap_tree=detailed
n2: 12664282 (heap allocation functions) malloc/new/new[], --alloc-fns, etc.
 n1: 12582914 0x49A5724: std::__cxx11::basic_string<char, std::char_traits<char>, std::allocator<char> >::reserve(unsigned long) (in /usr/lib/x86_64-linux-gnu/libstdc++.so.6.0.30)
  n1: 12582914 0x499B952: std::__cxx11::basic_stringbuf<char, std::char_traits<char>, std::allocator<char> >::overflow(int) (in /usr/lib/x86_64-linux-gnu/libstdc++.so.6.0.30)
   n1: 12582914 0x49A388A: std::basic_streambuf<char, std::char_traits<char> >::xsputn(char const*, long) (in /usr/lib/x86_64-linux-gnu/libstdc++.so.6.0.30)
    n1: 12582914 0x4921CC3: long std::__copy_streambufs_eof<char, std::char_traits<char> >(std::basic_streambuf<char, std::char_traits<char> >*, std::basic_streambuf<char, std::char_traits<char> >*, bool&) (in /usr/lib/x86_64-linux-gnu/libstdc++.so.6.0.30)
     n1: 12582914 0x1134A1: __gnu_cxx::__enable_if<std::__is_char<char>::__value, std::ostreambuf_iterator<char, std::char_traits<char> > >::__type std::copy<char>(std::istreambuf_iterator<char, std::char_traits<char> >, std::istreambuf_iterator<char, std::char_traits<char> >, std::ostreambuf_iterator<char, std::char_traits<char> >) (streambuf_iterator.h:332)
      n1: 12582914 0x110761: PPM::Reader::fill(std::__cxx11::basic_string<char, std::char_traits<char>, std::allocator<char> >) (ppm.cpp:24)
       n1: 12582914 0x110EBF: PPM::Reader::operator()(std::__cxx11::basic_string<char, std::char_traits<char>, std::allocator<char> >) (ppm.cpp:105)
        n0: 12582914 0x10F30B: main (blur_par.cpp:21)
 n0: 81368 in 3 places, all below massif's threshold (1.00%)
#-----------
snapshot=9
#-----------
time=4924114
mem_heap_B=8469977
mem_heap_extra_B=4071
mem_stacks_B=0
heap_tree=empty
#-----------
snapshot=10
#-----------
time=5425598
mem_heap_B=25247194
mem_heap_extra_B=8110
mem_stacks_B=0
heap_tree=empty
#-----------
snapshot=11
#-----------
time=6348692
mem_heap_B=25247194
mem_heap_extra_B=8110
mem_stacks_B=0
heap_tree=detailed
n2: 25247194 (heap allocation functions) malloc/new/new[], --alloc-fns, etc.
 n1: 25165826 0x49A5724: std::__cxx11::basic_string<char, std::char_traits<char>, std::allocator<char> >::reserve(unsigned long) (in /usr/lib/x86_64-linux-gnu/libstdc++.so.6.0.30)
  n1: 25165826 0x499B952: std::__cxx11::basic_stringbuf<char, std::char_traits<char>, std::allocator<char> >::overflow(int) (in /usr/lib/x86_64-linux-gnu/libstdc++.so.6.0.30)
   n1: 25165826 0x49A388A: std::basic_streambuf<char, std::char_traits<char> >::xsputn(char const*, long) (in /usr/lib/x86_64-linux-gnu/libstdc++.so.6.0.30)
    n1: 25165826 0x4921CC3: long std::__copy_streambufs_eof<char, std::char_traits<char> >(std::basic_streambuf<char, std::char_traits<char> >*, std::basic_streambuf<char, std::char_traits<char> >*, bool&) (in /usr/lib/x86_64-linux-gnu/libstdc++.so.6.0.30)
     n1: 25165826 0x1134A1: __gnu_cxx::__enable_if<std::__is_char<char>::__value, std::ostreambuf_iterator<char, std::char_traits<char> > >::__type std::copy<char>(std::istreambuf_iterator<char, std::char_traits<char> >, std::istreambuf_iterator<char, std::char_traits<char> >, std::ostreambuf_iterator<char, std::char_traits<char> >) (streambuf_iterator.h:332)
      n1: 25165826 0x110761: PPM::Reader::fill(std::__cxx11::basic_string<char, std::char_traits<char>, std::allocator<char> >) (ppm.cpp:24)
       n1: 25165826 0x110EBF: PPM::Reader::operator()(std::__cxx11::basic_string<char, std::char_traits<char>, std::allocator<char> >) (ppm.cpp:105)
        n0: 25165826 0x10F30B: main (blur_par.cpp:21)
 n0: 81368 in 3 places, all below massif's threshold (1.00%)
#-----------
snapshot=12
#-----------
time=6348692
mem_heap_B=16858585
mem_heap_extra_B=4071
mem_stacks_B=0
heap_tree=empty
#-----------
snapshot=13
#-----------
time=7351472
mem_heap_B=50413018
mem_heap_extra_B=8110
mem_stacks_B=0
heap_tree=empty
#-----------
snapshot=14
#-----------
time=8799431
mem_heap_B=50413018
mem_heap_extra_B=8110
mem_stacks_B=0
heap_tree=detailed
n2: 50413018 (heap allocation functions) malloc/new/new[], --alloc-fns, etc.
 n1: 50331650 0x49A5724: std::__cxx11::basic_string<char, std::char_traits<char>, std::allocator<char> >::reserve(unsigned long) (in /usr/lib/x86_64-linux-gnu/libstdc++.so.6.0.30)
  n1: 50331650 0x499B952: std::__cxx11::basic_stringbuf<char, std::char_traits<char>, std::allocator<char> >::overflow(int) (in /usr/lib/x86_64-linux-gnu/libstdc++.so.6.0.30)
   n1: 50331650 0x49A388A: std::basic_streambuf<char, std::char_traits<char> >::xsputn(char const*, long) (in /usr/lib/x86_64-linux-gnu/libstdc++.so.6.0.30)
    n1: 50331650 0x4921CC3: long std::__copy_streambufs_eof<char, std::char_traits<char> >(std::basic_streambuf<char, std::char_traits<char> >*, std::basic_streambuf<char, std::char_traits<char> >*, bool&) (in /usr/lib/x86_64-linux-gnu/libstdc++.so.6.0.30)
     n1: 50331650 0x1134A1: __gnu_cxx::__enable_if<std::__is_char<char>::__value, std::ostreambuf_iterator<char, std::char_traits<char> > >::__type std::copy<char>(std::istreambuf_iterator<char, std::char_traits<char> >, std::istreambuf_iterator<char, std::char_traits<char> >, std::ostreambuf_iterator<char, std::char_traits<char> >) (streambuf_iterator.h:332)
      n1: 50331650 0x110761: PPM::Reader::fill(std::__cxx11::basic_string<char, std::char_traits<char>, std::allocator<char> >) (ppm.cpp:24)
       n1: 50331650 0x110EBF: PPM::Reader::operator()(std::__cxx11::basic_string<char, std::char_traits<char>, std::allocator<char> >) (ppm.cpp:105)
        n0: 50331650 0x10F30B: main (blur_par.cpp:21)
 n0: 81368 in 3 places, all below massif's threshold (1.00%)
#-----------
snapshot=15
#-----------
time=8799431
mem_heap_B=33635801
mem_heap_extra_B=4071
mem_stacks_B=0
heap_tree=empty
#-----------
snapshot=16
#-----------
time=10024999
mem_heap_B=33627609
mem_heap_extra_B=4063
mem_stacks_B=0
heap_tree=empty
#-----------
snapshot=17
#-----------
time=10219184
mem_heap_B=33628017
mem_heap_extra_B=4103
mem_stacks_B=0
heap_tree=empty
#-----------
snapshot=18
#-----------
time=10512198
mem_heap_B=33628018
mem_heap_extra_B=4126
mem_stacks_B=0
heap_tree=empty
#-----------
snapshot=19
#-----------
time=10818235
mem_heap_B=33628020
mem_heap_extra_B=4148
mem_stacks_B=0
heap_tree=empty
#-----------
snapshot=20
#-----------
time=11148785
mem_heap_B=33628020
mem_heap_extra_B=4148
mem_stacks_B=0
heap_tree=empty
#-----------
snapshot=21
#-----------
time=11479335
mem_heap_B=33628020
mem_heap_extra_B=4148
mem_stacks_B=0
heap_tree=empty
#-----------
snapshot=22
#-----------
time=11644610
mem_heap_B=33628020
mem_heap_extra_B=4148
mem_stacks_B=0
heap_tree=empty
#-----------
snapshot=23
#-----------
time=11937752
mem_heap_B=33628746
mem_heap_extra_B=4142
mem_stacks_B=0
heap_tree=empty
#-----------
snapshot=24
#-----------
time=12120887
mem_heap_B=33628746
mem_heap_extra_B=4142
mem_stacks_B=0
heap_tree=empty
#-----------
snapshot=25
#-----------
time=12451237
mem_heap_B=33628746
mem_heap_extra_B=4142
mem_stacks_B=0
heap_tree=empty
#-----------
snapshot=26
#-----------
time=12781587
mem_heap_B=33628746
mem_heap_extra_B=4142
mem_stacks_B=0
heap_tree=empty
#-----------
snapshot=27
#-----------
time=13111937
mem_heap_B=33628746
mem_heap_extra_B=4142
mem_stacks_B=0
heap_tree=empty
#-----------
snapshot=28
#-----------
time=13535703
mem_heap_B=33629097
mem_heap_extra_B=4111
mem_stacks_B=0
heap_tree=empty
#-----------
snapshot=29
#-----------
time=13989158
mem_heap_B=33628020
mem_heap_extra_B=4148
mem_stacks_B=0
heap_tree=empty
#-----------
snapshot=30
#-----------
time=14319508
mem_heap_B=33628020
mem_heap_extra_B=4148
mem_stacks_B=0
heap_tree=empty
#-----------
snapshot=31
#-----------
time=14729815
mem_heap_B=33628017
mem_heap_extra_B=4103
mem_stacks_B=0
heap_tree=empty
#-----------
snapshot=32
#-----------
time=14980208
mem_heap_B=33628020
mem_heap_extra_B=4148
mem_stacks_B=0
heap_tree=empty
#-----------
snapshot=33
#-----------
time=15321257
mem_heap_B=60627137
mem_heap_extra_B=12903
mem_stacks_B=0
heap_tree=empty
#-----------
snapshot=34
#-----------
time=3858323918
mem_heap_B=69627137
mem_heap_extra_B=15855
mem_stacks_B=0
heap_tree=empty
#-----------
snapshot=35
#-----------
time=3858324006
mem_heap_B=87627137
mem_heap_extra_B=21759
mem_stacks_B=0
heap_tree=empty
#-----------
snapshot=36
#-----------
time=6567363165
mem_heap_B=96627137
mem_heap_extra_B=24711
mem_stacks_B=0
heap_tree=empty
#-----------
snapshot=37
#-----------
time=6567363429
mem_heap_B=141627137
mem_heap_extra_B=39471
mem_stacks_B=0
heap_tree=empty
#-----------
snapshot=38
#-----------
time=9276407287
mem_heap_B=141627425
mem_heap_extra_B=39479
mem_stacks_B=0
heap_tree=empty
#-----------
snapshot=39
#-----------
time=9276409389
mem_heap_B=141628001
mem_heap_extra_B=39495
mem_stacks_B=0
heap_tree=detailed
n11: 141628001 (heap allocation functions) malloc/new/new[], --alloc-fns, etc.
 n1: 33554433 0x49A5724: std::__cxx11::basic_string<char, std::char_traits<char>, std::allocator<char> >::reserve(unsigned long) (in /usr/lib/x86_64-linux-gnu/libstdc++.so.6.0.30)
  n1: 33554433 0x499B952: std::__cxx11::basic_stringbuf<char, std::char_traits<char>, std::allocator<char> >::overflow(int) (in /usr/lib/x86_64-linux-gnu/libstdc++.so.6.0.30)
   n1: 33554433 0x49A388A: std::basic_streambuf<char, std::char_traits<char> >::xsputn(char const*, long) (in /usr/lib/x86_64-linux-gnu/libstdc++.so.6.0.30)
    n1: 33554433 0x4921CC3: long std::__copy_streambufs_eof<char, std::char_traits<char> >(std::basic_streambuf<char, std::char_traits<char> >*, std::basic_streambuf<char, std::char_traits<char> >*, bool&) (in /usr/lib/x86_64-linux-gnu/libstdc++.so.6.0.30)
     n1: 33554433 0x1134A1: __gnu_cxx::__enable_if<std::__is_char<char>::__value, std::ostreambuf_iterator<char, std::char_traits<char> > >::__type std::copy<char>(std::istreambuf_iterator<char, std::char_traits<char> >, std::istreambuf_iterator<char, std::char_traits<char> >, std::ostreambuf_iterator<char, std::char_traits<char> >) (streambuf_iterator.h:332)
      n1: 33554433 0x110761: PPM::Reader::fill(std::__cxx11::basic_string<char, std::char_traits<char>, std::allocator<char> >) (ppm.cpp:24)
       n1: 33554433 0x110EBF: PPM::Reader::operator()(std::__cxx11::basic_string<char, std::char_traits<char>, std::allocator<char> >) (ppm.cpp:105)
        n0: 33554433 0x10F30B: main (blur_par.cpp:21)
 n2: 18000000 0x10FFCE: Matrix::Matrix(Matrix&) (matrix.cpp:43)
  n0: 9000000 0x10F42E: main (blur_par.cpp:25)
  n1: 9000000 0x143058: Filter::blur(Matrix, int, int) (filters.cpp:180)
   n0: 9000000 0x10F44E: main (blur_par.cpp:25)
 n2: 18000000 0x10FFF3: Matrix::Matrix(Matrix&) (matrix.cpp:44)
  n0: 9000000 0x10F42E: main (blur_par.cpp:25)
  n1: 9000000 0x143058: Filter::blur(Matrix, int, int) (filters.cpp:180)
   n0: 9000000 0x10F44E: main (blur_par.cpp:25)
 n2: 18000000 0x110019: Matrix::Matrix(Matrix&) (matrix.cpp:45)
  n0: 9000000 0x10F42E: main (blur_par.cpp:25)
  n1: 9000000 0x143058: Filter::blur(Matrix, int, int) (filters.cpp:180)
   n0: 9000000 0x10F44E: main (blur_par.cpp:25)
 n1: 9000000 0x10FF36: Matrix::Matrix(unsigned int) (matrix.cpp:33)
  n1: 9000000 0x14303F: Filter::blur(Matrix, int, int) (filters.cpp:179)
   n0: 9000000 0x10F44E: main (blur_par.cpp:25)
 n1: 9000000 0x10FF50: Matrix::Matrix(unsigned int) (matrix.cpp:34)
  n1: 9000000 0x14303F: Filter::blur(Matrix, int, int) (filters.cpp:179)
   n0: 9000000 0x10F44E: main (blur_par.cpp:25)
 n1: 9000000 0x10FF6B: Matrix::Matrix(unsigned int) (matrix.cpp:35)
  n1: 9000000 0x14303F: Filter::blur(Matrix, int, int) (filters.cpp:179)
   n0: 9000000 0x10F44E: main (blur_par.cpp:25)
 n1: 9000000 0x110CA9: PPM::Reader::get_data(unsigned int, unsigned int) (ppm.cpp:81)
  n1: 9000000 0x111197: PPM::Reader::operator()(std::__cxx11::basic_string<char, std::char_traits<char>, std::allocator<char> >) (ppm.cpp:135)
   n0: 9000000 0x10F30B: main (blur_par.cpp:21)
 n1: 9000000 0x110CB8: PPM::Reader::get_data(unsigned int, unsigned int) (ppm.cpp:81)
  n1: 9000000 0x111197: PPM::Reader::operator()(std::__cxx11::basic_string<char, std::char_traits<char>, std::allocator<char> >) (ppm.cpp:135)
   n0: 9000000 0x10F30B: main (blur_par.cpp:21)
 n1: 9000000 0x110CC7: PPM::Reader::get_data(unsigned int, unsigned int) (ppm.cpp:81)
  n1: 9000000 0x111197: PPM::Reader::operator()(std::__cxx11::basic_string<char, std::char_traits<char>, std::allocator<char> >) (ppm.cpp:135)
   n0: 9000000 0x10F30B: main (blur_par.cpp:21)
 n0: 73568 in 14 places, all below massif's threshold (1.00%)
#-----------
snapshot=40
#-----------
time=13152587868
mem_heap_B=141628289
mem_heap_extra_B=39503
mem_stacks_B=0
heap_tree=empty
#-----------
snapshot=41
#-----------
time=15412838633
mem_heap_B=141628577
mem_heap_extra_B=39511
mem_stacks_B=0
heap_tree=empty
#-----------
snapshot=42
#-----------
time=15412841747
mem_heap_B=141629441
mem_heap_extra_B=39535
mem_stacks_B=0
heap_tree=empty
#-----------
snapshot=43
#-----------
time=26299047837
mem_heap_B=141629441
mem_heap_extra_B=39535
mem_stacks_B=0
heap_tree=peak
n11: 141629441 (heap allocation functions) malloc/new/new[], --alloc-fns, etc.
 n1: 33554433 0x49A5724: std::__cxx11::basic_string<char, std::char_traits<char>, std::allocator<char> >::reserve(unsigned long) (in /usr/lib/x86_64-linux-gnu/libstdc++.so.6.0.30)
  n1: 33554433 0x499B952: std::__cxx11::basic_stringbuf<char, std::char_traits<char>, std::allocator<char> >::overflow(int) (in /usr/lib/x86_64-linux-gnu/libstdc++.so.6.0.30)
   n1: 33554433 0x49A388A: std::basic_streambuf<char, std::char_traits<char> >::xsputn(char const*, long) (in /usr/lib/x86_64-linux-gnu/libstdc++.so.6.0.30)
    n1: 33554433 0x4921CC3: long std::__copy_streambufs_eof<char, std::char_traits<char> >(std::basic_streambuf<char, std::char_traits<char> >*, std::basic_streambuf<char, std::char_traits<char> >*, bool&) (in /usr/lib/x86_64-linux-gnu/libstdc++.so.6.0.30)
     n1: 33554433 0x1134A1: __gnu_cxx::__enable_if<std::__is_char<char>::__value, std::ostreambuf_iterator<char, std::char_traits<char> > >::__type std::copy<char>(std::istreambuf_iterator<char, std::char_traits<char> >, std::istreambuf_iterator<char, std::char_traits<char> >, std::ostreambuf_iterator<char, std::char_traits<char> >) (streambuf_iterator.h:332)
      n1: 33554433 0x110761: PPM::Reader::fill(std::__cxx11::basic_string<char, std::char_traits<char>, std::allocator<char> >) (ppm.cpp:24)
       n1: 33554433 0x110EBF: PPM::Reader::operator()(std::__cxx11::basic_string<char, std::char_traits<char>, std::allocator<char> >) (ppm.cpp:105)
        n0: 33554433 0x10F30B: main (blur_par.cpp:21)
 n2: 18000000 0x10FFCE: Matrix::Matrix(Matrix&) (matrix.cpp:43)
  n0: 9000000 0x10F42E: main (blur_par.cpp:25)
  n1: 9000000 0x143058: Filter::blur(Matrix, int, int) (filters.cpp:180)
   n0: 9000000 0x10F44E: main (blur_par.cpp:25)
 n2: 18000000 0x10FFF3: Matrix::Matrix(Matrix&) (matrix.cpp:44)
  n0: 9000000 0x10F42E: main (blur_par.cpp:25)
  n1: 9000000 0x143058: Filter::blur(Matrix, int, int) (filters.cpp:180)
   n0: 9000000 0x10F44E: main (blur_par.cpp:25)
 n2: 18000000 0x110019: Matrix::Matrix(Matrix&) (matrix.cpp:45)
  n0: 9000000 0x10F42E: main (blur_par.cpp:25)
  n1: 9000000 0x143058: Filter::blur(Matrix, int, int) (filters.cpp:180)
   n0: 9000000 0x10F44E: main (blur_par.cpp:25)
 n1: 9000000 0x10FF36: Matrix::Matrix(unsigned int) (matrix.cpp:33)
  n1: 9000000 0x14303F: Filter::blur(Matrix, int, int) (filters.cpp:179)
   n0: 9000000 0x10F44E: main (blur_par.cpp:25)
 n1: 9000000 0x10FF50: Matrix::Matrix(unsigned int) (matrix.cpp:34)
  n1: 9000000 0x14303F: Filter::blur(Matrix, int, int) (filters.cpp:179)
   n0: 9000000 0x10F44E: main (blur_par.cpp:25)
 n1: 9000000 0x10FF6B: Matrix::Matrix(unsigned int) (matrix.cpp:35)
  n1: 9000000 0x14303F: Filter::blur(Matrix, int, int) (filters.cpp:179)
   n0: 9000000 0x10F44E: main (blur_par.cpp:25)
 n1: 9000000 0x110CA9: PPM::Reader::get_data(unsigned int, unsigned int) (ppm.cpp:81)
  n1: 9000000 0x111197: PPM::Reader::operator()(std::__cxx11::basic_string<char, std::char_traits<char>, std::allocator<char> >) (ppm.cpp:135)
   n0: 9000000 0x10F30B: main (blur_par.cpp:21)
 n1: 9000000 0x110CB8: PPM::Reader::get_data(unsigned int, unsigned int) (ppm.cpp:81)
  n1: 9000000 0x111197: PPM::Reader::operator()(std::__cxx11::basic_string<char, std::char_traits<char>, std::allocator<char> >) (ppm.cpp:135)
   n0: 9000000 0x10F30B: main (blur_par.cpp:21)
 n1: 9000000 0x110CC7: PPM::Reader::get_data(unsigned int, unsigned int) (ppm.cpp:81)
  n1: 9000000 0x111197: PPM::Reader::operator()(std::__cxx11::basic_string<char, std::char_traits<char>, std::allocator<char> >) (ppm.cpp:135)
   n0: 9000000 0x10F30B: main (blur_par.cpp:21)
 n0: 75008 in 14 places, all below massif's threshold (1.00%)
#-----------
snapshot=44
#-----------
time=26299049613
mem_heap_B=141628289
mem_heap_extra_B=39503
mem_stacks_B=0
heap_tree=empty
#-----------
snapshot=45
#-----------
time=29331912093
mem_heap_B=141628577
mem_heap_extra_B=39511
mem_stacks_B=0
heap_tree=empty
#-----------
snapshot=46
#-----------
time=29331914171
mem_heap_B=141629153
mem_heap_extra_B=39527
mem_stacks_B=0
heap_tree=empty
#-----------
snapshot=47
#-----------
time=30657167767
mem_heap_B=141629441
mem_heap_extra_B=39535
mem_stacks_B=0
heap_tree=empty
#-----------
snapshot=48
#-----------
time=43384692080
mem_heap_B=141629153
mem_heap_extra_B=39527
mem_stacks_B=0
heap_tree=empty
#-----------
snapshot=49
#-----------
time=43384693856
mem_heap_B=141628289
mem_heap_extra_B=39503
mem_stacks_B=0
heap_tree=empty
#-----------
snapshot=50
#-----------
time=43384693986
mem_heap_B=132628289
mem_heap_extra_B=36551
mem_stacks_B=0
heap_tree=empty
#-----------
snapshot=51
#-----------
time=43384694028
mem_heap_B=123628289
mem_heap_extra_B=33599
mem_stacks_B=0
heap_tree=empty
#-----------
snapshot=52
#-----------
time=43384694070
mem_heap_B=114628289
mem_heap_extra_B=30647
mem_stacks_B=0
heap_tree=empty
#-----------
snapshot=53
#-----------
time=43384694175
mem_heap_B=105628289
mem_heap_extra_B=27695
mem_stacks_B=0
heap_tree=empty
#-----------
snapshot=54
#-----------
time=43384694217
mem_heap_B=96628289
mem_heap_extra_B=24743
mem_stacks_B=0
heap_tree=empty
#-----------
snapshot=55
#-----------
time=43384694259
mem_heap_B=87628289
mem_heap_extra_B=21791
mem_stacks_B=0
heap_tree=empty
#-----------
snapshot=56
#-----------
time=43384694482
mem_heap_B=87628315
mem_heap_extra_B=21805
mem_stacks_B=0
heap_tree=empty
#-----------
snapshot=57
#-----------
time=43384694644
mem_heap_B=96628315
mem_heap_extra_B=24757
mem_stacks_B=0
heap_tree=detailed
n8: 96628315 (heap allocation functions) malloc/new/new[], --alloc-fns, etc.
 n1: 33554433 0x49A5724: std::__cxx11::basic_string<char, std::char_traits<char>, std::allocator<char> >::reserve(unsigned long) (in /usr/lib/x86_64-linux-gnu/libstdc++.so.6.0.30)
  n1: 33554433 0x499B952: std::__cxx11::basic_stringbuf<char, std::char_traits<char>, std::allocator<char> >::overflow(int) (in /usr/lib/x86_64-linux-gnu/libstdc++.so.6.0.30)
   n1: 33554433 0x49A388A: std::basic_streambuf<char, std::char_traits<char> >::xsputn(char const*, long) (in /usr/lib/x86_64-linux-gnu/libstdc++.so.6.0.30)
    n1: 33554433 0x4921CC3: long std::__copy_streambufs_eof<char, std::char_traits<char> >(std::basic_streambuf<char, std::char_traits<char> >*, std::basic_streambuf<char, std::char_traits<char> >*, bool&) (in /usr/lib/x86_64-linux-gnu/libstdc++.so.6.0.30)
     n1: 33554433 0x1134A1: __gnu_cxx::__enable_if<std::__is_char<char>::__value, std::ostreambuf_iterator<char, std::char_traits<char> > >::__type std::copy<char>(std::istreambuf_iterator<char, std::char_traits<char> >, std::istreambuf_iterator<char, std::char_traits<char> >, std::ostreambuf_iterator<char, std::char_traits<char> >) (streambuf_iterator.h:332)
      n1: 33554433 0x110761: PPM::Reader::fill(std::__cxx11::basic_string<char, std::char_traits<char>, std::allocator<char> >) (ppm.cpp:24)
       n1: 33554433 0x110EBF: PPM::Reader::operator()(std::__cxx11::basic_string<char, std::char_traits<char>, std::allocator<char> >) (ppm.cpp:105)
        n0: 33554433 0x10F30B: main (blur_par.cpp:21)
 n3: 18000000 0x10FFCE: Matrix::Matrix(Matrix&) (matrix.cpp:43)
  n0: 9000000 0x10F4AC: main (blur_par.cpp:26)
  n1: 9000000 0x143058: Filter::blur(Matrix, int, int) (filters.cpp:180)
   n0: 9000000 0x10F44E: main (blur_par.cpp:25)
  n0: 0 in 1 place, below massif's threshold (1.00%)
 n2: 9000000 0x10FFF3: Matrix::Matrix(Matrix&) (matrix.cpp:44)
  n1: 9000000 0x143058: Filter::blur(Matrix, int, int) (filters.cpp:180)
   n0: 9000000 0x10F44E: main (blur_par.cpp:25)
  n0: 0 in 1 place, below massif's threshold (1.00%)
 n2: 9000000 0x110019: Matrix::Matrix(Matrix&) (matrix.cpp:45)
  n1: 9000000 0x143058: Filter::blur(Matrix, int, int) (filters.cpp:180)
   n0: 9000000 0x10F44E: main (blur_par.cpp:25)
  n0: 0 in 1 place, below massif's threshold (1.00%)
 n1: 9000000 0x110CA9: PPM::Reader::get_data(unsigned int, unsigned int) (ppm.cpp:81)
  n1: 9000000 0x111197: PPM::Reader::operator()(std::__cxx11::basic_string<char, std::char_traits<char>, std::allocator<char> >) (ppm.cpp:135)
   n0: 9000000 0x10F30B: main (blur_par.cpp:21)
 n1: 9000000 0x110CB8: PPM::Reader::get_data(unsigned int, unsigned int) (ppm.cpp:81)
  n1: 9000000 0x111197: PPM::Reader::operator()(std::__cxx11::basic_string<char, std::char_traits<char>, std::allocator<char> >) (ppm.cpp:135)
   n0: 9000000 0x10F30B: main (blur_par.cpp:21)
 n1: 9000000 0x110CC7: PPM::Reader::get_data(unsigned int, unsigned int) (ppm.cpp:81)
  n1: 9000000 0x111197: PPM::Reader::operator()(std::__cxx11::basic_string<char, std::char_traits<char>, std::allocator<char> >) (ppm.cpp:135)
   n0: 9000000 0x10F30B: main (blur_par.cpp:21)
 n0: 73882 in 18 places, all below massif's threshold (1.00%)
#-----------
snapshot=58
#-----------
time=43384694688
mem_heap_B=105628315
mem_heap_extra_B=27709
mem_stacks_B=0
heap_tree=empty
#-----------
snapshot=59
#-----------
time=43384694732
mem_heap_B=114628315
mem_heap_extra_B=30661
mem_stacks_B=0
heap_tree=empty
#-----------
snapshot=60
#-----------
time=46093734979
mem_heap_B=114628787
mem_heap_extra_B=30677
mem_stacks_B=0
heap_tree=empty
#-----------
snapshot=61
#-----------
time=46093735481
mem_heap_B=114636979
mem_heap_extra_B=30685
mem_stacks_B=0
heap_tree=empty
#-----------
snapshot=62
#-----------
time=48902361627
mem_heap_B=114628787
mem_heap_extra_B=30677
mem_stacks_B=0
heap_tree=empty
#-----------
snapshot=63
#-----------
time=48902362006
mem_heap_B=114628315
mem_heap_extra_B=30661
mem_stacks_B=0
heap_tree=empty
#-----------
snapshot=64
#-----------
time=48902362276
mem_heap_B=105628315
mem_heap_extra_B=27709
mem_stacks_B=0
heap_tree=empty
#-----------
snapshot=65
#-----------
time=48902362318
mem_heap_B=96628315
mem_heap_extra_B=24757
mem_stacks_B=0
heap_tree=empty
#-----------
snapshot=66
#-----------
time=48902362360
mem_heap_B=87628315
mem_heap_extra_B=21805
mem_stacks_B=0
heap_tree=empty
#-----------
snapshot=67
#-----------
time=48902362415
mem_heap_B=87628289
mem_heap_extra_B=21791
mem_stacks_B=0
heap_tree=detailed
n8: 87628289 (heap allocation functions) malloc/new/new[], --alloc-fns, etc.
 n1: 33554433 0x49A5724: std::__cxx11::basic_string<char, std::char_traits<char>, std::allocator<char> >::reserve(unsigned long) (in /usr/lib/x86_64-linux-gnu/libstdc++.so.6.0.30)
  n1: 33554433 0x499B952: std::__cxx11::basic_stringbuf<char, std::char_traits<char>, std::allocator<char> >::overflow(int) (in /usr/lib/x86_64-linux-gnu/libstdc++.so.6.0.30)
   n1: 33554433 0x49A388A: std::basic_streambuf<char, std::char_traits<char> >::xsputn(char const*, long) (in /usr/lib/x86_64-linux-gnu/libstdc++.so.6.0.30)
    n1: 33554433 0x4921CC3: long std::__copy_streambufs_eof<char, std::char_traits<char> >(std::basic_streambuf<char, std::char_traits<char> >*, std::basic_streambuf<char, std::char_traits<char> >*, bool&) (in /usr/lib/x86_64-linux-gnu/libstdc++.so.6.0.30)
     n1: 33554433 0x1134A1: __gnu_cxx::__enable_if<std::__is_char<char>::__value, std::ostreambuf_iterator<char, std::char_traits<char> > >::__type std::copy<char>(std::istreambuf_iterator<char, std::char_traits<char> >, std::istreambuf_iterator<char, std::char_traits<char> >, std::ostreambuf_iterator<char, std::char_traits<char> >) (streambuf_iterator.h:332)
      n1: 33554433 0x110761: PPM::Reader::fill(std::__cxx11::basic_string<char, std::char_traits<char>, std::allocator<char> >) (ppm.cpp:24)
       n1: 33554433 0x110EBF: PPM::Reader::operator()(std::__cxx11::basic_string<char, std::char_traits<char>, std::allocator<char> >) (ppm.cpp:105)
        n0: 33554433 0x10F30B: main (blur_par.cpp:21)
 n2: 9000000 0x10FFCE: Matrix::Matrix(Matrix&) (matrix.cpp:43)
  n1: 9000000 0x143058: Filter::blur(Matrix, int, int) (filters.cpp:180)
   n0: 9000000 0x10F44E: main (blur_par.cpp:25)
  n0: 0 in 2 places, all below massif's threshold (1.00%)
 n2: 9000000 0x10FFF3: Matrix::Matrix(Matrix&) (matrix.cpp:44)
  n1: 9000000 0x143058: Filter::blur(Matrix, int, int) (filters.cpp:180)
   n0: 9000000 0x10F44E: main (blur_par.cpp:25)
  n0: 0 in 2 places, all below massif's threshold (1.00%)
 n2: 9000000 0x110019: Matrix::Matrix(Matrix&) (matrix.cpp:45)
  n1: 9000000 0x143058: Filter::blur(Matrix, int, int) (filters.cpp:180)
   n0: 9000000 0x10F44E: main (blur_par.cpp:25)
  n0: 0 in 2 places, all below massif's threshold (1.00%)
 n1: 9000000 0x110CA9: PPM::Reader::get_data(unsigned int, unsigned int) (ppm.cpp:81)
  n1: 9000000 0x111197: PPM::Reader::operator()(std::__cxx11::basic_string<char, std::char_traits<char>, std::allocator<char> >) (ppm.cpp:135)
   n0: 9000000 0x10F30B: main (blur_par.cpp:21)
 n1: 9000000 0x110CB8: PPM::Reader::get_data(unsigned int, unsigned int) (ppm.cpp:81)
  n1: 9000000 0x111197: PPM::Reader::operator()(std::__cxx11::basic_string<char, std::char_traits<char>, std::allocator<char> >) (ppm.cpp:135)
   n0: 9000000 0x10F30B: main (blur_par.cpp:21)
 n1: 9000000 0x110CC7: PPM::Reader::get_data(unsigned int, unsigned int) (ppm.cpp:81)
  n1: 9000000 0x111197: PPM::Reader::operator()(std::__cxx11::basic_string<char, std::char_traits<char>, std::allocator<char> >) (ppm.cpp:135)
   n0: 9000000 0x10F30B: main (blur_par.cpp:21)
 n0: 73856 in 18 places, all below massif's threshold (1.00%)
#-----------
snapshot=68
#-----------
time=48902362499
mem_heap_B=78628289
mem_heap_extra_B=18839
mem_stacks_B=0
heap_tree=empty
#-----------
snapshot=69
#-----------
time=48902362541
mem_heap_B=69628289
mem_heap_extra_B=15887
mem_stacks_B=0
heap_tree=empty
#-----------
snapshot=70
#-----------
time=48902362583
mem_heap_B=60628289
mem_heap_extra_B=12935
mem_stacks_B=0
heap_tree=empty
#-----------
snapshot=71
#-----------
time=48902362674
mem_heap_B=51628289
mem_heap_extra_B=9983
mem_stacks_B=0
heap_tree=empty
#-----------
snapshot=72
#-----------
time=48902362716
mem_heap_B=42628289
mem_heap_extra_B=7031
mem_stacks_B=0
heap_tree=empty
#-----------
snapshot=73
#-----------
time=48902362758
mem_heap_B=33628289
mem_heap_extra_B=4079
mem_stacks_B=0
heap_tree=empty
#-----------
snapshot=74
#-----------
time=48902362834
mem_heap_B=73856
mem_heap_extra_B=40
mem_stacks_B=0
heap_tree=empty
#-----------
snapshot=75
#-----------
time=48902374525
mem_heap_B=1152
mem_heap_extra_B=32
mem_stacks_B=0
heap_tree=empty
#-----------
snapshot=76
#-----------
time=48902377207
mem_heap_B=864
mem_heap_extra_B=24
mem_stacks_B=0
heap_tree=empty
#-----------
snapshot=77
#-----------
time=48902377629
mem_heap_B=576
mem_heap_extra_B=16
mem_stacks_B=0
heap_tree=detailed
n2: 576 (heap allocation functions) malloc/new/new[], --alloc-fns, etc.
 n1: 576 0x40147D9: calloc (rtld-malloc.h:44)
  n1: 576 0x40147D9: allocate_dtv (dl-tls.c:375)
   n1: 576 0x40147D9: _dl_allocate_tls (dl-tls.c:634)
    n1: 576 0x4C217B4: allocate_stack (allocatestack.c:430)
     n2: 576 0x4C217B4: pthread_create@@GLIBC_2.34 (pthread_create.c:647)
      n1: 576 0x143603: Filter::blur(Matrix, int, int) (filters.cpp:235)
       n0: 576 0x10F44E: main (blur_par.cpp:25)
      n0: 0 in 1 place, below massif's threshold (1.00%)
 n0: 0 in 24 places, all below massif's threshold (1.00%)
#-----------
snapshot=78
#-----------
time=48902378051
mem_heap_B=288
mem_heap_extra_B=8
mem_stacks_B=0
heap_tree=empty
#-----------
snapshot=79
#-----------
time=48902378473
mem_heap_B=0
mem_heap_extra_B=0
mem_stacks_B=0
heap_tree=empty
