desc: --massif-out-file=outputfiles_par/massif_im2_16.out
cmd: ./blur_par 15 data/im2.ppm outputfiles_par/im2_16.ppm 16
time_unit: i
#-----------
snapshot=0
#-----------
time=0
mem_heap_B=0
mem_heap_extra_B=0
mem_stacks_B=0
heap_tree=empty
#-----------
snapshot=1
#-----------
time=2437024
mem_heap_B=72704
mem_heap_extra_B=8
mem_stacks_B=0
heap_tree=empty
#-----------
snapshot=2
#-----------
time=2560075
mem_heap_B=73176
mem_heap_extra_B=24
mem_stacks_B=0
heap_tree=empty
#-----------
snapshot=3
#-----------
time=2711179
mem_heap_B=474586
mem_heap_extra_B=78
mem_stacks_B=0
heap_tree=empty
#-----------
snapshot=4
#-----------
time=2858349
mem_heap_B=867802
mem_heap_extra_B=78
mem_stacks_B=0
heap_tree=empty
#-----------
snapshot=5
#-----------
time=3120740
mem_heap_B=867802
mem_heap_extra_B=78
mem_stacks_B=0
heap_tree=detailed
n3: 867802 (heap allocation functions) malloc/new/new[], --alloc-fns, etc.
 n1: 786434 0x49A5724: std::__cxx11::basic_string<char, std::char_traits<char>, std::allocator<char> >::reserve(unsigned long) (in /usr/lib/x86_64-linux-gnu/libstdc++.so.6.0.30)
  n1: 786434 0x499B952: std::__cxx11::basic_stringbuf<char, std::char_traits<char>, std::allocator<char> >::overflow(int) (in /usr/lib/x86_64-linux-gnu/libstdc++.so.6.0.30)
   n1: 786434 0x49A388A: std::basic_streambuf<char, std::char_traits<char> >::xsputn(char const*, long) (in /usr/lib/x86_64-linux-gnu/libstdc++.so.6.0.30)
    n1: 786434 0x4921CC3: long std::__copy_streambufs_eof<char, std::char_traits<char> >(std::basic_streambuf<char, std::char_traits<char> >*, std::basic_streambuf<char, std::char_traits<char> >*, bool&) (in /usr/lib/x86_64-linux-gnu/libstdc++.so.6.0.30)
     n1: 786434 0x1134A1: __gnu_cxx::__enable_if<std::__is_char<char>::__value, std::ostreambuf_iterator<char, std::char_traits<char> > >::__type std::copy<char>(std::istreambuf_iterator<char, std::char_traits<char> >, std::istreambuf_iterator<char, std::char_traits<char> >, std::ostreambuf_iterator<char, std::char_traits<char> >) (streambuf_iterator.h:332)
      n1: 786434 0x110761: PPM::Reader::fill(std::__cxx11::basic_string<char, std::char_traits<char>, std::allocator<char> >) (ppm.cpp:24)
       n1: 786434 0x110EBF: PPM::Reader::operator()(std::__cxx11::basic_string<char, std::char_traits<char>, std::allocator<char> >) (ppm.cpp:105)
        n0: 786434 0x10F30B: main (blur_par.cpp:21)
 n1: 72704 0x4903939: ??? (in /usr/lib/x86_64-linux-gnu/libstdc++.so.6.0.30)
  n1: 72704 0x400647D: call_init.part.0 (dl-init.c:70)
   n1: 72704 0x4006567: call_init (dl-init.c:33)
    n1: 72704 0x4006567: _dl_init (dl-init.c:117)
     n1: 72704 0x40202C9: ??? (in /usr/lib/x86_64-linux-gnu/ld-linux-x86-64.so.2)
      n1: 72704 0x4: ???
       n1: 72704 0x1FFF00004A: ???
        n1: 72704 0x1FFF000055: ???
         n1: 72704 0x1FFF000058: ???
          n1: 72704 0x1FFF000065: ???
           n0: 72704 0x1FFF000080: ???
 n0: 8664 in 2 places, all below massif's threshold (1.00%)
#-----------
snapshot=6
#-----------
time=3152239
mem_heap_B=1654234
mem_heap_extra_B=78
mem_stacks_B=0
heap_tree=empty
#-----------
snapshot=7
#-----------
time=3676758
mem_heap_B=1654234
mem_heap_extra_B=78
mem_stacks_B=0
heap_tree=detailed
n3: 1654234 (heap allocation functions) malloc/new/new[], --alloc-fns, etc.
 n1: 1572866 0x49A5724: std::__cxx11::basic_string<char, std::char_traits<char>, std::allocator<char> >::reserve(unsigned long) (in /usr/lib/x86_64-linux-gnu/libstdc++.so.6.0.30)
  n1: 1572866 0x499B952: std::__cxx11::basic_stringbuf<char, std::char_traits<char>, std::allocator<char> >::overflow(int) (in /usr/lib/x86_64-linux-gnu/libstdc++.so.6.0.30)
   n1: 1572866 0x49A388A: std::basic_streambuf<char, std::char_traits<char> >::xsputn(char const*, long) (in /usr/lib/x86_64-linux-gnu/libstdc++.so.6.0.30)
    n1: 1572866 0x4921CC3: long std::__copy_streambufs_eof<char, std::char_traits<char> >(std::basic_streambuf<char, std::char_traits<char> >*, std::basic_streambuf<char, std::char_traits<char> >*, bool&) (in /usr/lib/x86_64-linux-gnu/libstdc++.so.6.0.30)
     n1: 1572866 0x1134A1: __gnu_cxx::__enable_if<std::__is_char<char>::__value, std::ostreambuf_iterator<char, std::char_traits<char> > >::__type std::copy<char>(std::istreambuf_iterator<char, std::char_traits<char> >, std::istreambuf_iterator<char, std::char_traits<char> >, std::ostreambuf_iterator<char, std::char_traits<char> >) (streambuf_iterator.h:332)
      n1: 1572866 0x110761: PPM::Reader::fill(std::__cxx11::basic_string<char, std::char_traits<char>, std::allocator<char> >) (ppm.cpp:24)
       n1: 1572866 0x110EBF: PPM::Reader::operator()(std::__cxx11::basic_string<char, std::char_traits<char>, std::allocator<char> >) (ppm.cpp:105)
        n0: 1572866 0x10F30B: main (blur_par.cpp:21)
 n1: 72704 0x4903939: ??? (in /usr/lib/x86_64-linux-gnu/libstdc++.so.6.0.30)
  n1: 72704 0x400647D: call_init.part.0 (dl-init.c:70)
   n1: 72704 0x4006567: call_init (dl-init.c:33)
    n1: 72704 0x4006567: _dl_init (dl-init.c:117)
     n1: 72704 0x40202C9: ??? (in /usr/lib/x86_64-linux-gnu/ld-linux-x86-64.so.2)
      n1: 72704 0x4: ???
       n1: 72704 0x1FFF00004A: ???
        n1: 72704 0x1FFF000055: ???
         n1: 72704 0x1FFF000058: ???
          n1: 72704 0x1FFF000065: ???
           n0: 72704 0x1FFF000080: ???
 n0: 8664 in 2 places, all below massif's threshold (1.00%)
#-----------
snapshot=8
#-----------
time=3855393
mem_heap_B=2178521
mem_heap_extra_B=55
mem_stacks_B=0
heap_tree=empty
#-----------
snapshot=9
#-----------
time=3980820
mem_heap_B=6372826
mem_heap_extra_B=4094
mem_stacks_B=0
heap_tree=empty
#-----------
snapshot=10
#-----------
time=4211946
mem_heap_B=6372826
mem_heap_extra_B=4094
mem_stacks_B=0
heap_tree=detailed
n3: 6372826 (heap allocation functions) malloc/new/new[], --alloc-fns, etc.
 n1: 6291458 0x49A5724: std::__cxx11::basic_string<char, std::char_traits<char>, std::allocator<char> >::reserve(unsigned long) (in /usr/lib/x86_64-linux-gnu/libstdc++.so.6.0.30)
  n1: 6291458 0x499B952: std::__cxx11::basic_stringbuf<char, std::char_traits<char>, std::allocator<char> >::overflow(int) (in /usr/lib/x86_64-linux-gnu/libstdc++.so.6.0.30)
   n1: 6291458 0x49A388A: std::basic_streambuf<char, std::char_traits<char> >::xsputn(char const*, long) (in /usr/lib/x86_64-linux-gnu/libstdc++.so.6.0.30)
    n1: 6291458 0x4921CC3: long std::__copy_streambufs_eof<char, std::char_traits<char> >(std::basic_streambuf<char, std::char_traits<char> >*, std::basic_streambuf<char, std::char_traits<char> >*, bool&) (in /usr/lib/x86_64-linux-gnu/libstdc++.so.6.0.30)
     n1: 6291458 0x1134A1: __gnu_cxx::__enable_if<std::__is_char<char>::__value, std::ostreambuf_iterator<char, std::char_traits<char> > >::__type std::copy<char>(std::istreambuf_iterator<char, std::char_traits<char> >, std::istreambuf_iterator<char, std::char_traits<char> >, std::ostreambuf_iterator<char, std::char_traits<char> >) (streambuf_iterator.h:332)
      n1: 6291458 0x110761: PPM::Reader::fill(std::__cxx11::basic_string<char, std::char_traits<char>, std::allocator<char> >) (ppm.cpp:24)
       n1: 6291458 0x110EBF: PPM::Reader::operator()(std::__cxx11::basic_string<char, std::char_traits<char>, std::allocator<char> >) (ppm.cpp:105)
        n0: 6291458 0x10F30B: main (blur_par.cpp:21)
 n1: 72704 0x4903939: ??? (in /usr/lib/x86_64-linux-gnu/libstdc++.so.6.0.30)
  n1: 72704 0x400647D: call_init.part.0 (dl-init.c:70)
   n1: 72704 0x4006567: call_init (dl-init.c:33)
    n1: 72704 0x4006567: _dl_init (dl-init.c:117)
     n1: 72704 0x40202C9: ??? (in /usr/lib/x86_64-linux-gnu/ld-linux-x86-64.so.2)
      n1: 72704 0x4: ???
       n1: 72704 0x1FFF00004A: ???
        n1: 72704 0x1FFF000055: ???
         n1: 72704 0x1FFF000058: ???
          n1: 72704 0x1FFF000065: ???
           n0: 72704 0x1FFF000080: ???
 n0: 8664 in 2 places, all below massif's threshold (1.00%)
#-----------
snapshot=11
#-----------
time=4472830
mem_heap_B=4267890
mem_heap_extra_B=4126
mem_stacks_B=0
heap_tree=empty
#-----------
snapshot=12
#-----------
time=4684382
mem_heap_B=4267890
mem_heap_extra_B=4126
mem_stacks_B=0
heap_tree=empty
#-----------
snapshot=13
#-----------
time=4816887
mem_heap_B=4267890
mem_heap_extra_B=4126
mem_stacks_B=0
heap_tree=empty
#-----------
snapshot=14
#-----------
time=5032892
mem_heap_B=4267890
mem_heap_extra_B=4126
mem_stacks_B=0
heap_tree=empty
#-----------
snapshot=15
#-----------
time=5198167
mem_heap_B=4267890
mem_heap_extra_B=4126
mem_stacks_B=0
heap_tree=empty
#-----------
snapshot=16
#-----------
time=5363442
mem_heap_B=4267890
mem_heap_extra_B=4126
mem_stacks_B=0
heap_tree=empty
#-----------
snapshot=17
#-----------
time=5528717
mem_heap_B=4267890
mem_heap_extra_B=4126
mem_stacks_B=0
heap_tree=empty
#-----------
snapshot=18
#-----------
time=5693992
mem_heap_B=4267890
mem_heap_extra_B=4126
mem_stacks_B=0
heap_tree=empty
#-----------
snapshot=19
#-----------
time=5859267
mem_heap_B=4267890
mem_heap_extra_B=4126
mem_stacks_B=0
heap_tree=empty
#-----------
snapshot=20
#-----------
time=6101994
mem_heap_B=4268617
mem_heap_extra_B=4119
mem_stacks_B=0
heap_tree=empty
#-----------
snapshot=21
#-----------
time=6267169
mem_heap_B=4268617
mem_heap_extra_B=4119
mem_stacks_B=0
heap_tree=empty
#-----------
snapshot=22
#-----------
time=6450304
mem_heap_B=4268617
mem_heap_extra_B=4119
mem_stacks_B=0
heap_tree=empty
#-----------
snapshot=23
#-----------
time=6615479
mem_heap_B=4268617
mem_heap_extra_B=4119
mem_stacks_B=0
heap_tree=empty
#-----------
snapshot=24
#-----------
time=6780654
mem_heap_B=4268617
mem_heap_extra_B=4119
mem_stacks_B=0
heap_tree=empty
#-----------
snapshot=25
#-----------
time=6945829
mem_heap_B=4268617
mem_heap_extra_B=4119
mem_stacks_B=0
heap_tree=empty
#-----------
snapshot=26
#-----------
time=7111004
mem_heap_B=4268617
mem_heap_extra_B=4119
mem_stacks_B=0
heap_tree=empty
#-----------
snapshot=27
#-----------
time=7352859
mem_heap_B=4268618
mem_heap_extra_B=4142
mem_stacks_B=0
heap_tree=empty
#-----------
snapshot=28
#-----------
time=7511427
mem_heap_B=4268618
mem_heap_extra_B=4142
mem_stacks_B=0
heap_tree=empty
#-----------
snapshot=29
#-----------
time=7669995
mem_heap_B=4268618
mem_heap_extra_B=4142
mem_stacks_B=0
heap_tree=empty
#-----------
snapshot=30
#-----------
time=7779347
mem_heap_B=4270305
mem_heap_extra_B=4143
mem_stacks_B=0
heap_tree=empty
#-----------
snapshot=31
#-----------
time=7934849
mem_heap_B=4267890
mem_heap_extra_B=4126
mem_stacks_B=0
heap_tree=empty
#-----------
snapshot=32
#-----------
time=8093417
mem_heap_B=4267890
mem_heap_extra_B=4126
mem_stacks_B=0
heap_tree=detailed
n3: 4267890 (heap allocation functions) malloc/new/new[], --alloc-fns, etc.
 n1: 4194305 0x49A5724: std::__cxx11::basic_string<char, std::char_traits<char>, std::allocator<char> >::reserve(unsigned long) (in /usr/lib/x86_64-linux-gnu/libstdc++.so.6.0.30)
  n1: 4194305 0x499B952: std::__cxx11::basic_stringbuf<char, std::char_traits<char>, std::allocator<char> >::overflow(int) (in /usr/lib/x86_64-linux-gnu/libstdc++.so.6.0.30)
   n1: 4194305 0x49A388A: std::basic_streambuf<char, std::char_traits<char> >::xsputn(char const*, long) (in /usr/lib/x86_64-linux-gnu/libstdc++.so.6.0.30)
    n1: 4194305 0x4921CC3: long std::__copy_streambufs_eof<char, std::char_traits<char> >(std::basic_streambuf<char, std::char_traits<char> >*, std::basic_streambuf<char, std::char_traits<char> >*, bool&) (in /usr/lib/x86_64-linux-gnu/libstdc++.so.6.0.30)
     n1: 4194305 0x1134A1: __gnu_cxx::__enable_if<std::__is_char<char>::__value, std::ostreambuf_iterator<char, std::char_traits<char> > >::__type std::copy<char>(std::istreambuf_iterator<char, std::char_traits<char> >, std::istreambuf_iterator<char, std::char_traits<char> >, std::ostreambuf_iterator<char, std::char_traits<char> >) (streambuf_iterator.h:332)
      n1: 4194305 0x110761: PPM::Reader::fill(std::__cxx11::basic_string<char, std::char_traits<char>, std::allocator<char> >) (ppm.cpp:24)
       n1: 4194305 0x110EBF: PPM::Reader::operator()(std::__cxx11::basic_string<char, std::char_traits<char>, std::allocator<char> >) (ppm.cpp:105)
        n0: 4194305 0x10F30B: main (blur_par.cpp:21)
 n1: 72704 0x4903939: ??? (in /usr/lib/x86_64-linux-gnu/libstdc++.so.6.0.30)
  n1: 72704 0x400647D: call_init.part.0 (dl-init.c:70)
   n1: 72704 0x4006567: call_init (dl-init.c:33)
    n1: 72704 0x4006567: _dl_init (dl-init.c:117)
     n1: 72704 0x40202C9: ??? (in /usr/lib/x86_64-linux-gnu/ld-linux-x86-64.so.2)
      n1: 72704 0x4: ???
       n1: 72704 0x1FFF00004A: ???
        n1: 72704 0x1FFF000055: ???
         n1: 72704 0x1FFF000058: ???
          n1: 72704 0x1FFF000065: ???
           n0: 72704 0x1FFF000080: ???
 n0: 881 in 12 places, all below massif's threshold (1.00%)
#-----------
snapshot=33
#-----------
time=8236910
mem_heap_B=4267890
mem_heap_extra_B=4126
mem_stacks_B=0
heap_tree=empty
#-----------
snapshot=34
#-----------
time=8501190
mem_heap_B=4267890
mem_heap_extra_B=4126
mem_stacks_B=0
heap_tree=empty
#-----------
snapshot=35
#-----------
time=8765470
mem_heap_B=4267890
mem_heap_extra_B=4126
mem_stacks_B=0
heap_tree=empty
#-----------
snapshot=36
#-----------
time=8897610
mem_heap_B=4267890
mem_heap_extra_B=4126
mem_stacks_B=0
heap_tree=empty
#-----------
snapshot=37
#-----------
time=9029750
mem_heap_B=4267890
mem_heap_extra_B=4126
mem_stacks_B=0
heap_tree=empty
#-----------
snapshot=38
#-----------
time=9161890
mem_heap_B=4267890
mem_heap_extra_B=4126
mem_stacks_B=0
heap_tree=empty
#-----------
snapshot=39
#-----------
time=9294030
mem_heap_B=4267890
mem_heap_extra_B=4126
mem_stacks_B=0
heap_tree=empty
#-----------
snapshot=40
#-----------
time=9426170
mem_heap_B=4267890
mem_heap_extra_B=4126
mem_stacks_B=0
heap_tree=empty
#-----------
snapshot=41
#-----------
time=9633872
mem_heap_B=4267897
mem_heap_extra_B=4079
mem_stacks_B=0
heap_tree=empty
#-----------
snapshot=42
#-----------
time=457381662
mem_heap_B=8461313
mem_heap_extra_B=4079
mem_stacks_B=0
heap_tree=detailed
n6: 8461313 (heap allocation functions) malloc/new/new[], --alloc-fns, etc.
 n1: 4194305 0x49A5724: std::__cxx11::basic_string<char, std::char_traits<char>, std::allocator<char> >::reserve(unsigned long) (in /usr/lib/x86_64-linux-gnu/libstdc++.so.6.0.30)
  n1: 4194305 0x499B952: std::__cxx11::basic_stringbuf<char, std::char_traits<char>, std::allocator<char> >::overflow(int) (in /usr/lib/x86_64-linux-gnu/libstdc++.so.6.0.30)
   n1: 4194305 0x49A388A: std::basic_streambuf<char, std::char_traits<char> >::xsputn(char const*, long) (in /usr/lib/x86_64-linux-gnu/libstdc++.so.6.0.30)
    n1: 4194305 0x4921CC3: long std::__copy_streambufs_eof<char, std::char_traits<char> >(std::basic_streambuf<char, std::char_traits<char> >*, std::basic_streambuf<char, std::char_traits<char> >*, bool&) (in /usr/lib/x86_64-linux-gnu/libstdc++.so.6.0.30)
     n1: 4194305 0x1134A1: __gnu_cxx::__enable_if<std::__is_char<char>::__value, std::ostreambuf_iterator<char, std::char_traits<char> > >::__type std::copy<char>(std::istreambuf_iterator<char, std::char_traits<char> >, std::istreambuf_iterator<char, std::char_traits<char> >, std::ostreambuf_iterator<char, std::char_traits<char> >) (streambuf_iterator.h:332)
      n1: 4194305 0x110761: PPM::Reader::fill(std::__cxx11::basic_string<char, std::char_traits<char>, std::allocator<char> >) (ppm.cpp:24)
       n1: 4194305 0x110EBF: PPM::Reader::operator()(std::__cxx11::basic_string<char, std::char_traits<char>, std::allocator<char> >) (ppm.cpp:105)
        n0: 4194305 0x10F30B: main (blur_par.cpp:21)
 n1: 1048576 0x10FFCE: Matrix::Matrix(Matrix&) (matrix.cpp:43)
  n0: 1048576 0x10F42E: main (blur_par.cpp:25)
 n1: 1048576 0x110CA9: PPM::Reader::get_data(unsigned int, unsigned int) (ppm.cpp:81)
  n1: 1048576 0x111197: PPM::Reader::operator()(std::__cxx11::basic_string<char, std::char_traits<char>, std::allocator<char> >) (ppm.cpp:135)
   n0: 1048576 0x10F30B: main (blur_par.cpp:21)
 n1: 1048576 0x110CB8: PPM::Reader::get_data(unsigned int, unsigned int) (ppm.cpp:81)
  n1: 1048576 0x111197: PPM::Reader::operator()(std::__cxx11::basic_string<char, std::char_traits<char>, std::allocator<char> >) (ppm.cpp:135)
   n0: 1048576 0x10F30B: main (blur_par.cpp:21)
 n1: 1048576 0x110CC7: PPM::Reader::get_data(unsigned int, unsigned int) (ppm.cpp:81)
  n1: 1048576 0x111197: PPM::Reader::operator()(std::__cxx11::basic_string<char, std::char_traits<char>, std::allocator<char> >) (ppm.cpp:135)
   n0: 1048576 0x10F30B: main (blur_par.cpp:21)
 n0: 72704 in 13 places, all below massif's threshold (1.00%)
#-----------
snapshot=43
#-----------
time=773016597
mem_heap_B=19558465
mem_heap_extra_B=7047
mem_stacks_B=0
heap_tree=empty
#-----------
snapshot=44
#-----------
time=1088656903
mem_heap_B=40704481
mem_heap_extra_B=12983
mem_stacks_B=0
heap_tree=empty
#-----------
snapshot=45
#-----------
time=1331512819
mem_heap_B=40705057
mem_heap_extra_B=12999
mem_stacks_B=0
heap_tree=empty
#-----------
snapshot=46
#-----------
time=1579901437
mem_heap_B=40706497
mem_heap_extra_B=13039
mem_stacks_B=0
heap_tree=empty
#-----------
snapshot=47
#-----------
time=1838574298
mem_heap_B=40706785
mem_heap_extra_B=13047
mem_stacks_B=0
heap_tree=empty
#-----------
snapshot=48
#-----------
time=2101121321
mem_heap_B=40707073
mem_heap_extra_B=13055
mem_stacks_B=0
heap_tree=empty
#-----------
snapshot=49
#-----------
time=2225314082
mem_heap_B=40707361
mem_heap_extra_B=13063
mem_stacks_B=0
heap_tree=empty
#-----------
snapshot=50
#-----------
time=3064683419
mem_heap_B=40708801
mem_heap_extra_B=13103
mem_stacks_B=0
heap_tree=peak
n11: 40708801 (heap allocation functions) malloc/new/new[], --alloc-fns, etc.
 n1: 9000000 0x10FF36: Matrix::Matrix(unsigned int) (matrix.cpp:33)
  n1: 9000000 0x14303F: Filter::blur(Matrix, int, int) (filters.cpp:179)
   n0: 9000000 0x10F44E: main (blur_par.cpp:25)
 n1: 9000000 0x10FF50: Matrix::Matrix(unsigned int) (matrix.cpp:34)
  n1: 9000000 0x14303F: Filter::blur(Matrix, int, int) (filters.cpp:179)
   n0: 9000000 0x10F44E: main (blur_par.cpp:25)
 n1: 9000000 0x10FF6B: Matrix::Matrix(unsigned int) (matrix.cpp:35)
  n1: 9000000 0x14303F: Filter::blur(Matrix, int, int) (filters.cpp:179)
   n0: 9000000 0x10F44E: main (blur_par.cpp:25)
 n1: 4194305 0x49A5724: std::__cxx11::basic_string<char, std::char_traits<char>, std::allocator<char> >::reserve(unsigned long) (in /usr/lib/x86_64-linux-gnu/libstdc++.so.6.0.30)
  n1: 4194305 0x499B952: std::__cxx11::basic_stringbuf<char, std::char_traits<char>, std::allocator<char> >::overflow(int) (in /usr/lib/x86_64-linux-gnu/libstdc++.so.6.0.30)
   n1: 4194305 0x49A388A: std::basic_streambuf<char, std::char_traits<char> >::xsputn(char const*, long) (in /usr/lib/x86_64-linux-gnu/libstdc++.so.6.0.30)
    n1: 4194305 0x4921CC3: long std::__copy_streambufs_eof<char, std::char_traits<char> >(std::basic_streambuf<char, std::char_traits<char> >*, std::basic_streambuf<char, std::char_traits<char> >*, bool&) (in /usr/lib/x86_64-linux-gnu/libstdc++.so.6.0.30)
     n1: 4194305 0x1134A1: __gnu_cxx::__enable_if<std::__is_char<char>::__value, std::ostreambuf_iterator<char, std::char_traits<char> > >::__type std::copy<char>(std::istreambuf_iterator<char, std::char_traits<char> >, std::istreambuf_iterator<char, std::char_traits<char> >, std::ostreambuf_iterator<char, std::char_traits<char> >) (streambuf_iterator.h:332)
      n1: 4194305 0x110761: PPM::Reader::fill(std::__cxx11::basic_string<char, std::char_traits<char>, std::allocator<char> >) (ppm.cpp:24)
       n1: 4194305 0x110EBF: PPM::Reader::operator()(std::__cxx11::basic_string<char, std::char_traits<char>, std::allocator<char> >) (ppm.cpp:105)
        n0: 4194305 0x10F30B: main (blur_par.cpp:21)
 n2: 2097152 0x10FFCE: Matrix::Matrix(Matrix&) (matrix.cpp:43)
  n0: 1048576 0x10F42E: main (blur_par.cpp:25)
  n1: 1048576 0x143058: Filter::blur(Matrix, int, int) (filters.cpp:180)
   n0: 1048576 0x10F44E: main (blur_par.cpp:25)
 n2: 2097152 0x10FFF3: Matrix::Matrix(Matrix&) (matrix.cpp:44)
  n0: 1048576 0x10F42E: main (blur_par.cpp:25)
  n1: 1048576 0x143058: Filter::blur(Matrix, int, int) (filters.cpp:180)
   n0: 1048576 0x10F44E: main (blur_par.cpp:25)
 n2: 2097152 0x110019: Matrix::Matrix(Matrix&) (matrix.cpp:45)
  n0: 1048576 0x10F42E: main (blur_par.cpp:25)
  n1: 1048576 0x143058: Filter::blur(Matrix, int, int) (filters.cpp:180)
   n0: 1048576 0x10F44E: main (blur_par.cpp:25)
 n1: 1048576 0x110CA9: PPM::Reader::get_data(unsigned int, unsigned int) (ppm.cpp:81)
  n1: 1048576 0x111197: PPM::Reader::operator()(std::__cxx11::basic_string<char, std::char_traits<char>, std::allocator<char> >) (ppm.cpp:135)
   n0: 1048576 0x10F30B: main (blur_par.cpp:21)
 n1: 1048576 0x110CB8: PPM::Reader::get_data(unsigned int, unsigned int) (ppm.cpp:81)
  n1: 1048576 0x111197: PPM::Reader::operator()(std::__cxx11::basic_string<char, std::char_traits<char>, std::allocator<char> >) (ppm.cpp:135)
   n0: 1048576 0x10F30B: main (blur_par.cpp:21)
 n1: 1048576 0x110CC7: PPM::Reader::get_data(unsigned int, unsigned int) (ppm.cpp:81)
  n1: 1048576 0x111197: PPM::Reader::operator()(std::__cxx11::basic_string<char, std::char_traits<char>, std::allocator<char> >) (ppm.cpp:135)
   n0: 1048576 0x10F30B: main (blur_par.cpp:21)
 n0: 77312 in 14 places, all below massif's threshold (1.00%)
#-----------
snapshot=51
#-----------
time=3313999195
mem_heap_B=40705921
mem_heap_extra_B=13023
mem_stacks_B=0
heap_tree=empty
#-----------
snapshot=52
#-----------
time=3450921781
mem_heap_B=40706497
mem_heap_extra_B=13039
mem_stacks_B=0
heap_tree=empty
#-----------
snapshot=53
#-----------
time=4056375451
mem_heap_B=40706785
mem_heap_extra_B=13047
mem_stacks_B=0
heap_tree=empty
#-----------
snapshot=54
#-----------
time=4305679495
mem_heap_B=40707649
mem_heap_extra_B=13071
mem_stacks_B=0
heap_tree=empty
#-----------
snapshot=55
#-----------
time=4554983530
mem_heap_B=40708513
mem_heap_extra_B=13095
mem_stacks_B=0
heap_tree=empty
#-----------
snapshot=56
#-----------
time=4923408213
mem_heap_B=40708513
mem_heap_extra_B=13095
mem_stacks_B=0
heap_tree=empty
#-----------
snapshot=57
#-----------
time=5048064674
mem_heap_B=40705633
mem_heap_extra_B=13015
mem_stacks_B=0
heap_tree=empty
#-----------
snapshot=58
#-----------
time=5363702077
mem_heap_B=13705844
mem_heap_extra_B=4180
mem_stacks_B=0
heap_tree=empty
#-----------
snapshot=59
#-----------
time=5690942807
mem_heap_B=13705844
mem_heap_extra_B=4180
mem_stacks_B=0
heap_tree=empty
