desc: --massif-out-file=outputfiles_par/massif_im4_16.out
cmd: ./blur_par 15 data/im4.ppm outputfiles_par/im4_16.ppm 16
time_unit: i
#-----------
snapshot=0
#-----------
time=0
mem_heap_B=0
mem_heap_extra_B=0
mem_stacks_B=0
heap_tree=empty
#-----------
snapshot=1
#-----------
time=2437024
mem_heap_B=72704
mem_heap_extra_B=8
mem_stacks_B=0
heap_tree=empty
#-----------
snapshot=2
#-----------
time=3152239
mem_heap_B=1654234
mem_heap_extra_B=78
mem_stacks_B=0
heap_tree=empty
#-----------
snapshot=3
#-----------
time=3676758
mem_heap_B=1654234
mem_heap_extra_B=78
mem_stacks_B=0
heap_tree=detailed
n3: 1654234 (heap allocation functions) malloc/new/new[], --alloc-fns, etc.
 n1: 1572866 0x49A5724: std::__cxx11::basic_string<char, std::char_traits<char>, std::allocator<char> >::reserve(unsigned long) (in /usr/lib/x86_64-linux-gnu/libstdc++.so.6.0.30)
  n1: 1572866 0x499B952: std::__cxx11::basic_stringbuf<char, std::char_traits<char>, std::allocator<char> >::overflow(int) (in /usr/lib/x86_64-linux-gnu/libstdc++.so.6.0.30)
   n1: 1572866 0x49A388A: std::basic_streambuf<char, std::char_traits<char> >::xsputn(char const*, long) (in /usr/lib/x86_64-linux-gnu/libstdc++.so.6.0.30)
    n1: 1572866 0x4921CC3: long std::__copy_streambufs_eof<char, std::char_traits<char> >(std::basic_streambuf<char, std::char_traits<char> >*, std::basic_streambuf<char, std::char_traits<char> >*, bool&) (in /usr/lib/x86_64-linux-gnu/libstdc++.so.6.0.30)
     n1: 1572866 0x1134A1: __gnu_cxx::__enable_if<std::__is_char<char>::__value, std::ostreambuf_iterator<char, std::char_traits<char> > >::__type std::copy<char>(std::istreambuf_iterator<char, std::char_traits<char> >, std::istreambuf_iterator<char, std::char_traits<char> >, std::ostreambuf_iterator<char, std::char_traits<char> >) (streambuf_iterator.h:332)
      n1: 1572866 0x110761: PPM::Reader::fill(std::__cxx11::basic_string<char, std::char_traits<char>, std::allocator<char> >) (ppm.cpp:24)
       n1: 1572866 0x110EBF: PPM::Reader::operator()(std::__cxx11::basic_string<char, std::char_traits<char>, std::allocator<char> >) (ppm.cpp:105)
        n0: 1572866 0x10F30B: main (blur_par.cpp:21)
 n1: 72704 0x4903939: ??? (in /usr/lib/x86_64-linux-gnu/libstdc++.so.6.0.30)
  n1: 72704 0x400647D: call_init.part.0 (dl-init.c:70)
   n1: 72704 0x4006567: call_init (dl-init.c:33)
    n1: 72704 0x4006567: _dl_init (dl-init.c:117)
     n1: 72704 0x40202C9: ??? (in /usr/lib/x86_64-linux-gnu/ld-linux-x86-64.so.2)
      n1: 72704 0x4: ???
       n1: 72704 0x1FFF00004A: ???
        n1: 72704 0x1FFF000055: ???
         n1: 72704 0x1FFF000058: ???
          n1: 72704 0x1FFF000065: ???
           n0: 72704 0x1FFF000080: ???
 n0: 8664 in 2 places, all below massif's threshold (1.00%)
#-----------
snapshot=4
#-----------
time=3980820
mem_heap_B=6372826
mem_heap_extra_B=4094
mem_stacks_B=0
heap_tree=empty
#-----------
snapshot=5
#-----------
time=4462332
mem_heap_B=12664282
mem_heap_extra_B=8110
mem_stacks_B=0
heap_tree=empty
#-----------
snapshot=6
#-----------
time=4924114
mem_heap_B=8469977
mem_heap_extra_B=4071
mem_stacks_B=0
heap_tree=empty
#-----------
snapshot=7
#-----------
time=5425598
mem_heap_B=25247194
mem_heap_extra_B=8110
mem_stacks_B=0
heap_tree=empty
#-----------
snapshot=8
#-----------
time=6348692
mem_heap_B=25247194
mem_heap_extra_B=8110
mem_stacks_B=0
heap_tree=detailed
n2: 25247194 (heap allocation functions) malloc/new/new[], --alloc-fns, etc.
 n1: 25165826 0x49A5724: std::__cxx11::basic_string<char, std::char_traits<char>, std::allocator<char> >::reserve(unsigned long) (in /usr/lib/x86_64-linux-gnu/libstdc++.so.6.0.30)
  n1: 25165826 0x499B952: std::__cxx11::basic_stringbuf<char, std::char_traits<char>, std::allocator<char> >::overflow(int) (in /usr/lib/x86_64-linux-gnu/libstdc++.so.6.0.30)
   n1: 25165826 0x49A388A: std::basic_streambuf<char, std::char_traits<char> >::xsputn(char const*, long) (in /usr/lib/x86_64-linux-gnu/libstdc++.so.6.0.30)
    n1: 25165826 0x4921CC3: long std::__copy_streambufs_eof<char, std::char_traits<char> >(std::basic_streambuf<char, std::char_traits<char> >*, std::basic_streambuf<char, std::char_traits<char> >*, bool&) (in /usr/lib/x86_64-linux-gnu/libstdc++.so.6.0.30)
     n1: 25165826 0x1134A1: __gnu_cxx::__enable_if<std::__is_char<char>::__value, std::ostreambuf_iterator<char, std::char_traits<char> > >::__type std::copy<char>(std::istreambuf_iterator<char, std::char_traits<char> >, std::istreambuf_iterator<char, std::char_traits<char> >, std::ostreambuf_iterator<char, std::char_traits<char> >) (streambuf_iterator.h:332)
      n1: 25165826 0x110761: PPM::Reader::fill(std::__cxx11::basic_string<char, std::char_traits<char>, std::allocator<char> >) (ppm.cpp:24)
       n1: 25165826 0x110EBF: PPM::Reader::operator()(std::__cxx11::basic_string<char, std::char_traits<char>, std::allocator<char> >) (ppm.cpp:105)
        n0: 25165826 0x10F30B: main (blur_par.cpp:21)
 n0: 81368 in 3 places, all below massif's threshold (1.00%)
#-----------
snapshot=9
#-----------
time=6348692
mem_heap_B=16858585
mem_heap_extra_B=4071
mem_stacks_B=0
heap_tree=empty
#-----------
snapshot=10
#-----------
time=7351472
mem_heap_B=50413018
mem_heap_extra_B=8110
mem_stacks_B=0
heap_tree=empty
#-----------
snapshot=11
#-----------
time=8799431
mem_heap_B=50413018
mem_heap_extra_B=8110
mem_stacks_B=0
heap_tree=detailed
n2: 50413018 (heap allocation functions) malloc/new/new[], --alloc-fns, etc.
 n1: 50331650 0x49A5724: std::__cxx11::basic_string<char, std::char_traits<char>, std::allocator<char> >::reserve(unsigned long) (in /usr/lib/x86_64-linux-gnu/libstdc++.so.6.0.30)
  n1: 50331650 0x499B952: std::__cxx11::basic_stringbuf<char, std::char_traits<char>, std::allocator<char> >::overflow(int) (in /usr/lib/x86_64-linux-gnu/libstdc++.so.6.0.30)
   n1: 50331650 0x49A388A: std::basic_streambuf<char, std::char_traits<char> >::xsputn(char const*, long) (in /usr/lib/x86_64-linux-gnu/libstdc++.so.6.0.30)
    n1: 50331650 0x4921CC3: long std::__copy_streambufs_eof<char, std::char_traits<char> >(std::basic_streambuf<char, std::char_traits<char> >*, std::basic_streambuf<char, std::char_traits<char> >*, bool&) (in /usr/lib/x86_64-linux-gnu/libstdc++.so.6.0.30)
     n1: 50331650 0x1134A1: __gnu_cxx::__enable_if<std::__is_char<char>::__value, std::ostreambuf_iterator<char, std::char_traits<char> > >::__type std::copy<char>(std::istreambuf_iterator<char, std::char_traits<char> >, std::istreambuf_iterator<char, std::char_traits<char> >, std::ostreambuf_iterator<char, std::char_traits<char> >) (streambuf_iterator.h:332)
      n1: 50331650 0x110761: PPM::Reader::fill(std::__cxx11::basic_string<char, std::char_traits<char>, std::allocator<char> >) (ppm.cpp:24)
       n1: 50331650 0x110EBF: PPM::Reader::operator()(std::__cxx11::basic_string<char, std::char_traits<char>, std::allocator<char> >) (ppm.cpp:105)
        n0: 50331650 0x10F30B: main (blur_par.cpp:21)
 n0: 81368 in 3 places, all below massif's threshold (1.00%)
#-----------
snapshot=12
#-----------
time=8799431
mem_heap_B=33635801
mem_heap_extra_B=4071
mem_stacks_B=0
heap_tree=empty
#-----------
snapshot=13
#-----------
time=10024999
mem_heap_B=33627609
mem_heap_extra_B=4063
mem_stacks_B=0
heap_tree=empty
#-----------
snapshot=14
#-----------
time=10512198
mem_heap_B=33628018
mem_heap_extra_B=4126
mem_stacks_B=0
heap_tree=empty
#-----------
snapshot=15
#-----------
time=11148785
mem_heap_B=33628020
mem_heap_extra_B=4148
mem_stacks_B=0
heap_tree=empty
#-----------
snapshot=16
#-----------
time=11479335
mem_heap_B=33628020
mem_heap_extra_B=4148
mem_stacks_B=0
heap_tree=empty
#-----------
snapshot=17
#-----------
time=11937752
mem_heap_B=33628746
mem_heap_extra_B=4142
mem_stacks_B=0
heap_tree=empty
#-----------
snapshot=18
#-----------
time=12451237
mem_heap_B=33628746
mem_heap_extra_B=4142
mem_stacks_B=0
heap_tree=empty
#-----------
snapshot=19
#-----------
time=13111937
mem_heap_B=33628746
mem_heap_extra_B=4142
mem_stacks_B=0
heap_tree=empty
#-----------
snapshot=20
#-----------
time=13535703
mem_heap_B=33629097
mem_heap_extra_B=4111
mem_stacks_B=0
heap_tree=empty
#-----------
snapshot=21
#-----------
time=13989158
mem_heap_B=33628020
mem_heap_extra_B=4148
mem_stacks_B=0
heap_tree=empty
#-----------
snapshot=22
#-----------
time=14319508
mem_heap_B=33628020
mem_heap_extra_B=4148
mem_stacks_B=0
heap_tree=empty
#-----------
snapshot=23
#-----------
time=14729815
mem_heap_B=33628017
mem_heap_extra_B=4103
mem_stacks_B=0
heap_tree=empty
#-----------
snapshot=24
#-----------
time=15321257
mem_heap_B=60627137
mem_heap_extra_B=12903
mem_stacks_B=0
heap_tree=empty
#-----------
snapshot=25
#-----------
time=3858323957
mem_heap_B=69627137
mem_heap_extra_B=15855
mem_stacks_B=0
heap_tree=empty
#-----------
snapshot=26
#-----------
time=3858324045
mem_heap_B=87627137
mem_heap_extra_B=21759
mem_stacks_B=0
heap_tree=empty
#-----------
snapshot=27
#-----------
time=6567363204
mem_heap_B=96627137
mem_heap_extra_B=24711
mem_stacks_B=0
heap_tree=empty
#-----------
snapshot=28
#-----------
time=6567363468
mem_heap_B=141627137
mem_heap_extra_B=39471
mem_stacks_B=0
heap_tree=empty
#-----------
snapshot=29
#-----------
time=9276407822
mem_heap_B=141627425
mem_heap_extra_B=39479
mem_stacks_B=0
heap_tree=empty
#-----------
snapshot=30
#-----------
time=9276418236
mem_heap_B=141630305
mem_heap_extra_B=39559
mem_stacks_B=0
heap_tree=empty
#-----------
snapshot=31
#-----------
time=10339516369
mem_heap_B=141630593
mem_heap_extra_B=39567
mem_stacks_B=0
heap_tree=empty
#-----------
snapshot=32
#-----------
time=11402614502
mem_heap_B=141630881
mem_heap_extra_B=39575
mem_stacks_B=0
heap_tree=detailed
n11: 141630881 (heap allocation functions) malloc/new/new[], --alloc-fns, etc.
 n1: 33554433 0x49A5724: std::__cxx11::basic_string<char, std::char_traits<char>, std::allocator<char> >::reserve(unsigned long) (in /usr/lib/x86_64-linux-gnu/libstdc++.so.6.0.30)
  n1: 33554433 0x499B952: std::__cxx11::basic_stringbuf<char, std::char_traits<char>, std::allocator<char> >::overflow(int) (in /usr/lib/x86_64-linux-gnu/libstdc++.so.6.0.30)
   n1: 33554433 0x49A388A: std::basic_streambuf<char, std::char_traits<char> >::xsputn(char const*, long) (in /usr/lib/x86_64-linux-gnu/libstdc++.so.6.0.30)
    n1: 33554433 0x4921CC3: long std::__copy_streambufs_eof<char, std::char_traits<char> >(std::basic_streambuf<char, std::char_traits<char> >*, std::basic_streambuf<char, std::char_traits<char> >*, bool&) (in /usr/lib/x86_64-linux-gnu/libstdc++.so.6.0.30)
     n1: 33554433 0x1134A1: __gnu_cxx::__enable_if<std::__is_char<char>::__value, std::ostreambuf_iterator<char, std::char_traits<char> > >::__type std::copy<char>(std::istreambuf_iterator<char, std::char_traits<char> >, std::istreambuf_iterator<char, std::char_traits<char> >, std::ostreambuf_iterator<char, std::char_traits<char> >) (streambuf_iterator.h:332)
      n1: 33554433 0x110761: PPM::Reader::fill(std::__cxx11::basic_string<char, std::char_traits<char>, std::allocator<char> >) (ppm.cpp:24)
       n1: 33554433 0x110EBF: PPM::Reader::operator()(std::__cxx11::basic_string<char, std::char_traits<char>, std::allocator<char> >) (ppm.cpp:105)
        n0: 33554433 0x10F30B: main (blur_par.cpp:21)
 n2: 18000000 0x10FFCE: Matrix::Matrix(Matrix&) (matrix.cpp:43)
  n0: 9000000 0x10F42E: main (blur_par.cpp:25)
  n1: 9000000 0x143058: Filter::blur(Matrix, int, int) (filters.cpp:180)
   n0: 9000000 0x10F44E: main (blur_par.cpp:25)
 n2: 18000000 0x10FFF3: Matrix::Matrix(Matrix&) (matrix.cpp:44)
  n0: 9000000 0x10F42E: main (blur_par.cpp:25)
  n1: 9000000 0x143058: Filter::blur(Matrix, int, int) (filters.cpp:180)
   n0: 9000000 0x10F44E: main (blur_par.cpp:25)
 n2: 18000000 0x110019: Matrix::Matrix(Matrix&) (matrix.cpp:45)
  n0: 9000000 0x10F42E: main (blur_par.cpp:25)
  n1: 9000000 0x143058: Filter::blur(Matrix, int, int) (filters.cpp:180)
   n0: 9000000 0x10F44E: main (blur_par.cpp:25)
 n1: 9000000 0x10FF36: Matrix::Matrix(unsigned int) (matrix.cpp:33)
  n1: 9000000 0x14303F: Filter::blur(Matrix, int, int) (filters.cpp:179)
   n0: 9000000 0x10F44E: main (blur_par.cpp:25)
 n1: 9000000 0x10FF50: Matrix::Matrix(unsigned int) (matrix.cpp:34)
  n1: 9000000 0x14303F: Filter::blur(Matrix, int, int) (filters.cpp:179)
   n0: 9000000 0x10F44E: main (blur_par.cpp:25)
 n1: 9000000 0x10FF6B: Matrix::Matrix(unsigned int) (matrix.cpp:35)
  n1: 9000000 0x14303F: Filter::blur(Matrix, int, int) (filters.cpp:179)
   n0: 9000000 0x10F44E: main (blur_par.cpp:25)
 n1: 9000000 0x110CA9: PPM::Reader::get_data(unsigned int, unsigned int) (ppm.cpp:81)
  n1: 9000000 0x111197: PPM::Reader::operator()(std::__cxx11::basic_string<char, std::char_traits<char>, std::allocator<char> >) (ppm.cpp:135)
   n0: 9000000 0x10F30B: main (blur_par.cpp:21)
 n1: 9000000 0x110CB8: PPM::Reader::get_data(unsigned int, unsigned int) (ppm.cpp:81)
  n1: 9000000 0x111197: PPM::Reader::operator()(std::__cxx11::basic_string<char, std::char_traits<char>, std::allocator<char> >) (ppm.cpp:135)
   n0: 9000000 0x10F30B: main (blur_par.cpp:21)
 n1: 9000000 0x110CC7: PPM::Reader::get_data(unsigned int, unsigned int) (ppm.cpp:81)
  n1: 9000000 0x111197: PPM::Reader::operator()(std::__cxx11::basic_string<char, std::char_traits<char>, std::allocator<char> >) (ppm.cpp:135)
   n0: 9000000 0x10F30B: main (blur_par.cpp:21)
 n0: 76448 in 14 places, all below massif's threshold (1.00%)
#-----------
snapshot=33
#-----------
time=11402617616
mem_heap_B=141631745
mem_heap_extra_B=39599
mem_stacks_B=0
heap_tree=empty
#-----------
snapshot=34
#-----------
time=24143585712
mem_heap_B=141631745
mem_heap_extra_B=39599
mem_stacks_B=0
heap_tree=peak
n11: 141631745 (heap allocation functions) malloc/new/new[], --alloc-fns, etc.
 n1: 33554433 0x49A5724: std::__cxx11::basic_string<char, std::char_traits<char>, std::allocator<char> >::reserve(unsigned long) (in /usr/lib/x86_64-linux-gnu/libstdc++.so.6.0.30)
  n1: 33554433 0x499B952: std::__cxx11::basic_stringbuf<char, std::char_traits<char>, std::allocator<char> >::overflow(int) (in /usr/lib/x86_64-linux-gnu/libstdc++.so.6.0.30)
   n1: 33554433 0x49A388A: std::basic_streambuf<char, std::char_traits<char> >::xsputn(char const*, long) (in /usr/lib/x86_64-linux-gnu/libstdc++.so.6.0.30)
    n1: 33554433 0x4921CC3: long std::__copy_streambufs_eof<char, std::char_traits<char> >(std::basic_streambuf<char, std::char_traits<char> >*, std::basic_streambuf<char, std::char_traits<char> >*, bool&) (in /usr/lib/x86_64-linux-gnu/libstdc++.so.6.0.30)
     n1: 33554433 0x1134A1: __gnu_cxx::__enable_if<std::__is_char<char>::__value, std::ostreambuf_iterator<char, std::char_traits<char> > >::__type std::copy<char>(std::istreambuf_iterator<char, std::char_traits<char> >, std::istreambuf_iterator<char, std::char_traits<char> >, std::ostreambuf_iterator<char, std::char_traits<char> >) (streambuf_iterator.h:332)
      n1: 33554433 0x110761: PPM::Reader::fill(std::__cxx11::basic_string<char, std::char_traits<char>, std::allocator<char> >) (ppm.cpp:24)
       n1: 33554433 0x110EBF: PPM::Reader::operator()(std::__cxx11::basic_string<char, std::char_traits<char>, std::allocator<char> >) (ppm.cpp:105)
        n0: 33554433 0x10F30B: main (blur_par.cpp:21)
 n2: 18000000 0x10FFCE: Matrix::Matrix(Matrix&) (matrix.cpp:43)
  n0: 9000000 0x10F42E: main (blur_par.cpp:25)
  n1: 9000000 0x143058: Filter::blur(Matrix, int, int) (filters.cpp:180)
   n0: 9000000 0x10F44E: main (blur_par.cpp:25)
 n2: 18000000 0x10FFF3: Matrix::Matrix(Matrix&) (matrix.cpp:44)
  n0: 9000000 0x10F42E: main (blur_par.cpp:25)
  n1: 9000000 0x143058: Filter::blur(Matrix, int, int) (filters.cpp:180)
   n0: 9000000 0x10F44E: main (blur_par.cpp:25)
 n2: 18000000 0x110019: Matrix::Matrix(Matrix&) (matrix.cpp:45)
  n0: 9000000 0x10F42E: main (blur_par.cpp:25)
  n1: 9000000 0x143058: Filter::blur(Matrix, int, int) (filters.cpp:180)
   n0: 9000000 0x10F44E: main (blur_par.cpp:25)
 n1: 9000000 0x10FF36: Matrix::Matrix(unsigned int) (matrix.cpp:33)
  n1: 9000000 0x14303F: Filter::blur(Matrix, int, int) (filters.cpp:179)
   n0: 9000000 0x10F44E: main (blur_par.cpp:25)
 n1: 9000000 0x10FF50: Matrix::Matrix(unsigned int) (matrix.cpp:34)
  n1: 9000000 0x14303F: Filter::blur(Matrix, int, int) (filters.cpp:179)
   n0: 9000000 0x10F44E: main (blur_par.cpp:25)
 n1: 9000000 0x10FF6B: Matrix::Matrix(unsigned int) (matrix.cpp:35)
  n1: 9000000 0x14303F: Filter::blur(Matrix, int, int) (filters.cpp:179)
   n0: 9000000 0x10F44E: main (blur_par.cpp:25)
 n1: 9000000 0x110CA9: PPM::Reader::get_data(unsigned int, unsigned int) (ppm.cpp:81)
  n1: 9000000 0x111197: PPM::Reader::operator()(std::__cxx11::basic_string<char, std::char_traits<char>, std::allocator<char> >) (ppm.cpp:135)
   n0: 9000000 0x10F30B: main (blur_par.cpp:21)
 n1: 9000000 0x110CB8: PPM::Reader::get_data(unsigned int, unsigned int) (ppm.cpp:81)
  n1: 9000000 0x111197: PPM::Reader::operator()(std::__cxx11::basic_string<char, std::char_traits<char>, std::allocator<char> >) (ppm.cpp:135)
   n0: 9000000 0x10F30B: main (blur_par.cpp:21)
 n1: 9000000 0x110CC7: PPM::Reader::get_data(unsigned int, unsigned int) (ppm.cpp:81)
  n1: 9000000 0x111197: PPM::Reader::operator()(std::__cxx11::basic_string<char, std::char_traits<char>, std::allocator<char> >) (ppm.cpp:135)
   n0: 9000000 0x10F30B: main (blur_par.cpp:21)
 n0: 77312 in 14 places, all below massif's threshold (1.00%)
#-----------
snapshot=35
#-----------
time=24143587488
mem_heap_B=141630593
mem_heap_extra_B=39567
mem_stacks_B=0
heap_tree=empty
#-----------
snapshot=36
#-----------
time=26299062422
mem_heap_B=141630305
mem_heap_extra_B=39559
mem_stacks_B=0
heap_tree=empty
#-----------
snapshot=37
#-----------
time=26299066566
mem_heap_B=141628289
mem_heap_extra_B=39503
mem_stacks_B=0
heap_tree=empty
#-----------
snapshot=38
#-----------
time=29483946067
mem_heap_B=141628577
mem_heap_extra_B=39511
mem_stacks_B=0
heap_tree=empty
#-----------
snapshot=39
#-----------
time=29483955418
mem_heap_B=141631169
mem_heap_extra_B=39583
mem_stacks_B=0
heap_tree=empty
#-----------
snapshot=40
#-----------
time=30550980551
mem_heap_B=141631457
mem_heap_extra_B=39591
mem_stacks_B=0
heap_tree=empty
#-----------
snapshot=41
#-----------
time=30550981587
mem_heap_B=141631745
mem_heap_extra_B=39599
mem_stacks_B=0
heap_tree=empty
#-----------
snapshot=42
#-----------
time=42317696466
mem_heap_B=141631457
mem_heap_extra_B=39591
mem_stacks_B=0
heap_tree=empty
#-----------
snapshot=43
#-----------
time=42317701794
mem_heap_B=141628865
mem_heap_extra_B=39519
mem_stacks_B=0
heap_tree=empty
#-----------
snapshot=44
#-----------
time=43384726562
mem_heap_B=141628577
mem_heap_extra_B=39511
mem_stacks_B=0
heap_tree=empty
#-----------
snapshot=45
#-----------
time=43384728030
mem_heap_B=114628316
mem_heap_extra_B=30660
mem_stacks_B=0
heap_tree=empty
#-----------
snapshot=46
#-----------
time=46093768277
mem_heap_B=114628788
mem_heap_extra_B=30676
mem_stacks_B=0
heap_tree=empty
#-----------
snapshot=47
#-----------
time=46093768779
mem_heap_B=114636980
mem_heap_extra_B=30684
mem_stacks_B=0
heap_tree=empty
#-----------
snapshot=48
#-----------
time=48902394925
mem_heap_B=114628788
mem_heap_extra_B=30676
mem_stacks_B=0
heap_tree=empty
#-----------
snapshot=49
#-----------
time=48902395713
mem_heap_B=87628289
mem_heap_extra_B=21791
mem_stacks_B=0
heap_tree=empty
#-----------
snapshot=50
#-----------
time=48902395797
mem_heap_B=78628289
mem_heap_extra_B=18839
mem_stacks_B=0
heap_tree=empty
#-----------
snapshot=51
#-----------
time=48902395839
mem_heap_B=69628289
mem_heap_extra_B=15887
mem_stacks_B=0
heap_tree=empty
#-----------
snapshot=52
#-----------
time=48902395881
mem_heap_B=60628289
mem_heap_extra_B=12935
mem_stacks_B=0
heap_tree=empty
#-----------
snapshot=53
#-----------
time=48902395972
mem_heap_B=51628289
mem_heap_extra_B=9983
mem_stacks_B=0
heap_tree=empty
#-----------
snapshot=54
#-----------
time=48902396014
mem_heap_B=42628289
mem_heap_extra_B=7031
mem_stacks_B=0
heap_tree=empty
#-----------
snapshot=55
#-----------
time=48902396056
mem_heap_B=33628289
mem_heap_extra_B=4079
mem_stacks_B=0
heap_tree=detailed
n2: 33628289 (heap allocation functions) malloc/new/new[], --alloc-fns, etc.
 n1: 33554433 0x49A5724: std::__cxx11::basic_string<char, std::char_traits<char>, std::allocator<char> >::reserve(unsigned long) (in /usr/lib/x86_64-linux-gnu/libstdc++.so.6.0.30)
  n1: 33554433 0x499B952: std::__cxx11::basic_stringbuf<char, std::char_traits<char>, std::allocator<char> >::overflow(int) (in /usr/lib/x86_64-linux-gnu/libstdc++.so.6.0.30)
   n1: 33554433 0x49A388A: std::basic_streambuf<char, std::char_traits<char> >::xsputn(char const*, long) (in /usr/lib/x86_64-linux-gnu/libstdc++.so.6.0.30)
    n1: 33554433 0x4921CC3: long std::__copy_streambufs_eof<char, std::char_traits<char> >(std::basic_streambuf<char, std::char_traits<char> >*, std::basic_streambuf<char, std::char_traits<char> >*, bool&) (in /usr/lib/x86_64-linux-gnu/libstdc++.so.6.0.30)
     n1: 33554433 0x1134A1: __gnu_cxx::__enable_if<std::__is_char<char>::__value, std::ostreambuf_iterator<char, std::char_traits<char> > >::__type std::copy<char>(std::istreambuf_iterator<char, std::char_traits<char> >, std::istreambuf_iterator<char, std::char_traits<char> >, std::ostreambuf_iterator<char, std::char_traits<char> >) (streambuf_iterator.h:332)
      n1: 33554433 0x110761: PPM::Reader::fill(std::__cxx11::basic_string<char, std::char_traits<char>, std::allocator<char> >) (ppm.cpp:24)
       n1: 33554433 0x110EBF: PPM::Reader::operator()(std::__cxx11::basic_string<char, std::char_traits<char>, std::allocator<char> >) (ppm.cpp:105)
        n0: 33554433 0x10F30B: main (blur_par.cpp:21)
 n0: 73856 in 24 places, all below massif's threshold (1.00%)
#-----------
snapshot=56
#-----------
time=48902396132
mem_heap_B=73856
mem_heap_extra_B=40
mem_stacks_B=0
heap_tree=empty
#-----------
snapshot=57
#-----------
time=48902407823
mem_heap_B=1152
mem_heap_extra_B=32
mem_stacks_B=0
heap_tree=empty
#-----------
snapshot=58
#-----------
time=48902410505
mem_heap_B=864
mem_heap_extra_B=24
mem_stacks_B=0
heap_tree=empty
#-----------
snapshot=59
#-----------
time=48902410927
mem_heap_B=576
mem_heap_extra_B=16
mem_stacks_B=0
heap_tree=empty
#-----------
snapshot=60
#-----------
time=48902411349
mem_heap_B=288
mem_heap_extra_B=8
mem_stacks_B=0
heap_tree=empty
#-----------
snapshot=61
#-----------
time=48902411771
mem_heap_B=0
mem_heap_extra_B=0
mem_stacks_B=0
heap_tree=empty
