desc: --massif-out-file=massif_im1.out
cmd: ./blur 15 data/im1.ppm outputfiles/im1.ppm
time_unit: i
#-----------
snapshot=0
#-----------
time=0
mem_heap_B=0
mem_heap_extra_B=0
mem_stacks_B=0
heap_tree=empty
#-----------
snapshot=1
#-----------
time=2429013
mem_heap_B=415920
mem_heap_extra_B=8
mem_stacks_B=0
heap_tree=empty
#-----------
snapshot=2
#-----------
time=2709317
mem_heap_B=890506
mem_heap_extra_B=86
mem_stacks_B=0
heap_tree=empty
#-----------
snapshot=3
#-----------
time=2856439
mem_heap_B=1283722
mem_heap_extra_B=86
mem_stacks_B=0
heap_tree=empty
#-----------
snapshot=4
#-----------
time=3118846
mem_heap_B=1283722
mem_heap_extra_B=86
mem_stacks_B=0
heap_tree=detailed
n4: 1283722 (heap allocation functions) malloc/new/new[], --alloc-fns, etc.
 n1: 786434 0x49A5724: std::__cxx11::basic_string<char, std::char_traits<char>, std::allocator<char> >::reserve(unsigned long) (in /usr/lib/x86_64-linux-gnu/libstdc++.so.6.0.30)
  n1: 786434 0x499B952: std::__cxx11::basic_stringbuf<char, std::char_traits<char>, std::allocator<char> >::overflow(int) (in /usr/lib/x86_64-linux-gnu/libstdc++.so.6.0.30)
   n1: 786434 0x49A388A: std::basic_streambuf<char, std::char_traits<char> >::xsputn(char const*, long) (in /usr/lib/x86_64-linux-gnu/libstdc++.so.6.0.30)
    n1: 786434 0x4921CC3: long std::__copy_streambufs_eof<char, std::char_traits<char> >(std::basic_streambuf<char, std::char_traits<char> >*, std::basic_streambuf<char, std::char_traits<char> >*, bool&) (in /usr/lib/x86_64-linux-gnu/libstdc++.so.6.0.30)
     n1: 786434 0x113335: __gnu_cxx::__enable_if<std::__is_char<char>::__value, std::ostreambuf_iterator<char, std::char_traits<char> > >::__type std::copy<char>(std::istreambuf_iterator<char, std::char_traits<char> >, std::istreambuf_iterator<char, std::char_traits<char> >, std::ostreambuf_iterator<char, std::char_traits<char> >) (streambuf_iterator.h:332)
      n1: 786434 0x1105F5: PPM::Reader::fill(std::__cxx11::basic_string<char, std::char_traits<char>, std::allocator<char> >) (ppm.cpp:24)
       n1: 786434 0x110D53: PPM::Reader::operator()(std::__cxx11::basic_string<char, std::char_traits<char>, std::allocator<char> >) (ppm.cpp:105)
        n0: 786434 0x10F351: main (blur.cpp:21)
 n1: 415920 0x4CB4C12: monstartup (gmon.c:153)
  n1: 415920 0x10F150: __gmon_start__ (in /mnt/c/Users/smiet/Desktop/Assignments/Optimazation programming/Ass 2/dv1674_a2/blur/blur)
   n1: 415920 0x4846015: ??? (in /usr/libexec/valgrind/vgpreload_massif-amd64-linux.so)
    n1: 415920 0x4000D57: ??? (in /usr/lib/x86_64-linux-gnu/ld-linux-x86-64.so.2)
     n1: 415920 0x4006439: call_init.part.0 (dl-init.c:56)
      n1: 415920 0x40065F8: call_init (dl-init.c:33)
       n1: 415920 0x40065F8: _dl_init (dl-init.c:84)
        n1: 415920 0x40202C9: ??? (in /usr/lib/x86_64-linux-gnu/ld-linux-x86-64.so.2)
         n1: 415920 0x3: ???
          n1: 415920 0x1FFF00005A: ???
           n1: 415920 0x1FFF000061: ???
            n1: 415920 0x1FFF000064: ???
             n0: 415920 0x1FFF000071: ???
 n1: 72704 0x4903939: ??? (in /usr/lib/x86_64-linux-gnu/libstdc++.so.6.0.30)
  n1: 72704 0x400647D: call_init.part.0 (dl-init.c:70)
   n1: 72704 0x4006567: call_init (dl-init.c:33)
    n1: 72704 0x4006567: _dl_init (dl-init.c:117)
     n1: 72704 0x40202C9: ??? (in /usr/lib/x86_64-linux-gnu/ld-linux-x86-64.so.2)
      n1: 72704 0x3: ???
       n1: 72704 0x1FFF00005A: ???
        n1: 72704 0x1FFF000061: ???
         n1: 72704 0x1FFF000064: ???
          n0: 72704 0x1FFF000071: ???
 n0: 8664 in 2 places, all below massif's threshold (1.00%)
#-----------
snapshot=5
#-----------
time=3150345
mem_heap_B=2070154
mem_heap_extra_B=86
mem_stacks_B=0
heap_tree=empty
#-----------
snapshot=6
#-----------
time=3674880
mem_heap_B=2070154
mem_heap_extra_B=86
mem_stacks_B=0
heap_tree=detailed
n4: 2070154 (heap allocation functions) malloc/new/new[], --alloc-fns, etc.
 n1: 1572866 0x49A5724: std::__cxx11::basic_string<char, std::char_traits<char>, std::allocator<char> >::reserve(unsigned long) (in /usr/lib/x86_64-linux-gnu/libstdc++.so.6.0.30)
  n1: 1572866 0x499B952: std::__cxx11::basic_stringbuf<char, std::char_traits<char>, std::allocator<char> >::overflow(int) (in /usr/lib/x86_64-linux-gnu/libstdc++.so.6.0.30)
   n1: 1572866 0x49A388A: std::basic_streambuf<char, std::char_traits<char> >::xsputn(char const*, long) (in /usr/lib/x86_64-linux-gnu/libstdc++.so.6.0.30)
    n1: 1572866 0x4921CC3: long std::__copy_streambufs_eof<char, std::char_traits<char> >(std::basic_streambuf<char, std::char_traits<char> >*, std::basic_streambuf<char, std::char_traits<char> >*, bool&) (in /usr/lib/x86_64-linux-gnu/libstdc++.so.6.0.30)
     n1: 1572866 0x113335: __gnu_cxx::__enable_if<std::__is_char<char>::__value, std::ostreambuf_iterator<char, std::char_traits<char> > >::__type std::copy<char>(std::istreambuf_iterator<char, std::char_traits<char> >, std::istreambuf_iterator<char, std::char_traits<char> >, std::ostreambuf_iterator<char, std::char_traits<char> >) (streambuf_iterator.h:332)
      n1: 1572866 0x1105F5: PPM::Reader::fill(std::__cxx11::basic_string<char, std::char_traits<char>, std::allocator<char> >) (ppm.cpp:24)
       n1: 1572866 0x110D53: PPM::Reader::operator()(std::__cxx11::basic_string<char, std::char_traits<char>, std::allocator<char> >) (ppm.cpp:105)
        n0: 1572866 0x10F351: main (blur.cpp:21)
 n1: 415920 0x4CB4C12: monstartup (gmon.c:153)
  n1: 415920 0x10F150: __gmon_start__ (in /mnt/c/Users/smiet/Desktop/Assignments/Optimazation programming/Ass 2/dv1674_a2/blur/blur)
   n1: 415920 0x4846015: ??? (in /usr/libexec/valgrind/vgpreload_massif-amd64-linux.so)
    n1: 415920 0x4000D57: ??? (in /usr/lib/x86_64-linux-gnu/ld-linux-x86-64.so.2)
     n1: 415920 0x4006439: call_init.part.0 (dl-init.c:56)
      n1: 415920 0x40065F8: call_init (dl-init.c:33)
       n1: 415920 0x40065F8: _dl_init (dl-init.c:84)
        n1: 415920 0x40202C9: ??? (in /usr/lib/x86_64-linux-gnu/ld-linux-x86-64.so.2)
         n1: 415920 0x3: ???
          n1: 415920 0x1FFF00005A: ???
           n1: 415920 0x1FFF000061: ???
            n1: 415920 0x1FFF000064: ???
             n0: 415920 0x1FFF000071: ???
 n1: 72704 0x4903939: ??? (in /usr/lib/x86_64-linux-gnu/libstdc++.so.6.0.30)
  n1: 72704 0x400647D: call_init.part.0 (dl-init.c:70)
   n1: 72704 0x4006567: call_init (dl-init.c:33)
    n1: 72704 0x4006567: _dl_init (dl-init.c:117)
     n1: 72704 0x40202C9: ??? (in /usr/lib/x86_64-linux-gnu/ld-linux-x86-64.so.2)
      n1: 72704 0x3: ???
       n1: 72704 0x1FFF00005A: ???
        n1: 72704 0x1FFF000061: ???
         n1: 72704 0x1FFF000064: ???
          n0: 72704 0x1FFF000071: ???
 n0: 8664 in 2 places, all below massif's threshold (1.00%)
#-----------
snapshot=7
#-----------
time=3853515
mem_heap_B=3643018
mem_heap_extra_B=86
mem_stacks_B=0
heap_tree=detailed
n4: 3643018 (heap allocation functions) malloc/new/new[], --alloc-fns, etc.
 n1: 3145730 0x49A5724: std::__cxx11::basic_string<char, std::char_traits<char>, std::allocator<char> >::reserve(unsigned long) (in /usr/lib/x86_64-linux-gnu/libstdc++.so.6.0.30)
  n1: 3145730 0x499B952: std::__cxx11::basic_stringbuf<char, std::char_traits<char>, std::allocator<char> >::overflow(int) (in /usr/lib/x86_64-linux-gnu/libstdc++.so.6.0.30)
   n1: 3145730 0x49A388A: std::basic_streambuf<char, std::char_traits<char> >::xsputn(char const*, long) (in /usr/lib/x86_64-linux-gnu/libstdc++.so.6.0.30)
    n1: 3145730 0x4921CC3: long std::__copy_streambufs_eof<char, std::char_traits<char> >(std::basic_streambuf<char, std::char_traits<char> >*, std::basic_streambuf<char, std::char_traits<char> >*, bool&) (in /usr/lib/x86_64-linux-gnu/libstdc++.so.6.0.30)
     n1: 3145730 0x113335: __gnu_cxx::__enable_if<std::__is_char<char>::__value, std::ostreambuf_iterator<char, std::char_traits<char> > >::__type std::copy<char>(std::istreambuf_iterator<char, std::char_traits<char> >, std::istreambuf_iterator<char, std::char_traits<char> >, std::ostreambuf_iterator<char, std::char_traits<char> >) (streambuf_iterator.h:332)
      n1: 3145730 0x1105F5: PPM::Reader::fill(std::__cxx11::basic_string<char, std::char_traits<char>, std::allocator<char> >) (ppm.cpp:24)
       n1: 3145730 0x110D53: PPM::Reader::operator()(std::__cxx11::basic_string<char, std::char_traits<char>, std::allocator<char> >) (ppm.cpp:105)
        n0: 3145730 0x10F351: main (blur.cpp:21)
 n1: 415920 0x4CB4C12: monstartup (gmon.c:153)
  n1: 415920 0x10F150: __gmon_start__ (in /mnt/c/Users/smiet/Desktop/Assignments/Optimazation programming/Ass 2/dv1674_a2/blur/blur)
   n1: 415920 0x4846015: ??? (in /usr/libexec/valgrind/vgpreload_massif-amd64-linux.so)
    n1: 415920 0x4000D57: ??? (in /usr/lib/x86_64-linux-gnu/ld-linux-x86-64.so.2)
     n1: 415920 0x4006439: call_init.part.0 (dl-init.c:56)
      n1: 415920 0x40065F8: call_init (dl-init.c:33)
       n1: 415920 0x40065F8: _dl_init (dl-init.c:84)
        n1: 415920 0x40202C9: ??? (in /usr/lib/x86_64-linux-gnu/ld-linux-x86-64.so.2)
         n1: 415920 0x3: ???
          n1: 415920 0x1FFF00005A: ???
           n1: 415920 0x1FFF000061: ???
            n1: 415920 0x1FFF000064: ???
             n0: 415920 0x1FFF000071: ???
 n1: 72704 0x4903939: ??? (in /usr/lib/x86_64-linux-gnu/libstdc++.so.6.0.30)
  n1: 72704 0x400647D: call_init.part.0 (dl-init.c:70)
   n1: 72704 0x4006567: call_init (dl-init.c:33)
    n1: 72704 0x4006567: _dl_init (dl-init.c:117)
     n1: 72704 0x40202C9: ??? (in /usr/lib/x86_64-linux-gnu/ld-linux-x86-64.so.2)
      n1: 72704 0x3: ???
       n1: 72704 0x1FFF00005A: ???
        n1: 72704 0x1FFF000061: ???
         n1: 72704 0x1FFF000064: ???
          n0: 72704 0x1FFF000071: ???
 n0: 8664 in 2 places, all below massif's threshold (1.00%)
#-----------
snapshot=8
#-----------
time=4006511
mem_heap_B=2586701
mem_heap_extra_B=131
mem_stacks_B=0
heap_tree=detailed
n4: 2586701 (heap allocation functions) malloc/new/new[], --alloc-fns, etc.
 n1: 2097153 0x49A5724: std::__cxx11::basic_string<char, std::char_traits<char>, std::allocator<char> >::reserve(unsigned long) (in /usr/lib/x86_64-linux-gnu/libstdc++.so.6.0.30)
  n1: 2097153 0x499B952: std::__cxx11::basic_stringbuf<char, std::char_traits<char>, std::allocator<char> >::overflow(int) (in /usr/lib/x86_64-linux-gnu/libstdc++.so.6.0.30)
   n1: 2097153 0x49A388A: std::basic_streambuf<char, std::char_traits<char> >::xsputn(char const*, long) (in /usr/lib/x86_64-linux-gnu/libstdc++.so.6.0.30)
    n1: 2097153 0x4921CC3: long std::__copy_streambufs_eof<char, std::char_traits<char> >(std::basic_streambuf<char, std::char_traits<char> >*, std::basic_streambuf<char, std::char_traits<char> >*, bool&) (in /usr/lib/x86_64-linux-gnu/libstdc++.so.6.0.30)
     n1: 2097153 0x113335: __gnu_cxx::__enable_if<std::__is_char<char>::__value, std::ostreambuf_iterator<char, std::char_traits<char> > >::__type std::copy<char>(std::istreambuf_iterator<char, std::char_traits<char> >, std::istreambuf_iterator<char, std::char_traits<char> >, std::ostreambuf_iterator<char, std::char_traits<char> >) (streambuf_iterator.h:332)
      n1: 2097153 0x1105F5: PPM::Reader::fill(std::__cxx11::basic_string<char, std::char_traits<char>, std::allocator<char> >) (ppm.cpp:24)
       n1: 2097153 0x110D53: PPM::Reader::operator()(std::__cxx11::basic_string<char, std::char_traits<char>, std::allocator<char> >) (ppm.cpp:105)
        n0: 2097153 0x10F351: main (blur.cpp:21)
 n1: 415920 0x4CB4C12: monstartup (gmon.c:153)
  n1: 415920 0x10F150: __gmon_start__ (in /mnt/c/Users/smiet/Desktop/Assignments/Optimazation programming/Ass 2/dv1674_a2/blur/blur)
   n1: 415920 0x4846015: ??? (in /usr/libexec/valgrind/vgpreload_massif-amd64-linux.so)
    n1: 415920 0x4000D57: ??? (in /usr/lib/x86_64-linux-gnu/ld-linux-x86-64.so.2)
     n1: 415920 0x4006439: call_init.part.0 (dl-init.c:56)
      n1: 415920 0x40065F8: call_init (dl-init.c:33)
       n1: 415920 0x40065F8: _dl_init (dl-init.c:84)
        n1: 415920 0x40202C9: ??? (in /usr/lib/x86_64-linux-gnu/ld-linux-x86-64.so.2)
         n1: 415920 0x3: ???
          n1: 415920 0x1FFF00005A: ???
           n1: 415920 0x1FFF000061: ???
            n1: 415920 0x1FFF000064: ???
             n0: 415920 0x1FFF000071: ???
 n1: 72704 0x4903939: ??? (in /usr/lib/x86_64-linux-gnu/libstdc++.so.6.0.30)
  n1: 72704 0x400647D: call_init.part.0 (dl-init.c:70)
   n1: 72704 0x4006567: call_init (dl-init.c:33)
    n1: 72704 0x4006567: _dl_init (dl-init.c:117)
     n1: 72704 0x40202C9: ??? (in /usr/lib/x86_64-linux-gnu/ld-linux-x86-64.so.2)
      n1: 72704 0x3: ???
       n1: 72704 0x1FFF00005A: ???
        n1: 72704 0x1FFF000061: ???
         n1: 72704 0x1FFF000064: ???
          n0: 72704 0x1FFF000071: ???
 n0: 924 in 10 places, all below massif's threshold (1.00%)
#-----------
snapshot=9
#-----------
time=4217759
mem_heap_B=2586700
mem_heap_extra_B=108
mem_stacks_B=0
heap_tree=empty
#-----------
snapshot=10
#-----------
time=4444384
mem_heap_B=2586700
mem_heap_extra_B=108
mem_stacks_B=0
heap_tree=empty
#-----------
snapshot=11
#-----------
time=4601673
mem_heap_B=2586703
mem_heap_extra_B=153
mem_stacks_B=0
heap_tree=empty
#-----------
snapshot=12
#-----------
time=4837723
mem_heap_B=2586703
mem_heap_extra_B=153
mem_stacks_B=0
heap_tree=empty
#-----------
snapshot=13
#-----------
time=5073773
mem_heap_B=2586703
mem_heap_extra_B=153
mem_stacks_B=0
heap_tree=empty
#-----------
snapshot=14
#-----------
time=5263476
mem_heap_B=2586700
mem_heap_extra_B=108
mem_stacks_B=0
heap_tree=empty
#-----------
snapshot=15
#-----------
time=5533770
mem_heap_B=2586701
mem_heap_extra_B=131
mem_stacks_B=0
heap_tree=empty
#-----------
snapshot=16
#-----------
time=5779262
mem_heap_B=2586701
mem_heap_extra_B=131
mem_stacks_B=0
heap_tree=empty
#-----------
snapshot=17
#-----------
time=5930334
mem_heap_B=2586701
mem_heap_extra_B=131
mem_stacks_B=0
heap_tree=empty
#-----------
snapshot=18
#-----------
time=6081406
mem_heap_B=2586701
mem_heap_extra_B=131
mem_stacks_B=0
heap_tree=empty
#-----------
snapshot=19
#-----------
time=6251362
mem_heap_B=2586701
mem_heap_extra_B=131
mem_stacks_B=0
heap_tree=empty
#-----------
snapshot=20
#-----------
time=6473874
mem_heap_B=2587429
mem_heap_extra_B=147
mem_stacks_B=0
heap_tree=empty
#-----------
snapshot=21
#-----------
time=6624946
mem_heap_B=2587429
mem_heap_extra_B=147
mem_stacks_B=0
heap_tree=empty
#-----------
snapshot=22
#-----------
time=6905840
mem_heap_B=2587429
mem_heap_extra_B=147
mem_stacks_B=0
heap_tree=empty
#-----------
snapshot=23
#-----------
time=7056912
mem_heap_B=2587429
mem_heap_extra_B=147
mem_stacks_B=0
heap_tree=detailed
n4: 2587429 (heap allocation functions) malloc/new/new[], --alloc-fns, etc.
 n1: 2097153 0x49A5724: std::__cxx11::basic_string<char, std::char_traits<char>, std::allocator<char> >::reserve(unsigned long) (in /usr/lib/x86_64-linux-gnu/libstdc++.so.6.0.30)
  n1: 2097153 0x499B952: std::__cxx11::basic_stringbuf<char, std::char_traits<char>, std::allocator<char> >::overflow(int) (in /usr/lib/x86_64-linux-gnu/libstdc++.so.6.0.30)
   n1: 2097153 0x49A388A: std::basic_streambuf<char, std::char_traits<char> >::xsputn(char const*, long) (in /usr/lib/x86_64-linux-gnu/libstdc++.so.6.0.30)
    n1: 2097153 0x4921CC3: long std::__copy_streambufs_eof<char, std::char_traits<char> >(std::basic_streambuf<char, std::char_traits<char> >*, std::basic_streambuf<char, std::char_traits<char> >*, bool&) (in /usr/lib/x86_64-linux-gnu/libstdc++.so.6.0.30)
     n1: 2097153 0x113335: __gnu_cxx::__enable_if<std::__is_char<char>::__value, std::ostreambuf_iterator<char, std::char_traits<char> > >::__type std::copy<char>(std::istreambuf_iterator<char, std::char_traits<char> >, std::istreambuf_iterator<char, std::char_traits<char> >, std::ostreambuf_iterator<char, std::char_traits<char> >) (streambuf_iterator.h:332)
      n1: 2097153 0x1105F5: PPM::Reader::fill(std::__cxx11::basic_string<char, std::char_traits<char>, std::allocator<char> >) (ppm.cpp:24)
       n1: 2097153 0x110D53: PPM::Reader::operator()(std::__cxx11::basic_string<char, std::char_traits<char>, std::allocator<char> >) (ppm.cpp:105)
        n0: 2097153 0x10F351: main (blur.cpp:21)
 n1: 415920 0x4CB4C12: monstartup (gmon.c:153)
  n1: 415920 0x10F150: __gmon_start__ (in /mnt/c/Users/smiet/Desktop/Assignments/Optimazation programming/Ass 2/dv1674_a2/blur/blur)
   n1: 415920 0x4846015: ??? (in /usr/libexec/valgrind/vgpreload_massif-amd64-linux.so)
    n1: 415920 0x4000D57: ??? (in /usr/lib/x86_64-linux-gnu/ld-linux-x86-64.so.2)
     n1: 415920 0x4006439: call_init.part.0 (dl-init.c:56)
      n1: 415920 0x40065F8: call_init (dl-init.c:33)
       n1: 415920 0x40065F8: _dl_init (dl-init.c:84)
        n1: 415920 0x40202C9: ??? (in /usr/lib/x86_64-linux-gnu/ld-linux-x86-64.so.2)
         n1: 415920 0x3: ???
          n1: 415920 0x1FFF00005A: ???
           n1: 415920 0x1FFF000061: ???
            n1: 415920 0x1FFF000064: ???
             n0: 415920 0x1FFF000071: ???
 n1: 72704 0x4903939: ??? (in /usr/lib/x86_64-linux-gnu/libstdc++.so.6.0.30)
  n1: 72704 0x400647D: call_init.part.0 (dl-init.c:70)
   n1: 72704 0x4006567: call_init (dl-init.c:33)
    n1: 72704 0x4006567: _dl_init (dl-init.c:117)
     n1: 72704 0x40202C9: ??? (in /usr/lib/x86_64-linux-gnu/ld-linux-x86-64.so.2)
      n1: 72704 0x3: ???
       n1: 72704 0x1FFF00005A: ???
        n1: 72704 0x1FFF000061: ???
         n1: 72704 0x1FFF000064: ???
          n0: 72704 0x1FFF000071: ???
 n0: 1652 in 11 places, all below massif's threshold (1.00%)
#-----------
snapshot=24
#-----------
time=7255194
mem_heap_B=2587429
mem_heap_extra_B=147
mem_stacks_B=0
heap_tree=empty
#-----------
snapshot=25
#-----------
time=7425167
mem_heap_B=2587429
mem_heap_extra_B=147
mem_stacks_B=0
heap_tree=detailed
n4: 2587429 (heap allocation functions) malloc/new/new[], --alloc-fns, etc.
 n1: 2097153 0x49A5724: std::__cxx11::basic_string<char, std::char_traits<char>, std::allocator<char> >::reserve(unsigned long) (in /usr/lib/x86_64-linux-gnu/libstdc++.so.6.0.30)
  n1: 2097153 0x499B952: std::__cxx11::basic_stringbuf<char, std::char_traits<char>, std::allocator<char> >::overflow(int) (in /usr/lib/x86_64-linux-gnu/libstdc++.so.6.0.30)
   n1: 2097153 0x49A388A: std::basic_streambuf<char, std::char_traits<char> >::xsputn(char const*, long) (in /usr/lib/x86_64-linux-gnu/libstdc++.so.6.0.30)
    n1: 2097153 0x4921CC3: long std::__copy_streambufs_eof<char, std::char_traits<char> >(std::basic_streambuf<char, std::char_traits<char> >*, std::basic_streambuf<char, std::char_traits<char> >*, bool&) (in /usr/lib/x86_64-linux-gnu/libstdc++.so.6.0.30)
     n1: 2097153 0x113335: __gnu_cxx::__enable_if<std::__is_char<char>::__value, std::ostreambuf_iterator<char, std::char_traits<char> > >::__type std::copy<char>(std::istreambuf_iterator<char, std::char_traits<char> >, std::istreambuf_iterator<char, std::char_traits<char> >, std::ostreambuf_iterator<char, std::char_traits<char> >) (streambuf_iterator.h:332)
      n1: 2097153 0x1105F5: PPM::Reader::fill(std::__cxx11::basic_string<char, std::char_traits<char>, std::allocator<char> >) (ppm.cpp:24)
       n1: 2097153 0x110D53: PPM::Reader::operator()(std::__cxx11::basic_string<char, std::char_traits<char>, std::allocator<char> >) (ppm.cpp:105)
        n0: 2097153 0x10F351: main (blur.cpp:21)
 n1: 415920 0x4CB4C12: monstartup (gmon.c:153)
  n1: 415920 0x10F150: __gmon_start__ (in /mnt/c/Users/smiet/Desktop/Assignments/Optimazation programming/Ass 2/dv1674_a2/blur/blur)
   n1: 415920 0x4846015: ??? (in /usr/libexec/valgrind/vgpreload_massif-amd64-linux.so)
    n1: 415920 0x4000D57: ??? (in /usr/lib/x86_64-linux-gnu/ld-linux-x86-64.so.2)
     n1: 415920 0x4006439: call_init.part.0 (dl-init.c:56)
      n1: 415920 0x40065F8: call_init (dl-init.c:33)
       n1: 415920 0x40065F8: _dl_init (dl-init.c:84)
        n1: 415920 0x40202C9: ??? (in /usr/lib/x86_64-linux-gnu/ld-linux-x86-64.so.2)
         n1: 415920 0x3: ???
          n1: 415920 0x1FFF00005A: ???
           n1: 415920 0x1FFF000061: ???
            n1: 415920 0x1FFF000064: ???
             n0: 415920 0x1FFF000071: ???
 n1: 72704 0x4903939: ??? (in /usr/lib/x86_64-linux-gnu/libstdc++.so.6.0.30)
  n1: 72704 0x400647D: call_init.part.0 (dl-init.c:70)
   n1: 72704 0x4006567: call_init (dl-init.c:33)
    n1: 72704 0x4006567: _dl_init (dl-init.c:117)
     n1: 72704 0x40202C9: ??? (in /usr/lib/x86_64-linux-gnu/ld-linux-x86-64.so.2)
      n1: 72704 0x3: ???
       n1: 72704 0x1FFF00005A: ???
        n1: 72704 0x1FFF000061: ???
         n1: 72704 0x1FFF000064: ???
          n0: 72704 0x1FFF000071: ???
 n0: 1652 in 11 places, all below massif's threshold (1.00%)
#-----------
snapshot=26
#-----------
time=7576239
mem_heap_B=2587429
mem_heap_extra_B=147
mem_stacks_B=0
heap_tree=empty
#-----------
snapshot=27
#-----------
time=7727311
mem_heap_B=2587429
mem_heap_extra_B=147
mem_stacks_B=0
heap_tree=empty
#-----------
snapshot=28
#-----------
time=7878383
mem_heap_B=2587429
mem_heap_extra_B=147
mem_stacks_B=0
heap_tree=empty
#-----------
snapshot=29
#-----------
time=8029455
mem_heap_B=2587429
mem_heap_extra_B=147
mem_stacks_B=0
heap_tree=empty
#-----------
snapshot=30
#-----------
time=8199411
mem_heap_B=2587429
mem_heap_extra_B=147
mem_stacks_B=0
heap_tree=empty
#-----------
snapshot=31
#-----------
time=8463787
mem_heap_B=2587429
mem_heap_extra_B=147
mem_stacks_B=0
heap_tree=empty
#-----------
snapshot=32
#-----------
time=8595975
mem_heap_B=2587429
mem_heap_extra_B=147
mem_stacks_B=0
heap_tree=empty
#-----------
snapshot=33
#-----------
time=8760013
mem_heap_B=2587428
mem_heap_extra_B=124
mem_stacks_B=0
heap_tree=empty
#-----------
snapshot=34
#-----------
time=8919998
mem_heap_B=2588068
mem_heap_extra_B=132
mem_stacks_B=0
heap_tree=empty
#-----------
snapshot=35
#-----------
time=9119980
mem_heap_B=2586657
mem_heap_extra_B=95
mem_stacks_B=0
heap_tree=empty
#-----------
snapshot=36
#-----------
time=9384468
mem_heap_B=2586657
mem_heap_extra_B=95
mem_stacks_B=0
heap_tree=empty
#-----------
snapshot=37
#-----------
time=9580473
mem_heap_B=2586657
mem_heap_extra_B=95
mem_stacks_B=0
heap_tree=empty
#-----------
snapshot=38
#-----------
time=9712717
mem_heap_B=2586657
mem_heap_extra_B=95
mem_stacks_B=0
heap_tree=empty
#-----------
snapshot=39
#-----------
time=9911083
mem_heap_B=2586657
mem_heap_extra_B=95
mem_stacks_B=0
heap_tree=empty
#-----------
snapshot=40
#-----------
time=10175571
mem_heap_B=2586657
mem_heap_extra_B=95
mem_stacks_B=0
heap_tree=empty
#-----------
snapshot=41
#-----------
time=10440059
mem_heap_B=2586657
mem_heap_extra_B=95
mem_stacks_B=0
heap_tree=empty
#-----------
snapshot=42
#-----------
time=10638442
mem_heap_B=2586657
mem_heap_extra_B=95
mem_stacks_B=0
heap_tree=empty
#-----------
snapshot=43
#-----------
time=10902930
mem_heap_B=2586657
mem_heap_extra_B=95
mem_stacks_B=0
heap_tree=empty
#-----------
snapshot=44
#-----------
time=11167418
mem_heap_B=2586657
mem_heap_extra_B=95
mem_stacks_B=0
heap_tree=empty
#-----------
snapshot=45
#-----------
time=11299662
mem_heap_B=2586657
mem_heap_extra_B=95
mem_stacks_B=0
heap_tree=empty
#-----------
snapshot=46
#-----------
time=11470363
mem_heap_B=2587057
mem_heap_extra_B=119
mem_stacks_B=0
heap_tree=empty
#-----------
snapshot=47
#-----------
time=231732676
mem_heap_B=4648929
mem_heap_extra_B=87
mem_stacks_B=0
heap_tree=empty
#-----------
snapshot=48
#-----------
time=470036039
mem_heap_B=14680505
mem_heap_extra_B=3063
mem_stacks_B=0
heap_tree=detailed
n10: 14680505 (heap allocation functions) malloc/new/new[], --alloc-fns, etc.
 n1: 9000000 0x10FD6A: Matrix::Matrix(unsigned int) (matrix.cpp:33)
  n1: 9000000 0x1426AB: Filter::blur(Matrix, int) (filters.cpp:27)
   n0: 9000000 0x10F41C: main (blur.cpp:24)
 n1: 2097153 0x49A5724: std::__cxx11::basic_string<char, std::char_traits<char>, std::allocator<char> >::reserve(unsigned long) (in /usr/lib/x86_64-linux-gnu/libstdc++.so.6.0.30)
  n1: 2097153 0x499B952: std::__cxx11::basic_stringbuf<char, std::char_traits<char>, std::allocator<char> >::overflow(int) (in /usr/lib/x86_64-linux-gnu/libstdc++.so.6.0.30)
   n1: 2097153 0x49A388A: std::basic_streambuf<char, std::char_traits<char> >::xsputn(char const*, long) (in /usr/lib/x86_64-linux-gnu/libstdc++.so.6.0.30)
    n1: 2097153 0x4921CC3: long std::__copy_streambufs_eof<char, std::char_traits<char> >(std::basic_streambuf<char, std::char_traits<char> >*, std::basic_streambuf<char, std::char_traits<char> >*, bool&) (in /usr/lib/x86_64-linux-gnu/libstdc++.so.6.0.30)
     n1: 2097153 0x113335: __gnu_cxx::__enable_if<std::__is_char<char>::__value, std::ostreambuf_iterator<char, std::char_traits<char> > >::__type std::copy<char>(std::istreambuf_iterator<char, std::char_traits<char> >, std::istreambuf_iterator<char, std::char_traits<char> >, std::ostreambuf_iterator<char, std::char_traits<char> >) (streambuf_iterator.h:332)
      n1: 2097153 0x1105F5: PPM::Reader::fill(std::__cxx11::basic_string<char, std::char_traits<char>, std::allocator<char> >) (ppm.cpp:24)
       n1: 2097153 0x110D53: PPM::Reader::operator()(std::__cxx11::basic_string<char, std::char_traits<char>, std::allocator<char> >) (ppm.cpp:105)
        n0: 2097153 0x10F351: main (blur.cpp:21)
 n1: 515788 0x10FE02: Matrix::Matrix(Matrix const&) (matrix.cpp:43)
  n0: 515788 0x10F401: main (blur.cpp:24)
 n1: 515788 0x10FE27: Matrix::Matrix(Matrix const&) (matrix.cpp:44)
  n0: 515788 0x10F401: main (blur.cpp:24)
 n1: 515788 0x10FE4D: Matrix::Matrix(Matrix const&) (matrix.cpp:45)
  n0: 515788 0x10F401: main (blur.cpp:24)
 n1: 515788 0x110B3D: PPM::Reader::get_data(unsigned int, unsigned int) (ppm.cpp:81)
  n1: 515788 0x11102B: PPM::Reader::operator()(std::__cxx11::basic_string<char, std::char_traits<char>, std::allocator<char> >) (ppm.cpp:135)
   n0: 515788 0x10F351: main (blur.cpp:21)
 n1: 515788 0x110B4C: PPM::Reader::get_data(unsigned int, unsigned int) (ppm.cpp:81)
  n1: 515788 0x11102B: PPM::Reader::operator()(std::__cxx11::basic_string<char, std::char_traits<char>, std::allocator<char> >) (ppm.cpp:135)
   n0: 515788 0x10F351: main (blur.cpp:21)
 n1: 515788 0x110B5B: PPM::Reader::get_data(unsigned int, unsigned int) (ppm.cpp:81)
  n1: 515788 0x11102B: PPM::Reader::operator()(std::__cxx11::basic_string<char, std::char_traits<char>, std::allocator<char> >) (ppm.cpp:135)
   n0: 515788 0x10F351: main (blur.cpp:21)
 n1: 415920 0x4CB4C12: monstartup (gmon.c:153)
  n1: 415920 0x10F150: __gmon_start__ (in /mnt/c/Users/smiet/Desktop/Assignments/Optimazation programming/Ass 2/dv1674_a2/blur/blur)
   n1: 415920 0x4846015: ??? (in /usr/libexec/valgrind/vgpreload_massif-amd64-linux.so)
    n1: 415920 0x4000D57: ??? (in /usr/lib/x86_64-linux-gnu/ld-linux-x86-64.so.2)
     n1: 415920 0x4006439: call_init.part.0 (dl-init.c:56)
      n1: 415920 0x40065F8: call_init (dl-init.c:33)
       n1: 415920 0x40065F8: _dl_init (dl-init.c:84)
        n1: 415920 0x40202C9: ??? (in /usr/lib/x86_64-linux-gnu/ld-linux-x86-64.so.2)
         n1: 415920 0x3: ???
          n1: 415920 0x1FFF00005A: ???
           n1: 415920 0x1FFF000061: ???
            n1: 415920 0x1FFF000064: ???
             n0: 415920 0x1FFF000071: ???
 n0: 72704 in 14 places, all below massif's threshold (1.00%)
#-----------
snapshot=49
#-----------
time=9525905511
mem_heap_B=34227869
mem_heap_extra_B=9003
mem_stacks_B=0
heap_tree=peak
n12: 34227869 (heap allocation functions) malloc/new/new[], --alloc-fns, etc.
 n1: 9000000 0x10FD6A: Matrix::Matrix(unsigned int) (matrix.cpp:33)
  n1: 9000000 0x1426AB: Filter::blur(Matrix, int) (filters.cpp:27)
   n0: 9000000 0x10F41C: main (blur.cpp:24)
 n1: 9000000 0x10FD84: Matrix::Matrix(unsigned int) (matrix.cpp:34)
  n1: 9000000 0x1426AB: Filter::blur(Matrix, int) (filters.cpp:27)
   n0: 9000000 0x10F41C: main (blur.cpp:24)
 n1: 9000000 0x10FD9F: Matrix::Matrix(unsigned int) (matrix.cpp:35)
  n1: 9000000 0x1426AB: Filter::blur(Matrix, int) (filters.cpp:27)
   n0: 9000000 0x10F41C: main (blur.cpp:24)
 n1: 2097153 0x49A5724: std::__cxx11::basic_string<char, std::char_traits<char>, std::allocator<char> >::reserve(unsigned long) (in /usr/lib/x86_64-linux-gnu/libstdc++.so.6.0.30)
  n1: 2097153 0x499B952: std::__cxx11::basic_stringbuf<char, std::char_traits<char>, std::allocator<char> >::overflow(int) (in /usr/lib/x86_64-linux-gnu/libstdc++.so.6.0.30)
   n1: 2097153 0x49A388A: std::basic_streambuf<char, std::char_traits<char> >::xsputn(char const*, long) (in /usr/lib/x86_64-linux-gnu/libstdc++.so.6.0.30)
    n1: 2097153 0x4921CC3: long std::__copy_streambufs_eof<char, std::char_traits<char> >(std::basic_streambuf<char, std::char_traits<char> >*, std::basic_streambuf<char, std::char_traits<char> >*, bool&) (in /usr/lib/x86_64-linux-gnu/libstdc++.so.6.0.30)
     n1: 2097153 0x113335: __gnu_cxx::__enable_if<std::__is_char<char>::__value, std::ostreambuf_iterator<char, std::char_traits<char> > >::__type std::copy<char>(std::istreambuf_iterator<char, std::char_traits<char> >, std::istreambuf_iterator<char, std::char_traits<char> >, std::ostreambuf_iterator<char, std::char_traits<char> >) (streambuf_iterator.h:332)
      n1: 2097153 0x1105F5: PPM::Reader::fill(std::__cxx11::basic_string<char, std::char_traits<char>, std::allocator<char> >) (ppm.cpp:24)
       n1: 2097153 0x110D53: PPM::Reader::operator()(std::__cxx11::basic_string<char, std::char_traits<char>, std::allocator<char> >) (ppm.cpp:105)
        n0: 2097153 0x10F351: main (blur.cpp:21)
 n2: 1031576 0x10FE02: Matrix::Matrix(Matrix const&) (matrix.cpp:43)
  n0: 515788 0x10F401: main (blur.cpp:24)
  n1: 515788 0x1426C4: Filter::blur(Matrix, int) (filters.cpp:28)
   n0: 515788 0x10F41C: main (blur.cpp:24)
 n2: 1031576 0x10FE27: Matrix::Matrix(Matrix const&) (matrix.cpp:44)
  n0: 515788 0x10F401: main (blur.cpp:24)
  n1: 515788 0x1426C4: Filter::blur(Matrix, int) (filters.cpp:28)
   n0: 515788 0x10F41C: main (blur.cpp:24)
 n2: 1031576 0x10FE4D: Matrix::Matrix(Matrix const&) (matrix.cpp:45)
  n0: 515788 0x10F401: main (blur.cpp:24)
  n1: 515788 0x1426C4: Filter::blur(Matrix, int) (filters.cpp:28)
   n0: 515788 0x10F41C: main (blur.cpp:24)
 n1: 515788 0x110B3D: PPM::Reader::get_data(unsigned int, unsigned int) (ppm.cpp:81)
  n1: 515788 0x11102B: PPM::Reader::operator()(std::__cxx11::basic_string<char, std::char_traits<char>, std::allocator<char> >) (ppm.cpp:135)
   n0: 515788 0x10F351: main (blur.cpp:21)
 n1: 515788 0x110B4C: PPM::Reader::get_data(unsigned int, unsigned int) (ppm.cpp:81)
  n1: 515788 0x11102B: PPM::Reader::operator()(std::__cxx11::basic_string<char, std::char_traits<char>, std::allocator<char> >) (ppm.cpp:135)
   n0: 515788 0x10F351: main (blur.cpp:21)
 n1: 515788 0x110B5B: PPM::Reader::get_data(unsigned int, unsigned int) (ppm.cpp:81)
  n1: 515788 0x11102B: PPM::Reader::operator()(std::__cxx11::basic_string<char, std::char_traits<char>, std::allocator<char> >) (ppm.cpp:135)
   n0: 515788 0x10F351: main (blur.cpp:21)
 n1: 415920 0x4CB4C12: monstartup (gmon.c:153)
  n1: 415920 0x10F150: __gmon_start__ (in /mnt/c/Users/smiet/Desktop/Assignments/Optimazation programming/Ass 2/dv1674_a2/blur/blur)
   n1: 415920 0x4846015: ??? (in /usr/libexec/valgrind/vgpreload_massif-amd64-linux.so)
    n1: 415920 0x4000D57: ??? (in /usr/lib/x86_64-linux-gnu/ld-linux-x86-64.so.2)
     n1: 415920 0x4006439: call_init.part.0 (dl-init.c:56)
      n1: 415920 0x40065F8: call_init (dl-init.c:33)
       n1: 415920 0x40065F8: _dl_init (dl-init.c:84)
        n1: 415920 0x40202C9: ??? (in /usr/lib/x86_64-linux-gnu/ld-linux-x86-64.so.2)
         n1: 415920 0x3: ???
          n1: 415920 0x1FFF00005A: ???
           n1: 415920 0x1FFF000061: ???
            n1: 415920 0x1FFF000064: ???
             n0: 415920 0x1FFF000071: ???
 n0: 72704 in 14 places, all below massif's threshold (1.00%)
#-----------
snapshot=50
#-----------
time=9764210816
mem_heap_B=7228361
mem_heap_extra_B=183
mem_stacks_B=0
heap_tree=empty
#-----------
snapshot=51
#-----------
time=9925179289
mem_heap_B=7228361
mem_heap_extra_B=183
mem_stacks_B=0
heap_tree=empty
#-----------
snapshot=52
#-----------
time=9925337671
mem_heap_B=72704
mem_heap_extra_B=8
mem_stacks_B=0
heap_tree=empty
