desc: --massif-out-file=massif_im2.out
cmd: ./blur 15 data/im2.ppm outputfiles/im2.ppm
time_unit: i
#-----------
snapshot=0
#-----------
time=0
mem_heap_B=0
mem_heap_extra_B=0
mem_stacks_B=0
heap_tree=empty
#-----------
snapshot=1
#-----------
time=2429608
mem_heap_B=416184
mem_heap_extra_B=16
mem_stacks_B=0
heap_tree=empty
#-----------
snapshot=2
#-----------
time=2558543
mem_heap_B=489360
mem_heap_extra_B=40
mem_stacks_B=0
heap_tree=empty
#-----------
snapshot=3
#-----------
time=2709878
mem_heap_B=890770
mem_heap_extra_B=94
mem_stacks_B=0
heap_tree=empty
#-----------
snapshot=4
#-----------
time=2857016
mem_heap_B=1283986
mem_heap_extra_B=94
mem_stacks_B=0
heap_tree=empty
#-----------
snapshot=5
#-----------
time=3119375
mem_heap_B=1283986
mem_heap_extra_B=94
mem_stacks_B=0
heap_tree=detailed
n4: 1283986 (heap allocation functions) malloc/new/new[], --alloc-fns, etc.
 n1: 786434 0x49A5724: std::__cxx11::basic_string<char, std::char_traits<char>, std::allocator<char> >::reserve(unsigned long) (in /usr/lib/x86_64-linux-gnu/libstdc++.so.6.0.30)
  n1: 786434 0x499B952: std::__cxx11::basic_stringbuf<char, std::char_traits<char>, std::allocator<char> >::overflow(int) (in /usr/lib/x86_64-linux-gnu/libstdc++.so.6.0.30)
   n1: 786434 0x49A388A: std::basic_streambuf<char, std::char_traits<char> >::xsputn(char const*, long) (in /usr/lib/x86_64-linux-gnu/libstdc++.so.6.0.30)
    n1: 786434 0x4921CC3: long std::__copy_streambufs_eof<char, std::char_traits<char> >(std::basic_streambuf<char, std::char_traits<char> >*, std::basic_streambuf<char, std::char_traits<char> >*, bool&) (in /usr/lib/x86_64-linux-gnu/libstdc++.so.6.0.30)
     n1: 786434 0x113335: __gnu_cxx::__enable_if<std::__is_char<char>::__value, std::ostreambuf_iterator<char, std::char_traits<char> > >::__type std::copy<char>(std::istreambuf_iterator<char, std::char_traits<char> >, std::istreambuf_iterator<char, std::char_traits<char> >, std::ostreambuf_iterator<char, std::char_traits<char> >) (streambuf_iterator.h:332)
      n1: 786434 0x1105F5: PPM::Reader::fill(std::__cxx11::basic_string<char, std::char_traits<char>, std::allocator<char> >) (ppm.cpp:24)
       n1: 786434 0x110D53: PPM::Reader::operator()(std::__cxx11::basic_string<char, std::char_traits<char>, std::allocator<char> >) (ppm.cpp:105)
        n0: 786434 0x10F351: main (blur.cpp:21)
 n1: 416184 0x4CB4C12: monstartup (gmon.c:153)
  n1: 416184 0x10F150: __gmon_start__ (in /mnt/c/Users/smiet/Desktop/Assignments/Optimazation programming/Ass 2/dv1674_a2/blur/blur)
   n1: 416184 0x4846015: ??? (in /usr/libexec/valgrind/vgpreload_massif-amd64-linux.so)
    n1: 416184 0x4000D57: ??? (in /usr/lib/x86_64-linux-gnu/ld-linux-x86-64.so.2)
     n1: 416184 0x4006439: call_init.part.0 (dl-init.c:56)
      n1: 416184 0x40065F8: call_init (dl-init.c:33)
       n1: 416184 0x40065F8: _dl_init (dl-init.c:84)
        n1: 416184 0x40202C9: ??? (in /usr/lib/x86_64-linux-gnu/ld-linux-x86-64.so.2)
         n1: 416184 0x3: ???
          n1: 416184 0x1FFF000046: ???
           n1: 416184 0x1FFF00004D: ???
            n1: 416184 0x1FFF000050: ???
             n0: 416184 0x1FFF00005D: ???
 n1: 72704 0x4903939: ??? (in /usr/lib/x86_64-linux-gnu/libstdc++.so.6.0.30)
  n1: 72704 0x400647D: call_init.part.0 (dl-init.c:70)
   n1: 72704 0x4006567: call_init (dl-init.c:33)
    n1: 72704 0x4006567: _dl_init (dl-init.c:117)
     n1: 72704 0x40202C9: ??? (in /usr/lib/x86_64-linux-gnu/ld-linux-x86-64.so.2)
      n1: 72704 0x3: ???
       n1: 72704 0x1FFF000046: ???
        n1: 72704 0x1FFF00004D: ???
         n1: 72704 0x1FFF000050: ???
          n0: 72704 0x1FFF00005D: ???
 n0: 8664 in 2 places, all below massif's threshold (1.00%)
#-----------
snapshot=6
#-----------
time=3150874
mem_heap_B=2070418
mem_heap_extra_B=94
mem_stacks_B=0
heap_tree=empty
#-----------
snapshot=7
#-----------
time=3675425
mem_heap_B=2070418
mem_heap_extra_B=94
mem_stacks_B=0
heap_tree=detailed
n4: 2070418 (heap allocation functions) malloc/new/new[], --alloc-fns, etc.
 n1: 1572866 0x49A5724: std::__cxx11::basic_string<char, std::char_traits<char>, std::allocator<char> >::reserve(unsigned long) (in /usr/lib/x86_64-linux-gnu/libstdc++.so.6.0.30)
  n1: 1572866 0x499B952: std::__cxx11::basic_stringbuf<char, std::char_traits<char>, std::allocator<char> >::overflow(int) (in /usr/lib/x86_64-linux-gnu/libstdc++.so.6.0.30)
   n1: 1572866 0x49A388A: std::basic_streambuf<char, std::char_traits<char> >::xsputn(char const*, long) (in /usr/lib/x86_64-linux-gnu/libstdc++.so.6.0.30)
    n1: 1572866 0x4921CC3: long std::__copy_streambufs_eof<char, std::char_traits<char> >(std::basic_streambuf<char, std::char_traits<char> >*, std::basic_streambuf<char, std::char_traits<char> >*, bool&) (in /usr/lib/x86_64-linux-gnu/libstdc++.so.6.0.30)
     n1: 1572866 0x113335: __gnu_cxx::__enable_if<std::__is_char<char>::__value, std::ostreambuf_iterator<char, std::char_traits<char> > >::__type std::copy<char>(std::istreambuf_iterator<char, std::char_traits<char> >, std::istreambuf_iterator<char, std::char_traits<char> >, std::ostreambuf_iterator<char, std::char_traits<char> >) (streambuf_iterator.h:332)
      n1: 1572866 0x1105F5: PPM::Reader::fill(std::__cxx11::basic_string<char, std::char_traits<char>, std::allocator<char> >) (ppm.cpp:24)
       n1: 1572866 0x110D53: PPM::Reader::operator()(std::__cxx11::basic_string<char, std::char_traits<char>, std::allocator<char> >) (ppm.cpp:105)
        n0: 1572866 0x10F351: main (blur.cpp:21)
 n1: 416184 0x4CB4C12: monstartup (gmon.c:153)
  n1: 416184 0x10F150: __gmon_start__ (in /mnt/c/Users/smiet/Desktop/Assignments/Optimazation programming/Ass 2/dv1674_a2/blur/blur)
   n1: 416184 0x4846015: ??? (in /usr/libexec/valgrind/vgpreload_massif-amd64-linux.so)
    n1: 416184 0x4000D57: ??? (in /usr/lib/x86_64-linux-gnu/ld-linux-x86-64.so.2)
     n1: 416184 0x4006439: call_init.part.0 (dl-init.c:56)
      n1: 416184 0x40065F8: call_init (dl-init.c:33)
       n1: 416184 0x40065F8: _dl_init (dl-init.c:84)
        n1: 416184 0x40202C9: ??? (in /usr/lib/x86_64-linux-gnu/ld-linux-x86-64.so.2)
         n1: 416184 0x3: ???
          n1: 416184 0x1FFF000046: ???
           n1: 416184 0x1FFF00004D: ???
            n1: 416184 0x1FFF000050: ???
             n0: 416184 0x1FFF00005D: ???
 n1: 72704 0x4903939: ??? (in /usr/lib/x86_64-linux-gnu/libstdc++.so.6.0.30)
  n1: 72704 0x400647D: call_init.part.0 (dl-init.c:70)
   n1: 72704 0x4006567: call_init (dl-init.c:33)
    n1: 72704 0x4006567: _dl_init (dl-init.c:117)
     n1: 72704 0x40202C9: ??? (in /usr/lib/x86_64-linux-gnu/ld-linux-x86-64.so.2)
      n1: 72704 0x3: ???
       n1: 72704 0x1FFF000046: ???
        n1: 72704 0x1FFF00004D: ???
         n1: 72704 0x1FFF000050: ???
          n0: 72704 0x1FFF00005D: ???
 n0: 8664 in 2 places, all below massif's threshold (1.00%)
#-----------
snapshot=8
#-----------
time=3854060
mem_heap_B=2594705
mem_heap_extra_B=71
mem_stacks_B=0
heap_tree=empty
#-----------
snapshot=9
#-----------
time=3979549
mem_heap_B=6789010
mem_heap_extra_B=4110
mem_stacks_B=0
heap_tree=empty
#-----------
snapshot=10
#-----------
time=4210675
mem_heap_B=6789010
mem_heap_extra_B=4110
mem_stacks_B=0
heap_tree=detailed
n4: 6789010 (heap allocation functions) malloc/new/new[], --alloc-fns, etc.
 n1: 6291458 0x49A5724: std::__cxx11::basic_string<char, std::char_traits<char>, std::allocator<char> >::reserve(unsigned long) (in /usr/lib/x86_64-linux-gnu/libstdc++.so.6.0.30)
  n1: 6291458 0x499B952: std::__cxx11::basic_stringbuf<char, std::char_traits<char>, std::allocator<char> >::overflow(int) (in /usr/lib/x86_64-linux-gnu/libstdc++.so.6.0.30)
   n1: 6291458 0x49A388A: std::basic_streambuf<char, std::char_traits<char> >::xsputn(char const*, long) (in /usr/lib/x86_64-linux-gnu/libstdc++.so.6.0.30)
    n1: 6291458 0x4921CC3: long std::__copy_streambufs_eof<char, std::char_traits<char> >(std::basic_streambuf<char, std::char_traits<char> >*, std::basic_streambuf<char, std::char_traits<char> >*, bool&) (in /usr/lib/x86_64-linux-gnu/libstdc++.so.6.0.30)
     n1: 6291458 0x113335: __gnu_cxx::__enable_if<std::__is_char<char>::__value, std::ostreambuf_iterator<char, std::char_traits<char> > >::__type std::copy<char>(std::istreambuf_iterator<char, std::char_traits<char> >, std::istreambuf_iterator<char, std::char_traits<char> >, std::ostreambuf_iterator<char, std::char_traits<char> >) (streambuf_iterator.h:332)
      n1: 6291458 0x1105F5: PPM::Reader::fill(std::__cxx11::basic_string<char, std::char_traits<char>, std::allocator<char> >) (ppm.cpp:24)
       n1: 6291458 0x110D53: PPM::Reader::operator()(std::__cxx11::basic_string<char, std::char_traits<char>, std::allocator<char> >) (ppm.cpp:105)
        n0: 6291458 0x10F351: main (blur.cpp:21)
 n1: 416184 0x4CB4C12: monstartup (gmon.c:153)
  n1: 416184 0x10F150: __gmon_start__ (in /mnt/c/Users/smiet/Desktop/Assignments/Optimazation programming/Ass 2/dv1674_a2/blur/blur)
   n1: 416184 0x4846015: ??? (in /usr/libexec/valgrind/vgpreload_massif-amd64-linux.so)
    n1: 416184 0x4000D57: ??? (in /usr/lib/x86_64-linux-gnu/ld-linux-x86-64.so.2)
     n1: 416184 0x4006439: call_init.part.0 (dl-init.c:56)
      n1: 416184 0x40065F8: call_init (dl-init.c:33)
       n1: 416184 0x40065F8: _dl_init (dl-init.c:84)
        n1: 416184 0x40202C9: ??? (in /usr/lib/x86_64-linux-gnu/ld-linux-x86-64.so.2)
         n1: 416184 0x3: ???
          n1: 416184 0x1FFF000046: ???
           n1: 416184 0x1FFF00004D: ???
            n1: 416184 0x1FFF000050: ???
             n0: 416184 0x1FFF00005D: ???
 n1: 72704 0x4903939: ??? (in /usr/lib/x86_64-linux-gnu/libstdc++.so.6.0.30)
  n1: 72704 0x400647D: call_init.part.0 (dl-init.c:70)
   n1: 72704 0x4006567: call_init (dl-init.c:33)
    n1: 72704 0x4006567: _dl_init (dl-init.c:117)
     n1: 72704 0x40202C9: ??? (in /usr/lib/x86_64-linux-gnu/ld-linux-x86-64.so.2)
      n1: 72704 0x3: ???
       n1: 72704 0x1FFF000046: ???
        n1: 72704 0x1FFF00004D: ???
         n1: 72704 0x1FFF000050: ???
          n0: 72704 0x1FFF00005D: ???
 n0: 8664 in 2 places, all below massif's threshold (1.00%)
#-----------
snapshot=11
#-----------
time=4428010
mem_heap_B=4684074
mem_heap_extra_B=4142
mem_stacks_B=0
heap_tree=empty
#-----------
snapshot=12
#-----------
time=4579146
mem_heap_B=4684074
mem_heap_extra_B=4142
mem_stacks_B=0
heap_tree=empty
#-----------
snapshot=13
#-----------
time=4673606
mem_heap_B=4684074
mem_heap_extra_B=4142
mem_stacks_B=0
heap_tree=empty
#-----------
snapshot=14
#-----------
time=4828270
mem_heap_B=4684073
mem_heap_extra_B=4119
mem_stacks_B=0
heap_tree=detailed
n4: 4684073 (heap allocation functions) malloc/new/new[], --alloc-fns, etc.
 n1: 4194305 0x49A5724: std::__cxx11::basic_string<char, std::char_traits<char>, std::allocator<char> >::reserve(unsigned long) (in /usr/lib/x86_64-linux-gnu/libstdc++.so.6.0.30)
  n1: 4194305 0x499B952: std::__cxx11::basic_stringbuf<char, std::char_traits<char>, std::allocator<char> >::overflow(int) (in /usr/lib/x86_64-linux-gnu/libstdc++.so.6.0.30)
   n1: 4194305 0x49A388A: std::basic_streambuf<char, std::char_traits<char> >::xsputn(char const*, long) (in /usr/lib/x86_64-linux-gnu/libstdc++.so.6.0.30)
    n1: 4194305 0x4921CC3: long std::__copy_streambufs_eof<char, std::char_traits<char> >(std::basic_streambuf<char, std::char_traits<char> >*, std::basic_streambuf<char, std::char_traits<char> >*, bool&) (in /usr/lib/x86_64-linux-gnu/libstdc++.so.6.0.30)
     n1: 4194305 0x113335: __gnu_cxx::__enable_if<std::__is_char<char>::__value, std::ostreambuf_iterator<char, std::char_traits<char> > >::__type std::copy<char>(std::istreambuf_iterator<char, std::char_traits<char> >, std::istreambuf_iterator<char, std::char_traits<char> >, std::ostreambuf_iterator<char, std::char_traits<char> >) (streambuf_iterator.h:332)
      n1: 4194305 0x1105F5: PPM::Reader::fill(std::__cxx11::basic_string<char, std::char_traits<char>, std::allocator<char> >) (ppm.cpp:24)
       n1: 4194305 0x110D53: PPM::Reader::operator()(std::__cxx11::basic_string<char, std::char_traits<char>, std::allocator<char> >) (ppm.cpp:105)
        n0: 4194305 0x10F351: main (blur.cpp:21)
 n1: 416184 0x4CB4C12: monstartup (gmon.c:153)
  n1: 416184 0x10F150: __gmon_start__ (in /mnt/c/Users/smiet/Desktop/Assignments/Optimazation programming/Ass 2/dv1674_a2/blur/blur)
   n1: 416184 0x4846015: ??? (in /usr/libexec/valgrind/vgpreload_massif-amd64-linux.so)
    n1: 416184 0x4000D57: ??? (in /usr/lib/x86_64-linux-gnu/ld-linux-x86-64.so.2)
     n1: 416184 0x4006439: call_init.part.0 (dl-init.c:56)
      n1: 416184 0x40065F8: call_init (dl-init.c:33)
       n1: 416184 0x40065F8: _dl_init (dl-init.c:84)
        n1: 416184 0x40202C9: ??? (in /usr/lib/x86_64-linux-gnu/ld-linux-x86-64.so.2)
         n1: 416184 0x3: ???
          n1: 416184 0x1FFF000046: ???
           n1: 416184 0x1FFF00004D: ???
            n1: 416184 0x1FFF000050: ???
             n0: 416184 0x1FFF00005D: ???
 n1: 72704 0x4903939: ??? (in /usr/lib/x86_64-linux-gnu/libstdc++.so.6.0.30)
  n1: 72704 0x400647D: call_init.part.0 (dl-init.c:70)
   n1: 72704 0x4006567: call_init (dl-init.c:33)
    n1: 72704 0x4006567: _dl_init (dl-init.c:117)
     n1: 72704 0x40202C9: ??? (in /usr/lib/x86_64-linux-gnu/ld-linux-x86-64.so.2)
      n1: 72704 0x3: ???
       n1: 72704 0x1FFF000046: ???
        n1: 72704 0x1FFF00004D: ???
         n1: 72704 0x1FFF000050: ???
          n0: 72704 0x1FFF00005D: ???
 n0: 880 in 9 places, all below massif's threshold (1.00%)
#-----------
snapshot=15
#-----------
time=5014816
mem_heap_B=4684073
mem_heap_extra_B=4119
mem_stacks_B=0
heap_tree=empty
#-----------
snapshot=16
#-----------
time=5250966
mem_heap_B=4684073
mem_heap_extra_B=4119
mem_stacks_B=0
heap_tree=empty
#-----------
snapshot=17
#-----------
time=5372897
mem_heap_B=4684076
mem_heap_extra_B=4164
mem_stacks_B=0
heap_tree=empty
#-----------
snapshot=18
#-----------
time=5487133
mem_heap_B=4684073
mem_heap_extra_B=4119
mem_stacks_B=0
heap_tree=empty
#-----------
snapshot=19
#-----------
time=5723283
mem_heap_B=4684073
mem_heap_extra_B=4119
mem_stacks_B=0
heap_tree=empty
#-----------
snapshot=20
#-----------
time=5959433
mem_heap_B=4684073
mem_heap_extra_B=4119
mem_stacks_B=0
heap_tree=empty
#-----------
snapshot=21
#-----------
time=6195583
mem_heap_B=4684073
mem_heap_extra_B=4119
mem_stacks_B=0
heap_tree=empty
#-----------
snapshot=22
#-----------
time=6317514
mem_heap_B=4684076
mem_heap_extra_B=4164
mem_stacks_B=0
heap_tree=empty
#-----------
snapshot=23
#-----------
time=6431733
mem_heap_B=4684073
mem_heap_extra_B=4119
mem_stacks_B=0
heap_tree=empty
#-----------
snapshot=24
#-----------
time=6553681
mem_heap_B=4684076
mem_heap_extra_B=4164
mem_stacks_B=0
heap_tree=empty
#-----------
snapshot=25
#-----------
time=6743468
mem_heap_B=4684073
mem_heap_extra_B=4119
mem_stacks_B=0
heap_tree=detailed
n4: 4684073 (heap allocation functions) malloc/new/new[], --alloc-fns, etc.
 n1: 4194305 0x49A5724: std::__cxx11::basic_string<char, std::char_traits<char>, std::allocator<char> >::reserve(unsigned long) (in /usr/lib/x86_64-linux-gnu/libstdc++.so.6.0.30)
  n1: 4194305 0x499B952: std::__cxx11::basic_stringbuf<char, std::char_traits<char>, std::allocator<char> >::overflow(int) (in /usr/lib/x86_64-linux-gnu/libstdc++.so.6.0.30)
   n1: 4194305 0x49A388A: std::basic_streambuf<char, std::char_traits<char> >::xsputn(char const*, long) (in /usr/lib/x86_64-linux-gnu/libstdc++.so.6.0.30)
    n1: 4194305 0x4921CC3: long std::__copy_streambufs_eof<char, std::char_traits<char> >(std::basic_streambuf<char, std::char_traits<char> >*, std::basic_streambuf<char, std::char_traits<char> >*, bool&) (in /usr/lib/x86_64-linux-gnu/libstdc++.so.6.0.30)
     n1: 4194305 0x113335: __gnu_cxx::__enable_if<std::__is_char<char>::__value, std::ostreambuf_iterator<char, std::char_traits<char> > >::__type std::copy<char>(std::istreambuf_iterator<char, std::char_traits<char> >, std::istreambuf_iterator<char, std::char_traits<char> >, std::ostreambuf_iterator<char, std::char_traits<char> >) (streambuf_iterator.h:332)
      n1: 4194305 0x1105F5: PPM::Reader::fill(std::__cxx11::basic_string<char, std::char_traits<char>, std::allocator<char> >) (ppm.cpp:24)
       n1: 4194305 0x110D53: PPM::Reader::operator()(std::__cxx11::basic_string<char, std::char_traits<char>, std::allocator<char> >) (ppm.cpp:105)
        n0: 4194305 0x10F351: main (blur.cpp:21)
 n1: 416184 0x4CB4C12: monstartup (gmon.c:153)
  n1: 416184 0x10F150: __gmon_start__ (in /mnt/c/Users/smiet/Desktop/Assignments/Optimazation programming/Ass 2/dv1674_a2/blur/blur)
   n1: 416184 0x4846015: ??? (in /usr/libexec/valgrind/vgpreload_massif-amd64-linux.so)
    n1: 416184 0x4000D57: ??? (in /usr/lib/x86_64-linux-gnu/ld-linux-x86-64.so.2)
     n1: 416184 0x4006439: call_init.part.0 (dl-init.c:56)
      n1: 416184 0x40065F8: call_init (dl-init.c:33)
       n1: 416184 0x40065F8: _dl_init (dl-init.c:84)
        n1: 416184 0x40202C9: ??? (in /usr/lib/x86_64-linux-gnu/ld-linux-x86-64.so.2)
         n1: 416184 0x3: ???
          n1: 416184 0x1FFF000046: ???
           n1: 416184 0x1FFF00004D: ???
            n1: 416184 0x1FFF000050: ???
             n0: 416184 0x1FFF00005D: ???
 n1: 72704 0x4903939: ??? (in /usr/lib/x86_64-linux-gnu/libstdc++.so.6.0.30)
  n1: 72704 0x400647D: call_init.part.0 (dl-init.c:70)
   n1: 72704 0x4006567: call_init (dl-init.c:33)
    n1: 72704 0x4006567: _dl_init (dl-init.c:117)
     n1: 72704 0x40202C9: ??? (in /usr/lib/x86_64-linux-gnu/ld-linux-x86-64.so.2)
      n1: 72704 0x3: ???
       n1: 72704 0x1FFF000046: ???
        n1: 72704 0x1FFF00004D: ???
         n1: 72704 0x1FFF000050: ???
          n0: 72704 0x1FFF00005D: ???
 n0: 880 in 9 places, all below massif's threshold (1.00%)
#-----------
snapshot=26
#-----------
time=6934119
mem_heap_B=4684802
mem_heap_extra_B=4158
mem_stacks_B=0
heap_tree=detailed
n4: 4684802 (heap allocation functions) malloc/new/new[], --alloc-fns, etc.
 n1: 4194305 0x49A5724: std::__cxx11::basic_string<char, std::char_traits<char>, std::allocator<char> >::reserve(unsigned long) (in /usr/lib/x86_64-linux-gnu/libstdc++.so.6.0.30)
  n1: 4194305 0x499B952: std::__cxx11::basic_stringbuf<char, std::char_traits<char>, std::allocator<char> >::overflow(int) (in /usr/lib/x86_64-linux-gnu/libstdc++.so.6.0.30)
   n1: 4194305 0x49A388A: std::basic_streambuf<char, std::char_traits<char> >::xsputn(char const*, long) (in /usr/lib/x86_64-linux-gnu/libstdc++.so.6.0.30)
    n1: 4194305 0x4921CC3: long std::__copy_streambufs_eof<char, std::char_traits<char> >(std::basic_streambuf<char, std::char_traits<char> >*, std::basic_streambuf<char, std::char_traits<char> >*, bool&) (in /usr/lib/x86_64-linux-gnu/libstdc++.so.6.0.30)
     n1: 4194305 0x113335: __gnu_cxx::__enable_if<std::__is_char<char>::__value, std::ostreambuf_iterator<char, std::char_traits<char> > >::__type std::copy<char>(std::istreambuf_iterator<char, std::char_traits<char> >, std::istreambuf_iterator<char, std::char_traits<char> >, std::ostreambuf_iterator<char, std::char_traits<char> >) (streambuf_iterator.h:332)
      n1: 4194305 0x1105F5: PPM::Reader::fill(std::__cxx11::basic_string<char, std::char_traits<char>, std::allocator<char> >) (ppm.cpp:24)
       n1: 4194305 0x110D53: PPM::Reader::operator()(std::__cxx11::basic_string<char, std::char_traits<char>, std::allocator<char> >) (ppm.cpp:105)
        n0: 4194305 0x10F351: main (blur.cpp:21)
 n1: 416184 0x4CB4C12: monstartup (gmon.c:153)
  n1: 416184 0x10F150: __gmon_start__ (in /mnt/c/Users/smiet/Desktop/Assignments/Optimazation programming/Ass 2/dv1674_a2/blur/blur)
   n1: 416184 0x4846015: ??? (in /usr/libexec/valgrind/vgpreload_massif-amd64-linux.so)
    n1: 416184 0x4000D57: ??? (in /usr/lib/x86_64-linux-gnu/ld-linux-x86-64.so.2)
     n1: 416184 0x4006439: call_init.part.0 (dl-init.c:56)
      n1: 416184 0x40065F8: call_init (dl-init.c:33)
       n1: 416184 0x40065F8: _dl_init (dl-init.c:84)
        n1: 416184 0x40202C9: ??? (in /usr/lib/x86_64-linux-gnu/ld-linux-x86-64.so.2)
         n1: 416184 0x3: ???
          n1: 416184 0x1FFF000046: ???
           n1: 416184 0x1FFF00004D: ???
            n1: 416184 0x1FFF000050: ???
             n0: 416184 0x1FFF00005D: ???
 n1: 72704 0x4903939: ??? (in /usr/lib/x86_64-linux-gnu/libstdc++.so.6.0.30)
  n1: 72704 0x400647D: call_init.part.0 (dl-init.c:70)
   n1: 72704 0x4006567: call_init (dl-init.c:33)
    n1: 72704 0x4006567: _dl_init (dl-init.c:117)
     n1: 72704 0x40202C9: ??? (in /usr/lib/x86_64-linux-gnu/ld-linux-x86-64.so.2)
      n1: 72704 0x3: ???
       n1: 72704 0x1FFF000046: ???
        n1: 72704 0x1FFF00004D: ???
         n1: 72704 0x1FFF000050: ???
          n0: 72704 0x1FFF00005D: ???
 n0: 1609 in 10 places, all below massif's threshold (1.00%)
#-----------
snapshot=27
#-----------
time=7094633
mem_heap_B=4684802
mem_heap_extra_B=4158
mem_stacks_B=0
heap_tree=empty
#-----------
snapshot=28
#-----------
time=7210821
mem_heap_B=4684802
mem_heap_extra_B=4158
mem_stacks_B=0
heap_tree=empty
#-----------
snapshot=29
#-----------
time=7356643
mem_heap_B=4684802
mem_heap_extra_B=4158
mem_stacks_B=0
heap_tree=empty
#-----------
snapshot=30
#-----------
time=7592693
mem_heap_B=4684802
mem_heap_extra_B=4158
mem_stacks_B=0
heap_tree=empty
#-----------
snapshot=31
#-----------
time=7828743
mem_heap_B=4684802
mem_heap_extra_B=4158
mem_stacks_B=0
heap_tree=empty
#-----------
snapshot=32
#-----------
time=7944931
mem_heap_B=4684802
mem_heap_extra_B=4158
mem_stacks_B=0
heap_tree=empty
#-----------
snapshot=33
#-----------
time=8093119
mem_heap_B=4684802
mem_heap_extra_B=4158
mem_stacks_B=0
heap_tree=empty
#-----------
snapshot=34
#-----------
time=8244191
mem_heap_B=4684802
mem_heap_extra_B=4158
mem_stacks_B=0
heap_tree=empty
#-----------
snapshot=35
#-----------
time=8395263
mem_heap_B=4684802
mem_heap_extra_B=4158
mem_stacks_B=0
heap_tree=empty
#-----------
snapshot=36
#-----------
time=8546335
mem_heap_B=4684802
mem_heap_extra_B=4158
mem_stacks_B=0
heap_tree=detailed
n4: 4684802 (heap allocation functions) malloc/new/new[], --alloc-fns, etc.
 n1: 4194305 0x49A5724: std::__cxx11::basic_string<char, std::char_traits<char>, std::allocator<char> >::reserve(unsigned long) (in /usr/lib/x86_64-linux-gnu/libstdc++.so.6.0.30)
  n1: 4194305 0x499B952: std::__cxx11::basic_stringbuf<char, std::char_traits<char>, std::allocator<char> >::overflow(int) (in /usr/lib/x86_64-linux-gnu/libstdc++.so.6.0.30)
   n1: 4194305 0x49A388A: std::basic_streambuf<char, std::char_traits<char> >::xsputn(char const*, long) (in /usr/lib/x86_64-linux-gnu/libstdc++.so.6.0.30)
    n1: 4194305 0x4921CC3: long std::__copy_streambufs_eof<char, std::char_traits<char> >(std::basic_streambuf<char, std::char_traits<char> >*, std::basic_streambuf<char, std::char_traits<char> >*, bool&) (in /usr/lib/x86_64-linux-gnu/libstdc++.so.6.0.30)
     n1: 4194305 0x113335: __gnu_cxx::__enable_if<std::__is_char<char>::__value, std::ostreambuf_iterator<char, std::char_traits<char> > >::__type std::copy<char>(std::istreambuf_iterator<char, std::char_traits<char> >, std::istreambuf_iterator<char, std::char_traits<char> >, std::ostreambuf_iterator<char, std::char_traits<char> >) (streambuf_iterator.h:332)
      n1: 4194305 0x1105F5: PPM::Reader::fill(std::__cxx11::basic_string<char, std::char_traits<char>, std::allocator<char> >) (ppm.cpp:24)
       n1: 4194305 0x110D53: PPM::Reader::operator()(std::__cxx11::basic_string<char, std::char_traits<char>, std::allocator<char> >) (ppm.cpp:105)
        n0: 4194305 0x10F351: main (blur.cpp:21)
 n1: 416184 0x4CB4C12: monstartup (gmon.c:153)
  n1: 416184 0x10F150: __gmon_start__ (in /mnt/c/Users/smiet/Desktop/Assignments/Optimazation programming/Ass 2/dv1674_a2/blur/blur)
   n1: 416184 0x4846015: ??? (in /usr/libexec/valgrind/vgpreload_massif-amd64-linux.so)
    n1: 416184 0x4000D57: ??? (in /usr/lib/x86_64-linux-gnu/ld-linux-x86-64.so.2)
     n1: 416184 0x4006439: call_init.part.0 (dl-init.c:56)
      n1: 416184 0x40065F8: call_init (dl-init.c:33)
       n1: 416184 0x40065F8: _dl_init (dl-init.c:84)
        n1: 416184 0x40202C9: ??? (in /usr/lib/x86_64-linux-gnu/ld-linux-x86-64.so.2)
         n1: 416184 0x3: ???
          n1: 416184 0x1FFF000046: ???
           n1: 416184 0x1FFF00004D: ???
            n1: 416184 0x1FFF000050: ???
             n0: 416184 0x1FFF00005D: ???
 n1: 72704 0x4903939: ??? (in /usr/lib/x86_64-linux-gnu/libstdc++.so.6.0.30)
  n1: 72704 0x400647D: call_init.part.0 (dl-init.c:70)
   n1: 72704 0x4006567: call_init (dl-init.c:33)
    n1: 72704 0x4006567: _dl_init (dl-init.c:117)
     n1: 72704 0x40202C9: ??? (in /usr/lib/x86_64-linux-gnu/ld-linux-x86-64.so.2)
      n1: 72704 0x3: ???
       n1: 72704 0x1FFF000046: ???
        n1: 72704 0x1FFF00004D: ???
         n1: 72704 0x1FFF000050: ???
          n0: 72704 0x1FFF00005D: ???
 n0: 1609 in 10 places, all below massif's threshold (1.00%)
#-----------
snapshot=37
#-----------
time=8659656
mem_heap_B=4684802
mem_heap_extra_B=4158
mem_stacks_B=0
heap_tree=empty
#-----------
snapshot=38
#-----------
time=8810728
mem_heap_B=4684802
mem_heap_extra_B=4158
mem_stacks_B=0
heap_tree=empty
#-----------
snapshot=39
#-----------
time=9018452
mem_heap_B=4684802
mem_heap_extra_B=4158
mem_stacks_B=0
heap_tree=empty
#-----------
snapshot=40
#-----------
time=9182490
mem_heap_B=4684801
mem_heap_extra_B=4135
mem_stacks_B=0
heap_tree=empty
#-----------
snapshot=41
#-----------
time=9349085
mem_heap_B=4685441
mem_heap_extra_B=4159
mem_stacks_B=0
heap_tree=detailed
n4: 4685441 (heap allocation functions) malloc/new/new[], --alloc-fns, etc.
 n1: 4194305 0x49A5724: std::__cxx11::basic_string<char, std::char_traits<char>, std::allocator<char> >::reserve(unsigned long) (in /usr/lib/x86_64-linux-gnu/libstdc++.so.6.0.30)
  n1: 4194305 0x499B952: std::__cxx11::basic_stringbuf<char, std::char_traits<char>, std::allocator<char> >::overflow(int) (in /usr/lib/x86_64-linux-gnu/libstdc++.so.6.0.30)
   n1: 4194305 0x49A388A: std::basic_streambuf<char, std::char_traits<char> >::xsputn(char const*, long) (in /usr/lib/x86_64-linux-gnu/libstdc++.so.6.0.30)
    n1: 4194305 0x4921CC3: long std::__copy_streambufs_eof<char, std::char_traits<char> >(std::basic_streambuf<char, std::char_traits<char> >*, std::basic_streambuf<char, std::char_traits<char> >*, bool&) (in /usr/lib/x86_64-linux-gnu/libstdc++.so.6.0.30)
     n1: 4194305 0x113335: __gnu_cxx::__enable_if<std::__is_char<char>::__value, std::ostreambuf_iterator<char, std::char_traits<char> > >::__type std::copy<char>(std::istreambuf_iterator<char, std::char_traits<char> >, std::istreambuf_iterator<char, std::char_traits<char> >, std::ostreambuf_iterator<char, std::char_traits<char> >) (streambuf_iterator.h:332)
      n1: 4194305 0x1105F5: PPM::Reader::fill(std::__cxx11::basic_string<char, std::char_traits<char>, std::allocator<char> >) (ppm.cpp:24)
       n1: 4194305 0x110D53: PPM::Reader::operator()(std::__cxx11::basic_string<char, std::char_traits<char>, std::allocator<char> >) (ppm.cpp:105)
        n0: 4194305 0x10F351: main (blur.cpp:21)
 n1: 416184 0x4CB4C12: monstartup (gmon.c:153)
  n1: 416184 0x10F150: __gmon_start__ (in /mnt/c/Users/smiet/Desktop/Assignments/Optimazation programming/Ass 2/dv1674_a2/blur/blur)
   n1: 416184 0x4846015: ??? (in /usr/libexec/valgrind/vgpreload_massif-amd64-linux.so)
    n1: 416184 0x4000D57: ??? (in /usr/lib/x86_64-linux-gnu/ld-linux-x86-64.so.2)
     n1: 416184 0x4006439: call_init.part.0 (dl-init.c:56)
      n1: 416184 0x40065F8: call_init (dl-init.c:33)
       n1: 416184 0x40065F8: _dl_init (dl-init.c:84)
        n1: 416184 0x40202C9: ??? (in /usr/lib/x86_64-linux-gnu/ld-linux-x86-64.so.2)
         n1: 416184 0x3: ???
          n1: 416184 0x1FFF000046: ???
           n1: 416184 0x1FFF00004D: ???
            n1: 416184 0x1FFF000050: ???
             n0: 416184 0x1FFF00005D: ???
 n1: 72704 0x4903939: ??? (in /usr/lib/x86_64-linux-gnu/libstdc++.so.6.0.30)
  n1: 72704 0x400647D: call_init.part.0 (dl-init.c:70)
   n1: 72704 0x4006567: call_init (dl-init.c:33)
    n1: 72704 0x4006567: _dl_init (dl-init.c:117)
     n1: 72704 0x40202C9: ??? (in /usr/lib/x86_64-linux-gnu/ld-linux-x86-64.so.2)
      n1: 72704 0x3: ???
       n1: 72704 0x1FFF000046: ???
        n1: 72704 0x1FFF00004D: ???
         n1: 72704 0x1FFF000050: ???
          n0: 72704 0x1FFF00005D: ???
 n0: 2248 in 12 places, all below massif's threshold (1.00%)
#-----------
snapshot=42
#-----------
time=9549014
mem_heap_B=4684073
mem_heap_extra_B=4119
mem_stacks_B=0
heap_tree=empty
#-----------
snapshot=43
#-----------
time=9681202
mem_heap_B=4684073
mem_heap_extra_B=4119
mem_stacks_B=0
heap_tree=detailed
n4: 4684073 (heap allocation functions) malloc/new/new[], --alloc-fns, etc.
 n1: 4194305 0x49A5724: std::__cxx11::basic_string<char, std::char_traits<char>, std::allocator<char> >::reserve(unsigned long) (in /usr/lib/x86_64-linux-gnu/libstdc++.so.6.0.30)
  n1: 4194305 0x499B952: std::__cxx11::basic_stringbuf<char, std::char_traits<char>, std::allocator<char> >::overflow(int) (in /usr/lib/x86_64-linux-gnu/libstdc++.so.6.0.30)
   n1: 4194305 0x49A388A: std::basic_streambuf<char, std::char_traits<char> >::xsputn(char const*, long) (in /usr/lib/x86_64-linux-gnu/libstdc++.so.6.0.30)
    n1: 4194305 0x4921CC3: long std::__copy_streambufs_eof<char, std::char_traits<char> >(std::basic_streambuf<char, std::char_traits<char> >*, std::basic_streambuf<char, std::char_traits<char> >*, bool&) (in /usr/lib/x86_64-linux-gnu/libstdc++.so.6.0.30)
     n1: 4194305 0x113335: __gnu_cxx::__enable_if<std::__is_char<char>::__value, std::ostreambuf_iterator<char, std::char_traits<char> > >::__type std::copy<char>(std::istreambuf_iterator<char, std::char_traits<char> >, std::istreambuf_iterator<char, std::char_traits<char> >, std::ostreambuf_iterator<char, std::char_traits<char> >) (streambuf_iterator.h:332)
      n1: 4194305 0x1105F5: PPM::Reader::fill(std::__cxx11::basic_string<char, std::char_traits<char>, std::allocator<char> >) (ppm.cpp:24)
       n1: 4194305 0x110D53: PPM::Reader::operator()(std::__cxx11::basic_string<char, std::char_traits<char>, std::allocator<char> >) (ppm.cpp:105)
        n0: 4194305 0x10F351: main (blur.cpp:21)
 n1: 416184 0x4CB4C12: monstartup (gmon.c:153)
  n1: 416184 0x10F150: __gmon_start__ (in /mnt/c/Users/smiet/Desktop/Assignments/Optimazation programming/Ass 2/dv1674_a2/blur/blur)
   n1: 416184 0x4846015: ??? (in /usr/libexec/valgrind/vgpreload_massif-amd64-linux.so)
    n1: 416184 0x4000D57: ??? (in /usr/lib/x86_64-linux-gnu/ld-linux-x86-64.so.2)
     n1: 416184 0x4006439: call_init.part.0 (dl-init.c:56)
      n1: 416184 0x40065F8: call_init (dl-init.c:33)
       n1: 416184 0x40065F8: _dl_init (dl-init.c:84)
        n1: 416184 0x40202C9: ??? (in /usr/lib/x86_64-linux-gnu/ld-linux-x86-64.so.2)
         n1: 416184 0x3: ???
          n1: 416184 0x1FFF000046: ???
           n1: 416184 0x1FFF00004D: ???
            n1: 416184 0x1FFF000050: ???
             n0: 416184 0x1FFF00005D: ???
 n1: 72704 0x4903939: ??? (in /usr/lib/x86_64-linux-gnu/libstdc++.so.6.0.30)
  n1: 72704 0x400647D: call_init.part.0 (dl-init.c:70)
   n1: 72704 0x4006567: call_init (dl-init.c:33)
    n1: 72704 0x4006567: _dl_init (dl-init.c:117)
     n1: 72704 0x40202C9: ??? (in /usr/lib/x86_64-linux-gnu/ld-linux-x86-64.so.2)
      n1: 72704 0x3: ???
       n1: 72704 0x1FFF000046: ???
        n1: 72704 0x1FFF00004D: ???
         n1: 72704 0x1FFF000050: ???
          n0: 72704 0x1FFF00005D: ???
 n0: 880 in 12 places, all below massif's threshold (1.00%)
#-----------
snapshot=44
#-----------
time=9813407
mem_heap_B=4684073
mem_heap_extra_B=4119
mem_stacks_B=0
heap_tree=empty
#-----------
snapshot=45
#-----------
time=10043567
mem_heap_B=4684074
mem_heap_extra_B=4142
mem_stacks_B=0
heap_tree=empty
#-----------
snapshot=46
#-----------
time=10175755
mem_heap_B=4684074
mem_heap_extra_B=4142
mem_stacks_B=0
heap_tree=empty
#-----------
snapshot=47
#-----------
time=10307943
mem_heap_B=4684074
mem_heap_extra_B=4142
mem_stacks_B=0
heap_tree=empty
#-----------
snapshot=48
#-----------
time=10440131
mem_heap_B=4684074
mem_heap_extra_B=4142
mem_stacks_B=0
heap_tree=empty
#-----------
snapshot=49
#-----------
time=10604169
mem_heap_B=4684073
mem_heap_extra_B=4119
mem_stacks_B=0
heap_tree=empty
#-----------
snapshot=50
#-----------
time=10638413
mem_heap_B=4684074
mem_heap_extra_B=4142
mem_stacks_B=0
heap_tree=empty
#-----------
snapshot=51
#-----------
time=10670263
mem_heap_B=4684073
mem_heap_extra_B=4119
mem_stacks_B=0
heap_tree=detailed
n4: 4684073 (heap allocation functions) malloc/new/new[], --alloc-fns, etc.
 n1: 4194305 0x49A5724: std::__cxx11::basic_string<char, std::char_traits<char>, std::allocator<char> >::reserve(unsigned long) (in /usr/lib/x86_64-linux-gnu/libstdc++.so.6.0.30)
  n1: 4194305 0x499B952: std::__cxx11::basic_stringbuf<char, std::char_traits<char>, std::allocator<char> >::overflow(int) (in /usr/lib/x86_64-linux-gnu/libstdc++.so.6.0.30)
   n1: 4194305 0x49A388A: std::basic_streambuf<char, std::char_traits<char> >::xsputn(char const*, long) (in /usr/lib/x86_64-linux-gnu/libstdc++.so.6.0.30)
    n1: 4194305 0x4921CC3: long std::__copy_streambufs_eof<char, std::char_traits<char> >(std::basic_streambuf<char, std::char_traits<char> >*, std::basic_streambuf<char, std::char_traits<char> >*, bool&) (in /usr/lib/x86_64-linux-gnu/libstdc++.so.6.0.30)
     n1: 4194305 0x113335: __gnu_cxx::__enable_if<std::__is_char<char>::__value, std::ostreambuf_iterator<char, std::char_traits<char> > >::__type std::copy<char>(std::istreambuf_iterator<char, std::char_traits<char> >, std::istreambuf_iterator<char, std::char_traits<char> >, std::ostreambuf_iterator<char, std::char_traits<char> >) (streambuf_iterator.h:332)
      n1: 4194305 0x1105F5: PPM::Reader::fill(std::__cxx11::basic_string<char, std::char_traits<char>, std::allocator<char> >) (ppm.cpp:24)
       n1: 4194305 0x110D53: PPM::Reader::operator()(std::__cxx11::basic_string<char, std::char_traits<char>, std::allocator<char> >) (ppm.cpp:105)
        n0: 4194305 0x10F351: main (blur.cpp:21)
 n1: 416184 0x4CB4C12: monstartup (gmon.c:153)
  n1: 416184 0x10F150: __gmon_start__ (in /mnt/c/Users/smiet/Desktop/Assignments/Optimazation programming/Ass 2/dv1674_a2/blur/blur)
   n1: 416184 0x4846015: ??? (in /usr/libexec/valgrind/vgpreload_massif-amd64-linux.so)
    n1: 416184 0x4000D57: ??? (in /usr/lib/x86_64-linux-gnu/ld-linux-x86-64.so.2)
     n1: 416184 0x4006439: call_init.part.0 (dl-init.c:56)
      n1: 416184 0x40065F8: call_init (dl-init.c:33)
       n1: 416184 0x40065F8: _dl_init (dl-init.c:84)
        n1: 416184 0x40202C9: ??? (in /usr/lib/x86_64-linux-gnu/ld-linux-x86-64.so.2)
         n1: 416184 0x3: ???
          n1: 416184 0x1FFF000046: ???
           n1: 416184 0x1FFF00004D: ???
            n1: 416184 0x1FFF000050: ???
             n0: 416184 0x1FFF00005D: ???
 n1: 72704 0x4903939: ??? (in /usr/lib/x86_64-linux-gnu/libstdc++.so.6.0.30)
  n1: 72704 0x400647D: call_init.part.0 (dl-init.c:70)
   n1: 72704 0x4006567: call_init (dl-init.c:33)
    n1: 72704 0x4006567: _dl_init (dl-init.c:117)
     n1: 72704 0x40202C9: ??? (in /usr/lib/x86_64-linux-gnu/ld-linux-x86-64.so.2)
      n1: 72704 0x3: ???
       n1: 72704 0x1FFF000046: ???
        n1: 72704 0x1FFF00004D: ???
         n1: 72704 0x1FFF000050: ???
          n0: 72704 0x1FFF00005D: ???
 n0: 880 in 12 places, all below massif's threshold (1.00%)
#-----------
snapshot=52
#-----------
time=10704507
mem_heap_B=4684074
mem_heap_extra_B=4142
mem_stacks_B=0
heap_tree=empty
#-----------
snapshot=53
#-----------
time=10736357
mem_heap_B=4684073
mem_heap_extra_B=4119
mem_stacks_B=0
heap_tree=empty
#-----------
snapshot=54
#-----------
time=10770601
mem_heap_B=4684074
mem_heap_extra_B=4142
mem_stacks_B=0
heap_tree=empty
#-----------
snapshot=55
#-----------
time=10802451
mem_heap_B=4684073
mem_heap_extra_B=4119
mem_stacks_B=0
heap_tree=empty
#-----------
snapshot=56
#-----------
time=10836695
mem_heap_B=4684074
mem_heap_extra_B=4142
mem_stacks_B=0
heap_tree=empty
#-----------
snapshot=57
#-----------
time=10868545
mem_heap_B=4684073
mem_heap_extra_B=4119
mem_stacks_B=0
heap_tree=empty
#-----------
snapshot=58
#-----------
time=10902789
mem_heap_B=4684074
mem_heap_extra_B=4142
mem_stacks_B=0
heap_tree=empty
#-----------
snapshot=59
#-----------
time=10934639
mem_heap_B=4684073
mem_heap_extra_B=4119
mem_stacks_B=0
heap_tree=empty
#-----------
snapshot=60
#-----------
time=10968883
mem_heap_B=4684074
mem_heap_extra_B=4142
mem_stacks_B=0
heap_tree=empty
#-----------
snapshot=61
#-----------
time=11000733
mem_heap_B=4684073
mem_heap_extra_B=4119
mem_stacks_B=0
heap_tree=detailed
n4: 4684073 (heap allocation functions) malloc/new/new[], --alloc-fns, etc.
 n1: 4194305 0x49A5724: std::__cxx11::basic_string<char, std::char_traits<char>, std::allocator<char> >::reserve(unsigned long) (in /usr/lib/x86_64-linux-gnu/libstdc++.so.6.0.30)
  n1: 4194305 0x499B952: std::__cxx11::basic_stringbuf<char, std::char_traits<char>, std::allocator<char> >::overflow(int) (in /usr/lib/x86_64-linux-gnu/libstdc++.so.6.0.30)
   n1: 4194305 0x49A388A: std::basic_streambuf<char, std::char_traits<char> >::xsputn(char const*, long) (in /usr/lib/x86_64-linux-gnu/libstdc++.so.6.0.30)
    n1: 4194305 0x4921CC3: long std::__copy_streambufs_eof<char, std::char_traits<char> >(std::basic_streambuf<char, std::char_traits<char> >*, std::basic_streambuf<char, std::char_traits<char> >*, bool&) (in /usr/lib/x86_64-linux-gnu/libstdc++.so.6.0.30)
     n1: 4194305 0x113335: __gnu_cxx::__enable_if<std::__is_char<char>::__value, std::ostreambuf_iterator<char, std::char_traits<char> > >::__type std::copy<char>(std::istreambuf_iterator<char, std::char_traits<char> >, std::istreambuf_iterator<char, std::char_traits<char> >, std::ostreambuf_iterator<char, std::char_traits<char> >) (streambuf_iterator.h:332)
      n1: 4194305 0x1105F5: PPM::Reader::fill(std::__cxx11::basic_string<char, std::char_traits<char>, std::allocator<char> >) (ppm.cpp:24)
       n1: 4194305 0x110D53: PPM::Reader::operator()(std::__cxx11::basic_string<char, std::char_traits<char>, std::allocator<char> >) (ppm.cpp:105)
        n0: 4194305 0x10F351: main (blur.cpp:21)
 n1: 416184 0x4CB4C12: monstartup (gmon.c:153)
  n1: 416184 0x10F150: __gmon_start__ (in /mnt/c/Users/smiet/Desktop/Assignments/Optimazation programming/Ass 2/dv1674_a2/blur/blur)
   n1: 416184 0x4846015: ??? (in /usr/libexec/valgrind/vgpreload_massif-amd64-linux.so)
    n1: 416184 0x4000D57: ??? (in /usr/lib/x86_64-linux-gnu/ld-linux-x86-64.so.2)
     n1: 416184 0x4006439: call_init.part.0 (dl-init.c:56)
      n1: 416184 0x40065F8: call_init (dl-init.c:33)
       n1: 416184 0x40065F8: _dl_init (dl-init.c:84)
        n1: 416184 0x40202C9: ??? (in /usr/lib/x86_64-linux-gnu/ld-linux-x86-64.so.2)
         n1: 416184 0x3: ???
          n1: 416184 0x1FFF000046: ???
           n1: 416184 0x1FFF00004D: ???
            n1: 416184 0x1FFF000050: ???
             n0: 416184 0x1FFF00005D: ???
 n1: 72704 0x4903939: ??? (in /usr/lib/x86_64-linux-gnu/libstdc++.so.6.0.30)
  n1: 72704 0x400647D: call_init.part.0 (dl-init.c:70)
   n1: 72704 0x4006567: call_init (dl-init.c:33)
    n1: 72704 0x4006567: _dl_init (dl-init.c:117)
     n1: 72704 0x40202C9: ??? (in /usr/lib/x86_64-linux-gnu/ld-linux-x86-64.so.2)
      n1: 72704 0x3: ???
       n1: 72704 0x1FFF000046: ???
        n1: 72704 0x1FFF00004D: ???
         n1: 72704 0x1FFF000050: ???
          n0: 72704 0x1FFF00005D: ???
 n0: 880 in 12 places, all below massif's threshold (1.00%)
#-----------
snapshot=62
#-----------
time=11034977
mem_heap_B=4684074
mem_heap_extra_B=4142
mem_stacks_B=0
heap_tree=empty
#-----------
snapshot=63
#-----------
time=11066827
mem_heap_B=4684073
mem_heap_extra_B=4119
mem_stacks_B=0
heap_tree=empty
#-----------
snapshot=64
#-----------
time=11101071
mem_heap_B=4684074
mem_heap_extra_B=4142
mem_stacks_B=0
heap_tree=empty
#-----------
snapshot=65
#-----------
time=11132921
mem_heap_B=4684073
mem_heap_extra_B=4119
mem_stacks_B=0
heap_tree=empty
#-----------
snapshot=66
#-----------
time=11167165
mem_heap_B=4684074
mem_heap_extra_B=4142
mem_stacks_B=0
heap_tree=empty
#-----------
snapshot=67
#-----------
time=11199015
mem_heap_B=4684073
mem_heap_extra_B=4119
mem_stacks_B=0
heap_tree=empty
#-----------
snapshot=68
#-----------
time=11233259
mem_heap_B=4684074
mem_heap_extra_B=4142
mem_stacks_B=0
heap_tree=empty
#-----------
snapshot=69
#-----------
time=11265109
mem_heap_B=4684073
mem_heap_extra_B=4119
mem_stacks_B=0
heap_tree=empty
#-----------
snapshot=70
#-----------
time=11299353
mem_heap_B=4684074
mem_heap_extra_B=4142
mem_stacks_B=0
heap_tree=empty
#-----------
snapshot=71
#-----------
time=11331203
mem_heap_B=4684073
mem_heap_extra_B=4119
mem_stacks_B=0
heap_tree=detailed
n4: 4684073 (heap allocation functions) malloc/new/new[], --alloc-fns, etc.
 n1: 4194305 0x49A5724: std::__cxx11::basic_string<char, std::char_traits<char>, std::allocator<char> >::reserve(unsigned long) (in /usr/lib/x86_64-linux-gnu/libstdc++.so.6.0.30)
  n1: 4194305 0x499B952: std::__cxx11::basic_stringbuf<char, std::char_traits<char>, std::allocator<char> >::overflow(int) (in /usr/lib/x86_64-linux-gnu/libstdc++.so.6.0.30)
   n1: 4194305 0x49A388A: std::basic_streambuf<char, std::char_traits<char> >::xsputn(char const*, long) (in /usr/lib/x86_64-linux-gnu/libstdc++.so.6.0.30)
    n1: 4194305 0x4921CC3: long std::__copy_streambufs_eof<char, std::char_traits<char> >(std::basic_streambuf<char, std::char_traits<char> >*, std::basic_streambuf<char, std::char_traits<char> >*, bool&) (in /usr/lib/x86_64-linux-gnu/libstdc++.so.6.0.30)
     n1: 4194305 0x113335: __gnu_cxx::__enable_if<std::__is_char<char>::__value, std::ostreambuf_iterator<char, std::char_traits<char> > >::__type std::copy<char>(std::istreambuf_iterator<char, std::char_traits<char> >, std::istreambuf_iterator<char, std::char_traits<char> >, std::ostreambuf_iterator<char, std::char_traits<char> >) (streambuf_iterator.h:332)
      n1: 4194305 0x1105F5: PPM::Reader::fill(std::__cxx11::basic_string<char, std::char_traits<char>, std::allocator<char> >) (ppm.cpp:24)
       n1: 4194305 0x110D53: PPM::Reader::operator()(std::__cxx11::basic_string<char, std::char_traits<char>, std::allocator<char> >) (ppm.cpp:105)
        n0: 4194305 0x10F351: main (blur.cpp:21)
 n1: 416184 0x4CB4C12: monstartup (gmon.c:153)
  n1: 416184 0x10F150: __gmon_start__ (in /mnt/c/Users/smiet/Desktop/Assignments/Optimazation programming/Ass 2/dv1674_a2/blur/blur)
   n1: 416184 0x4846015: ??? (in /usr/libexec/valgrind/vgpreload_massif-amd64-linux.so)
    n1: 416184 0x4000D57: ??? (in /usr/lib/x86_64-linux-gnu/ld-linux-x86-64.so.2)
     n1: 416184 0x4006439: call_init.part.0 (dl-init.c:56)
      n1: 416184 0x40065F8: call_init (dl-init.c:33)
       n1: 416184 0x40065F8: _dl_init (dl-init.c:84)
        n1: 416184 0x40202C9: ??? (in /usr/lib/x86_64-linux-gnu/ld-linux-x86-64.so.2)
         n1: 416184 0x3: ???
          n1: 416184 0x1FFF000046: ???
           n1: 416184 0x1FFF00004D: ???
            n1: 416184 0x1FFF000050: ???
             n0: 416184 0x1FFF00005D: ???
 n1: 72704 0x4903939: ??? (in /usr/lib/x86_64-linux-gnu/libstdc++.so.6.0.30)
  n1: 72704 0x400647D: call_init.part.0 (dl-init.c:70)
   n1: 72704 0x4006567: call_init (dl-init.c:33)
    n1: 72704 0x4006567: _dl_init (dl-init.c:117)
     n1: 72704 0x40202C9: ??? (in /usr/lib/x86_64-linux-gnu/ld-linux-x86-64.so.2)
      n1: 72704 0x3: ???
       n1: 72704 0x1FFF000046: ???
        n1: 72704 0x1FFF00004D: ???
         n1: 72704 0x1FFF000050: ???
          n0: 72704 0x1FFF00005D: ???
 n0: 880 in 12 places, all below massif's threshold (1.00%)
#-----------
snapshot=72
#-----------
time=11365447
mem_heap_B=4684074
mem_heap_extra_B=4142
mem_stacks_B=0
heap_tree=empty
#-----------
snapshot=73
#-----------
time=11397297
mem_heap_B=4684073
mem_heap_extra_B=4119
mem_stacks_B=0
heap_tree=empty
#-----------
snapshot=74
#-----------
time=11431541
mem_heap_B=4684074
mem_heap_extra_B=4142
mem_stacks_B=0
heap_tree=empty
#-----------
snapshot=75
#-----------
time=11463391
mem_heap_B=4684073
mem_heap_extra_B=4119
mem_stacks_B=0
heap_tree=empty
#-----------
snapshot=76
#-----------
time=11497635
mem_heap_B=4684074
mem_heap_extra_B=4142
mem_stacks_B=0
heap_tree=empty
#-----------
snapshot=77
#-----------
time=11529485
mem_heap_B=4684073
mem_heap_extra_B=4119
mem_stacks_B=0
heap_tree=empty
#-----------
snapshot=78
#-----------
time=11563729
mem_heap_B=4684074
mem_heap_extra_B=4142
mem_stacks_B=0
heap_tree=empty
#-----------
snapshot=79
#-----------
time=11595579
mem_heap_B=4684073
mem_heap_extra_B=4119
mem_stacks_B=0
heap_tree=empty
#-----------
snapshot=80
#-----------
time=11629823
mem_heap_B=4684074
mem_heap_extra_B=4142
mem_stacks_B=0
heap_tree=empty
#-----------
snapshot=81
#-----------
time=11661673
mem_heap_B=4684073
mem_heap_extra_B=4119
mem_stacks_B=0
heap_tree=detailed
n4: 4684073 (heap allocation functions) malloc/new/new[], --alloc-fns, etc.
 n1: 4194305 0x49A5724: std::__cxx11::basic_string<char, std::char_traits<char>, std::allocator<char> >::reserve(unsigned long) (in /usr/lib/x86_64-linux-gnu/libstdc++.so.6.0.30)
  n1: 4194305 0x499B952: std::__cxx11::basic_stringbuf<char, std::char_traits<char>, std::allocator<char> >::overflow(int) (in /usr/lib/x86_64-linux-gnu/libstdc++.so.6.0.30)
   n1: 4194305 0x49A388A: std::basic_streambuf<char, std::char_traits<char> >::xsputn(char const*, long) (in /usr/lib/x86_64-linux-gnu/libstdc++.so.6.0.30)
    n1: 4194305 0x4921CC3: long std::__copy_streambufs_eof<char, std::char_traits<char> >(std::basic_streambuf<char, std::char_traits<char> >*, std::basic_streambuf<char, std::char_traits<char> >*, bool&) (in /usr/lib/x86_64-linux-gnu/libstdc++.so.6.0.30)
     n1: 4194305 0x113335: __gnu_cxx::__enable_if<std::__is_char<char>::__value, std::ostreambuf_iterator<char, std::char_traits<char> > >::__type std::copy<char>(std::istreambuf_iterator<char, std::char_traits<char> >, std::istreambuf_iterator<char, std::char_traits<char> >, std::ostreambuf_iterator<char, std::char_traits<char> >) (streambuf_iterator.h:332)
      n1: 4194305 0x1105F5: PPM::Reader::fill(std::__cxx11::basic_string<char, std::char_traits<char>, std::allocator<char> >) (ppm.cpp:24)
       n1: 4194305 0x110D53: PPM::Reader::operator()(std::__cxx11::basic_string<char, std::char_traits<char>, std::allocator<char> >) (ppm.cpp:105)
        n0: 4194305 0x10F351: main (blur.cpp:21)
 n1: 416184 0x4CB4C12: monstartup (gmon.c:153)
  n1: 416184 0x10F150: __gmon_start__ (in /mnt/c/Users/smiet/Desktop/Assignments/Optimazation programming/Ass 2/dv1674_a2/blur/blur)
   n1: 416184 0x4846015: ??? (in /usr/libexec/valgrind/vgpreload_massif-amd64-linux.so)
    n1: 416184 0x4000D57: ??? (in /usr/lib/x86_64-linux-gnu/ld-linux-x86-64.so.2)
     n1: 416184 0x4006439: call_init.part.0 (dl-init.c:56)
      n1: 416184 0x40065F8: call_init (dl-init.c:33)
       n1: 416184 0x40065F8: _dl_init (dl-init.c:84)
        n1: 416184 0x40202C9: ??? (in /usr/lib/x86_64-linux-gnu/ld-linux-x86-64.so.2)
         n1: 416184 0x3: ???
          n1: 416184 0x1FFF000046: ???
           n1: 416184 0x1FFF00004D: ???
            n1: 416184 0x1FFF000050: ???
             n0: 416184 0x1FFF00005D: ???
 n1: 72704 0x4903939: ??? (in /usr/lib/x86_64-linux-gnu/libstdc++.so.6.0.30)
  n1: 72704 0x400647D: call_init.part.0 (dl-init.c:70)
   n1: 72704 0x4006567: call_init (dl-init.c:33)
    n1: 72704 0x4006567: _dl_init (dl-init.c:117)
     n1: 72704 0x40202C9: ??? (in /usr/lib/x86_64-linux-gnu/ld-linux-x86-64.so.2)
      n1: 72704 0x3: ???
       n1: 72704 0x1FFF000046: ???
        n1: 72704 0x1FFF00004D: ???
         n1: 72704 0x1FFF000050: ???
          n0: 72704 0x1FFF00005D: ???
 n0: 880 in 12 places, all below massif's threshold (1.00%)
#-----------
snapshot=82
#-----------
time=11695917
mem_heap_B=4684074
mem_heap_extra_B=4142
mem_stacks_B=0
heap_tree=empty
#-----------
snapshot=83
#-----------
time=11727767
mem_heap_B=4684073
mem_heap_extra_B=4119
mem_stacks_B=0
heap_tree=empty
#-----------
snapshot=84
#-----------
time=11762011
mem_heap_B=4684074
mem_heap_extra_B=4142
mem_stacks_B=0
heap_tree=empty
#-----------
snapshot=85
#-----------
time=11794980
mem_heap_B=4684609
mem_heap_extra_B=4143
mem_stacks_B=0
heap_tree=empty
#-----------
snapshot=86
#-----------
time=11827959
mem_heap_B=4685185
mem_heap_extra_B=4143
mem_stacks_B=0
heap_tree=empty
#-----------
snapshot=87
#-----------
time=11861039
mem_heap_B=4684297
mem_heap_extra_B=4119
mem_stacks_B=0
heap_tree=empty
#-----------
snapshot=88
#-----------
time=11898448
mem_heap_B=4684473
mem_heap_extra_B=4143
mem_stacks_B=0
heap_tree=empty
#-----------
snapshot=89
#-----------
time=459661445
mem_heap_B=8877497
mem_heap_extra_B=4095
mem_stacks_B=0
heap_tree=empty
#-----------
snapshot=90
#-----------
time=944117574
mem_heap_B=19974649
mem_heap_extra_B=7063
mem_stacks_B=0
heap_tree=empty
#-----------
snapshot=91
#-----------
time=25574118332
mem_heap_B=41120377
mem_heap_extra_B=12991
mem_stacks_B=0
heap_tree=peak
n12: 41120377 (heap allocation functions) malloc/new/new[], --alloc-fns, etc.
 n1: 9000000 0x10FD6A: Matrix::Matrix(unsigned int) (matrix.cpp:33)
  n1: 9000000 0x1426AB: Filter::blur(Matrix, int) (filters.cpp:27)
   n0: 9000000 0x10F41C: main (blur.cpp:24)
 n1: 9000000 0x10FD84: Matrix::Matrix(unsigned int) (matrix.cpp:34)
  n1: 9000000 0x1426AB: Filter::blur(Matrix, int) (filters.cpp:27)
   n0: 9000000 0x10F41C: main (blur.cpp:24)
 n1: 9000000 0x10FD9F: Matrix::Matrix(unsigned int) (matrix.cpp:35)
  n1: 9000000 0x1426AB: Filter::blur(Matrix, int) (filters.cpp:27)
   n0: 9000000 0x10F41C: main (blur.cpp:24)
 n1: 4194305 0x49A5724: std::__cxx11::basic_string<char, std::char_traits<char>, std::allocator<char> >::reserve(unsigned long) (in /usr/lib/x86_64-linux-gnu/libstdc++.so.6.0.30)
  n1: 4194305 0x499B952: std::__cxx11::basic_stringbuf<char, std::char_traits<char>, std::allocator<char> >::overflow(int) (in /usr/lib/x86_64-linux-gnu/libstdc++.so.6.0.30)
   n1: 4194305 0x49A388A: std::basic_streambuf<char, std::char_traits<char> >::xsputn(char const*, long) (in /usr/lib/x86_64-linux-gnu/libstdc++.so.6.0.30)
    n1: 4194305 0x4921CC3: long std::__copy_streambufs_eof<char, std::char_traits<char> >(std::basic_streambuf<char, std::char_traits<char> >*, std::basic_streambuf<char, std::char_traits<char> >*, bool&) (in /usr/lib/x86_64-linux-gnu/libstdc++.so.6.0.30)
     n1: 4194305 0x113335: __gnu_cxx::__enable_if<std::__is_char<char>::__value, std::ostreambuf_iterator<char, std::char_traits<char> > >::__type std::copy<char>(std::istreambuf_iterator<char, std::char_traits<char> >, std::istreambuf_iterator<char, std::char_traits<char> >, std::ostreambuf_iterator<char, std::char_traits<char> >) (streambuf_iterator.h:332)
      n1: 4194305 0x1105F5: PPM::Reader::fill(std::__cxx11::basic_string<char, std::char_traits<char>, std::allocator<char> >) (ppm.cpp:24)
       n1: 4194305 0x110D53: PPM::Reader::operator()(std::__cxx11::basic_string<char, std::char_traits<char>, std::allocator<char> >) (ppm.cpp:105)
        n0: 4194305 0x10F351: main (blur.cpp:21)
 n2: 2097152 0x10FE02: Matrix::Matrix(Matrix const&) (matrix.cpp:43)
  n0: 1048576 0x10F401: main (blur.cpp:24)
  n1: 1048576 0x1426C4: Filter::blur(Matrix, int) (filters.cpp:28)
   n0: 1048576 0x10F41C: main (blur.cpp:24)
 n2: 2097152 0x10FE27: Matrix::Matrix(Matrix const&) (matrix.cpp:44)
  n0: 1048576 0x10F401: main (blur.cpp:24)
  n1: 1048576 0x1426C4: Filter::blur(Matrix, int) (filters.cpp:28)
   n0: 1048576 0x10F41C: main (blur.cpp:24)
 n2: 2097152 0x10FE4D: Matrix::Matrix(Matrix const&) (matrix.cpp:45)
  n0: 1048576 0x10F401: main (blur.cpp:24)
  n1: 1048576 0x1426C4: Filter::blur(Matrix, int) (filters.cpp:28)
   n0: 1048576 0x10F41C: main (blur.cpp:24)
 n1: 1048576 0x110B3D: PPM::Reader::get_data(unsigned int, unsigned int) (ppm.cpp:81)
  n1: 1048576 0x11102B: PPM::Reader::operator()(std::__cxx11::basic_string<char, std::char_traits<char>, std::allocator<char> >) (ppm.cpp:135)
   n0: 1048576 0x10F351: main (blur.cpp:21)
 n1: 1048576 0x110B4C: PPM::Reader::get_data(unsigned int, unsigned int) (ppm.cpp:81)
  n1: 1048576 0x11102B: PPM::Reader::operator()(std::__cxx11::basic_string<char, std::char_traits<char>, std::allocator<char> >) (ppm.cpp:135)
   n0: 1048576 0x10F351: main (blur.cpp:21)
 n1: 1048576 0x110B5B: PPM::Reader::get_data(unsigned int, unsigned int) (ppm.cpp:81)
  n1: 1048576 0x11102B: PPM::Reader::operator()(std::__cxx11::basic_string<char, std::char_traits<char>, std::allocator<char> >) (ppm.cpp:135)
   n0: 1048576 0x10F351: main (blur.cpp:21)
 n1: 416184 0x4CB4C12: monstartup (gmon.c:153)
  n1: 416184 0x10F150: __gmon_start__ (in /mnt/c/Users/smiet/Desktop/Assignments/Optimazation programming/Ass 2/dv1674_a2/blur/blur)
   n1: 416184 0x4846015: ??? (in /usr/libexec/valgrind/vgpreload_massif-amd64-linux.so)
    n1: 416184 0x4000D57: ??? (in /usr/lib/x86_64-linux-gnu/ld-linux-x86-64.so.2)
     n1: 416184 0x4006439: call_init.part.0 (dl-init.c:56)
      n1: 416184 0x40065F8: call_init (dl-init.c:33)
       n1: 416184 0x40065F8: _dl_init (dl-init.c:84)
        n1: 416184 0x40202C9: ??? (in /usr/lib/x86_64-linux-gnu/ld-linux-x86-64.so.2)
         n1: 416184 0x3: ???
          n1: 416184 0x1FFF000046: ???
           n1: 416184 0x1FFF00004D: ???
            n1: 416184 0x1FFF000050: ???
             n0: 416184 0x1FFF00005D: ???
 n0: 72704 in 13 places, all below massif's threshold (1.00%)
#-----------
snapshot=92
#-----------
time=26058576445
mem_heap_B=14120869
mem_heap_extra_B=4171
mem_stacks_B=0
heap_tree=empty
#-----------
snapshot=93
#-----------
time=26385804759
mem_heap_B=14120869
mem_heap_extra_B=4171
mem_stacks_B=0
heap_tree=empty
#-----------
snapshot=94
#-----------
time=26385963334
mem_heap_B=72704
mem_heap_extra_B=8
mem_stacks_B=0
heap_tree=empty
