desc: --massif-out-file=massif_im4.out
cmd: ./blur 15 data/im4.ppm outputfiles/im4.ppm
time_unit: i
#-----------
snapshot=0
#-----------
time=0
mem_heap_B=0
mem_heap_extra_B=0
mem_stacks_B=0
heap_tree=empty
#-----------
snapshot=1
#-----------
time=2429013
mem_heap_B=415792
mem_heap_extra_B=8
mem_stacks_B=0
heap_tree=empty
#-----------
snapshot=2
#-----------
time=2856421
mem_heap_B=1283594
mem_heap_extra_B=86
mem_stacks_B=0
heap_tree=empty
#-----------
snapshot=3
#-----------
time=3150327
mem_heap_B=2070026
mem_heap_extra_B=86
mem_stacks_B=0
heap_tree=empty
#-----------
snapshot=4
#-----------
time=3674862
mem_heap_B=2070026
mem_heap_extra_B=86
mem_stacks_B=0
heap_tree=detailed
n4: 2070026 (heap allocation functions) malloc/new/new[], --alloc-fns, etc.
 n1: 1572866 0x49A5724: std::__cxx11::basic_string<char, std::char_traits<char>, std::allocator<char> >::reserve(unsigned long) (in /usr/lib/x86_64-linux-gnu/libstdc++.so.6.0.30)
  n1: 1572866 0x499B952: std::__cxx11::basic_stringbuf<char, std::char_traits<char>, std::allocator<char> >::overflow(int) (in /usr/lib/x86_64-linux-gnu/libstdc++.so.6.0.30)
   n1: 1572866 0x49A388A: std::basic_streambuf<char, std::char_traits<char> >::xsputn(char const*, long) (in /usr/lib/x86_64-linux-gnu/libstdc++.so.6.0.30)
    n1: 1572866 0x4921CC3: long std::__copy_streambufs_eof<char, std::char_traits<char> >(std::basic_streambuf<char, std::char_traits<char> >*, std::basic_streambuf<char, std::char_traits<char> >*, bool&) (in /usr/lib/x86_64-linux-gnu/libstdc++.so.6.0.30)
     n1: 1572866 0x1132C3: __gnu_cxx::__enable_if<std::__is_char<char>::__value, std::ostreambuf_iterator<char, std::char_traits<char> > >::__type std::copy<char>(std::istreambuf_iterator<char, std::char_traits<char> >, std::istreambuf_iterator<char, std::char_traits<char> >, std::ostreambuf_iterator<char, std::char_traits<char> >) (streambuf_iterator.h:332)
      n1: 1572866 0x110583: PPM::Reader::fill(std::__cxx11::basic_string<char, std::char_traits<char>, std::allocator<char> >) (ppm.cpp:24)
       n1: 1572866 0x110CE1: PPM::Reader::operator()(std::__cxx11::basic_string<char, std::char_traits<char>, std::allocator<char> >) (ppm.cpp:105)
        n0: 1572866 0x10F351: main (blur.cpp:21)
 n1: 415792 0x4CB4C12: monstartup (gmon.c:153)
  n1: 415792 0x10F150: __gmon_start__ (in /mnt/c/Users/smiet/Desktop/Assignments/Optimazation programming/Ass 2/dv1674_a2/blur/blur)
   n1: 415792 0x4846015: ??? (in /usr/libexec/valgrind/vgpreload_massif-amd64-linux.so)
    n1: 415792 0x4000D57: ??? (in /usr/lib/x86_64-linux-gnu/ld-linux-x86-64.so.2)
     n1: 415792 0x4006439: call_init.part.0 (dl-init.c:56)
      n1: 415792 0x40065F8: call_init (dl-init.c:33)
       n1: 415792 0x40065F8: _dl_init (dl-init.c:84)
        n1: 415792 0x40202C9: ??? (in /usr/lib/x86_64-linux-gnu/ld-linux-x86-64.so.2)
         n1: 415792 0x3: ???
          n1: 415792 0x1FFF00005A: ???
           n1: 415792 0x1FFF000061: ???
            n1: 415792 0x1FFF000064: ???
             n0: 415792 0x1FFF000071: ???
 n1: 72704 0x4903939: ??? (in /usr/lib/x86_64-linux-gnu/libstdc++.so.6.0.30)
  n1: 72704 0x400647D: call_init.part.0 (dl-init.c:70)
   n1: 72704 0x4006567: call_init (dl-init.c:33)
    n1: 72704 0x4006567: _dl_init (dl-init.c:117)
     n1: 72704 0x40202C9: ??? (in /usr/lib/x86_64-linux-gnu/ld-linux-x86-64.so.2)
      n1: 72704 0x3: ???
       n1: 72704 0x1FFF00005A: ???
        n1: 72704 0x1FFF000061: ???
         n1: 72704 0x1FFF000064: ???
          n0: 72704 0x1FFF000071: ???
 n0: 8664 in 2 places, all below massif's threshold (1.00%)
#-----------
snapshot=5
#-----------
time=3978986
mem_heap_B=6788618
mem_heap_extra_B=4102
mem_stacks_B=0
heap_tree=empty
#-----------
snapshot=6
#-----------
time=4210112
mem_heap_B=4691465
mem_heap_extra_B=4079
mem_stacks_B=0
heap_tree=empty
#-----------
snapshot=7
#-----------
time=4460965
mem_heap_B=13080074
mem_heap_extra_B=8118
mem_stacks_B=0
heap_tree=empty
#-----------
snapshot=8
#-----------
time=4922747
mem_heap_B=8885769
mem_heap_extra_B=4079
mem_stacks_B=0
heap_tree=empty
#-----------
snapshot=9
#-----------
time=5424231
mem_heap_B=25662986
mem_heap_extra_B=8118
mem_stacks_B=0
heap_tree=empty
#-----------
snapshot=10
#-----------
time=6347325
mem_heap_B=25662986
mem_heap_extra_B=8118
mem_stacks_B=0
heap_tree=detailed
n3: 25662986 (heap allocation functions) malloc/new/new[], --alloc-fns, etc.
 n1: 25165826 0x49A5724: std::__cxx11::basic_string<char, std::char_traits<char>, std::allocator<char> >::reserve(unsigned long) (in /usr/lib/x86_64-linux-gnu/libstdc++.so.6.0.30)
  n1: 25165826 0x499B952: std::__cxx11::basic_stringbuf<char, std::char_traits<char>, std::allocator<char> >::overflow(int) (in /usr/lib/x86_64-linux-gnu/libstdc++.so.6.0.30)
   n1: 25165826 0x49A388A: std::basic_streambuf<char, std::char_traits<char> >::xsputn(char const*, long) (in /usr/lib/x86_64-linux-gnu/libstdc++.so.6.0.30)
    n1: 25165826 0x4921CC3: long std::__copy_streambufs_eof<char, std::char_traits<char> >(std::basic_streambuf<char, std::char_traits<char> >*, std::basic_streambuf<char, std::char_traits<char> >*, bool&) (in /usr/lib/x86_64-linux-gnu/libstdc++.so.6.0.30)
     n1: 25165826 0x1132C3: __gnu_cxx::__enable_if<std::__is_char<char>::__value, std::ostreambuf_iterator<char, std::char_traits<char> > >::__type std::copy<char>(std::istreambuf_iterator<char, std::char_traits<char> >, std::istreambuf_iterator<char, std::char_traits<char> >, std::ostreambuf_iterator<char, std::char_traits<char> >) (streambuf_iterator.h:332)
      n1: 25165826 0x110583: PPM::Reader::fill(std::__cxx11::basic_string<char, std::char_traits<char>, std::allocator<char> >) (ppm.cpp:24)
       n1: 25165826 0x110CE1: PPM::Reader::operator()(std::__cxx11::basic_string<char, std::char_traits<char>, std::allocator<char> >) (ppm.cpp:105)
        n0: 25165826 0x10F351: main (blur.cpp:21)
 n1: 415792 0x4CB4C12: monstartup (gmon.c:153)
  n1: 415792 0x10F150: __gmon_start__ (in /mnt/c/Users/smiet/Desktop/Assignments/Optimazation programming/Ass 2/dv1674_a2/blur/blur)
   n1: 415792 0x4846015: ??? (in /usr/libexec/valgrind/vgpreload_massif-amd64-linux.so)
    n1: 415792 0x4000D57: ??? (in /usr/lib/x86_64-linux-gnu/ld-linux-x86-64.so.2)
     n1: 415792 0x4006439: call_init.part.0 (dl-init.c:56)
      n1: 415792 0x40065F8: call_init (dl-init.c:33)
       n1: 415792 0x40065F8: _dl_init (dl-init.c:84)
        n1: 415792 0x40202C9: ??? (in /usr/lib/x86_64-linux-gnu/ld-linux-x86-64.so.2)
         n1: 415792 0x3: ???
          n1: 415792 0x1FFF00005A: ???
           n1: 415792 0x1FFF000061: ???
            n1: 415792 0x1FFF000064: ???
             n0: 415792 0x1FFF000071: ???
 n0: 81368 in 3 places, all below massif's threshold (1.00%)
#-----------
snapshot=11
#-----------
time=6347325
mem_heap_B=17274377
mem_heap_extra_B=4079
mem_stacks_B=0
heap_tree=empty
#-----------
snapshot=12
#-----------
time=7350123
mem_heap_B=50828810
mem_heap_extra_B=8118
mem_stacks_B=0
heap_tree=empty
#-----------
snapshot=13
#-----------
time=8798082
mem_heap_B=50828810
mem_heap_extra_B=8118
mem_stacks_B=0
heap_tree=detailed
n2: 50828810 (heap allocation functions) malloc/new/new[], --alloc-fns, etc.
 n1: 50331650 0x49A5724: std::__cxx11::basic_string<char, std::char_traits<char>, std::allocator<char> >::reserve(unsigned long) (in /usr/lib/x86_64-linux-gnu/libstdc++.so.6.0.30)
  n1: 50331650 0x499B952: std::__cxx11::basic_stringbuf<char, std::char_traits<char>, std::allocator<char> >::overflow(int) (in /usr/lib/x86_64-linux-gnu/libstdc++.so.6.0.30)
   n1: 50331650 0x49A388A: std::basic_streambuf<char, std::char_traits<char> >::xsputn(char const*, long) (in /usr/lib/x86_64-linux-gnu/libstdc++.so.6.0.30)
    n1: 50331650 0x4921CC3: long std::__copy_streambufs_eof<char, std::char_traits<char> >(std::basic_streambuf<char, std::char_traits<char> >*, std::basic_streambuf<char, std::char_traits<char> >*, bool&) (in /usr/lib/x86_64-linux-gnu/libstdc++.so.6.0.30)
     n1: 50331650 0x1132C3: __gnu_cxx::__enable_if<std::__is_char<char>::__value, std::ostreambuf_iterator<char, std::char_traits<char> > >::__type std::copy<char>(std::istreambuf_iterator<char, std::char_traits<char> >, std::istreambuf_iterator<char, std::char_traits<char> >, std::ostreambuf_iterator<char, std::char_traits<char> >) (streambuf_iterator.h:332)
      n1: 50331650 0x110583: PPM::Reader::fill(std::__cxx11::basic_string<char, std::char_traits<char>, std::allocator<char> >) (ppm.cpp:24)
       n1: 50331650 0x110CE1: PPM::Reader::operator()(std::__cxx11::basic_string<char, std::char_traits<char>, std::allocator<char> >) (ppm.cpp:105)
        n0: 50331650 0x10F351: main (blur.cpp:21)
 n0: 497160 in 4 places, all below massif's threshold (1.00%)
#-----------
snapshot=14
#-----------
time=8798082
mem_heap_B=34051593
mem_heap_extra_B=4079
mem_stacks_B=0
heap_tree=empty
#-----------
snapshot=15
#-----------
time=10023156
mem_heap_B=34043401
mem_heap_extra_B=4071
mem_stacks_B=0
heap_tree=empty
#-----------
snapshot=16
#-----------
time=10451382
mem_heap_B=34043810
mem_heap_extra_B=4134
mem_stacks_B=0
heap_tree=empty
#-----------
snapshot=17
#-----------
time=10713396
mem_heap_B=34043810
mem_heap_extra_B=4134
mem_stacks_B=0
heap_tree=empty
#-----------
snapshot=18
#-----------
time=11109977
mem_heap_B=34043810
mem_heap_extra_B=4134
mem_stacks_B=0
heap_tree=empty
#-----------
snapshot=19
#-----------
time=11582077
mem_heap_B=34043810
mem_heap_extra_B=4134
mem_stacks_B=0
heap_tree=empty
#-----------
snapshot=20
#-----------
time=11978641
mem_heap_B=34043810
mem_heap_extra_B=4134
mem_stacks_B=0
heap_tree=empty
#-----------
snapshot=21
#-----------
time=12214691
mem_heap_B=34043810
mem_heap_extra_B=4134
mem_stacks_B=0
heap_tree=empty
#-----------
snapshot=22
#-----------
time=12563294
mem_heap_B=34044537
mem_heap_extra_B=4127
mem_stacks_B=0
heap_tree=empty
#-----------
snapshot=23
#-----------
time=13014144
mem_heap_B=34044537
mem_heap_extra_B=4127
mem_stacks_B=0
heap_tree=empty
#-----------
snapshot=24
#-----------
time=13372104
mem_heap_B=34044540
mem_heap_extra_B=4172
mem_stacks_B=0
heap_tree=empty
#-----------
snapshot=25
#-----------
time=13844204
mem_heap_B=34044540
mem_heap_extra_B=4172
mem_stacks_B=0
heap_tree=empty
#-----------
snapshot=26
#-----------
time=14316304
mem_heap_B=34044540
mem_heap_extra_B=4172
mem_stacks_B=0
heap_tree=empty
#-----------
snapshot=27
#-----------
time=14552354
mem_heap_B=34044540
mem_heap_extra_B=4172
mem_stacks_B=0
heap_tree=empty
#-----------
snapshot=28
#-----------
time=14877459
mem_heap_B=34044689
mem_heap_extra_B=4143
mem_stacks_B=0
heap_tree=empty
#-----------
snapshot=29
#-----------
time=15192583
mem_heap_B=34043810
mem_heap_extra_B=4134
mem_stacks_B=0
heap_tree=empty
#-----------
snapshot=30
#-----------
time=15428752
mem_heap_B=34043810
mem_heap_extra_B=4134
mem_stacks_B=0
heap_tree=empty
#-----------
snapshot=31
#-----------
time=15690862
mem_heap_B=34043810
mem_heap_extra_B=4134
mem_stacks_B=0
heap_tree=empty
#-----------
snapshot=32
#-----------
time=15927012
mem_heap_B=34043810
mem_heap_extra_B=4134
mem_stacks_B=0
heap_tree=empty
#-----------
snapshot=33
#-----------
time=16163162
mem_heap_B=34043810
mem_heap_extra_B=4134
mem_stacks_B=0
heap_tree=empty
#-----------
snapshot=34
#-----------
time=16399312
mem_heap_B=34043810
mem_heap_extra_B=4134
mem_stacks_B=0
heap_tree=empty
#-----------
snapshot=35
#-----------
time=16635462
mem_heap_B=34043810
mem_heap_extra_B=4134
mem_stacks_B=0
heap_tree=empty
#-----------
snapshot=36
#-----------
time=16871612
mem_heap_B=34043810
mem_heap_extra_B=4134
mem_stacks_B=0
heap_tree=empty
#-----------
snapshot=37
#-----------
time=17107762
mem_heap_B=34043810
mem_heap_extra_B=4134
mem_stacks_B=0
heap_tree=empty
#-----------
snapshot=38
#-----------
time=17343912
mem_heap_B=34043810
mem_heap_extra_B=4134
mem_stacks_B=0
heap_tree=empty
#-----------
snapshot=39
#-----------
time=17598048
mem_heap_B=61042929
mem_heap_extra_B=12911
mem_stacks_B=0
heap_tree=empty
#-----------
snapshot=40
#-----------
time=3860605513
mem_heap_B=70042929
mem_heap_extra_B=15863
mem_stacks_B=0
heap_tree=empty
#-----------
snapshot=41
#-----------
time=3860605601
mem_heap_B=88042929
mem_heap_extra_B=21767
mem_stacks_B=0
heap_tree=empty
#-----------
snapshot=42
#-----------
time=7649648433
mem_heap_B=97042929
mem_heap_extra_B=24719
mem_stacks_B=0
heap_tree=empty
#-----------
snapshot=43
#-----------
time=7649648721
mem_heap_B=142042929
mem_heap_extra_B=39479
mem_stacks_B=0
heap_tree=empty
#-----------
snapshot=44
#-----------
time=155974595281
mem_heap_B=142042929
mem_heap_extra_B=39479
mem_stacks_B=0
heap_tree=peak
n11: 142042929 (heap allocation functions) malloc/new/new[], --alloc-fns, etc.
 n1: 33554433 0x49A5724: std::__cxx11::basic_string<char, std::char_traits<char>, std::allocator<char> >::reserve(unsigned long) (in /usr/lib/x86_64-linux-gnu/libstdc++.so.6.0.30)
  n1: 33554433 0x499B952: std::__cxx11::basic_stringbuf<char, std::char_traits<char>, std::allocator<char> >::overflow(int) (in /usr/lib/x86_64-linux-gnu/libstdc++.so.6.0.30)
   n1: 33554433 0x49A388A: std::basic_streambuf<char, std::char_traits<char> >::xsputn(char const*, long) (in /usr/lib/x86_64-linux-gnu/libstdc++.so.6.0.30)
    n1: 33554433 0x4921CC3: long std::__copy_streambufs_eof<char, std::char_traits<char> >(std::basic_streambuf<char, std::char_traits<char> >*, std::basic_streambuf<char, std::char_traits<char> >*, bool&) (in /usr/lib/x86_64-linux-gnu/libstdc++.so.6.0.30)
     n1: 33554433 0x1132C3: __gnu_cxx::__enable_if<std::__is_char<char>::__value, std::ostreambuf_iterator<char, std::char_traits<char> > >::__type std::copy<char>(std::istreambuf_iterator<char, std::char_traits<char> >, std::istreambuf_iterator<char, std::char_traits<char> >, std::ostreambuf_iterator<char, std::char_traits<char> >) (streambuf_iterator.h:332)
      n1: 33554433 0x110583: PPM::Reader::fill(std::__cxx11::basic_string<char, std::char_traits<char>, std::allocator<char> >) (ppm.cpp:24)
       n1: 33554433 0x110CE1: PPM::Reader::operator()(std::__cxx11::basic_string<char, std::char_traits<char>, std::allocator<char> >) (ppm.cpp:105)
        n0: 33554433 0x10F351: main (blur.cpp:21)
 n2: 18000000 0x10FE02: Matrix::Matrix(Matrix const&) (matrix.cpp:43)
  n0: 9000000 0x10F401: main (blur.cpp:24)
  n1: 9000000 0x142652: Filter::blur(Matrix, int) (filters.cpp:28)
   n0: 9000000 0x10F41C: main (blur.cpp:24)
 n2: 18000000 0x10FE27: Matrix::Matrix(Matrix const&) (matrix.cpp:44)
  n0: 9000000 0x10F401: main (blur.cpp:24)
  n1: 9000000 0x142652: Filter::blur(Matrix, int) (filters.cpp:28)
   n0: 9000000 0x10F41C: main (blur.cpp:24)
 n2: 18000000 0x10FE4D: Matrix::Matrix(Matrix const&) (matrix.cpp:45)
  n0: 9000000 0x10F401: main (blur.cpp:24)
  n1: 9000000 0x142652: Filter::blur(Matrix, int) (filters.cpp:28)
   n0: 9000000 0x10F41C: main (blur.cpp:24)
 n1: 9000000 0x10FD6A: Matrix::Matrix(unsigned int) (matrix.cpp:33)
  n1: 9000000 0x142639: Filter::blur(Matrix, int) (filters.cpp:27)
   n0: 9000000 0x10F41C: main (blur.cpp:24)
 n1: 9000000 0x10FD84: Matrix::Matrix(unsigned int) (matrix.cpp:34)
  n1: 9000000 0x142639: Filter::blur(Matrix, int) (filters.cpp:27)
   n0: 9000000 0x10F41C: main (blur.cpp:24)
 n1: 9000000 0x10FD9F: Matrix::Matrix(unsigned int) (matrix.cpp:35)
  n1: 9000000 0x142639: Filter::blur(Matrix, int) (filters.cpp:27)
   n0: 9000000 0x10F41C: main (blur.cpp:24)
 n1: 9000000 0x110ACB: PPM::Reader::get_data(unsigned int, unsigned int) (ppm.cpp:81)
  n1: 9000000 0x110FB9: PPM::Reader::operator()(std::__cxx11::basic_string<char, std::char_traits<char>, std::allocator<char> >) (ppm.cpp:135)
   n0: 9000000 0x10F351: main (blur.cpp:21)
 n1: 9000000 0x110ADA: PPM::Reader::get_data(unsigned int, unsigned int) (ppm.cpp:81)
  n1: 9000000 0x110FB9: PPM::Reader::operator()(std::__cxx11::basic_string<char, std::char_traits<char>, std::allocator<char> >) (ppm.cpp:135)
   n0: 9000000 0x10F351: main (blur.cpp:21)
 n1: 9000000 0x110AE9: PPM::Reader::get_data(unsigned int, unsigned int) (ppm.cpp:81)
  n1: 9000000 0x110FB9: PPM::Reader::operator()(std::__cxx11::basic_string<char, std::char_traits<char>, std::allocator<char> >) (ppm.cpp:135)
   n0: 9000000 0x10F351: main (blur.cpp:21)
 n0: 488496 in 14 places, all below massif's threshold (1.00%)
#-----------
snapshot=45
#-----------
time=155974596412
mem_heap_B=115042949
mem_heap_extra_B=30643
mem_stacks_B=0
heap_tree=detailed
n8: 115042949 (heap allocation functions) malloc/new/new[], --alloc-fns, etc.
 n1: 33554433 0x49A5724: std::__cxx11::basic_string<char, std::char_traits<char>, std::allocator<char> >::reserve(unsigned long) (in /usr/lib/x86_64-linux-gnu/libstdc++.so.6.0.30)
  n1: 33554433 0x499B952: std::__cxx11::basic_stringbuf<char, std::char_traits<char>, std::allocator<char> >::overflow(int) (in /usr/lib/x86_64-linux-gnu/libstdc++.so.6.0.30)
   n1: 33554433 0x49A388A: std::basic_streambuf<char, std::char_traits<char> >::xsputn(char const*, long) (in /usr/lib/x86_64-linux-gnu/libstdc++.so.6.0.30)
    n1: 33554433 0x4921CC3: long std::__copy_streambufs_eof<char, std::char_traits<char> >(std::basic_streambuf<char, std::char_traits<char> >*, std::basic_streambuf<char, std::char_traits<char> >*, bool&) (in /usr/lib/x86_64-linux-gnu/libstdc++.so.6.0.30)
     n1: 33554433 0x1132C3: __gnu_cxx::__enable_if<std::__is_char<char>::__value, std::ostreambuf_iterator<char, std::char_traits<char> > >::__type std::copy<char>(std::istreambuf_iterator<char, std::char_traits<char> >, std::istreambuf_iterator<char, std::char_traits<char> >, std::ostreambuf_iterator<char, std::char_traits<char> >) (streambuf_iterator.h:332)
      n1: 33554433 0x110583: PPM::Reader::fill(std::__cxx11::basic_string<char, std::char_traits<char>, std::allocator<char> >) (ppm.cpp:24)
       n1: 33554433 0x110CE1: PPM::Reader::operator()(std::__cxx11::basic_string<char, std::char_traits<char>, std::allocator<char> >) (ppm.cpp:105)
        n0: 33554433 0x10F351: main (blur.cpp:21)
 n3: 18000000 0x10FE02: Matrix::Matrix(Matrix const&) (matrix.cpp:43)
  n0: 9000000 0x10F47A: main (blur.cpp:25)
  n1: 9000000 0x142652: Filter::blur(Matrix, int) (filters.cpp:28)
   n0: 9000000 0x10F41C: main (blur.cpp:24)
  n0: 0 in 1 place, below massif's threshold (1.00%)
 n3: 18000000 0x10FE27: Matrix::Matrix(Matrix const&) (matrix.cpp:44)
  n0: 9000000 0x10F47A: main (blur.cpp:25)
  n1: 9000000 0x142652: Filter::blur(Matrix, int) (filters.cpp:28)
   n0: 9000000 0x10F41C: main (blur.cpp:24)
  n0: 0 in 1 place, below massif's threshold (1.00%)
 n3: 18000000 0x10FE4D: Matrix::Matrix(Matrix const&) (matrix.cpp:45)
  n0: 9000000 0x10F47A: main (blur.cpp:25)
  n1: 9000000 0x142652: Filter::blur(Matrix, int) (filters.cpp:28)
   n0: 9000000 0x10F41C: main (blur.cpp:24)
  n0: 0 in 1 place, below massif's threshold (1.00%)
 n1: 9000000 0x110ACB: PPM::Reader::get_data(unsigned int, unsigned int) (ppm.cpp:81)
  n1: 9000000 0x110FB9: PPM::Reader::operator()(std::__cxx11::basic_string<char, std::char_traits<char>, std::allocator<char> >) (ppm.cpp:135)
   n0: 9000000 0x10F351: main (blur.cpp:21)
 n1: 9000000 0x110ADA: PPM::Reader::get_data(unsigned int, unsigned int) (ppm.cpp:81)
  n1: 9000000 0x110FB9: PPM::Reader::operator()(std::__cxx11::basic_string<char, std::char_traits<char>, std::allocator<char> >) (ppm.cpp:135)
   n0: 9000000 0x10F351: main (blur.cpp:21)
 n1: 9000000 0x110AE9: PPM::Reader::get_data(unsigned int, unsigned int) (ppm.cpp:81)
  n1: 9000000 0x110FB9: PPM::Reader::operator()(std::__cxx11::basic_string<char, std::char_traits<char>, std::allocator<char> >) (ppm.cpp:135)
   n0: 9000000 0x10F351: main (blur.cpp:21)
 n0: 488516 in 18 places, all below massif's threshold (1.00%)
#-----------
snapshot=46
#-----------
time=159763640643
mem_heap_B=115043421
mem_heap_extra_B=30659
mem_stacks_B=0
heap_tree=empty
#-----------
snapshot=47
#-----------
time=159763641117
mem_heap_B=115051613
mem_heap_extra_B=30667
mem_stacks_B=0
heap_tree=empty
#-----------
snapshot=48
#-----------
time=162572160935
mem_heap_B=115043421
mem_heap_extra_B=30659
mem_stacks_B=0
heap_tree=empty
#-----------
snapshot=49
#-----------
time=162572161939
mem_heap_B=61042929
mem_heap_extra_B=12911
mem_stacks_B=0
heap_tree=empty
#-----------
snapshot=50
#-----------
time=162572162054
mem_heap_B=52042929
mem_heap_extra_B=9959
mem_stacks_B=0
heap_tree=empty
#-----------
snapshot=51
#-----------
time=162572162096
mem_heap_B=43042929
mem_heap_extra_B=7007
mem_stacks_B=0
heap_tree=empty
#-----------
snapshot=52
#-----------
time=162572162138
mem_heap_B=34042929
mem_heap_extra_B=4055
mem_stacks_B=0
heap_tree=empty
#-----------
snapshot=53
#-----------
time=162572162266
mem_heap_B=488496
mem_heap_extra_B=16
mem_stacks_B=0
heap_tree=empty
#-----------
snapshot=54
#-----------
time=162572319416
mem_heap_B=72704
mem_heap_extra_B=8
mem_stacks_B=0
heap_tree=empty
#-----------
snapshot=55
#-----------
time=162572322980
mem_heap_B=0
mem_heap_extra_B=0
mem_stacks_B=0
heap_tree=empty
